#
# A fatal error has been detected by the Java Runtime Environment:
#
#  SIGSEGV (0xb) at pc=0x00007fa11b76d828, pid=29122, tid=0x00007fa09d074700
#
# JRE version: Java(TM) SE Runtime Environment (8.0_162-b12) (build 1.8.0_162-b12)
# Java VM: Java HotSpot(TM) 64-Bit Server VM (25.162-b12 mixed mode linux-amd64 compressed oops)
# Problematic frame:
# V  [libjvm.so+0x6d7828]  jni_invoke_nonstatic(JNIEnv_*, JavaValue*, _jobject*, JNICallType, _jmethodID*, JNI_ArgumentPusher*, Thread*)+0x38
#
# Core dump written. Default location: /home/aesophor/Code/Java/NetBeansProjects/Hacklympics/Hacklympics/core or core.29122
#
# If you would like to submit a bug report, please visit:
#   http://bugreport.java.com/bugreport/crash.jsp
#

---------------  T H R E A D  ---------------

Current thread (0x00007fa114276000):  JavaThread "JavaFX Application Thread" [_thread_in_vm, id=29149, stack(0x00007fa09cf74000,0x00007fa09d075000)]

siginfo: si_signo: 11 (SIGSEGV), si_code: 128 (SI_KERNEL), si_addr: 0x0000000000000000

Registers:
RAX=0x00007fa09d0731b0, RBX=0x00007fa09d0730c0, RCX=0x0000000000000001, RDX=0x3224726f74616369
RSP=0x00007fa09d072f10, RBP=0x00007fa09d073090, RSI=0x00007fa09d073120, RDI=0x00007fa1142761f8
R8 =0x00007fa11423a158, R9 =0x00007fa09d0730c0, R10=0x00007fa090000af8, R11=0x00007fa105461360
R12=0x00007fa114276000, R13=0x00007fa11423a158, R14=0x0000000000000001, R15=0x00007fa1142761f8
RIP=0x00007fa11b76d828, EFLAGS=0x0000000000010206, CSGSFS=0x002b000000000033, ERR=0x0000000000000000
  TRAPNO=0x000000000000000d

Top of Stack: (sp=0x00007fa09d072f10)
0x00007fa09d072f10:   00007fa09d073610 00007fa09d073230
0x00007fa09d072f20:   00007fa09d072f70 00007fa09d072ff0
0x00007fa09d072f30:   00007fa09d0730c0 00007fa09d073120
0x00007fa09d072f40:   00007fa1142761f8 00007fa11b78d330
0x00007fa09d072f50:   00007fa0b80554a0 00007fa0b80554b0
0x00007fa09d072f60:   00007fa0b8055888 00000000000003d8
0x00007fa09d072f70:   0000000000000000 000000076e8ff420
0x00007fa09d072f80:   00007fa10000006f 00007fa10000000a
0x00007fa09d072f90:   000000076f7a7c88 0000000000000000
0x00007fa09d072fa0:   0000000000000000 0000000000000000
0x00007fa09d072fb0:   00007fa104520b00 0000000100000100
0x00007fa09d072fc0:   0000000000000000 00007fa09d072f78
0x00007fa09d072fd0:   00007fa09d072fb9 0000000800000005
0x00007fa09d072fe0:   0000000000000000 00007fa114275d60
0x00007fa09d072ff0:   00007fa11c0011f0 00007fa11cabf720
0x00007fa09d073000:   0000000014275bf0 00007fa114276000
0x00007fa09d073010:   0000000000000000 00007fa11b76dbfb
0x00007fa09d073020:   00007fa10452ac48 00007fa114276000
0x00007fa09d073030:   00007fa10452ac48 00007fa114276000
0x00007fa09d073040:   00007fa09d0731d0 00007fa10452ac48
0x00007fa09d073050:   00007fa10452ac48 00007fa10452ac48
0x00007fa09d073060:   00007fa0b80554a0 00007fa09d0730c0
0x00007fa09d073070:   00007fa114276000 00007fa09d073100
0x00007fa09d073080:   00007fa11423a158 00007fa1142761f8
0x00007fa09d073090:   00007fa09d073180 00007fa11b771fcf
0x00007fa09d0730a0:   00007fa114276000 00007fa0f4f1d794
0x00007fa09d0730b0:   00007fa09d073198 3224726f74616369
0x00007fa09d0730c0:   00007fa11c001e70 00007fa11cabf720
0x00007fa09d0730d0:   0000000000000000 00007fa000000063
0x00007fa09d0730e0:   0000000000000000 0000003000000018
0x00007fa09d0730f0:   00007fa09d073270 00007fa09d0731b0
0x00007fa09d073100:   00007fa114276000 0000000000000000 

Instructions: (pc=0x00007fa11b76d828)
0x00007fa11b76d808:   00 00 48 85 d2 48 89 bd b0 fe ff ff 48 89 b5 a8
0x00007fa11b76d818:   fe ff ff 4c 89 8d a0 fe ff ff 0f 84 78 09 00 00
0x00007fa11b76d828:   4c 8b 22 4d 85 e4 0f 84 6c 09 00 00 48 8b 45 10
0x00007fa11b76d838:   48 8b 98 38 01 00 00 48 83 7b 18 f7 0f 87 16 07 

Register to memory mapping:

RAX=0x00007fa09d0731b0 is pointing into the stack for thread: 0x00007fa114276000
RBX=0x00007fa09d0730c0 is pointing into the stack for thread: 0x00007fa114276000
RCX=0x0000000000000001 is an unknown value
RDX=0x3224726f74616369 is an unknown value
RSP=0x00007fa09d072f10 is pointing into the stack for thread: 0x00007fa114276000
RBP=0x00007fa09d073090 is pointing into the stack for thread: 0x00007fa114276000
RSI=0x00007fa09d073120 is pointing into the stack for thread: 0x00007fa114276000
RDI=0x00007fa1142761f8 is an unknown value
R8 =0x00007fa11423a158 is an unknown value
R9 =0x00007fa09d0730c0 is pointing into the stack for thread: 0x00007fa114276000
R10=0x00007fa090000af8 is an unknown value
R11=0x00007fa105461360 is at entry_point+32 in (nmethod*)0x00007fa1054611d0
R12=0x00007fa114276000 is a thread
R13=0x00007fa11423a158 is an unknown value
R14=0x0000000000000001 is an unknown value
R15=0x00007fa1142761f8 is an unknown value


Stack: [0x00007fa09cf74000,0x00007fa09d075000],  sp=0x00007fa09d072f10,  free space=1019k
Native frames: (J=compiled Java code, j=interpreted, Vv=VM code, C=native code)
V  [libjvm.so+0x6d7828]  jni_invoke_nonstatic(JNIEnv_*, JavaValue*, _jobject*, JNICallType, _jmethodID*, JNI_ArgumentPusher*, Thread*)+0x38
V  [libjvm.so+0x6dbfcf]  jni_CallVoidMethodV+0x10f
C  [libglass.so+0x18641]  JNIEnv_::CallVoidMethod(_jobject*, _jmethodID*, ...)+0x81
C  [libglass.so+0x14f0f]  WindowContextBase::process_key(_GdkEventKey*)+0x20f
C  [libglass.so+0x19f60]  WindowContextBase::im_filter_keypress(_GdkEventKey*)+0x1c0
C  [libglass.so+0x1a91c]  process_events(_GdkEvent*, void*)+0x22c
C  [libgdk-x11-2.0.so.0+0x5b41c]

Java frames: (J=compiled Java code, j=interpreted, Vv=VM code)
j  com.sun.glass.ui.gtk.GtkApplication._runLoop(Ljava/lang/Runnable;Z)V+0
j  com.sun.glass.ui.gtk.GtkApplication.lambda$null$48(Ljava/lang/Runnable;Z)V+7
j  com.sun.glass.ui.gtk.GtkApplication$$Lambda$41.run()V+12
j  java.lang.Thread.run()V+11
v  ~StubRoutines::call_stub

---------------  P R O C E S S  ---------------

Java Threads: ( => current thread )
  0x00007fa090436800 JavaThread "Okio Watchdog" daemon [_thread_blocked, id=29197, stack(0x00007fa08e902000,0x00007fa08ea03000)]
  0x00007fa090434800 JavaThread "OkHttp ConnectionPool" daemon [_thread_blocked, id=29196, stack(0x00007fa08ea03000,0x00007fa08eb04000)]
  0x00007fa0902a4800 JavaThread "Prism Font Disposer" daemon [_thread_blocked, id=29151, stack(0x00007fa08fd61000,0x00007fa08fe62000)]
  0x00007fa11427a000 JavaThread "JavaFX-Launcher" [_thread_blocked, id=29150, stack(0x00007fa09ce73000,0x00007fa09cf74000)]
=>0x00007fa114276000 JavaThread "JavaFX Application Thread" [_thread_in_vm, id=29149, stack(0x00007fa09cf74000,0x00007fa09d075000)]
  0x00007fa114272000 JavaThread "Thread-1" daemon [_thread_blocked, id=29148, stack(0x00007fa0d004a000,0x00007fa0d014b000)]
  0x00007fa114222800 JavaThread "QuantumRenderer-0" daemon [_thread_blocked, id=29147, stack(0x00007fa0f59c1000,0x00007fa0f5ac2000)]
  0x00007fa1140d4800 JavaThread "Service Thread" daemon [_thread_blocked, id=29145, stack(0x00007fa0f5c59000,0x00007fa0f5d5a000)]
  0x00007fa1140c9800 JavaThread "C1 CompilerThread3" daemon [_thread_blocked, id=29144, stack(0x00007fa0f5d5a000,0x00007fa0f5e5b000)]
  0x00007fa1140c7000 JavaThread "C2 CompilerThread2" daemon [_thread_blocked, id=29143, stack(0x00007fa0f5e5b000,0x00007fa0f5f5c000)]
  0x00007fa1140c5800 JavaThread "C2 CompilerThread1" daemon [_thread_blocked, id=29142, stack(0x00007fa0f5f5c000,0x00007fa0f605d000)]
  0x00007fa1140c2800 JavaThread "C2 CompilerThread0" daemon [_thread_in_native, id=29141, stack(0x00007fa0f605d000,0x00007fa0f615e000)]
  0x00007fa1140c1000 JavaThread "Signal Dispatcher" daemon [_thread_blocked, id=29140, stack(0x00007fa0f615e000,0x00007fa0f625f000)]
  0x00007fa11408d000 JavaThread "Finalizer" daemon [_thread_blocked, id=29138, stack(0x00007fa0f625f000,0x00007fa0f6360000)]
  0x00007fa114088800 JavaThread "Reference Handler" daemon [_thread_blocked, id=29137, stack(0x00007fa0f6360000,0x00007fa0f6461000)]
  0x00007fa11400b000 JavaThread "main" [_thread_blocked, id=29127, stack(0x00007fa11cb62000,0x00007fa11cc63000)]

Other Threads:
  0x00007fa114081000 VMThread [stack: 0x00007fa0f6461000,0x00007fa0f6562000] [id=29136]
  0x00007fa1140d7000 WatcherThread [stack: 0x00007fa0f5b58000,0x00007fa0f5c59000] [id=29146]

VM state:not at safepoint (normal execution)

VM Mutex/Monitor currently owned by a thread: None

Heap:
 PSYoungGen      total 74752K, used 10484K [0x000000076d000000, 0x0000000772300000, 0x00000007c0000000)
  eden space 64512K, 16% used [0x000000076d000000,0x000000076da3d090,0x0000000770f00000)
  from space 10240K, 0% used [0x0000000770f00000,0x0000000770f00000,0x0000000771900000)
  to   space 10240K, 0% used [0x0000000771900000,0x0000000771900000,0x0000000772300000)
 ParOldGen       total 74240K, used 9481K [0x00000006c7000000, 0x00000006cb880000, 0x000000076d000000)
  object space 74240K, 12% used [0x00000006c7000000,0x00000006c7942638,0x00000006cb880000)
 Metaspace       used 22130K, capacity 22898K, committed 23168K, reserved 1069056K
  class space    used 2964K, capacity 3161K, committed 3200K, reserved 1048576K

Card table byte_map: [0x00007fa11916c000,0x00007fa119935000] byte_map_base: 0x00007fa115b34000

Marking Bits: (ParMarkBitMap*) 0x00007fa11c065ca0
 Begin Bits: [0x00007fa0d0380000, 0x00007fa0d41c0000)
 End Bits:   [0x00007fa0d41c0000, 0x00007fa0d8000000)

Polling page: 0x00007fa11cc9b000

CodeCache: size=245760Kb used=9497Kb max_used=9502Kb free=236262Kb
 bounds [0x00007fa105000000, 0x00007fa105950000, 0x00007fa114000000]
 total_blobs=3688 nmethods=3017 adapters=584
 compilation: enabled

Compilation events (10 events):
Event: 6.654 Thread 0x00007fa1140c9800 nmethod 3001 0x00007fa10593c190 code [0x00007fa10593c300, 0x00007fa10593c528]
Event: 6.654 Thread 0x00007fa1140c9800 3002       3       javax.xml.stream.util.StreamReaderDelegate::hasNext (10 bytes)
Event: 6.654 Thread 0x00007fa1140c9800 nmethod 3002 0x00007fa10593c5d0 code [0x00007fa10593c740, 0x00007fa10593c968]
Event: 6.654 Thread 0x00007fa1140c9800 3004       3       javax.xml.stream.util.StreamReaderDelegate::next (10 bytes)
Event: 6.654 Thread 0x00007fa1140c9800 nmethod 3004 0x00007fa10593ca10 code [0x00007fa10593cb80, 0x00007fa10593cda8]
Event: 6.654 Thread 0x00007fa1140c9800 3005   !   3       com.sun.org.apache.xerces.internal.impl.XMLStreamReaderImpl::next (294 bytes)
Event: 6.655 Thread 0x00007fa1140c9800 nmethod 3005 0x00007fa10593ce50 code [0x00007fa10593d180, 0x00007fa10593ebf8]
Event: 6.655 Thread 0x00007fa1140c9800 3006       3       com.sun.org.apache.xerces.internal.impl.XMLNSDocumentScannerImpl::scanAttribute (824 bytes)
Event: 6.657 Thread 0x00007fa1140c7000 3011       4       com.sun.javafx.css.parser.CSSLexer::readChar (72 bytes)
Event: 6.658 Thread 0x00007fa1140c2800 3018       4       com.sun.javafx.css.StyleClassSet::getStyleClass (148 bytes)

GC Heap History (4 events):
Event: 6.401 GC heap before
{Heap before GC invocations=1 (full 0):
 PSYoungGen      total 74752K, used 54444K [0x000000076d000000, 0x0000000772300000, 0x00000007c0000000)
  eden space 64512K, 84% used [0x000000076d000000,0x000000077052b318,0x0000000770f00000)
  from space 10240K, 0% used [0x0000000771900000,0x0000000771900000,0x0000000772300000)
  to   space 10240K, 0% used [0x0000000770f00000,0x0000000770f00000,0x0000000771900000)
 ParOldGen       total 171008K, used 0K [0x00000006c7000000, 0x00000006d1700000, 0x000000076d000000)
  object space 171008K, 0% used [0x00000006c7000000,0x00000006c7000000,0x00000006d1700000)
 Metaspace       used 20340K, capacity 21064K, committed 21248K, reserved 1067008K
  class space    used 2761K, capacity 2950K, committed 3072K, reserved 1048576K
Event: 6.407 GC heap after
Heap after GC invocations=1 (full 0):
 PSYoungGen      total 74752K, used 9567K [0x000000076d000000, 0x0000000772300000, 0x00000007c0000000)
  eden space 64512K, 0% used [0x000000076d000000,0x000000076d000000,0x0000000770f00000)
  from space 10240K, 93% used [0x0000000770f00000,0x0000000771857cf8,0x0000000771900000)
  to   space 10240K, 0% used [0x0000000771900000,0x0000000771900000,0x0000000772300000)
 ParOldGen       total 171008K, used 88K [0x00000006c7000000, 0x00000006d1700000, 0x000000076d000000)
  object space 171008K, 0% used [0x00000006c7000000,0x00000006c7016010,0x00000006d1700000)
 Metaspace       used 20340K, capacity 21064K, committed 21248K, reserved 1067008K
  class space    used 2761K, capacity 2950K, committed 3072K, reserved 1048576K
}
Event: 6.407 GC heap before
{Heap before GC invocations=2 (full 1):
 PSYoungGen      total 74752K, used 9567K [0x000000076d000000, 0x0000000772300000, 0x00000007c0000000)
  eden space 64512K, 0% used [0x000000076d000000,0x000000076d000000,0x0000000770f00000)
  from space 10240K, 93% used [0x0000000770f00000,0x0000000771857cf8,0x0000000771900000)
  to   space 10240K, 0% used [0x0000000771900000,0x0000000771900000,0x0000000772300000)
 ParOldGen       total 171008K, used 88K [0x00000006c7000000, 0x00000006d1700000, 0x000000076d000000)
  object space 171008K, 0% used [0x00000006c7000000,0x00000006c7016010,0x00000006d1700000)
 Metaspace       used 20340K, capacity 21064K, committed 21248K, reserved 1067008K
  class space    used 2761K, capacity 2950K, committed 3072K, reserved 1048576K
Event: 6.432 GC heap after
Heap after GC invocations=2 (full 1):
 PSYoungGen      total 74752K, used 0K [0x000000076d000000, 0x0000000772300000, 0x00000007c0000000)
  eden space 64512K, 0% used [0x000000076d000000,0x000000076d000000,0x0000000770f00000)
  from space 10240K, 0% used [0x0000000770f00000,0x0000000770f00000,0x0000000771900000)
  to   space 10240K, 0% used [0x0000000771900000,0x0000000771900000,0x0000000772300000)
 ParOldGen       total 74240K, used 9481K [0x00000006c7000000, 0x00000006cb880000, 0x000000076d000000)
  object space 74240K, 12% used [0x00000006c7000000,0x00000006c7942638,0x00000006cb880000)
 Metaspace       used 20340K, capacity 21064K, committed 21248K, reserved 1067008K
  class space    used 2761K, capacity 2950K, committed 3072K, reserved 1048576K
}

Deoptimization events (10 events):
Event: 6.541 Thread 0x00007fa114276000 Uncommon trap: reason=class_check action=maybe_recompile pc=0x00007fa105848818 method=java.util.regex.Pattern$Curly.match(Ljava/util/regex/Matcher;ILjava/lang/CharSequence;)Z @ 19
Event: 6.541 Thread 0x00007fa114276000 Uncommon trap: reason=class_check action=maybe_recompile pc=0x00007fa105848818 method=java.util.regex.Pattern$Curly.match(Ljava/util/regex/Matcher;ILjava/lang/CharSequence;)Z @ 19
Event: 6.569 Thread 0x00007fa114276000 Uncommon trap: reason=unstable_if action=reinterpret pc=0x00007fa105861e28 method=java.util.Arrays.equals([B[B)Z @ 2
Event: 6.580 Thread 0x00007fa114276000 Uncommon trap: reason=bimorphic action=maybe_recompile pc=0x00007fa105830550 method=java.util.HashMap.putVal(ILjava/lang/Object;Ljava/lang/Object;ZZ)Ljava/lang/Object; @ 203
Event: 6.619 Thread 0x00007fa114276000 Uncommon trap: reason=unstable_if action=reinterpret pc=0x00007fa10540faf8 method=java.lang.StrictMath.floorOrCeil(DDDD)D @ 38
Event: 6.619 Thread 0x00007fa114276000 Uncommon trap: reason=unstable_if action=reinterpret pc=0x00007fa1056ceabc method=javafx.scene.Node.impl_getPeer()Lcom/sun/javafx/sg/prism/NGNode; @ 41
Event: 6.619 Thread 0x00007fa114276000 Uncommon trap: reason=class_check action=maybe_recompile pc=0x00007fa1055f62f4 method=javafx.scene.Node.updateLocalToParentTransform()V @ 11
Event: 6.639 Thread 0x00007fa114276000 Uncommon trap: reason=unstable_if action=reinterpret pc=0x00007fa10571109c method=java.lang.Double.compare(DD)I @ 11
Event: 6.652 Thread 0x00007fa114276000 Uncommon trap: reason=class_check action=maybe_recompile pc=0x00007fa105848818 method=java.util.regex.Pattern$Curly.match(Ljava/util/regex/Matcher;ILjava/lang/CharSequence;)Z @ 19
Event: 6.652 Thread 0x00007fa114276000 Uncommon trap: reason=class_check action=maybe_recompile pc=0x00007fa105848818 method=java.util.regex.Pattern$Curly.match(Ljava/util/regex/Matcher;ILjava/lang/CharSequence;)Z @ 19

Classes redefined (0 events):
No events

Internal exceptions (10 events):
Event: 0.425 Thread 0x00007fa114276000 Exception <a 'java/lang/ArrayIndexOutOfBoundsException': 86> (0x000000076e3a5718) thrown at [/HUDSON/workspace/8-2-build-linux-amd64/jdk8u162/10278/hotspot/src/share/vm/interpreter/interpreterRuntime.cpp, line 366]
Event: 0.428 Thread 0x00007fa114276000 Exception <a 'java/lang/ArrayIndexOutOfBoundsException'> (0x000000076e3a9e78) thrown at [/HUDSON/workspace/8-2-build-linux-amd64/jdk8u162/10278/hotspot/src/share/vm/runtime/sharedRuntime.cpp, line 605]
Event: 0.491 Thread 0x00007fa114276000 Exception <a 'java/lang/ArrayIndexOutOfBoundsException'> (0x000000076e5cfb50) thrown at [/HUDSON/workspace/8-2-build-linux-amd64/jdk8u162/10278/hotspot/src/share/vm/runtime/sharedRuntime.cpp, line 605]
Event: 0.514 Thread 0x00007fa114276000 Exception <a 'java/io/FileNotFoundException'> (0x000000076e6bc7a8) thrown at [/HUDSON/workspace/8-2-build-linux-amd64/jdk8u162/10278/hotspot/src/share/vm/prims/jni.cpp, line 709]
Event: 0.663 Thread 0x00007fa114276000 Implicit null exception at 0x00007fa1052947b5 to 0x00007fa1052949ed
Event: 0.663 Thread 0x00007fa114276000 Implicit null exception at 0x00007fa105342afb to 0x00007fa105343331
Event: 0.665 Thread 0x00007fa114276000 Implicit null exception at 0x00007fa1052f82af to 0x00007fa1052f8319
Event: 6.236 Thread 0x00007fa114276000 Implicit null exception at 0x00007fa10568e408 to 0x00007fa10568e4d1
Event: 6.564 Thread 0x00007fa114276000 Exception <a 'java/lang/ArrayIndexOutOfBoundsException'> (0x000000076d511a88) thrown at [/HUDSON/workspace/8-2-build-linux-amd64/jdk8u162/10278/hotspot/src/share/vm/runtime/sharedRuntime.cpp, line 605]
Event: 6.564 Thread 0x00007fa114276000 Exception <a 'java/lang/ArrayIndexOutOfBoundsException'> (0x000000076d513000) thrown at [/HUDSON/workspace/8-2-build-linux-amd64/jdk8u162/10278/hotspot/src/share/vm/runtime/sharedRuntime.cpp, line 605]

Events (10 events):
Event: 6.654 loading class hacklympics/teacher/pages/DashboardController
Event: 6.654 loading class hacklympics/teacher/pages/DashboardController done
Event: 6.654 loading class com/sun/javafx/fxml/builder/URLBuilder
Event: 6.654 loading class com/sun/javafx/fxml/builder/URLBuilder done
Event: 6.655 loading class java/io/UnsupportedEncodingException
Event: 6.655 loading class java/io/UnsupportedEncodingException done
Event: 6.655 loading class javafx/scene/control/ProgressIndicator$2
Event: 6.655 loading class javafx/scene/control/ProgressIndicator$2 done
Event: 6.655 loading class javafx/scene/control/ProgressIndicator$1
Event: 6.655 loading class javafx/scene/control/ProgressIndicator$1 done


Dynamic libraries:
00400000-00401000 r-xp 00000000 fe:01 938495                             /opt/oracle-jdk-bin-1.8.0.162/bin/java
00600000-00601000 rw-p 00000000 fe:01 938495                             /opt/oracle-jdk-bin-1.8.0.162/bin/java
00601000-00622000 rw-p 00000000 00:00 0                                  [heap]
6c7000000-6cb880000 rw-p 00000000 00:00 0 
6cb880000-76d000000 ---p 00000000 00:00 0 
76d000000-772300000 rw-p 00000000 00:00 0 
772300000-7c0000000 ---p 00000000 00:00 0 
7c0000000-7c0320000 rw-p 00000000 00:00 0 
7c0320000-800000000 ---p 00000000 00:00 0 
7fa080000000-7fa080021000 rw-p 00000000 00:00 0 
7fa080021000-7fa084000000 ---p 00000000 00:00 0 
7fa084000000-7fa084021000 rw-p 00000000 00:00 0 
7fa084021000-7fa088000000 ---p 00000000 00:00 0 
7fa088000000-7fa088021000 rw-p 00000000 00:00 0 
7fa088021000-7fa08c000000 ---p 00000000 00:00 0 
7fa08e8df000-7fa08e902000 r--p 00000000 00:24 4107162                    /tmp/+JXF3606872616896887165.tmp
7fa08e902000-7fa08e905000 ---p 00000000 00:00 0 
7fa08e905000-7fa08ea03000 rw-p 00000000 00:00 0 
7fa08ea03000-7fa08ea06000 ---p 00000000 00:00 0 
7fa08ea06000-7fa08ec84000 rw-p 00000000 00:00 0 
7fa08ec84000-7fa08ed04000 ---p 00000000 00:00 0 
7fa08ed04000-7fa08ed0e000 r--s 00116000 fe:01 939203                     /opt/oracle-jdk-bin-1.8.0.162/jre/lib/ext/localedata.jar
7fa08ed0e000-7fa08ed2a000 r--s 00393000 fe:01 939158                     /opt/oracle-jdk-bin-1.8.0.162/jre/lib/ext/cldrdata.jar
7fa08ed2a000-7fa08ed30000 r--s 0003e000 fe:01 939206                     /opt/oracle-jdk-bin-1.8.0.162/jre/lib/ext/sunjce_provider.jar
7fa08ed30000-7fa08ed62000 r-xp 00000000 fe:01 940333                     /opt/oracle-jdk-bin-1.8.0.162/jre/lib/amd64/libsunec.so
7fa08ed62000-7fa08ef61000 ---p 00032000 fe:01 940333                     /opt/oracle-jdk-bin-1.8.0.162/jre/lib/amd64/libsunec.so
7fa08ef61000-7fa08ef67000 rw-p 00031000 fe:01 940333                     /opt/oracle-jdk-bin-1.8.0.162/jre/lib/amd64/libsunec.so
7fa08ef67000-7fa08ef77000 rw-p 00000000 00:00 0 
7fa08ef77000-7fa08ef8d000 r-xp 00000000 fe:01 940502                     /opt/oracle-jdk-bin-1.8.0.162/jre/lib/amd64/libnet.so
7fa08ef8d000-7fa08f18d000 ---p 00016000 fe:01 940502                     /opt/oracle-jdk-bin-1.8.0.162/jre/lib/amd64/libnet.so
7fa08f18d000-7fa08f18e000 rw-p 00016000 fe:01 940502                     /opt/oracle-jdk-bin-1.8.0.162/jre/lib/amd64/libnet.so
7fa08f18e000-7fa08f19f000 r-xp 00000000 fe:01 940508                     /opt/oracle-jdk-bin-1.8.0.162/jre/lib/amd64/libnio.so
7fa08f19f000-7fa08f39e000 ---p 00011000 fe:01 940508                     /opt/oracle-jdk-bin-1.8.0.162/jre/lib/amd64/libnio.so
7fa08f39e000-7fa08f39f000 rw-p 00010000 fe:01 940508                     /opt/oracle-jdk-bin-1.8.0.162/jre/lib/amd64/libnio.so
7fa08f39f000-7fa08f59f000 rw-p 00000000 00:00 0 
7fa08f59f000-7fa08f5a1000 r--s 00009000 fe:01 939146                     /opt/oracle-jdk-bin-1.8.0.162/jre/lib/ext/sunec.jar
7fa08f5a1000-7fa08f7a1000 rw-p 00000000 00:00 0 
7fa08f7a1000-7fa08f7b1000 rw-s 00000000 00:05 4105640                    /drm mm object (deleted)
7fa08f7b1000-7fa08f7c1000 rw-s 00000000 00:05 4105637                    /drm mm object (deleted)
7fa08f7c1000-7fa08f7d1000 rw-s 00000000 00:05 4105634                    /drm mm object (deleted)
7fa08f7d1000-7fa08f991000 rw-s 1130eb000 00:06 2143                      /dev/dri/card0
7fa08f991000-7fa08fb51000 rw-s 00000000 00:05 4105626                    /drm mm object (deleted)
7fa08fb51000-7fa08fb61000 rw-s 00000000 00:05 4105631                    /drm mm object (deleted)
7fa08fb61000-7fa08fd61000 rw-p 00000000 00:00 0 
7fa08fd61000-7fa08fd64000 ---p 00000000 00:00 0 
7fa08fd64000-7fa08fe62000 rw-p 00000000 00:00 0 
7fa08fe62000-7fa08ff1b000 r--p 00000000 fe:01 455269                     /usr/share/fonts/dejavu/DejaVuSans.ttf
7fa08ff1b000-7fa08ffc6000 r--p 00000000 fe:01 938580                     /opt/oracle-jdk-bin-1.8.0.162/jre/lib/fonts/LucidaSansRegular.ttf
7fa08ffc6000-7fa090000000 r--p 00000000 fe:01 938588                     /opt/oracle-jdk-bin-1.8.0.162/jre/lib/fonts/LucidaTypewriterBold.ttf
7fa090000000-7fa090737000 rw-p 00000000 00:00 0 
7fa090737000-7fa094000000 ---p 00000000 00:00 0 
7fa094000000-7fa094021000 rw-p 00000000 00:00 0 
7fa094021000-7fa098000000 ---p 00000000 00:00 0 
7fa098000000-7fa098021000 rw-p 00000000 00:00 0 
7fa098021000-7fa09c000000 ---p 00000000 00:00 0 
7fa09c001000-7fa09c005000 r--s 0003a000 fe:01 939184                     /opt/oracle-jdk-bin-1.8.0.162/jre/lib/ext/sunpkcs11.jar
7fa09c005000-7fa09c00a000 rw-s 00000000 00:05 4107152                    /drm mm object (deleted)
7fa09c00a000-7fa09c058000 r--p 00000000 fe:01 938582                     /opt/oracle-jdk-bin-1.8.0.162/jre/lib/fonts/LucidaSansDemiBold.ttf
7fa09c058000-7fa09c05c000 r-xp 00000000 fe:01 940331                     /opt/oracle-jdk-bin-1.8.0.162/jre/lib/amd64/libjavafx_font_pango.so
7fa09c05c000-7fa09c25b000 ---p 00004000 fe:01 940331                     /opt/oracle-jdk-bin-1.8.0.162/jre/lib/amd64/libjavafx_font_pango.so
7fa09c25b000-7fa09c25c000 rw-p 00003000 fe:01 940331                     /opt/oracle-jdk-bin-1.8.0.162/jre/lib/amd64/libjavafx_font_pango.so
7fa09c25c000-7fa09c266000 r-xp 00000000 fe:01 139442                     /usr/lib64/gtk-2.0/2.10.0/engines/libpixmap.so
7fa09c266000-7fa09c465000 ---p 0000a000 fe:01 139442                     /usr/lib64/gtk-2.0/2.10.0/engines/libpixmap.so
7fa09c465000-7fa09c466000 r--p 00009000 fe:01 139442                     /usr/lib64/gtk-2.0/2.10.0/engines/libpixmap.so
7fa09c466000-7fa09c467000 rw-p 0000a000 fe:01 139442                     /usr/lib64/gtk-2.0/2.10.0/engines/libpixmap.so
7fa09c467000-7fa09c469000 r-xp 00000000 fe:01 723962                     /usr/lib64/gtk-2.0/2.10.0/engines/libadwaita.so
7fa09c469000-7fa09c669000 ---p 00002000 fe:01 723962                     /usr/lib64/gtk-2.0/2.10.0/engines/libadwaita.so
7fa09c669000-7fa09c66a000 r--p 00002000 fe:01 723962                     /usr/lib64/gtk-2.0/2.10.0/engines/libadwaita.so
7fa09c66a000-7fa09c66b000 rw-p 00003000 fe:01 723962                     /usr/lib64/gtk-2.0/2.10.0/engines/libadwaita.so
7fa09c66b000-7fa09c86b000 rw-p 00000000 00:00 0 
7fa09c86b000-7fa09c870000 r-xp 00000000 fe:01 940335                     /opt/oracle-jdk-bin-1.8.0.162/jre/lib/amd64/libjavafx_font_freetype.so
7fa09c870000-7fa09ca6f000 ---p 00005000 fe:01 940335                     /opt/oracle-jdk-bin-1.8.0.162/jre/lib/amd64/libjavafx_font_freetype.so
7fa09ca6f000-7fa09ca70000 rw-p 00004000 fe:01 940335                     /opt/oracle-jdk-bin-1.8.0.162/jre/lib/amd64/libjavafx_font_freetype.so
7fa09ca70000-7fa09ca73000 r-xp 00000000 fe:01 940504                     /opt/oracle-jdk-bin-1.8.0.162/jre/lib/amd64/libjavafx_font.so
7fa09ca73000-7fa09cc72000 ---p 00003000 fe:01 940504                     /opt/oracle-jdk-bin-1.8.0.162/jre/lib/amd64/libjavafx_font.so
7fa09cc72000-7fa09cc73000 rw-p 00002000 fe:01 940504                     /opt/oracle-jdk-bin-1.8.0.162/jre/lib/amd64/libjavafx_font.so
7fa09cc73000-7fa09ce73000 rw-p 00000000 00:00 0 
7fa09ce73000-7fa09ce76000 ---p 00000000 00:00 0 
7fa09ce76000-7fa09cf74000 rw-p 00000000 00:00 0 
7fa09cf74000-7fa09cf77000 ---p 00000000 00:00 0 
7fa09cf77000-7fa09d075000 rw-p 00000000 00:00 0 
7fa09d075000-7fa09d09e000 r-xp 00000000 fe:01 940384                     /opt/oracle-jdk-bin-1.8.0.162/jre/lib/amd64/libglass.so
7fa09d09e000-7fa09d29d000 ---p 00029000 fe:01 940384                     /opt/oracle-jdk-bin-1.8.0.162/jre/lib/amd64/libglass.so
7fa09d29d000-7fa09d2a0000 rw-p 00028000 fe:01 940384                     /opt/oracle-jdk-bin-1.8.0.162/jre/lib/amd64/libglass.so
7fa09d2a0000-7fa09da06000 r-xp 00000000 fe:01 791538                     /usr/lib64/mesa/i965_dri.so
7fa09da06000-7fa09dc05000 ---p 00766000 fe:01 791538                     /usr/lib64/mesa/i965_dri.so
7fa09dc05000-7fa09dc54000 r--p 00765000 fe:01 791538                     /usr/lib64/mesa/i965_dri.so
7fa09dc54000-7fa09dc5b000 rw-p 007b4000 fe:01 791538                     /usr/lib64/mesa/i965_dri.so
7fa09dc5b000-7fa09dcc2000 rw-p 00000000 00:00 0 
7fa09dcc2000-7fa09dcd5000 r-xp 00000000 fe:01 696744                     /usr/lib64/libbsd.so.0.8.6
7fa09dcd5000-7fa09ded4000 ---p 00013000 fe:01 696744                     /usr/lib64/libbsd.so.0.8.6
7fa09ded4000-7fa09ded5000 r--p 00012000 fe:01 696744                     /usr/lib64/libbsd.so.0.8.6
7fa09ded5000-7fa09ded6000 rw-p 00013000 fe:01 696744                     /usr/lib64/libbsd.so.0.8.6
7fa09ded6000-7fa09ded7000 rw-p 00000000 00:00 0 
7fa09ded7000-7fa09dedb000 r-xp 00000000 fe:01 983312                     /lib64/libuuid.so.1.3.0
7fa09dedb000-7fa09e0da000 ---p 00004000 fe:01 983312                     /lib64/libuuid.so.1.3.0
7fa09e0da000-7fa09e0db000 r--p 00003000 fe:01 983312                     /lib64/libuuid.so.1.3.0
7fa09e0db000-7fa09e0dc000 rw-p 00004000 fe:01 983312                     /lib64/libuuid.so.1.3.0
7fa09e0dc000-7fa09e0e1000 r-xp 00000000 fe:01 919078                     /usr/lib64/libXdmcp.so.6.0.0
7fa09e0e1000-7fa09e2e0000 ---p 00005000 fe:01 919078                     /usr/lib64/libXdmcp.so.6.0.0
7fa09e2e0000-7fa09e2e1000 r--p 00004000 fe:01 919078                     /usr/lib64/libXdmcp.so.6.0.0
7fa09e2e1000-7fa09e2e2000 rw-p 00005000 fe:01 919078                     /usr/lib64/libXdmcp.so.6.0.0
7fa09e2e2000-7fa09e2e4000 r-xp 00000000 fe:01 919031                     /usr/lib64/libXau.so.6.0.0
7fa09e2e4000-7fa09e4e4000 ---p 00002000 fe:01 919031                     /usr/lib64/libXau.so.6.0.0
7fa09e4e4000-7fa09e4e5000 r--p 00002000 fe:01 919031                     /usr/lib64/libXau.so.6.0.0
7fa09e4e5000-7fa09e4e6000 rw-p 00003000 fe:01 919031                     /usr/lib64/libXau.so.6.0.0
7fa09e4e6000-7fa09e4f7000 r-xp 00000000 fe:01 10495                      /usr/lib64/libwayland-server.so.0.1.0
7fa09e4f7000-7fa09e6f6000 ---p 00011000 fe:01 10495                      /usr/lib64/libwayland-server.so.0.1.0
7fa09e6f6000-7fa09e6f8000 r--p 00010000 fe:01 10495                      /usr/lib64/libwayland-server.so.0.1.0
7fa09e6f8000-7fa09e6f9000 rw-p 00012000 fe:01 10495                      /usr/lib64/libwayland-server.so.0.1.0
7fa09e6f9000-7fa09e706000 r-xp 00000000 fe:01 791547                     /usr/lib64/libgbm.so.1.0.0
7fa09e706000-7fa09e906000 ---p 0000d000 fe:01 791547                     /usr/lib64/libgbm.so.1.0.0
7fa09e906000-7fa09e907000 r--p 0000d000 fe:01 791547                     /usr/lib64/libgbm.so.1.0.0
7fa09e907000-7fa09e908000 rw-p 0000e000 fe:01 791547                     /usr/lib64/libgbm.so.1.0.0
7fa09e908000-7fa09e915000 r-xp 00000000 fe:01 10541                      /usr/lib64/libwayland-client.so.0.3.0
7fa09e915000-7fa09eb14000 ---p 0000d000 fe:01 10541                      /usr/lib64/libwayland-client.so.0.3.0
7fa09eb14000-7fa09eb16000 r--p 0000c000 fe:01 10541                      /usr/lib64/libwayland-client.so.0.3.0
7fa09eb16000-7fa09eb17000 rw-p 0000e000 fe:01 10541                      /usr/lib64/libwayland-client.so.0.3.0
7fa09eb17000-7fa09eb41000 r-xp 00000000 fe:01 714026                     /usr/lib64/libgraphite2.so.3.0.1
7fa09eb41000-7fa09ed41000 ---p 0002a000 fe:01 714026                     /usr/lib64/libgraphite2.so.3.0.1
7fa09ed41000-7fa09ed43000 r--p 0002a000 fe:01 714026                     /usr/lib64/libgraphite2.so.3.0.1
7fa09ed43000-7fa09ed44000 rw-p 0002c000 fe:01 714026                     /usr/lib64/libgraphite2.so.3.0.1
7fa09ed44000-7fa09ed89000 r-xp 00000000 fe:01 982786                     /lib64/libblkid.so.1.1.0
7fa09ed89000-7fa09ef88000 ---p 00045000 fe:01 982786                     /lib64/libblkid.so.1.1.0
7fa09ef88000-7fa09ef8c000 r--p 00044000 fe:01 982786                     /lib64/libblkid.so.1.1.0
7fa09ef8c000-7fa09ef8d000 rw-p 00048000 fe:01 982786                     /lib64/libblkid.so.1.1.0
7fa09ef8d000-7fa09ef8e000 rw-p 00000000 00:00 0 
7fa09ef8e000-7fa09ef9f000 r-xp 00000000 fe:01 843703                     /usr/lib64/libdrm.so.2.4.0
7fa09ef9f000-7fa09f19e000 ---p 00011000 fe:01 843703                     /usr/lib64/libdrm.so.2.4.0
7fa09f19e000-7fa09f19f000 r--p 00010000 fe:01 843703                     /usr/lib64/libdrm.so.2.4.0
7fa09f19f000-7fa09f1a0000 rw-p 00011000 fe:01 843703                     /usr/lib64/libdrm.so.2.4.0
7fa09f1a0000-7fa09f1a4000 r-xp 00000000 fe:01 765863                     /usr/lib64/libxcb-dri2.so.0.0.0
7fa09f1a4000-7fa09f3a3000 ---p 00004000 fe:01 765863                     /usr/lib64/libxcb-dri2.so.0.0.0
7fa09f3a3000-7fa09f3a4000 r--p 00003000 fe:01 765863                     /usr/lib64/libxcb-dri2.so.0.0.0
7fa09f3a4000-7fa09f3a5000 rw-p 00004000 fe:01 765863                     /usr/lib64/libxcb-dri2.so.0.0.0
7fa09f3a5000-7fa09f3be000 r-xp 00000000 fe:01 765819                     /usr/lib64/libxcb-glx.so.0.0.0
7fa09f3be000-7fa09f5be000 ---p 00019000 fe:01 765819                     /usr/lib64/libxcb-glx.so.0.0.0
7fa09f5be000-7fa09f5c0000 r--p 00019000 fe:01 765819                     /usr/lib64/libxcb-glx.so.0.0.0
7fa09f5c0000-7fa09f5c1000 rw-p 0001b000 fe:01 765819                     /usr/lib64/libxcb-glx.so.0.0.0
7fa09f5c1000-7fa09f5c2000 r-xp 00000000 fe:01 53990                      /usr/lib64/libX11-xcb.so.1.0.0
7fa09f5c2000-7fa09f7c1000 ---p 00001000 fe:01 53990                      /usr/lib64/libX11-xcb.so.1.0.0
7fa09f7c1000-7fa09f7c2000 r--p 00000000 fe:01 53990                      /usr/lib64/libX11-xcb.so.1.0.0
7fa09f7c2000-7fa09f7c3000 rw-p 00001000 fe:01 53990                      /usr/lib64/libX11-xcb.so.1.0.0
7fa09f7c3000-7fa09f7ef000 r-xp 00000000 fe:01 791508                     /usr/lib64/libglapi.so.0.0.0
7fa09f7ef000-7fa09f9ee000 ---p 0002c000 fe:01 791508                     /usr/lib64/libglapi.so.0.0.0
7fa09f9ee000-7fa09f9f2000 r--p 0002b000 fe:01 791508                     /usr/lib64/libglapi.so.0.0.0
7fa09f9f2000-7fa09f9f3000 rw-p 0002f000 fe:01 791508                     /usr/lib64/libglapi.so.0.0.0
7fa09f9f3000-7fa09f9f4000 rw-p 00000000 00:00 0 
7fa09f9f4000-7fa09f9f5000 r-xp 00000000 fe:01 918980                     /usr/lib64/libxshmfence.so.1.0.0
7fa09f9f5000-7fa09fbf4000 ---p 00001000 fe:01 918980                     /usr/lib64/libxshmfence.so.1.0.0
7fa09fbf4000-7fa09fbf5000 r--p 00000000 fe:01 918980                     /usr/lib64/libxshmfence.so.1.0.0
7fa09fbf5000-7fa09fbf6000 rw-p 00001000 fe:01 918980                     /usr/lib64/libxshmfence.so.1.0.0
7fa09fbf6000-7fa09fbfc000 r-xp 00000000 fe:01 765912                     /usr/lib64/libxcb-sync.so.1.0.0
7fa09fbfc000-7fa09fdfb000 ---p 00006000 fe:01 765912                     /usr/lib64/libxcb-sync.so.1.0.0
7fa09fdfb000-7fa09fdfc000 r--p 00005000 fe:01 765912                     /usr/lib64/libxcb-sync.so.1.0.0
7fa09fdfc000-7fa09fdfd000 rw-p 00006000 fe:01 765912                     /usr/lib64/libxcb-sync.so.1.0.0
7fa09fdfd000-7fa09fdff000 r-xp 00000000 fe:01 765882                     /usr/lib64/libxcb-present.so.0.0.0
7fa09fdff000-7fa09fffe000 ---p 00002000 fe:01 765882                     /usr/lib64/libxcb-present.so.0.0.0
7fa09fffe000-7fa09ffff000 r--p 00001000 fe:01 765882                     /usr/lib64/libxcb-present.so.0.0.0
7fa09ffff000-7fa0a0000000 rw-p 00002000 fe:01 765882                     /usr/lib64/libxcb-present.so.0.0.0
7fa0a0000000-7fa0a0021000 rw-p 00000000 00:00 0 
7fa0a0021000-7fa0a4000000 ---p 00000000 00:00 0 
7fa0a4000000-7fa0a5e9a000 rw-p 00000000 00:00 0 
7fa0a5e9a000-7fa0a8000000 ---p 00000000 00:00 0 
7fa0a8000000-7fa0a8427000 rw-p 00000000 00:00 0 
7fa0a8427000-7fa0ac000000 ---p 00000000 00:00 0 
7fa0ac000000-7fa0ac021000 rw-p 00000000 00:00 0 
7fa0ac021000-7fa0b0000000 ---p 00000000 00:00 0 
7fa0b0000000-7fa0b018b000 rw-p 00000000 00:00 0 
7fa0b018b000-7fa0b4000000 ---p 00000000 00:00 0 
7fa0b4000000-7fa0b4245000 rw-p 00000000 00:00 0 
7fa0b4245000-7fa0b8000000 ---p 00000000 00:00 0 
7fa0b8000000-7fa0b82d8000 rw-p 00000000 00:00 0 
7fa0b82d8000-7fa0bc000000 ---p 00000000 00:00 0 
7fa0bc000000-7fa0bc005000 rw-s 00000000 00:05 4105629                    /drm mm object (deleted)
7fa0bc005000-7fa0bc015000 rw-s 00000000 00:05 4107097                    /drm mm object (deleted)
7fa0bc015000-7fa0bc021000 rw-s 00000000 00:05 4107574                    /drm mm object (deleted)
7fa0bc021000-7fa0bc034000 r--s 00345000 fe:01 939030                     /opt/oracle-jdk-bin-1.8.0.162/jre/lib/resources.jar
7fa0bc034000-7fa0bc047000 r--p 00000000 fe:01 938584                     /opt/oracle-jdk-bin-1.8.0.162/jre/lib/fonts/LucidaBrightDemiItalic.ttf
7fa0bc047000-7fa0bc05a000 r--p 00000000 fe:01 938589                     /opt/oracle-jdk-bin-1.8.0.162/jre/lib/fonts/LucidaBrightDemiBold.ttf
7fa0bc05a000-7fa0bc096000 r--p 00000000 fe:01 938587                     /opt/oracle-jdk-bin-1.8.0.162/jre/lib/fonts/LucidaTypewriterRegular.ttf
7fa0bc096000-7fa0bc0eb000 r--p 00000000 fe:01 938581                     /opt/oracle-jdk-bin-1.8.0.162/jre/lib/fonts/LucidaBrightRegular.ttf
7fa0bc0eb000-7fa0bc0f2000 r-xp 00000000 fe:01 765922                     /usr/lib64/libxcb-xfixes.so.0.0.0
7fa0bc0f2000-7fa0bc2f1000 ---p 00007000 fe:01 765922                     /usr/lib64/libxcb-xfixes.so.0.0.0
7fa0bc2f1000-7fa0bc2f2000 r--p 00006000 fe:01 765922                     /usr/lib64/libxcb-xfixes.so.0.0.0
7fa0bc2f2000-7fa0bc2f3000 rw-p 00007000 fe:01 765922                     /usr/lib64/libxcb-xfixes.so.0.0.0
7fa0bc2f3000-7fa0bc2f5000 r-xp 00000000 fe:01 765814                     /usr/lib64/libxcb-dri3.so.0.0.0
7fa0bc2f5000-7fa0bc4f4000 ---p 00002000 fe:01 765814                     /usr/lib64/libxcb-dri3.so.0.0.0
7fa0bc4f4000-7fa0bc4f5000 r--p 00001000 fe:01 765814                     /usr/lib64/libxcb-dri3.so.0.0.0
7fa0bc4f5000-7fa0bc4f6000 rw-p 00002000 fe:01 765814                     /usr/lib64/libxcb-dri3.so.0.0.0
7fa0bc4f6000-7fa0bc567000 r-xp 00000000 fe:01 920752                     /lib64/libpcre.so.1.2.9
7fa0bc567000-7fa0bc766000 ---p 00071000 fe:01 920752                     /lib64/libpcre.so.1.2.9
7fa0bc766000-7fa0bc767000 r--p 00070000 fe:01 920752                     /lib64/libpcre.so.1.2.9
7fa0bc767000-7fa0bc768000 rw-p 00071000 fe:01 920752                     /lib64/libpcre.so.1.2.9
7fa0bc768000-7fa0bc76f000 r-xp 00000000 fe:01 49617                      /usr/lib64/libffi.so.6.0.4
7fa0bc76f000-7fa0bc96f000 ---p 00007000 fe:01 49617                      /usr/lib64/libffi.so.6.0.4
7fa0bc96f000-7fa0bc970000 r--p 00007000 fe:01 49617                      /usr/lib64/libffi.so.6.0.4
7fa0bc970000-7fa0bc971000 rw-p 00008000 fe:01 49617                      /usr/lib64/libffi.so.6.0.4
7fa0bc971000-7fa0bc998000 r-xp 00000000 fe:01 49184                      /usr/lib64/libexpat.so.1.6.7
7fa0bc998000-7fa0bcb98000 ---p 00027000 fe:01 49184                      /usr/lib64/libexpat.so.1.6.7
7fa0bcb98000-7fa0bcb9a000 r--p 00027000 fe:01 49184                      /usr/lib64/libexpat.so.1.6.7
7fa0bcb9a000-7fa0bcb9b000 rw-p 00029000 fe:01 49184                      /usr/lib64/libexpat.so.1.6.7
7fa0bcb9b000-7fa0bcbaa000 r-xp 00000000 fe:01 480410                     /lib64/libbz2.so.1.0.6
7fa0bcbaa000-7fa0bcdaa000 ---p 0000f000 fe:01 480410                     /lib64/libbz2.so.1.0.6
7fa0bcdaa000-7fa0bcdab000 r--p 0000f000 fe:01 480410                     /lib64/libbz2.so.1.0.6
7fa0bcdab000-7fa0bcdac000 rw-p 00010000 fe:01 480410                     /lib64/libbz2.so.1.0.6
7fa0bcdac000-7fa0bcdb9000 r-xp 00000000 fe:01 765877                     /usr/lib64/libxcb-render.so.0.0.0
7fa0bcdb9000-7fa0bcfb8000 ---p 0000d000 fe:01 765877                     /usr/lib64/libxcb-render.so.0.0.0
7fa0bcfb8000-7fa0bcfb9000 r--p 0000c000 fe:01 765877                     /usr/lib64/libxcb-render.so.0.0.0
7fa0bcfb9000-7fa0bcfba000 rw-p 0000d000 fe:01 765877                     /usr/lib64/libxcb-render.so.0.0.0
7fa0bcfba000-7fa0bcfe2000 r-xp 00000000 fe:01 765809                     /usr/lib64/libxcb.so.1.1.0
7fa0bcfe2000-7fa0bd1e1000 ---p 00028000 fe:01 765809                     /usr/lib64/libxcb.so.1.1.0
7fa0bd1e1000-7fa0bd1e2000 r--p 00027000 fe:01 765809                     /usr/lib64/libxcb.so.1.1.0
7fa0bd1e2000-7fa0bd1e3000 rw-p 00028000 fe:01 765809                     /usr/lib64/libxcb.so.1.1.0
7fa0bd1e3000-7fa0bd1e5000 r-xp 00000000 fe:01 765907                     /usr/lib64/libxcb-shm.so.0.0.0
7fa0bd1e5000-7fa0bd3e5000 ---p 00002000 fe:01 765907                     /usr/lib64/libxcb-shm.so.0.0.0
7fa0bd3e5000-7fa0bd3e6000 r--p 00002000 fe:01 765907                     /usr/lib64/libxcb-shm.so.0.0.0
7fa0bd3e6000-7fa0bd3e7000 rw-p 00003000 fe:01 765907                     /usr/lib64/libxcb-shm.so.0.0.0
7fa0bd3e7000-7fa0c4000000 r--p 00000000 fe:01 791694                     /usr/lib64/locale/locale-archive
7fa0c4000000-7fa0c4021000 rw-p 00000000 00:00 0 
7fa0c4021000-7fa0c8000000 ---p 00000000 00:00 0 
7fa0c8000000-7fa0c8021000 rw-p 00000000 00:00 0 
7fa0c8021000-7fa0cc000000 ---p 00000000 00:00 0 
7fa0cc000000-7fa0cc021000 rw-p 00000000 00:00 0 
7fa0cc021000-7fa0d0000000 ---p 00000000 00:00 0 
7fa0d0000000-7fa0d0003000 r--s 0001a000 fe:01 940552                     /opt/oracle-jdk-bin-1.8.0.162/jre/lib/jce.jar
7fa0d0003000-7fa0d0017000 r--p 00000000 fe:01 938579                     /opt/oracle-jdk-bin-1.8.0.162/jre/lib/fonts/LucidaBrightItalic.ttf
7fa0d0017000-7fa0d001c000 r--s 00084000 fe:01 938565                     /opt/oracle-jdk-bin-1.8.0.162/jre/lib/jfr.jar
7fa0d001c000-7fa0d0021000 r--s 0009d000 fe:01 939137                     /opt/oracle-jdk-bin-1.8.0.162/jre/lib/jsse.jar
7fa0d0021000-7fa0d002c000 r--s 00000000 fe:01 709974                     /var/cache/fontconfig/acc285bc1956c3c4bc7afb41d537a85a-le64.cache-7
7fa0d002c000-7fa0d0038000 r--s 00000000 fe:01 709972                     /var/cache/fontconfig/a0663135713e7191a842fe22e0157189-le64.cache-7
7fa0d0038000-7fa0d004a000 r--s 00000000 fe:01 709970                     /var/cache/fontconfig/f2e43df3287529323e79e7929dc44cc9-le64.cache-7
7fa0d004a000-7fa0d004d000 ---p 00000000 00:00 0 
7fa0d004d000-7fa0d014b000 rw-p 00000000 00:00 0 
7fa0d014b000-7fa0d017f000 r-xp 00000000 fe:01 171148                     /usr/lib64/libpng16.so.16.29.0
7fa0d017f000-7fa0d037e000 ---p 00034000 fe:01 171148                     /usr/lib64/libpng16.so.16.29.0
7fa0d037e000-7fa0d037f000 r--p 00033000 fe:01 171148                     /usr/lib64/libpng16.so.16.29.0
7fa0d037f000-7fa0d0380000 rw-p 00034000 fe:01 171148                     /usr/lib64/libpng16.so.16.29.0
7fa0d0380000-7fa0d8000000 rw-p 00000000 00:00 0 
7fa0d8000000-7fa0d8021000 rw-p 00000000 00:00 0 
7fa0d8021000-7fa0dc000000 ---p 00000000 00:00 0 
7fa0dc000000-7fa0dc021000 rw-p 00000000 00:00 0 
7fa0dc021000-7fa0e0000000 ---p 00000000 00:00 0 
7fa0e0000000-7fa0e0021000 rw-p 00000000 00:00 0 
7fa0e0021000-7fa0e4000000 ---p 00000000 00:00 0 
7fa0e4000000-7fa0e4021000 rw-p 00000000 00:00 0 
7fa0e4021000-7fa0e8000000 ---p 00000000 00:00 0 
7fa0e8000000-7fa0e8021000 rw-p 00000000 00:00 0 
7fa0e8021000-7fa0ec000000 ---p 00000000 00:00 0 
7fa0ec001000-7fa0ec003000 rw-s 00000000 00:05 4105647                    /drm mm object (deleted)
7fa0ec003000-7fa0ec006000 r--s 00000000 fe:01 709977                     /var/cache/fontconfig/0b1bcc92b4d25cc154d77dafe3bceaa0-le64.cache-7
7fa0ec006000-7fa0ec00a000 r--s 00000000 fe:01 709976                     /var/cache/fontconfig/6d2376a383715d59725915647ddb0428-le64.cache-7
7fa0ec00a000-7fa0ec04c000 r--s 00000000 fe:01 709969                     /var/cache/fontconfig/923e285e415b1073c8df160bee08820f-le64.cache-7
7fa0ec04c000-7fa0ec082000 r-xp 00000000 fe:01 791549                     /usr/lib64/libEGL.so.1.0.0
7fa0ec082000-7fa0ec281000 ---p 00036000 fe:01 791549                     /usr/lib64/libEGL.so.1.0.0
7fa0ec281000-7fa0ec283000 r--p 00035000 fe:01 791549                     /usr/lib64/libEGL.so.1.0.0
7fa0ec283000-7fa0ec284000 rw-p 00037000 fe:01 791549                     /usr/lib64/libEGL.so.1.0.0
7fa0ec284000-7fa0ec31b000 r-xp 00000000 fe:01 710732                     /usr/lib64/libpixman-1.so.0.34.0
7fa0ec31b000-7fa0ec51a000 ---p 00097000 fe:01 710732                     /usr/lib64/libpixman-1.so.0.34.0
7fa0ec51a000-7fa0ec522000 r--p 00096000 fe:01 710732                     /usr/lib64/libpixman-1.so.0.34.0
7fa0ec522000-7fa0ec523000 rw-p 0009e000 fe:01 710732                     /usr/lib64/libpixman-1.so.0.34.0
7fa0ec523000-7fa0ec5be000 r-xp 00000000 fe:01 841776                     /usr/lib64/libharfbuzz.so.0.10702.0
7fa0ec5be000-7fa0ec7be000 ---p 0009b000 fe:01 841776                     /usr/lib64/libharfbuzz.so.0.10702.0
7fa0ec7be000-7fa0ec7bf000 r--p 0009b000 fe:01 841776                     /usr/lib64/libharfbuzz.so.0.10702.0
7fa0ec7bf000-7fa0ec7c0000 rw-p 0009c000 fe:01 841776                     /usr/lib64/libharfbuzz.so.0.10702.0
7fa0ec7c0000-7fa0ec810000 r-xp 00000000 fe:01 982959                     /lib64/libmount.so.1.1.0
7fa0ec810000-7fa0eca10000 ---p 00050000 fe:01 982959                     /lib64/libmount.so.1.1.0
7fa0eca10000-7fa0eca12000 r--p 00050000 fe:01 982959                     /lib64/libmount.so.1.1.0
7fa0eca12000-7fa0eca13000 rw-p 00052000 fe:01 982959                     /lib64/libmount.so.1.1.0
7fa0eca13000-7fa0eca15000 rw-p 00000000 00:00 0 
7fa0eca15000-7fa0eca28000 r-xp 00000000 fe:01 417827                     /lib64/libresolv-2.25.so
7fa0eca28000-7fa0ecc28000 ---p 00013000 fe:01 417827                     /lib64/libresolv-2.25.so
7fa0ecc28000-7fa0ecc29000 r--p 00013000 fe:01 417827                     /lib64/libresolv-2.25.so
7fa0ecc29000-7fa0ecc2a000 rw-p 00014000 fe:01 417827                     /lib64/libresolv-2.25.so
7fa0ecc2a000-7fa0ecc2c000 rw-p 00000000 00:00 0 
7fa0ecc2c000-7fa0ecc42000 r-xp 00000000 fe:01 49105                      /lib64/libz.so.1.2.11
7fa0ecc42000-7fa0ece41000 ---p 00016000 fe:01 49105                      /lib64/libz.so.1.2.11
7fa0ece41000-7fa0ece42000 r--p 00015000 fe:01 49105                      /lib64/libz.so.1.2.11
7fa0ece42000-7fa0ece43000 rw-p 00016000 fe:01 49105                      /lib64/libz.so.1.2.11
7fa0ece43000-7fa0ece54000 r-xp 00000000 fe:01 167633                     /usr/lib64/libXext.so.6.4.0
7fa0ece54000-7fa0ed053000 ---p 00011000 fe:01 167633                     /usr/lib64/libXext.so.6.4.0
7fa0ed053000-7fa0ed054000 r--p 00010000 fe:01 167633                     /usr/lib64/libXext.so.6.4.0
7fa0ed054000-7fa0ed055000 rw-p 00011000 fe:01 167633                     /usr/lib64/libXext.so.6.4.0
7fa0ed055000-7fa0ed057000 r-xp 00000000 fe:01 167360                     /usr/lib64/libXdamage.so.1.1.0
7fa0ed057000-7fa0ed256000 ---p 00002000 fe:01 167360                     /usr/lib64/libXdamage.so.1.1.0
7fa0ed256000-7fa0ed257000 r--p 00001000 fe:01 167360                     /usr/lib64/libXdamage.so.1.1.0
7fa0ed257000-7fa0ed258000 rw-p 00002000 fe:01 167360                     /usr/lib64/libXdamage.so.1.1.0
7fa0ed258000-7fa0ed25a000 r-xp 00000000 fe:01 167425                     /usr/lib64/libXcomposite.so.1.0.0
7fa0ed25a000-7fa0ed459000 ---p 00002000 fe:01 167425                     /usr/lib64/libXcomposite.so.1.0.0
7fa0ed459000-7fa0ed45a000 r--p 00001000 fe:01 167425                     /usr/lib64/libXcomposite.so.1.0.0
7fa0ed45a000-7fa0ed45b000 rw-p 00002000 fe:01 167425                     /usr/lib64/libXcomposite.so.1.0.0
7fa0ed45b000-7fa0ed465000 r-xp 00000000 fe:01 167439                     /usr/lib64/libXcursor.so.1.0.2
7fa0ed465000-7fa0ed664000 ---p 0000a000 fe:01 167439                     /usr/lib64/libXcursor.so.1.0.2
7fa0ed664000-7fa0ed665000 r--p 00009000 fe:01 167439                     /usr/lib64/libXcursor.so.1.0.2
7fa0ed665000-7fa0ed666000 rw-p 0000a000 fe:01 167439                     /usr/lib64/libXcursor.so.1.0.2
7fa0ed666000-7fa0ed670000 r-xp 00000000 fe:01 167398                     /usr/lib64/libXrandr.so.2.2.0
7fa0ed670000-7fa0ed86f000 ---p 0000a000 fe:01 167398                     /usr/lib64/libXrandr.so.2.2.0
7fa0ed86f000-7fa0ed870000 r--p 00009000 fe:01 167398                     /usr/lib64/libXrandr.so.2.2.0
7fa0ed870000-7fa0ed871000 rw-p 0000a000 fe:01 167398                     /usr/lib64/libXrandr.so.2.2.0
7fa0ed871000-7fa0ed880000 r-xp 00000000 fe:01 168023                     /usr/lib64/libXi.so.6.1.0
7fa0ed880000-7fa0eda7f000 ---p 0000f000 fe:01 168023                     /usr/lib64/libXi.so.6.1.0
7fa0eda7f000-7fa0eda80000 r--p 0000e000 fe:01 168023                     /usr/lib64/libXi.so.6.1.0
7fa0eda80000-7fa0eda81000 rw-p 0000f000 fe:01 168023                     /usr/lib64/libXi.so.6.1.0
7fa0eda81000-7fa0eda8a000 r-xp 00000000 fe:01 167246                     /usr/lib64/libXrender.so.1.3.0
7fa0eda8a000-7fa0edc89000 ---p 00009000 fe:01 167246                     /usr/lib64/libXrender.so.1.3.0
7fa0edc89000-7fa0edc8a000 r--p 00008000 fe:01 167246                     /usr/lib64/libXrender.so.1.3.0
7fa0edc8a000-7fa0edc8b000 rw-p 00009000 fe:01 167246                     /usr/lib64/libXrender.so.1.3.0
7fa0edc8b000-7fa0edc90000 r-xp 00000000 fe:01 167055                     /usr/lib64/libXfixes.so.3.1.0
7fa0edc90000-7fa0ede8f000 ---p 00005000 fe:01 167055                     /usr/lib64/libXfixes.so.3.1.0
7fa0ede8f000-7fa0ede90000 r--p 00004000 fe:01 167055                     /usr/lib64/libXfixes.so.3.1.0
7fa0ede90000-7fa0ede91000 rw-p 00005000 fe:01 167055                     /usr/lib64/libXfixes.so.3.1.0
7fa0ede91000-7fa0edea6000 r-xp 00000000 fe:01 795847                     /usr/lib64/gcc/x86_64-pc-linux-gnu/6.4.0/libgcc_s.so.1
7fa0edea6000-7fa0ee0a5000 ---p 00015000 fe:01 795847                     /usr/lib64/gcc/x86_64-pc-linux-gnu/6.4.0/libgcc_s.so.1
7fa0ee0a5000-7fa0ee0a6000 r--p 00014000 fe:01 795847                     /usr/lib64/gcc/x86_64-pc-linux-gnu/6.4.0/libgcc_s.so.1
7fa0ee0a6000-7fa0ee0a7000 rw-p 00015000 fe:01 795847                     /usr/lib64/gcc/x86_64-pc-linux-gnu/6.4.0/libgcc_s.so.1
7fa0ee0a7000-7fa0ee293000 r-xp 00000000 fe:01 796245                     /usr/lib64/gcc/x86_64-pc-linux-gnu/6.4.0/libstdc++.so.6.0.22
7fa0ee293000-7fa0ee492000 ---p 001ec000 fe:01 796245                     /usr/lib64/gcc/x86_64-pc-linux-gnu/6.4.0/libstdc++.so.6.0.22
7fa0ee492000-7fa0ee49f000 r--p 001eb000 fe:01 796245                     /usr/lib64/gcc/x86_64-pc-linux-gnu/6.4.0/libstdc++.so.6.0.22
7fa0ee49f000-7fa0ee4a3000 rw-p 001f8000 fe:01 796245                     /usr/lib64/gcc/x86_64-pc-linux-gnu/6.4.0/libstdc++.so.6.0.22
7fa0ee4a3000-7fa0ee4a6000 rw-p 00000000 00:00 0 
7fa0ee4a6000-7fa0ee515000 r-xp 00000000 fe:01 791548                     /usr/lib64/libGL.so.1.2.0
7fa0ee515000-7fa0ee714000 ---p 0006f000 fe:01 791548                     /usr/lib64/libGL.so.1.2.0
7fa0ee714000-7fa0ee717000 r--p 0006e000 fe:01 791548                     /usr/lib64/libGL.so.1.2.0
7fa0ee717000-7fa0ee718000 rw-p 00071000 fe:01 791548                     /usr/lib64/libGL.so.1.2.0
7fa0ee718000-7fa0ee719000 rw-p 00000000 00:00 0 
7fa0ee719000-7fa0ee71e000 r-xp 00000000 fe:01 167540                     /usr/lib64/libXxf86vm.so.1.0.0
7fa0ee71e000-7fa0ee91d000 ---p 00005000 fe:01 167540                     /usr/lib64/libXxf86vm.so.1.0.0
7fa0ee91d000-7fa0ee91e000 r--p 00004000 fe:01 167540                     /usr/lib64/libXxf86vm.so.1.0.0
7fa0ee91e000-7fa0ee91f000 rw-p 00005000 fe:01 167540                     /usr/lib64/libXxf86vm.so.1.0.0
7fa0ee91f000-7fa0eea56000 r-xp 00000000 fe:01 53971                      /usr/lib64/libX11.so.6.3.0
7fa0eea56000-7fa0eec56000 ---p 00137000 fe:01 53971                      /usr/lib64/libX11.so.6.3.0
7fa0eec56000-7fa0eec57000 r--p 00137000 fe:01 53971                      /usr/lib64/libX11.so.6.3.0
7fa0eec57000-7fa0eec5c000 rw-p 00138000 fe:01 53971                      /usr/lib64/libX11.so.6.3.0
7fa0eec5c000-7fa0eec61000 r-xp 00000000 fe:01 706443                     /usr/lib64/libXtst.so.6.1.0
7fa0eec61000-7fa0eee60000 ---p 00005000 fe:01 706443                     /usr/lib64/libXtst.so.6.1.0
7fa0eee60000-7fa0eee61000 r--p 00004000 fe:01 706443                     /usr/lib64/libXtst.so.6.1.0
7fa0eee61000-7fa0eee62000 rw-p 00005000 fe:01 706443                     /usr/lib64/libXtst.so.6.1.0
7fa0eee62000-7fa0eef73000 r-xp 00000000 fe:01 1073213                    /usr/lib64/libglib-2.0.so.0.5200.3
7fa0eef73000-7fa0ef172000 ---p 00111000 fe:01 1073213                    /usr/lib64/libglib-2.0.so.0.5200.3
7fa0ef172000-7fa0ef173000 r--p 00110000 fe:01 1073213                    /usr/lib64/libglib-2.0.so.0.5200.3
7fa0ef173000-7fa0ef174000 rw-p 00111000 fe:01 1073213                    /usr/lib64/libglib-2.0.so.0.5200.3
7fa0ef174000-7fa0ef175000 rw-p 00000000 00:00 0 
7fa0ef175000-7fa0ef176000 r-xp 00000000 fe:01 1073304                    /usr/lib64/libgthread-2.0.so.0.5200.3
7fa0ef176000-7fa0ef375000 ---p 00001000 fe:01 1073304                    /usr/lib64/libgthread-2.0.so.0.5200.3
7fa0ef375000-7fa0ef376000 r--p 00000000 fe:01 1073304                    /usr/lib64/libgthread-2.0.so.0.5200.3
7fa0ef376000-7fa0ef377000 rw-p 00001000 fe:01 1073304                    /usr/lib64/libgthread-2.0.so.0.5200.3
7fa0ef377000-7fa0ef37a000 r-xp 00000000 fe:01 1073219                    /usr/lib64/libgmodule-2.0.so.0.5200.3
7fa0ef37a000-7fa0ef579000 ---p 00003000 fe:01 1073219                    /usr/lib64/libgmodule-2.0.so.0.5200.3
7fa0ef579000-7fa0ef57a000 r--p 00002000 fe:01 1073219                    /usr/lib64/libgmodule-2.0.so.0.5200.3
7fa0ef57a000-7fa0ef57b000 rw-p 00003000 fe:01 1073219                    /usr/lib64/libgmodule-2.0.so.0.5200.3
7fa0ef57b000-7fa0ef5cd000 r-xp 00000000 fe:01 1073305                    /usr/lib64/libgobject-2.0.so.0.5200.3
7fa0ef5cd000-7fa0ef7cc000 ---p 00052000 fe:01 1073305                    /usr/lib64/libgobject-2.0.so.0.5200.3
7fa0ef7cc000-7fa0ef7cd000 r--p 00051000 fe:01 1073305                    /usr/lib64/libgobject-2.0.so.0.5200.3
7fa0ef7cd000-7fa0ef7ce000 rw-p 00052000 fe:01 1073305                    /usr/lib64/libgobject-2.0.so.0.5200.3
7fa0ef7ce000-7fa0ef80d000 r-xp 00000000 fe:01 841248                     /usr/lib64/libfontconfig.so.1.10.1
7fa0ef80d000-7fa0efa0c000 ---p 0003f000 fe:01 841248                     /usr/lib64/libfontconfig.so.1.10.1
7fa0efa0c000-7fa0efa0e000 r--p 0003e000 fe:01 841248                     /usr/lib64/libfontconfig.so.1.10.1
7fa0efa0e000-7fa0efa13000 rw-p 00040000 fe:01 841248                     /usr/lib64/libfontconfig.so.1.10.1
7fa0efa13000-7fa0efad0000 r-xp 00000000 fe:01 166697                     /usr/lib64/libfreetype.so.6.14.0
7fa0efad0000-7fa0efcd0000 ---p 000bd000 fe:01 166697                     /usr/lib64/libfreetype.so.6.14.0
7fa0efcd0000-7fa0efcd7000 r--p 000bd000 fe:01 166697                     /usr/lib64/libfreetype.so.6.14.0
7fa0efcd7000-7fa0efcd8000 rw-p 000c4000 fe:01 166697                     /usr/lib64/libfreetype.so.6.14.0
7fa0efcd8000-7fa0efdfb000 r-xp 00000000 fe:01 776088                     /usr/lib64/libcairo.so.2.11400.12
7fa0efdfb000-7fa0efffa000 ---p 00123000 fe:01 776088                     /usr/lib64/libcairo.so.2.11400.12
7fa0efffa000-7fa0efffd000 r--p 00122000 fe:01 776088                     /usr/lib64/libcairo.so.2.11400.12
7fa0efffd000-7fa0effff000 rw-p 00125000 fe:01 776088                     /usr/lib64/libcairo.so.2.11400.12
7fa0effff000-7fa0f0000000 rw-p 00000000 00:00 0 
7fa0f0000000-7fa0f0021000 rw-p 00000000 00:00 0 
7fa0f0021000-7fa0f4000000 ---p 00000000 00:00 0 
7fa0f4000000-7fa0f4001000 rw-s 00000000 00:05 4105646                    /drm mm object (deleted)
7fa0f4001000-7fa0f4007000 r--s 00000000 fe:01 709973                     /var/cache/fontconfig/4460665c0f3e88acdd4c85aa2f409b99-le64.cache-7
7fa0f4007000-7fa0f401e000 r--s 00000000 fe:01 709968                     /var/cache/fontconfig/8d4af663993b81a124ee82e610bb31f9-le64.cache-7
7fa0f401e000-7fa0f4020000 r--s 00000000 fe:01 709967                     /var/cache/fontconfig/19fedb3e2210915f7a739b6fd7a52ad4-le64.cache-7
7fa0f4020000-7fa0f4023000 r--s 00000000 fe:01 661022                     /var/cache/fontconfig/019629eead7fd8624feacc17e1c76e56-le64.cache-7
7fa0f4023000-7fa0f402e000 r--s 00000000 fe:01 709930                     /var/cache/fontconfig/12b26b760a24f8b4feb03ad48a333a72-le64.cache-7
7fa0f402e000-7fa0f4033000 r--s 00000000 fe:01 709964                     /var/cache/fontconfig/1649608eb9b8f94c6b3224be69857e3b-le64.cache-7
7fa0f4033000-7fa0f4037000 r--s 00000000 fe:01 709925                     /var/cache/fontconfig/f6b893a7224233d96cb72fd88691c0b4-le64.cache-7
7fa0f4037000-7fa0f4082000 r-xp 00000000 fe:01 848061                     /usr/lib64/libpango-1.0.so.0.4000.14
7fa0f4082000-7fa0f4282000 ---p 0004b000 fe:01 848061                     /usr/lib64/libpango-1.0.so.0.4000.14
7fa0f4282000-7fa0f4284000 r--p 0004b000 fe:01 848061                     /usr/lib64/libpango-1.0.so.0.4000.14
7fa0f4284000-7fa0f4285000 rw-p 0004d000 fe:01 848061                     /usr/lib64/libpango-1.0.so.0.4000.14
7fa0f4285000-7fa0f4291000 r-xp 00000000 fe:01 848062                     /usr/lib64/libpangocairo-1.0.so.0.4000.14
7fa0f4291000-7fa0f4490000 ---p 0000c000 fe:01 848062                     /usr/lib64/libpangocairo-1.0.so.0.4000.14
7fa0f4490000-7fa0f4491000 r--p 0000b000 fe:01 848062                     /usr/lib64/libpangocairo-1.0.so.0.4000.14
7fa0f4491000-7fa0f4492000 rw-p 0000c000 fe:01 848062                     /usr/lib64/libpangocairo-1.0.so.0.4000.14
7fa0f4492000-7fa0f44b5000 r-xp 00000000 fe:01 657025                     /usr/lib64/libgdk_pixbuf-2.0.so.0.3611.0
7fa0f44b5000-7fa0f46b4000 ---p 00023000 fe:01 657025                     /usr/lib64/libgdk_pixbuf-2.0.so.0.3611.0
7fa0f46b4000-7fa0f46b5000 r--p 00022000 fe:01 657025                     /usr/lib64/libgdk_pixbuf-2.0.so.0.3611.0
7fa0f46b5000-7fa0f46b6000 rw-p 00023000 fe:01 657025                     /usr/lib64/libgdk_pixbuf-2.0.so.0.3611.0
7fa0f46b6000-7fa0f46ca000 r-xp 00000000 fe:01 848051                     /usr/lib64/libpangoft2-1.0.so.0.4000.14
7fa0f46ca000-7fa0f48c9000 ---p 00014000 fe:01 848051                     /usr/lib64/libpangoft2-1.0.so.0.4000.14
7fa0f48c9000-7fa0f48ca000 r--p 00013000 fe:01 848051                     /usr/lib64/libpangoft2-1.0.so.0.4000.14
7fa0f48ca000-7fa0f48cb000 rw-p 00014000 fe:01 848051                     /usr/lib64/libpangoft2-1.0.so.0.4000.14
7fa0f48cb000-7fa0f4a5b000 r-xp 00000000 fe:01 1073306                    /usr/lib64/libgio-2.0.so.0.5200.3
7fa0f4a5b000-7fa0f4c5b000 ---p 00190000 fe:01 1073306                    /usr/lib64/libgio-2.0.so.0.5200.3
7fa0f4c5b000-7fa0f4c60000 r--p 00190000 fe:01 1073306                    /usr/lib64/libgio-2.0.so.0.5200.3
7fa0f4c60000-7fa0f4c62000 rw-p 00195000 fe:01 1073306                    /usr/lib64/libgio-2.0.so.0.5200.3
7fa0f4c62000-7fa0f4c64000 rw-p 00000000 00:00 0 
7fa0f4c64000-7fa0f4c87000 r-xp 00000000 fe:01 751145                     /usr/lib64/libatk-1.0.so.0.22409.1
7fa0f4c87000-7fa0f4e86000 ---p 00023000 fe:01 751145                     /usr/lib64/libatk-1.0.so.0.22409.1
7fa0f4e86000-7fa0f4e89000 r--p 00022000 fe:01 751145                     /usr/lib64/libatk-1.0.so.0.22409.1
7fa0f4e89000-7fa0f4e8a000 rw-p 00025000 fe:01 751145                     /usr/lib64/libatk-1.0.so.0.22409.1
7fa0f4e8a000-7fa0f4f3a000 r-xp 00000000 fe:01 139436                     /usr/lib64/libgdk-x11-2.0.so.0.2400.31
7fa0f4f3a000-7fa0f5139000 ---p 000b0000 fe:01 139436                     /usr/lib64/libgdk-x11-2.0.so.0.2400.31
7fa0f5139000-7fa0f513d000 r--p 000af000 fe:01 139436                     /usr/lib64/libgdk-x11-2.0.so.0.2400.31
7fa0f513d000-7fa0f513f000 rw-p 000b3000 fe:01 139436                     /usr/lib64/libgdk-x11-2.0.so.0.2400.31
7fa0f513f000-7fa0f5571000 r-xp 00000000 fe:01 139437                     /usr/lib64/libgtk-x11-2.0.so.0.2400.31
7fa0f5571000-7fa0f5770000 ---p 00432000 fe:01 139437                     /usr/lib64/libgtk-x11-2.0.so.0.2400.31
7fa0f5770000-7fa0f5777000 r--p 00431000 fe:01 139437                     /usr/lib64/libgtk-x11-2.0.so.0.2400.31
7fa0f5777000-7fa0f577b000 rw-p 00438000 fe:01 139437                     /usr/lib64/libgtk-x11-2.0.so.0.2400.31
7fa0f577b000-7fa0f577e000 rw-p 00000000 00:00 0 
7fa0f577e000-7fa0f577f000 r--s 00000000 fe:01 709971                     /var/cache/fontconfig/25555864a5ce4c4354a06a3e87d97c32-le64.cache-7
7fa0f577f000-7fa0f57b5000 r--s 00000000 fe:02 11411188                   /home/aesophor/.cache/fontconfig/9085acacfd3ed2f69daa65cfe81525f4-le64.cache-7
7fa0f57b5000-7fa0f57c1000 r-xp 00000000 fe:01 940511                     /opt/oracle-jdk-bin-1.8.0.162/jre/lib/amd64/libprism_es2.so
7fa0f57c1000-7fa0f59c0000 ---p 0000c000 fe:01 940511                     /opt/oracle-jdk-bin-1.8.0.162/jre/lib/amd64/libprism_es2.so
7fa0f59c0000-7fa0f59c1000 rw-p 0000b000 fe:01 940511                     /opt/oracle-jdk-bin-1.8.0.162/jre/lib/amd64/libprism_es2.so
7fa0f59c1000-7fa0f59c4000 ---p 00000000 00:00 0 
7fa0f59c4000-7fa0f5ac2000 rw-p 00000000 00:00 0 
7fa0f5ac2000-7fa0f5b58000 r--s 0110a000 fe:01 939165                     /opt/oracle-jdk-bin-1.8.0.162/jre/lib/ext/jfxrt.jar
7fa0f5b58000-7fa0f5b59000 ---p 00000000 00:00 0 
7fa0f5b59000-7fa0f5c59000 rw-p 00000000 00:00 0 
7fa0f5c59000-7fa0f5c5c000 ---p 00000000 00:00 0 
7fa0f5c5c000-7fa0f5d5a000 rw-p 00000000 00:00 0 
7fa0f5d5a000-7fa0f5d5d000 ---p 00000000 00:00 0 
7fa0f5d5d000-7fa0f5e5b000 rw-p 00000000 00:00 0 
7fa0f5e5b000-7fa0f5e5e000 ---p 00000000 00:00 0 
7fa0f5e5e000-7fa0f5f5c000 rw-p 00000000 00:00 0 
7fa0f5f5c000-7fa0f5f5f000 ---p 00000000 00:00 0 
7fa0f5f5f000-7fa0f605d000 rw-p 00000000 00:00 0 
7fa0f605d000-7fa0f6060000 ---p 00000000 00:00 0 
7fa0f6060000-7fa0f615e000 rw-p 00000000 00:00 0 
7fa0f615e000-7fa0f6161000 ---p 00000000 00:00 0 
7fa0f6161000-7fa0f625f000 rw-p 00000000 00:00 0 
7fa0f625f000-7fa0f6262000 ---p 00000000 00:00 0 
7fa0f6262000-7fa0f6360000 rw-p 00000000 00:00 0 
7fa0f6360000-7fa0f6363000 ---p 00000000 00:00 0 
7fa0f6363000-7fa0f6461000 rw-p 00000000 00:00 0 
7fa0f6461000-7fa0f6462000 ---p 00000000 00:00 0 
7fa0f6462000-7fa0f8000000 rw-p 00000000 00:00 0 
7fa0f8000000-7fa0f8021000 rw-p 00000000 00:00 0 
7fa0f8021000-7fa0fc000000 ---p 00000000 00:00 0 
7fa0fc000000-7fa0fc021000 rw-p 00000000 00:00 0 
7fa0fc021000-7fa100000000 ---p 00000000 00:00 0 
7fa100000000-7fa100021000 rw-p 00000000 00:00 0 
7fa100021000-7fa104000000 ---p 00000000 00:00 0 
7fa104000000-7fa104002000 r--s 00000000 fe:01 709933                     /var/cache/fontconfig/6ba42ae0000f58711b5caaf10d690066-le64.cache-7
7fa104002000-7fa104017000 r--s 00237000 fe:02 11665599                   /home/aesophor/Code/Java/NetBeansProjects/Hacklympics/Hacklympics/libs/jfoenix-8.0.1.jar
7fa104017000-7fa105000000 rw-p 00000000 00:00 0 
7fa105000000-7fa105950000 rwxp 00000000 00:00 0 
7fa105950000-7fa114000000 ---p 00000000 00:00 0 
7fa114000000-7fa114470000 rw-p 00000000 00:00 0 
7fa114470000-7fa118000000 ---p 00000000 00:00 0 
7fa118000000-7fa118001000 r--s 00000000 fe:01 709963                     /var/cache/fontconfig/82f0ed23f50806d756be74166fc21c9c-le64.cache-7
7fa118001000-7fa11800a000 r--s 00000000 fe:01 661008                     /var/cache/fontconfig/df311e82a1a24c41a75c2c930223552e-le64.cache-7
7fa11800a000-7fa11800f000 rw-s 00000000 00:05 4107572                    /drm mm object (deleted)
7fa118010000-7fa1181e4000 rw-p 00000000 00:00 0 
7fa1181e4000-7fa1183be000 r--s 03d64000 fe:01 940577                     /opt/oracle-jdk-bin-1.8.0.162/jre/lib/rt.jar
7fa1183be000-7fa118434000 rw-p 00000000 00:00 0 
7fa118434000-7fa118435000 ---p 00000000 00:00 0 
7fa118435000-7fa118535000 rw-p 00000000 00:00 0 
7fa118535000-7fa118536000 ---p 00000000 00:00 0 
7fa118536000-7fa118636000 rw-p 00000000 00:00 0 
7fa118636000-7fa118637000 ---p 00000000 00:00 0 
7fa118637000-7fa118737000 rw-p 00000000 00:00 0 
7fa118737000-7fa118738000 ---p 00000000 00:00 0 
7fa118738000-7fa118838000 rw-p 00000000 00:00 0 
7fa118838000-7fa118839000 ---p 00000000 00:00 0 
7fa118839000-7fa118939000 rw-p 00000000 00:00 0 
7fa118939000-7fa11893a000 ---p 00000000 00:00 0 
7fa11893a000-7fa118a3a000 rw-p 00000000 00:00 0 
7fa118a3a000-7fa118a3b000 ---p 00000000 00:00 0 
7fa118a3b000-7fa118b3b000 rw-p 00000000 00:00 0 
7fa118b3b000-7fa118b3c000 ---p 00000000 00:00 0 
7fa118b3c000-7fa118c61000 rw-p 00000000 00:00 0 
7fa118c61000-7fa11916c000 ---p 00000000 00:00 0 
7fa11916c000-7fa119191000 rw-p 00000000 00:00 0 
7fa119191000-7fa11969c000 ---p 00000000 00:00 0 
7fa11969c000-7fa1196c6000 rw-p 00000000 00:00 0 
7fa1196c6000-7fa119934000 ---p 00000000 00:00 0 
7fa119934000-7fa11995b000 rw-p 00000000 00:00 0 
7fa11995b000-7fa119cf5000 ---p 00000000 00:00 0 
7fa119cf5000-7fa119d10000 r-xp 00000000 fe:01 940492                     /opt/oracle-jdk-bin-1.8.0.162/jre/lib/amd64/libzip.so
7fa119d10000-7fa119f10000 ---p 0001b000 fe:01 940492                     /opt/oracle-jdk-bin-1.8.0.162/jre/lib/amd64/libzip.so
7fa119f10000-7fa119f11000 rw-p 0001b000 fe:01 940492                     /opt/oracle-jdk-bin-1.8.0.162/jre/lib/amd64/libzip.so
7fa119f11000-7fa119f1c000 r-xp 00000000 fe:01 417840                     /lib64/libnss_files-2.25.so
7fa119f1c000-7fa11a11b000 ---p 0000b000 fe:01 417840                     /lib64/libnss_files-2.25.so
7fa11a11b000-7fa11a11c000 r--p 0000a000 fe:01 417840                     /lib64/libnss_files-2.25.so
7fa11a11c000-7fa11a11d000 rw-p 0000b000 fe:01 417840                     /lib64/libnss_files-2.25.so
7fa11a11d000-7fa11a128000 r-xp 00000000 fe:01 417845                     /lib64/libnss_nis-2.25.so
7fa11a128000-7fa11a327000 ---p 0000b000 fe:01 417845                     /lib64/libnss_nis-2.25.so
7fa11a327000-7fa11a328000 r--p 0000a000 fe:01 417845                     /lib64/libnss_nis-2.25.so
7fa11a328000-7fa11a329000 rw-p 0000b000 fe:01 417845                     /lib64/libnss_nis-2.25.so
7fa11a329000-7fa11a33f000 r-xp 00000000 fe:01 417819                     /lib64/libnsl-2.25.so
7fa11a33f000-7fa11a53e000 ---p 00016000 fe:01 417819                     /lib64/libnsl-2.25.so
7fa11a53e000-7fa11a53f000 r--p 00015000 fe:01 417819                     /lib64/libnsl-2.25.so
7fa11a53f000-7fa11a540000 rw-p 00016000 fe:01 417819                     /lib64/libnsl-2.25.so
7fa11a540000-7fa11a542000 rw-p 00000000 00:00 0 
7fa11a542000-7fa11a549000 r-xp 00000000 fe:01 417831                     /lib64/libnss_compat-2.25.so
7fa11a549000-7fa11a749000 ---p 00007000 fe:01 417831                     /lib64/libnss_compat-2.25.so
7fa11a749000-7fa11a74a000 r--p 00007000 fe:01 417831                     /lib64/libnss_compat-2.25.so
7fa11a74a000-7fa11a74b000 rw-p 00008000 fe:01 417831                     /lib64/libnss_compat-2.25.so
7fa11a74b000-7fa11a776000 r-xp 00000000 fe:01 940450                     /opt/oracle-jdk-bin-1.8.0.162/jre/lib/amd64/libjava.so
7fa11a776000-7fa11a975000 ---p 0002b000 fe:01 940450                     /opt/oracle-jdk-bin-1.8.0.162/jre/lib/amd64/libjava.so
7fa11a975000-7fa11a977000 rw-p 0002a000 fe:01 940450                     /opt/oracle-jdk-bin-1.8.0.162/jre/lib/amd64/libjava.so
7fa11a977000-7fa11a984000 r-xp 00000000 fe:01 940489                     /opt/oracle-jdk-bin-1.8.0.162/jre/lib/amd64/libverify.so
7fa11a984000-7fa11ab84000 ---p 0000d000 fe:01 940489                     /opt/oracle-jdk-bin-1.8.0.162/jre/lib/amd64/libverify.so
7fa11ab84000-7fa11ab86000 rw-p 0000d000 fe:01 940489                     /opt/oracle-jdk-bin-1.8.0.162/jre/lib/amd64/libverify.so
7fa11ab86000-7fa11ab8d000 r-xp 00000000 fe:01 417810                     /lib64/librt-2.25.so
7fa11ab8d000-7fa11ad8c000 ---p 00007000 fe:01 417810                     /lib64/librt-2.25.so
7fa11ad8c000-7fa11ad8d000 r--p 00006000 fe:01 417810                     /lib64/librt-2.25.so
7fa11ad8d000-7fa11ad8e000 rw-p 00007000 fe:01 417810                     /lib64/librt-2.25.so
7fa11ad8e000-7fa11ae94000 r-xp 00000000 fe:01 417833                     /lib64/libm-2.25.so
7fa11ae94000-7fa11b094000 ---p 00106000 fe:01 417833                     /lib64/libm-2.25.so
7fa11b094000-7fa11b095000 r--p 00106000 fe:01 417833                     /lib64/libm-2.25.so
7fa11b095000-7fa11b096000 rw-p 00107000 fe:01 417833                     /lib64/libm-2.25.so
7fa11b096000-7fa11bd6f000 r-xp 00000000 fe:01 940375                     /opt/oracle-jdk-bin-1.8.0.162/jre/lib/amd64/server/libjvm.so
7fa11bd6f000-7fa11bf6e000 ---p 00cd9000 fe:01 940375                     /opt/oracle-jdk-bin-1.8.0.162/jre/lib/amd64/server/libjvm.so
7fa11bf6e000-7fa11c048000 rw-p 00cd8000 fe:01 940375                     /opt/oracle-jdk-bin-1.8.0.162/jre/lib/amd64/server/libjvm.so
7fa11c048000-7fa11c093000 rw-p 00000000 00:00 0 
7fa11c093000-7fa11c239000 r-xp 00000000 fe:01 417825                     /lib64/libc-2.25.so
7fa11c239000-7fa11c438000 ---p 001a6000 fe:01 417825                     /lib64/libc-2.25.so
7fa11c438000-7fa11c43c000 r--p 001a5000 fe:01 417825                     /lib64/libc-2.25.so
7fa11c43c000-7fa11c43e000 rw-p 001a9000 fe:01 417825                     /lib64/libc-2.25.so
7fa11c43e000-7fa11c442000 rw-p 00000000 00:00 0 
7fa11c442000-7fa11c445000 r-xp 00000000 fe:01 417834                     /lib64/libdl-2.25.so
7fa11c445000-7fa11c644000 ---p 00003000 fe:01 417834                     /lib64/libdl-2.25.so
7fa11c644000-7fa11c645000 r--p 00002000 fe:01 417834                     /lib64/libdl-2.25.so
7fa11c645000-7fa11c646000 rw-p 00003000 fe:01 417834                     /lib64/libdl-2.25.so
7fa11c646000-7fa11c65c000 r-xp 00000000 fe:01 951919                     /opt/oracle-jdk-bin-1.8.0.162/lib/amd64/jli/libjli.so
7fa11c65c000-7fa11c85b000 ---p 00016000 fe:01 951919                     /opt/oracle-jdk-bin-1.8.0.162/lib/amd64/jli/libjli.so
7fa11c85b000-7fa11c85c000 rw-p 00015000 fe:01 951919                     /opt/oracle-jdk-bin-1.8.0.162/lib/amd64/jli/libjli.so
7fa11c85c000-7fa11c876000 r-xp 00000000 fe:01 417822                     /lib64/libpthread-2.25.so
7fa11c876000-7fa11ca76000 ---p 0001a000 fe:01 417822                     /lib64/libpthread-2.25.so
7fa11ca76000-7fa11ca77000 r--p 0001a000 fe:01 417822                     /lib64/libpthread-2.25.so
7fa11ca77000-7fa11ca78000 rw-p 0001b000 fe:01 417822                     /lib64/libpthread-2.25.so
7fa11ca78000-7fa11ca7c000 rw-p 00000000 00:00 0 
7fa11ca7c000-7fa11ca9f000 r-xp 00000000 fe:01 417836                     /lib64/ld-2.25.so
7fa11ca9f000-7fa11caa3000 rw-s 00000000 00:05 4107564                    /drm mm object (deleted)
7fa11caa3000-7fa11caa7000 rw-s 00000000 00:05 4107573                    /drm mm object (deleted)
7fa11caa8000-7fa11caac000 rw-s 00000000 00:05 4103966                    /drm mm object (deleted)
7fa11caac000-7fa11cab1000 rw-s 00000000 00:05 4103864                    /drm mm object (deleted)
7fa11cab1000-7fa11cab3000 r--s 0008a000 fe:02 11666047                   /home/aesophor/Code/Java/NetBeansProjects/Hacklympics/Hacklympics/libs/fontawesomefx-8.9.jar
7fa11cab3000-7fa11cab4000 r--s 00014000 fe:02 11666046                   /home/aesophor/Code/Java/NetBeansProjects/Hacklympics/Hacklympics/libs/okio-1.14.0.jar
7fa11cab4000-7fa11cab9000 r--s 00060000 fe:02 11665724                   /home/aesophor/Code/Java/NetBeansProjects/Hacklympics/Hacklympics/libs/okhttp-3.10.0.jar
7fa11cab9000-7fa11cb62000 rw-p 00000000 00:00 0 
7fa11cb62000-7fa11cb65000 ---p 00000000 00:00 0 
7fa11cb65000-7fa11cc65000 rw-p 00000000 00:00 0 
7fa11cc65000-7fa11cc6a000 r--s 00034000 fe:02 11665721                   /home/aesophor/Code/Java/NetBeansProjects/Hacklympics/Hacklympics/libs/gson-2.8.2.jar
7fa11cc6a000-7fa11cc92000 rw-p 00000000 00:00 0 
7fa11cc92000-7fa11cc9a000 rw-s 00000000 00:24 4103859                    /tmp/hsperfdata_aesophor/29122
7fa11cc9a000-7fa11cc9b000 rw-p 00000000 00:00 0 
7fa11cc9b000-7fa11cc9c000 r--p 00000000 00:00 0 
7fa11cc9c000-7fa11cc9e000 rw-p 00000000 00:00 0 
7fa11cc9e000-7fa11cc9f000 r--p 00022000 fe:01 417836                     /lib64/ld-2.25.so
7fa11cc9f000-7fa11cca0000 rw-p 00023000 fe:01 417836                     /lib64/ld-2.25.so
7fa11cca0000-7fa11cca1000 rw-p 00000000 00:00 0 
7ffd0ad14000-7ffd0ad36000 rw-p 00000000 00:00 0                          [stack]
7ffd0ad71000-7ffd0ad73000 r--p 00000000 00:00 0                          [vvar]
7ffd0ad73000-7ffd0ad75000 r-xp 00000000 00:00 0                          [vdso]
ffffffffff600000-ffffffffff601000 r-xp 00000000 00:00 0                  [vsyscall]

VM Arguments:
jvm_args: -Dfile.encoding=UTF-8 
java_command: hacklympics.login.Main
java_class_path (initial): /home/aesophor/Code/Java/NetBeansProjects/Hacklympics/HacklympicsAPI/build/classes:/home/aesophor/Code/Java/NetBeansProjects/Hacklympics/Hacklympics/libs/gson-2.8.2.jar:/home/aesophor/Code/Java/NetBeansProjects/Hacklympics/Hacklympics/libs/okhttp-3.10.0.jar:/home/aesophor/Code/Java/NetBeansProjects/Hacklympics/Hacklympics/libs/okio-1.14.0.jar:/home/aesophor/Code/Java/NetBeansProjects/Hacklympics/Hacklympics/libs/jfoenix-8.0.1.jar:/home/aesophor/Code/Java/NetBeansProjects/Hacklympics/Hacklympics/libs/fontawesomefx-8.9.jar:/home/aesophor/Code/Java/NetBeansProjects/Hacklympics/Hacklympics/build/classes
Launcher Type: SUN_STANDARD

Environment Variables:
JAVA_HOME=/etc/java-config-2/current-system-vm
PATH=/usr/x86_64-pc-linux-gnu/gcc-bin/6.4.0:/usr/lib/llvm/5/bin:/usr/local/bin:/usr/bin:/bin:/opt/bin:/home/aesophor/.local/bin/games:/home/aesophor/.local/bin/scripts:/home/aesophor/.local/bin/software
LD_LIBRARY_PATH=/opt/oracle-jdk-bin-1.8.0.162/jre/lib/amd64:/opt/oracle-jdk-bin-1.8.0.162/jre/lib/i386:
SHELL=/bin/zsh
DISPLAY=:0

Signal Handlers:
SIGSEGV: [libjvm.so+0xad03c0], sa_mask[0]=11111111011111111101111111111110, sa_flags=SA_RESTART|SA_SIGINFO
SIGBUS: [libjvm.so+0xad03c0], sa_mask[0]=11111111011111111101111111111110, sa_flags=SA_RESTART|SA_SIGINFO
SIGFPE: [libjvm.so+0x928210], sa_mask[0]=11111111011111111101111111111110, sa_flags=SA_RESTART|SA_SIGINFO
SIGPIPE: SIG_IGN, sa_mask[0]=00000000000010000000000000000000, sa_flags=SA_RESTART
SIGXFSZ: [libjvm.so+0x928210], sa_mask[0]=11111111011111111101111111111110, sa_flags=SA_RESTART|SA_SIGINFO
SIGILL: [libjvm.so+0x928210], sa_mask[0]=11111111011111111101111111111110, sa_flags=SA_RESTART|SA_SIGINFO
SIGUSR1: SIG_DFL, sa_mask[0]=00000000000000000000000000000000, sa_flags=none
SIGUSR2: [libjvm.so+0x929a70], sa_mask[0]=00100000000000000000000000000000, sa_flags=SA_RESTART|SA_SIGINFO
SIGHUP: [libjvm.so+0x92ae70], sa_mask[0]=11111111011111111101111111111110, sa_flags=SA_RESTART|SA_SIGINFO
SIGINT: SIG_IGN, sa_mask[0]=00000000000000000000000000000000, sa_flags=none
SIGTERM: [libjvm.so+0x92ae70], sa_mask[0]=11111111011111111101111111111110, sa_flags=SA_RESTART|SA_SIGINFO
SIGQUIT: [libjvm.so+0x92ae70], sa_mask[0]=11111111011111111101111111111110, sa_flags=SA_RESTART|SA_SIGINFO


---------------  S Y S T E M  ---------------

OS:DISTRIB_ID="Gentoo"

uname:Linux 4.9.76-gentoo-r1 #3 SMP Wed Mar 28 16:48:24 CST 2018 x86_64
libc:glibc 2.25 NPTL 2.25 
rlimit: STACK 8192k, CORE infinity, NPROC 62907, NOFILE 4096, AS infinity
load average:1.15 0.81 0.61

/proc/meminfo:
MemTotal:       16317064 kB
MemFree:         9630184 kB
MemAvailable:   12980140 kB
Buffers:          754412 kB
Cached:          2858388 kB
SwapCached:            0 kB
Active:          4556060 kB
Inactive:        1694376 kB
Active(anon):    2646208 kB
Inactive(anon):   324288 kB
Active(file):    1909852 kB
Inactive(file):  1370088 kB
Unevictable:           0 kB
Mlocked:               0 kB
SwapTotal:             0 kB
SwapFree:              0 kB
Dirty:             11988 kB
Writeback:             0 kB
AnonPages:       2637768 kB
Mapped:           491488 kB
Shmem:            332876 kB
Slab:             301352 kB
SReclaimable:     255688 kB
SUnreclaim:        45664 kB
KernelStack:       11200 kB
PageTables:        47280 kB
NFS_Unstable:          0 kB
Bounce:                0 kB
WritebackTmp:          0 kB
CommitLimit:     8158532 kB
Committed_AS:    6807944 kB
VmallocTotal:   34359738367 kB
VmallocUsed:           0 kB
VmallocChunk:          0 kB
HugePages_Total:       0
HugePages_Free:        0
HugePages_Rsvd:        0
HugePages_Surp:        0
Hugepagesize:       2048 kB
DirectMap4k:       14984 kB
DirectMap2M:     3037184 kB
DirectMap1G:    13631488 kB


CPU:total 8 (initial active 8) (4 cores per cpu, 2 threads per core) family 6 model 70 stepping 1, cmov, cx8, fxsr, mmx, sse, sse2, sse3, ssse3, sse4.1, sse4.2, popcnt, avx, avx2, aes, clmul, erms, lzcnt, ht, tsc, tscinvbit, bmi1, bmi2

/proc/cpuinfo:
processor	: 0
vendor_id	: GenuineIntel
cpu family	: 6
model		: 70
model name	: Intel(R) Core(TM) i7-4770HQ CPU @ 2.20GHz
stepping	: 1
microcode	: 0xf
cpu MHz		: 1200.000
cache size	: 6144 KB
physical id	: 0
siblings	: 8
core id		: 0
cpu cores	: 4
apicid		: 0
initial apicid	: 0
fpu		: yes
fpu_exception	: yes
cpuid level	: 13
wp		: yes
flags		: fpu vme de pse tsc msr pae mce cx8 apic sep mtrr pge mca cmov pat pse36 clflush dts acpi mmx fxsr sse sse2 ss ht tm pbe syscall nx pdpe1gb rdtscp lm constant_tsc arch_perfmon pebs bts rep_good nopl xtopology nonstop_tsc aperfmperf eagerfpu pni pclmulqdq dtes64 monitor ds_cpl vmx est tm2 ssse3 sdbg fma cx16 xtpr pdcm pcid sse4_1 sse4_2 x2apic movbe popcnt tsc_deadline_timer aes xsave avx f16c rdrand lahf_lm abm epb invpcid_single kaiser tpr_shadow vnmi flexpriority ept vpid fsgsbase tsc_adjust bmi1 avx2 smep bmi2 erms invpcid xsaveopt dtherm ida arat pln pts
bugs		:
bogomips	: 4389.83
clflush size	: 64
cache_alignment	: 64
address sizes	: 39 bits physical, 48 bits virtual
power management:

processor	: 1
vendor_id	: GenuineIntel
cpu family	: 6
model		: 70
model name	: Intel(R) Core(TM) i7-4770HQ CPU @ 2.20GHz
stepping	: 1
microcode	: 0xf
cpu MHz		: 1000.000
cache size	: 6144 KB
physical id	: 0
siblings	: 8
core id		: 1
cpu cores	: 4
apicid		: 2
initial apicid	: 2
fpu		: yes
fpu_exception	: yes
cpuid level	: 13
wp		: yes
flags		: fpu vme de pse tsc msr pae mce cx8 apic sep mtrr pge mca cmov pat pse36 clflush dts acpi mmx fxsr sse sse2 ss ht tm pbe syscall nx pdpe1gb rdtscp lm constant_tsc arch_perfmon pebs bts rep_good nopl xtopology nonstop_tsc aperfmperf eagerfpu pni pclmulqdq dtes64 monitor ds_cpl vmx est tm2 ssse3 sdbg fma cx16 xtpr pdcm pcid sse4_1 sse4_2 x2apic movbe popcnt tsc_deadline_timer aes xsave avx f16c rdrand lahf_lm abm epb invpcid_single kaiser tpr_shadow vnmi flexpriority ept vpid fsgsbase tsc_adjust bmi1 avx2 smep bmi2 erms invpcid xsaveopt dtherm ida arat pln pts
bugs		:
bogomips	: 4389.83
clflush size	: 64
cache_alignment	: 64
address sizes	: 39 bits physical, 48 bits virtual
power management:

processor	: 2
vendor_id	: GenuineIntel
cpu family	: 6
model		: 70
model name	: Intel(R) Core(TM) i7-4770HQ CPU @ 2.20GHz
stepping	: 1
microcode	: 0xf
cpu MHz		: 2201.000
cache size	: 6144 KB
physical id	: 0
siblings	: 8
core id		: 2
cpu cores	: 4
apicid		: 4
initial apicid	: 4
fpu		: yes
fpu_exception	: yes
cpuid level	: 13
wp		: yes
flags		: fpu vme de pse tsc msr pae mce cx8 apic sep mtrr pge mca cmov pat pse36 clflush dts acpi mmx fxsr sse sse2 ss ht tm pbe syscall nx pdpe1gb rdtscp lm constant_tsc arch_perfmon pebs bts rep_good nopl xtopology nonstop_tsc aperfmperf eagerfpu pni pclmulqdq dtes64 monitor ds_cpl vmx est tm2 ssse3 sdbg fma cx16 xtpr pdcm pcid sse4_1 sse4_2 x2apic movbe popcnt tsc_deadline_timer aes xsave avx f16c rdrand lahf_lm abm epb invpcid_single kaiser tpr_shadow vnmi flexpriority ept vpid fsgsbase tsc_adjust bmi1 avx2 smep bmi2 erms invpcid xsaveopt dtherm ida arat pln pts
bugs		:
bogomips	: 4389.83
clflush size	: 64
cache_alignment	: 64
address sizes	: 39 bits physical, 48 bits virtual
power management:

processor	: 3
vendor_id	: GenuineIntel
cpu family	: 6
model		: 70
model name	: Intel(R) Core(TM) i7-4770HQ CPU @ 2.20GHz
stepping	: 1
microcode	: 0xf
cpu MHz		: 1400.000
cache size	: 6144 KB
physical id	: 0
siblings	: 8
core id		: 3
cpu cores	: 4
apicid		: 6
initial apicid	: 6
fpu		: yes
fpu_exception	: yes
cpuid level	: 13
wp		: yes
flags		: fpu vme de pse tsc msr pae mce cx8 apic sep mtrr pge mca cmov pat pse36 clflush dts acpi mmx fxsr sse sse2 ss ht tm pbe syscall nx pdpe1gb rdtscp lm constant_tsc arch_perfmon pebs bts rep_good nopl xtopology nonstop_tsc aperfmperf eagerfpu pni pclmulqdq dtes64 monitor ds_cpl vmx est tm2 ssse3 sdbg fma cx16 xtpr pdcm pcid sse4_1 sse4_2 x2apic movbe popcnt tsc_deadline_timer aes xsave avx f16c rdrand lahf_lm abm epb invpcid_single kaiser tpr_shadow vnmi flexpriority ept vpid fsgsbase tsc_adjust bmi1 avx2 smep bmi2 erms invpcid xsaveopt dtherm ida arat pln pts
bugs		:
bogomips	: 4389.83
clflush size	: 64
cache_alignment	: 64
address sizes	: 39 bits physical, 48 bits virtual
power management:

processor	: 4
vendor_id	: GenuineIntel
cpu family	: 6
model		: 70
model name	: Intel(R) Core(TM) i7-4770HQ CPU @ 2.20GHz
stepping	: 1
microcode	: 0xf
cpu MHz		: 900.000
cache size	: 6144 KB
physical id	: 0
siblings	: 8
core id		: 0
cpu cores	: 4
apicid		: 1
initial apicid	: 1
fpu		: yes
fpu_exception	: yes
cpuid level	: 13
wp		: yes
flags		: fpu vme de pse tsc msr pae mce cx8 apic sep mtrr pge mca cmov pat pse36 clflush dts acpi mmx fxsr sse sse2 ss ht tm pbe syscall nx pdpe1gb rdtscp lm constant_tsc arch_perfmon pebs bts rep_good nopl xtopology nonstop_tsc aperfmperf eagerfpu pni pclmulqdq dtes64 monitor ds_cpl vmx est tm2 ssse3 sdbg fma cx16 xtpr pdcm pcid sse4_1 sse4_2 x2apic movbe popcnt tsc_deadline_timer aes xsave avx f16c rdrand lahf_lm abm epb invpcid_single kaiser tpr_shadow vnmi flexpriority ept vpid fsgsbase tsc_adjust bmi1 avx2 smep bmi2 erms invpcid xsaveopt dtherm ida arat pln pts
bugs		:
bogomips	: 4389.83
clflush size	: 64
cache_alignment	: 64
address sizes	: 39 bits physical, 48 bits virtual
power management:

processor	: 5
vendor_id	: GenuineIntel
cpu family	: 6
model		: 70
model name	: Intel(R) Core(TM) i7-4770HQ CPU @ 2.20GHz
stepping	: 1
microcode	: 0xf
cpu MHz		: 2000.000
cache size	: 6144 KB
physical id	: 0
siblings	: 8
core id		: 1
cpu cores	: 4
apicid		: 3
initial apicid	: 3
fpu		: yes
fpu_exception	: yes
cpuid level	: 13
wp		: yes
flags		: fpu vme de pse tsc msr pae mce cx8 apic sep mtrr pge mca cmov pat pse36 clflush dts acpi mmx fxsr sse sse2 ss ht tm pbe syscall nx pdpe1gb rdtscp lm constant_tsc arch_perfmon pebs bts rep_good nopl xtopology nonstop_tsc aperfmperf eagerfpu pni pclmulqdq dtes64 monitor ds_cpl vmx est tm2 ssse3 sdbg fma cx16 xtpr pdcm pcid sse4_1 sse4_2 x2apic movbe popcnt tsc_deadline_timer aes xsave avx f16c rdrand lahf_lm abm epb invpcid_single kaiser tpr_shadow vnmi flexpriority ept vpid fsgsbase tsc_adjust bmi1 avx2 smep bmi2 erms invpcid xsaveopt dtherm ida arat pln pts
bugs		:
bogomips	: 4389.83
clflush size	: 64
cache_alignment	: 64
address sizes	: 39 bits physical, 48 bits virtual
power management:

processor	: 6
vendor_id	: GenuineIntel
cpu family	: 6
model		: 70
model name	: Intel(R) Core(TM) i7-4770HQ CPU @ 2.20GHz
stepping	: 1
microcode	: 0xf
cpu MHz		: 1300.000
cache size	: 6144 KB
physical id	: 0
siblings	: 8
core id		: 2
cpu cores	: 4
apicid		: 5
initial apicid	: 5
fpu		: yes
fpu_exception	: yes
cpuid level	: 13
wp		: yes
flags		: fpu vme de pse tsc msr pae mce cx8 apic sep mtrr pge mca cmov pat pse36 clflush dts acpi mmx fxsr sse sse2 ss ht tm pbe syscall nx pdpe1gb rdtscp lm constant_tsc arch_perfmon pebs bts rep_good nopl xtopology nonstop_tsc aperfmperf eagerfpu pni pclmulqdq dtes64 monitor ds_cpl vmx est tm2 ssse3 sdbg fma cx16 xtpr pdcm pcid sse4_1 sse4_2 x2apic movbe popcnt tsc_deadline_timer aes xsave avx f16c rdrand lahf_lm abm epb invpcid_single kaiser tpr_shadow vnmi flexpriority ept vpid fsgsbase tsc_adjust bmi1 avx2 smep bmi2 erms invpcid xsaveopt dtherm ida arat pln pts
bugs		:
bogomips	: 4389.83
clflush size	: 64
cache_alignment	: 64
address sizes	: 39 bits physical, 48 bits virtual
power management:

processor	: 7
vendor_id	: GenuineIntel
cpu family	: 6
model		: 70
model name	: Intel(R) Core(TM) i7-4770HQ CPU @ 2.20GHz
stepping	: 1
microcode	: 0xf
cpu MHz		: 1500.000
cache size	: 6144 KB
physical id	: 0
siblings	: 8
core id		: 3
cpu cores	: 4
apicid		: 7
initial apicid	: 7
fpu		: yes
fpu_exception	: yes
cpuid level	: 13
wp		: yes
flags		: fpu vme de pse tsc msr pae mce cx8 apic sep mtrr pge mca cmov pat pse36 clflush dts acpi mmx fxsr sse sse2 ss ht tm pbe syscall nx pdpe1gb rdtscp lm constant_tsc arch_perfmon pebs bts rep_good nopl xtopology nonstop_tsc aperfmperf eagerfpu pni pclmulqdq dtes64 monitor ds_cpl vmx est tm2 ssse3 sdbg fma cx16 xtpr pdcm pcid sse4_1 sse4_2 x2apic movbe popcnt tsc_deadline_timer aes xsave avx f16c rdrand lahf_lm abm epb invpcid_single kaiser tpr_shadow vnmi flexpriority ept vpid fsgsbase tsc_adjust bmi1 avx2 smep bmi2 erms invpcid xsaveopt dtherm ida arat pln pts
bugs		:
bogomips	: 4389.83
clflush size	: 64
cache_alignment	: 64
address sizes	: 39 bits physical, 48 bits virtual
power management:



Memory: 4k page, physical 16317064k(9630184k free), swap 0k(0k free)

vm_info: Java HotSpot(TM) 64-Bit Server VM (25.162-b12) for linux-amd64 JRE (1.8.0_162-b12), built on Dec 19 2017 21:15:48 by "java_re" with gcc 4.3.0 20080428 (Red Hat 4.3.0-8)

time: Mon Apr 16 19:54:09 2018
elapsed time: 6 seconds (0d 0h 0m 6s)

