#
# A fatal error has been detected by the Java Runtime Environment:
#
#  SIGSEGV (0xb) at pc=0x00007f590d9de216, pid=23506, tid=0x00007f58c8179700
#
# JRE version: Java(TM) SE Runtime Environment (8.0_162-b12) (build 1.8.0_162-b12)
# Java VM: Java HotSpot(TM) 64-Bit Server VM (25.162-b12 mixed mode linux-amd64 compressed oops)
# Problematic frame:
# V  [libjvm.so+0x6d8216]  jni_invoke_nonstatic(JNIEnv_*, JavaValue*, _jobject*, JNICallType, _jmethodID*, JNI_ArgumentPusher*, Thread*)+0xa26
#
# Core dump written. Default location: /home/aesophor/Code/Java/NetBeansProjects/Hacklympics/Hacklympics/core or core.23506
#
# If you would like to submit a bug report, please visit:
#   http://bugreport.java.com/bugreport/crash.jsp
#

---------------  T H R E A D  ---------------

Current thread (0x00007f590829d800):  JavaThread "JavaFX Application Thread" [_thread_in_vm, id=23533, stack(0x00007f58c8079000,0x00007f58c817a000)]

siginfo: si_signo: 11 (SIGSEGV), si_code: 1 (SEGV_MAPERR), si_addr: 0x0000007d4991ad11

Registers:
RAX=0x00007f590e2a2680, RBX=0x0000000000000005, RCX=0x0000000000000001, RDX=0x00007f58f6b4cd78
RSP=0x00007f58c8177f10, RBP=0x00007f58c8178090, RSI=0x00000007c009c8f8, RDI=0x00007f590829d9f8
R8 =0x0000000000000044, R9 =0x00007f58c81780c0, R10=0x00007f5880000ba0, R11=0x00007f58f92a24a0
R12=0x0000007d4991ad09, R13=0x00007f5908258f78, R14=0x0000000000000000, R15=0x00007f590829ced8
RIP=0x00007f590d9de216, EFLAGS=0x0000000000010202, CSGSFS=0x002b000000000033, ERR=0x0000000000000004
  TRAPNO=0x000000000000000e

Top of Stack: (sp=0x00007f58c8177f10)
0x00007f58c8177f10:   00007f58c8178610 00007f58c8178230
0x00007f58c8177f20:   00007f58c8177f70 00007f58c8177ff0
0x00007f58c8177f30:   00007f58c81780c0 00007f58c8178120
0x00007f58c8177f40:   00007f590829d9f8 00007f590d9fd330
0x00007f58c8177f50:   00007f58a0000a30 00007f58a0000a40
0x00007f58c8177f60:   00007f58a0000e18 00000000000003d8
0x00007f58c8177f70:   0000000000000000 000000076e93e310
0x00007f58c8177f80:   00007f580000006f 00007f590000000a
0x00007f58c8177f90:   000000076f28d848 0000000000000000
0x00007f58c8177fa0:   0000000000000000 0000000000000000
0x00007f58c8177fb0:   00007f58f6b42c30 0000000100000100
0x00007f58c8177fc0:   0000000000000000 00007f58c8177f78
0x00007f58c8177fd0:   00007f58c8177fb9 0000000800000005
0x00007f58c8177fe0:   0000000000000000 00007f590829cfb0
0x00007f58c8177ff0:   00007f590e2711f0 00007f590ed2f720
0x00007f58c8178000:   000000000829ce40 00007f590829d800
0x00007f58c8178010:   0000000000000000 00007f590d9ddbfb
0x00007f58c8178020:   00007f58f6b4cd78 00007f590829d800
0x00007f58c8178030:   00007f58f6b4cd78 00007f590829d800
0x00007f58c8178040:   00007f58c81781d0 00007f58f6b4cd78
0x00007f58c8178050:   00007f58f6b4cd78 00007f58f6b4cd78
0x00007f58c8178060:   00007f58a0000a30 00007f58c81780c0
0x00007f58c8178070:   00007f590829d800 00007f58c8178100
0x00007f58c8178080:   00007f5908258f78 00007f590829d9f8
0x00007f58c8178090:   00007f58c8178180 00007f590d9e1fcf
0x00007f58c81780a0:   00007f590829d800 00007f58e7158794
0x00007f58c81780b0:   00007f58c8178198 00000006c7040f80
0x00007f58c81780c0:   00007f590e271e70 00007f590ed2f720
0x00007f58c81780d0:   0000000000000000 00007f5800000063
0x00007f58c81780e0:   0000000000000000 0000003000000018
0x00007f58c81780f0:   00007f58c8178270 00007f58c81781b0
0x00007f58c8178100:   00007f590829d800 0000000000000000 

Instructions: (pc=0x00007f590d9de216)
0x00007f590d9de1f6:   48 8b 70 08 e8 71 be 03 00 48 8b 95 a8 fe ff ff
0x00007f590d9de206:   48 89 42 08 e9 8c fd ff ff 48 8b 05 9a 52 8a 00
0x00007f590d9de216:   41 8b 54 24 08 8b 48 08 48 d3 e2 48 03 10 e9 fe
0x00007f590d9de226:   fe ff ff 48 8b 7b 18 48 85 ff 0f 84 55 fc ff ff 

Register to memory mapping:

RAX=0x00007f590e2a2680: <offset 0xf9c680> in /opt/oracle-jdk-bin-1.8.0.162/jre/lib/amd64/server/libjvm.so at 0x00007f590d306000
RBX=0x0000000000000005 is an unknown value
RCX=0x0000000000000001 is an unknown value
RDX={method} {0x00007f58f6b4cd78} 'notifyKey' '(II[CI)V' in 'com/sun/glass/ui/View'
RSP=0x00007f58c8177f10 is pointing into the stack for thread: 0x00007f590829d800
RBP=0x00007f58c8178090 is pointing into the stack for thread: 0x00007f590829d800
RSI=0x00000007c009c8f8 is pointing into metadata
RDI=0x00007f590829d9f8 is an unknown value
R8 =0x0000000000000044 is an unknown value
R9 =0x00007f58c81780c0 is pointing into the stack for thread: 0x00007f590829d800
R10=0x00007f5880000ba0 is an unknown value
R11=0x00007f58f92a24a0 is at entry_point+32 in (nmethod*)0x00007f58f92a2310
R12=0x0000007d4991ad09 is an unknown value
R13=0x00007f5908258f78 is an unknown value
R14=0x0000000000000000 is an unknown value
R15=0x00007f590829ced8 is an unknown value


Stack: [0x00007f58c8079000,0x00007f58c817a000],  sp=0x00007f58c8177f10,  free space=1019k
Native frames: (J=compiled Java code, j=interpreted, Vv=VM code, C=native code)
V  [libjvm.so+0x6d8216]  jni_invoke_nonstatic(JNIEnv_*, JavaValue*, _jobject*, JNICallType, _jmethodID*, JNI_ArgumentPusher*, Thread*)+0xa26
V  [libjvm.so+0x6dbfcf]  jni_CallVoidMethodV+0x10f
C  [libglass.so+0x18641]  JNIEnv_::CallVoidMethod(_jobject*, _jmethodID*, ...)+0x81
C  [libglass.so+0x14f0f]  WindowContextBase::process_key(_GdkEventKey*)+0x20f
C  [libglass.so+0x19f60]  WindowContextBase::im_filter_keypress(_GdkEventKey*)+0x1c0
C  [libglass.so+0x1a91c]  process_events(_GdkEvent*, void*)+0x22c
C  [libgdk-x11-2.0.so.0+0x5b41c]

Java frames: (J=compiled Java code, j=interpreted, Vv=VM code)
j  com.sun.glass.ui.gtk.GtkApplication._runLoop(Ljava/lang/Runnable;Z)V+0
j  com.sun.glass.ui.gtk.GtkApplication.lambda$null$48(Ljava/lang/Runnable;Z)V+7
j  com.sun.glass.ui.gtk.GtkApplication$$Lambda$41.run()V+12
j  java.lang.Thread.run()V+11
v  ~StubRoutines::call_stub

---------------  P R O C E S S  ---------------

Java Threads: ( => current thread )
  0x00007f58808ad800 JavaThread "pool-3-thread-1" [_thread_blocked, id=23574, stack(0x00007f5874cff000,0x00007f5874e00000)]
  0x00007f5880595000 JavaThread "URL-Loader-1" daemon [_thread_blocked, id=23573, stack(0x00007f588c0e1000,0x00007f588c1e2000)]
  0x00007f5880588000 JavaThread "Disposer" daemon [_thread_blocked, id=23572, stack(0x00007f588c1e2000,0x00007f588c2e3000)]
  0x00007f58804a8800 JavaThread "Okio Watchdog" daemon [_thread_blocked, id=23567, stack(0x00007f588cb38000,0x00007f588cc39000)]
  0x00007f58804a6000 JavaThread "OkHttp ConnectionPool" daemon [_thread_blocked, id=23566, stack(0x00007f588cc39000,0x00007f588cd3a000)]
  0x00007f588031e000 JavaThread "Prism Font Disposer" daemon [_thread_blocked, id=23535, stack(0x00007f588dfc4000,0x00007f588e0c5000)]
  0x00007f59082a1000 JavaThread "JavaFX-Launcher" [_thread_blocked, id=23534, stack(0x00007f58b4070000,0x00007f58b4171000)]
=>0x00007f590829d800 JavaThread "JavaFX Application Thread" [_thread_in_vm, id=23533, stack(0x00007f58c8079000,0x00007f58c817a000)]
  0x00007f5908299000 JavaThread "Thread-1" daemon [_thread_blocked, id=23532, stack(0x00007f58e4002000,0x00007f58e4103000)]
  0x00007f590824a000 JavaThread "QuantumRenderer-0" daemon [_thread_blocked, id=23531, stack(0x00007f58e7bfc000,0x00007f58e7cfd000)]
  0x00007f59080d6800 JavaThread "Service Thread" daemon [_thread_blocked, id=23528, stack(0x00007f58e7dfe000,0x00007f58e7eff000)]
  0x00007f59080c9800 JavaThread "C1 CompilerThread3" daemon [_thread_blocked, id=23527, stack(0x00007f58e7eff000,0x00007f58e8000000)]
  0x00007f59080c7800 JavaThread "C2 CompilerThread2" daemon [_thread_blocked, id=23526, stack(0x00007f58f40e8000,0x00007f58f41e9000)]
  0x00007f59080c5800 JavaThread "C2 CompilerThread1" daemon [_thread_in_native, id=23525, stack(0x00007f58f41e9000,0x00007f58f42ea000)]
  0x00007f59080c2800 JavaThread "C2 CompilerThread0" daemon [_thread_blocked, id=23524, stack(0x00007f58f42ea000,0x00007f58f43eb000)]
  0x00007f59080c1000 JavaThread "Signal Dispatcher" daemon [_thread_blocked, id=23523, stack(0x00007f58f43eb000,0x00007f58f44ec000)]
  0x00007f590808d000 JavaThread "Finalizer" daemon [_thread_blocked, id=23521, stack(0x00007f58f44ec000,0x00007f58f45ed000)]
  0x00007f5908088800 JavaThread "Reference Handler" daemon [_thread_blocked, id=23520, stack(0x00007f58f45ed000,0x00007f58f46ee000)]
  0x00007f590800b000 JavaThread "main" [_thread_blocked, id=23510, stack(0x00007f590edd2000,0x00007f590eed3000)]

Other Threads:
  0x00007f5908081000 VMThread [stack: 0x00007f58f46ee000,0x00007f58f47ef000] [id=23519]
  0x00007f59080d9000 WatcherThread [stack: 0x00007f58e7cfd000,0x00007f58e7dfe000] [id=23529]

VM state:synchronizing (normal execution)

VM Mutex/Monitor currently owned by a thread:  ([mutex/lock_event])
[0x00007f5908007100] Threads_lock - owner thread: 0x00007f5908081000

Heap:
 PSYoungGen      total 74752K, used 38410K [0x000000076d000000, 0x0000000772300000, 0x00000007c0000000)
  eden space 64512K, 59% used [0x000000076d000000,0x000000076f582938,0x0000000770f00000)
  from space 10240K, 0% used [0x0000000770f00000,0x0000000770f00000,0x0000000771900000)
  to   space 10240K, 0% used [0x0000000771900000,0x0000000771900000,0x0000000772300000)
 ParOldGen       total 74752K, used 9902K [0x00000006c7000000, 0x00000006cb900000, 0x000000076d000000)
  object space 74752K, 13% used [0x00000006c7000000,0x00000006c79abba0,0x00000006cb900000)
 Metaspace       used 28778K, capacity 31274K, committed 31488K, reserved 1075200K
  class space    used 4299K, capacity 4779K, committed 4864K, reserved 1048576K

Card table byte_map: [0x00007f58f825b000,0x00007f58f8a24000] byte_map_base: 0x00007f58f4c23000

Marking Bits: (ParMarkBitMap*) 0x00007f590e2d5ca0
 Begin Bits: [0x00007f58c8380000, 0x00007f58cc1c0000)
 End Bits:   [0x00007f58cc1c0000, 0x00007f58d0000000)

Polling page: 0x00007f590ef0b000

CodeCache: size=245760Kb used=9871Kb max_used=9871Kb free=235888Kb
 bounds [0x00007f58f8de4000, 0x00007f58f9794000, 0x00007f5907de4000]
 total_blobs=3991 nmethods=3226 adapters=677
 compilation: enabled

Compilation events (10 events):
Event: 6.609 Thread 0x00007f59080c9800 3223       1       javafx.scene.Node::getContentBias (2 bytes)
Event: 6.609 Thread 0x00007f59080c9800 nmethod 3223 0x00007f58f9786a90 code [0x00007f58f9786be0, 0x00007f58f9786cf0]
Event: 6.609 Thread 0x00007f59080c9800 3222       1       com.sun.javafx.text.TextRun::getLength (5 bytes)
Event: 6.609 Thread 0x00007f59080c9800 nmethod 3222 0x00007f58f9786d50 code [0x00007f58f9786ea0, 0x00007f58f9786fb0]
Event: 6.609 Thread 0x00007f59080c9800 3231       3       javafx.scene.control.SkinBase::snapSize (19 bytes)
Event: 6.609 Thread 0x00007f59080c9800 nmethod 3231 0x00007f58f9787010 code [0x00007f58f97871c0, 0x00007f58f9787508]
Event: 6.609 Thread 0x00007f59080c9800 3232       3       javafx.scene.layout.Region$InsetsProperty::get (123 bytes)
Event: 6.610 Thread 0x00007f59080c9800 nmethod 3232 0x00007f58f9787650 code [0x00007f58f97878c0, 0x00007f58f9788fc8]
Event: 6.610 Thread 0x00007f59080c9800 3233       3       javafx.scene.layout.Region::getPadding (11 bytes)
Event: 6.610 Thread 0x00007f59080c9800 nmethod 3233 0x00007f58f9789790 code [0x00007f58f9789900, 0x00007f58f9789c08]

GC Heap History (4 events):
Event: 5.944 GC heap before
{Heap before GC invocations=1 (full 0):
 PSYoungGen      total 74752K, used 54562K [0x000000076d000000, 0x0000000772300000, 0x00000007c0000000)
  eden space 64512K, 84% used [0x000000076d000000,0x00000007705488f0,0x0000000770f00000)
  from space 10240K, 0% used [0x0000000771900000,0x0000000771900000,0x0000000772300000)
  to   space 10240K, 0% used [0x0000000770f00000,0x0000000770f00000,0x0000000771900000)
 ParOldGen       total 171008K, used 0K [0x00000006c7000000, 0x00000006d1700000, 0x000000076d000000)
  object space 171008K, 0% used [0x00000006c7000000,0x00000006c7000000,0x00000006d1700000)
 Metaspace       used 20434K, capacity 21164K, committed 21248K, reserved 1067008K
  class space    used 2807K, capacity 3010K, committed 3072K, reserved 1048576K
Event: 5.952 GC heap after
Heap after GC invocations=1 (full 0):
 PSYoungGen      total 74752K, used 10092K [0x000000076d000000, 0x0000000772300000, 0x00000007c0000000)
  eden space 64512K, 0% used [0x000000076d000000,0x000000076d000000,0x0000000770f00000)
  from space 10240K, 98% used [0x0000000770f00000,0x00000007718db310,0x0000000771900000)
  to   space 10240K, 0% used [0x0000000771900000,0x0000000771900000,0x0000000772300000)
 ParOldGen       total 171008K, used 96K [0x00000006c7000000, 0x00000006d1700000, 0x000000076d000000)
  object space 171008K, 0% used [0x00000006c7000000,0x00000006c7018010,0x00000006d1700000)
 Metaspace       used 20434K, capacity 21164K, committed 21248K, reserved 1067008K
  class space    used 2807K, capacity 3010K, committed 3072K, reserved 1048576K
}
Event: 5.952 GC heap before
{Heap before GC invocations=2 (full 1):
 PSYoungGen      total 74752K, used 10092K [0x000000076d000000, 0x0000000772300000, 0x00000007c0000000)
  eden space 64512K, 0% used [0x000000076d000000,0x000000076d000000,0x0000000770f00000)
  from space 10240K, 98% used [0x0000000770f00000,0x00000007718db310,0x0000000771900000)
  to   space 10240K, 0% used [0x0000000771900000,0x0000000771900000,0x0000000772300000)
 ParOldGen       total 171008K, used 96K [0x00000006c7000000, 0x00000006d1700000, 0x000000076d000000)
  object space 171008K, 0% used [0x00000006c7000000,0x00000006c7018010,0x00000006d1700000)
 Metaspace       used 20434K, capacity 21164K, committed 21248K, reserved 1067008K
  class space    used 2807K, capacity 3010K, committed 3072K, reserved 1048576K
Event: 5.976 GC heap after
Heap after GC invocations=2 (full 1):
 PSYoungGen      total 74752K, used 0K [0x000000076d000000, 0x0000000772300000, 0x00000007c0000000)
  eden space 64512K, 0% used [0x000000076d000000,0x000000076d000000,0x0000000770f00000)
  from space 10240K, 0% used [0x0000000770f00000,0x0000000770f00000,0x0000000771900000)
  to   space 10240K, 0% used [0x0000000771900000,0x0000000771900000,0x0000000772300000)
 ParOldGen       total 74752K, used 9902K [0x00000006c7000000, 0x00000006cb900000, 0x000000076d000000)
  object space 74752K, 13% used [0x00000006c7000000,0x00000006c79abba0,0x00000006cb900000)
 Metaspace       used 20434K, capacity 21164K, committed 21248K, reserved 1067008K
  class space    used 2807K, capacity 3010K, committed 3072K, reserved 1048576K
}

Deoptimization events (10 events):
Event: 6.092 Thread 0x00007f590829d800 Uncommon trap: reason=class_check action=maybe_recompile pc=0x00007f58f90fe518 method=com.sun.javafx.css.parser.CSSLexer.readChar()I @ 4
Event: 6.092 Thread 0x00007f590829d800 Uncommon trap: reason=class_check action=maybe_recompile pc=0x00007f58f914104c method=com.sun.javafx.css.parser.CSSLexer.readChar()I @ 4
Event: 6.224 Thread 0x00007f590829d800 Uncommon trap: reason=unstable_if action=reinterpret pc=0x00007f58f9465e10 method=java.lang.CharacterDataLatin1.digit(II)I @ 60
Event: 6.225 Thread 0x00007f590829d800 Uncommon trap: reason=unstable_if action=reinterpret pc=0x00007f58f945d364 method=java.lang.CharacterDataLatin1.digit(II)I @ 60
Event: 6.225 Thread 0x00007f590829d800 Uncommon trap: reason=unstable_if action=reinterpret pc=0x00007f58f9452338 method=java.lang.CharacterDataLatin1.digit(II)I @ 60
Event: 6.226 Thread 0x00007f590829d800 Uncommon trap: reason=unstable_if action=reinterpret pc=0x00007f58f917b4cc method=java.lang.String.indexOf([CII[CIII)I @ 27
Event: 6.309 Thread 0x00007f590829d800 Uncommon trap: reason=unstable_if action=reinterpret pc=0x00007f58f90a05c4 method=java.lang.AbstractStringBuilder.append(Ljava/lang/String;)Ljava/lang/AbstractStringBuilder; @ 1
Event: 6.318 Thread 0x00007f5880595000 Uncommon trap: reason=unstable_if action=reinterpret pc=0x00007f58f9011b8c method=java.lang.AbstractStringBuilder.append(Ljava/lang/String;)Ljava/lang/AbstractStringBuilder; @ 1
Event: 6.398 Thread 0x00007f590829d800 Uncommon trap: reason=unstable_if action=reinterpret pc=0x00007f58f9673a70 method=jdk.internal.org.objectweb.asm.Type.getArgumentsAndReturnSizes(Ljava/lang/String;)I @ 41
Event: 6.560 Thread 0x00007f590829d800 Uncommon trap: reason=unstable_if action=reinterpret pc=0x00007f58f92f1538 method=java.lang.StrictMath.floorOrCeil(DDDD)D @ 38

Classes redefined (0 events):
No events

Internal exceptions (10 events):
Event: 6.508 Thread 0x00007f590829d800 Exception <a 'java/lang/NoSuchMethodError': java.lang.Object.lambda$and$0(Ljava/util/function/Predicate;Ljava/lang/Object;)Z> (0x000000076ee9c6e0) thrown at [/HUDSON/workspace/8-2-build-linux-amd64/jdk8u162/10278/hotspot/src/share/vm/interpreter/linkResol
Event: 6.509 Thread 0x00007f590829d800 Exception <a 'java/lang/NoSuchMethodError': java.lang.Object.lambda$mousePressed$5(Ljavafx/scene/input/MouseButton;Ljavafx/scene/input/MouseEvent;)Z> (0x000000076eeb4000) thrown at [/HUDSON/workspace/8-2-build-linux-amd64/jdk8u162/10278/hotspot/src/share/
Event: 6.513 Thread 0x00007f590829d800 Exception <a 'java/lang/NoSuchMethodError': java.lang.Object.lambda$static$0(Lorg/fxmisc/wellbehaved/event/InputMap$HandlerConsumer;)V> (0x000000076ef04a50) thrown at [/HUDSON/workspace/8-2-build-linux-amd64/jdk8u162/10278/hotspot/src/share/vm/interpreter
Event: 6.525 Thread 0x00007f590829d800 Exception <a 'java/lang/NoSuchMethodError': java.lang.Object.lambda$accumulate$14(Ljava/util/function/BiFunction;Ljava/lang/Object;Ljava/lang/Object;)Ljava/lang/Object;> (0x000000076efee020) thrown at [/HUDSON/workspace/8-2-build-linux-amd64/jdk8u162/1027
Event: 6.529 Thread 0x00007f590829d800 Exception <a 'java/lang/NoSuchMethodError': java.lang.Object.lambda$conditionOn$5(Ljavafx/beans/value/ObservableValue;Ljava/lang/Boolean;)Ljavafx/beans/value/ObservableValue;> (0x000000076f03bce8) thrown at [/HUDSON/workspace/8-2-build-linux-amd64/jdk8u16
Event: 6.537 Thread 0x00007f590829d800 Exception <a 'java/lang/NoSuchMethodError': java.lang.Object.lambda$pApply$0(Ljava/lang/Object;Ljava/lang/Object;Ljava/lang/Object;)Ljava/lang/Object;> (0x000000076f0d1730) thrown at [/HUDSON/workspace/8-2-build-linux-amd64/jdk8u162/10278/hotspot/src/shar
Event: 6.541 Thread 0x00007f590829d800 Exception <a 'java/lang/NoSuchMethodError': java.lang.Object.lambda$static$0()V> (0x000000076f122d88) thrown at [/HUDSON/workspace/8-2-build-linux-amd64/jdk8u162/10278/hotspot/src/share/vm/interpreter/linkResolver.cpp, line 620]
Event: 6.544 Thread 0x00007f590829d800 Exception <a 'java/lang/NoSuchMethodError': java.lang.Object.lambda$trim$0(Ljava/lang/Integer;Ljava/lang/Integer;)Lorg/reactfx/collection/MaterializedListModification;> (0x000000076f14afc8) thrown at [/HUDSON/workspace/8-2-build-linux-amd64/jdk8u162/10278
Event: 6.547 Thread 0x00007f590829d800 Exception <a 'java/lang/NoSuchMethodError': java.lang.Object.lambda$null$0(Lorg/fxmisc/richtext/model/RichTextChange;)Z> (0x000000076f163168) thrown at [/HUDSON/workspace/8-2-build-linux-amd64/jdk8u162/10278/hotspot/src/share/vm/interpreter/linkResolver.c
Event: 6.547 Thread 0x00007f590829d800 Exception <a 'java/lang/NoSuchMethodError': java.lang.Object.lambda$null$1(I)[Lorg/fxmisc/richtext/model/PlainTextChange;> (0x000000076f169aa8) thrown at [/HUDSON/workspace/8-2-build-linux-amd64/jdk8u162/10278/hotspot/src/share/vm/interpreter/linkResolver

Events (10 events):
Event: 6.612 loading class java/net/ServerSocket done
Event: 6.612 loading class java/net/Inet4AddressImpl
Event: 6.612 loading class java/net/Inet4AddressImpl done
Event: 6.612 Thread 0x00007f58808ad800 Thread added: 0x00007f58808ad800
Event: 6.612 Thread 0x00007f590829d800 DEOPT PACKING pc=0x00007f58f93d4f24 sp=0x00007f58c81758f0
Event: 6.612 Thread 0x00007f590829d800 DEOPT UNPACKING pc=0x00007f58f8e2b784 sp=0x00007f58c8175678 mode 0
Event: 6.613 Executing VM operation: RevokeBias
Event: 6.613 Thread 0x00007f590829d800 DEOPT PACKING pc=0x00007f58f93d4f24 sp=0x00007f58c81767d0
Event: 6.613 Thread 0x00007f590829d800 DEOPT UNPACKING pc=0x00007f58f8e2b784 sp=0x00007f58c8176558 mode 0
Event: 6.613 Executing VM operation: RevokeBias done


Dynamic libraries:
00400000-00401000 r-xp 00000000 fe:01 938495                             /opt/oracle-jdk-bin-1.8.0.162/bin/java
00600000-00601000 rw-p 00000000 fe:01 938495                             /opt/oracle-jdk-bin-1.8.0.162/bin/java
00601000-00622000 rw-p 00000000 00:00 0                                  [heap]
6c7000000-6cb900000 rw-p 00000000 00:00 0 
6cb900000-76d000000 ---p 00000000 00:00 0 
76d000000-772300000 rw-p 00000000 00:00 0 
772300000-7c0000000 ---p 00000000 00:00 0 
7c0000000-7c04c0000 rw-p 00000000 00:00 0 
7c04c0000-800000000 ---p 00000000 00:00 0 
7f5814000000-7f5814021000 rw-p 00000000 00:00 0 
7f5814021000-7f5818000000 ---p 00000000 00:00 0 
7f581c000000-7f581c021000 rw-p 00000000 00:00 0 
7f581c021000-7f5820000000 ---p 00000000 00:00 0 
7f5820000000-7f582002d000 rw-p 00000000 00:00 0 
7f582002d000-7f5824000000 ---p 00000000 00:00 0 
7f5824000000-7f5824021000 rw-p 00000000 00:00 0 
7f5824021000-7f5828000000 ---p 00000000 00:00 0 
7f582b000000-7f582b007000 rw-p 00000000 00:00 0 
7f582b007000-7f582b00e000 ---p 00000000 00:00 0 
7f582b00e000-7f582b1f9000 rw-p 00000000 00:00 0 
7f582b1f9000-7f582b200000 ---p 00000000 00:00 0 
7f582b3ff000-7f582b400000 ---p 00000000 00:00 0 
7f582b400000-7f582bc05000 rw-p 00000000 00:00 0 
7f582bc05000-7f582bc0a000 ---p 00000000 00:00 0 
7f582bc0a000-7f582bdfb000 rw-p 00000000 00:00 0 
7f582bdfb000-7f582be00000 ---p 00000000 00:00 0 
7f582bee1000-7f582bee2000 ---p 00000000 00:00 0 
7f582bee2000-7f582bee3000 rwxp 00000000 00:00 0 
7f582bee3000-7f586bee3000 ---p 00000000 00:00 0 
7f586bee3000-7f586fbd4000 r-xp 00000000 fe:01 940394                     /opt/oracle-jdk-bin-1.8.0.162/jre/lib/amd64/libjfxwebkit.so
7f586fbd4000-7f586fdd4000 ---p 03cf1000 fe:01 940394                     /opt/oracle-jdk-bin-1.8.0.162/jre/lib/amd64/libjfxwebkit.so
7f586fdd4000-7f586ffcc000 rw-p 03cf1000 fe:01 940394                     /opt/oracle-jdk-bin-1.8.0.162/jre/lib/amd64/libjfxwebkit.so
7f586ffcc000-7f5870000000 rw-p 00000000 00:00 0 
7f5870000000-7f5870021000 rw-p 00000000 00:00 0 
7f5870021000-7f5874000000 ---p 00000000 00:00 0 
7f5874200000-7f5874208000 rw-p 00000000 00:00 0 
7f5874208000-7f5874210000 ---p 00000000 00:00 0 
7f5874210000-7f58743f8000 rw-p 00000000 00:00 0 
7f58743f8000-7f5874400000 ---p 00000000 00:00 0 
7f5874600000-7f5874606000 rw-p 00000000 00:00 0 
7f5874606000-7f5874608000 ---p 00000000 00:00 0 
7f5874608000-7f58747fe000 rw-p 00000000 00:00 0 
7f58747fe000-7f5874800000 ---p 00000000 00:00 0 
7f5874a00000-7f5874a08000 rw-p 00000000 00:00 0 
7f5874a08000-7f5874a0c000 ---p 00000000 00:00 0 
7f5874a0c000-7f5874bfc000 rw-p 00000000 00:00 0 
7f5874bfc000-7f5874c00000 ---p 00000000 00:00 0 
7f5874cff000-7f5874d02000 ---p 00000000 00:00 0 
7f5874d02000-7f5875206000 rw-p 00000000 00:00 0 
7f5875206000-7f5875209000 ---p 00000000 00:00 0 
7f5875209000-7f58753fd000 rw-p 00000000 00:00 0 
7f58753fd000-7f5875400000 ---p 00000000 00:00 0 
7f5875400000-7f5875605000 rw-p 00000000 00:00 0 
7f5875605000-7f5875606000 ---p 00000000 00:00 0 
7f5875606000-7f58757ff000 rw-p 00000000 00:00 0 
7f58757ff000-7f5875800000 ---p 00000000 00:00 0 
7f58758a0000-7f58758a1000 ---p 00000000 00:00 0 
7f58758a1000-7f58760a1000 rw-p 00000000 00:00 0 
7f58760a1000-7f5877a49000 r-xp 00000000 fe:01 792609                     /usr/lib64/libicudata.so.60.2
7f5877a49000-7f5877c48000 ---p 019a8000 fe:01 792609                     /usr/lib64/libicudata.so.60.2
7f5877c48000-7f5877c49000 r--p 019a7000 fe:01 792609                     /usr/lib64/libicudata.so.60.2
7f5877c49000-7f5877c4a000 rw-p 019a8000 fe:01 792609                     /usr/lib64/libicudata.so.60.2
7f5877c4a000-7f5877dec000 r-xp 00000000 fe:01 792595                     /usr/lib64/libicuuc.so.60.2
7f5877dec000-7f5877fec000 ---p 001a2000 fe:01 792595                     /usr/lib64/libicuuc.so.60.2
7f5877fec000-7f5877ffe000 r--p 001a2000 fe:01 792595                     /usr/lib64/libicuuc.so.60.2
7f5877ffe000-7f5877fff000 rw-p 001b4000 fe:01 792595                     /usr/lib64/libicuuc.so.60.2
7f5877fff000-7f5878000000 rw-p 00000000 00:00 0 
7f5878000000-7f5878021000 rw-p 00000000 00:00 0 
7f5878021000-7f587c000000 ---p 00000000 00:00 0 
7f587c000000-7f587c021000 rw-p 00000000 00:00 0 
7f587c021000-7f5880000000 ---p 00000000 00:00 0 
7f5880000000-7f5880f51000 rw-p 00000000 00:00 0 
7f5880f51000-7f5884000000 ---p 00000000 00:00 0 
7f5884000000-7f5884021000 rw-p 00000000 00:00 0 
7f5884021000-7f5888000000 ---p 00000000 00:00 0 
7f5888000000-7f5888021000 rw-p 00000000 00:00 0 
7f5888021000-7f588c000000 ---p 00000000 00:00 0 
7f588c0e1000-7f588c0e4000 ---p 00000000 00:00 0 
7f588c0e4000-7f588c1e2000 rw-p 00000000 00:00 0 
7f588c1e2000-7f588c1e5000 ---p 00000000 00:00 0 
7f588c1e5000-7f588c2e3000 rw-p 00000000 00:00 0 
7f588c2e3000-7f588c340000 r--p 00000000 fe:01 455277                     /usr/share/fonts/dejavu/DejaVuSerif.ttf
7f588c340000-7f588c37a000 r-xp 00000000 fe:01 441317                     /usr/lib64/libxslt.so.1.1.30
7f588c37a000-7f588c579000 ---p 0003a000 fe:01 441317                     /usr/lib64/libxslt.so.1.1.30
7f588c579000-7f588c57a000 r--p 00039000 fe:01 441317                     /usr/lib64/libxslt.so.1.1.30
7f588c57a000-7f588c57b000 rw-p 0003a000 fe:01 441317                     /usr/lib64/libxslt.so.1.1.30
7f588c57b000-7f588c57c000 rw-p 00000000 00:00 0 
7f588c57c000-7f588c6d3000 r-xp 00000000 fe:01 806153                     /usr/lib64/libxml2.so.2.9.7
7f588c6d3000-7f588c8d3000 ---p 00157000 fe:01 806153                     /usr/lib64/libxml2.so.2.9.7
7f588c8d3000-7f588c8db000 r--p 00157000 fe:01 806153                     /usr/lib64/libxml2.so.2.9.7
7f588c8db000-7f588c8dd000 rw-p 0015f000 fe:01 806153                     /usr/lib64/libxml2.so.2.9.7
7f588c8dd000-7f588c8de000 rw-p 00000000 00:00 0 
7f588c90b000-7f588c911000 rw-p 00000000 00:00 0 
7f588c912000-7f588cb15000 rw-p 00000000 00:00 0 
7f588cb15000-7f588cb38000 r--p 00000000 00:24 5192093                    /tmp/+JXF5153623216721382484.tmp
7f588cb38000-7f588cb3b000 ---p 00000000 00:00 0 
7f588cb3b000-7f588cc39000 rw-p 00000000 00:00 0 
7f588cc39000-7f588cc3c000 ---p 00000000 00:00 0 
7f588cc3c000-7f588cf3a000 rw-p 00000000 00:00 0 
7f588cf3a000-7f588cf44000 r--s 00116000 fe:01 939203                     /opt/oracle-jdk-bin-1.8.0.162/jre/lib/ext/localedata.jar
7f588cf44000-7f588cf60000 r--s 00393000 fe:01 939158                     /opt/oracle-jdk-bin-1.8.0.162/jre/lib/ext/cldrdata.jar
7f588cf60000-7f588cf66000 r--s 0003e000 fe:01 939206                     /opt/oracle-jdk-bin-1.8.0.162/jre/lib/ext/sunjce_provider.jar
7f588cf66000-7f588cf98000 r-xp 00000000 fe:01 940333                     /opt/oracle-jdk-bin-1.8.0.162/jre/lib/amd64/libsunec.so
7f588cf98000-7f588d197000 ---p 00032000 fe:01 940333                     /opt/oracle-jdk-bin-1.8.0.162/jre/lib/amd64/libsunec.so
7f588d197000-7f588d19d000 rw-p 00031000 fe:01 940333                     /opt/oracle-jdk-bin-1.8.0.162/jre/lib/amd64/libsunec.so
7f588d19d000-7f588d1ad000 rw-p 00000000 00:00 0 
7f588d1ad000-7f588d1c3000 r-xp 00000000 fe:01 940502                     /opt/oracle-jdk-bin-1.8.0.162/jre/lib/amd64/libnet.so
7f588d1c3000-7f588d3c3000 ---p 00016000 fe:01 940502                     /opt/oracle-jdk-bin-1.8.0.162/jre/lib/amd64/libnet.so
7f588d3c3000-7f588d3c4000 rw-p 00016000 fe:01 940502                     /opt/oracle-jdk-bin-1.8.0.162/jre/lib/amd64/libnet.so
7f588d3c4000-7f588d3d5000 r-xp 00000000 fe:01 940508                     /opt/oracle-jdk-bin-1.8.0.162/jre/lib/amd64/libnio.so
7f588d3d5000-7f588d5d4000 ---p 00011000 fe:01 940508                     /opt/oracle-jdk-bin-1.8.0.162/jre/lib/amd64/libnio.so
7f588d5d4000-7f588d5d5000 rw-p 00010000 fe:01 940508                     /opt/oracle-jdk-bin-1.8.0.162/jre/lib/amd64/libnio.so
7f588d5d5000-7f588d7d5000 rw-p 00000000 00:00 0 
7f588d7d5000-7f588d9d5000 rw-p 00000000 00:00 0 
7f588d9d5000-7f588d9e5000 rw-s 00000000 00:05 5193219                    /drm mm object (deleted)
7f588d9e5000-7f588d9f5000 rw-s 00000000 00:05 5193216                    /drm mm object (deleted)
7f588d9f5000-7f588da05000 rw-s 00000000 00:05 5193213                    /drm mm object (deleted)
7f588da05000-7f588dbc5000 rw-s 10a367000 00:06 2143                      /dev/dri/card0
7f588dbc5000-7f588dd85000 rw-s 00000000 00:05 5193205                    /drm mm object (deleted)
7f588dd85000-7f588dd95000 rw-s 00000000 00:05 5193210                    /drm mm object (deleted)
7f588dd95000-7f588dda5000 rw-s 00000000 00:05 5193207                    /drm mm object (deleted)
7f588dda5000-7f588ddb1000 rw-s 00000000 00:05 5190843                    /drm mm object (deleted)
7f588ddb1000-7f588ddc4000 r--s 00345000 fe:01 939030                     /opt/oracle-jdk-bin-1.8.0.162/jre/lib/resources.jar
7f588ddc4000-7f588dfc4000 rw-p 00000000 00:00 0 
7f588dfc4000-7f588dfc7000 ---p 00000000 00:00 0 
7f588dfc7000-7f588e0c5000 rw-p 00000000 00:00 0 
7f588e0c5000-7f588e17e000 r--p 00000000 fe:01 455269                     /usr/share/fonts/dejavu/DejaVuSans.ttf
7f588e17e000-7f588e182000 r-xp 00000000 fe:01 940331                     /opt/oracle-jdk-bin-1.8.0.162/jre/lib/amd64/libjavafx_font_pango.so
7f588e182000-7f588e381000 ---p 00004000 fe:01 940331                     /opt/oracle-jdk-bin-1.8.0.162/jre/lib/amd64/libjavafx_font_pango.so
7f588e381000-7f588e382000 rw-p 00003000 fe:01 940331                     /opt/oracle-jdk-bin-1.8.0.162/jre/lib/amd64/libjavafx_font_pango.so
7f588e382000-7f588e38c000 r-xp 00000000 fe:01 139442                     /usr/lib64/gtk-2.0/2.10.0/engines/libpixmap.so
7f588e38c000-7f588e58b000 ---p 0000a000 fe:01 139442                     /usr/lib64/gtk-2.0/2.10.0/engines/libpixmap.so
7f588e58b000-7f588e58c000 r--p 00009000 fe:01 139442                     /usr/lib64/gtk-2.0/2.10.0/engines/libpixmap.so
7f588e58c000-7f588e58d000 rw-p 0000a000 fe:01 139442                     /usr/lib64/gtk-2.0/2.10.0/engines/libpixmap.so
7f588e58d000-7f588e58f000 r-xp 00000000 fe:01 723962                     /usr/lib64/gtk-2.0/2.10.0/engines/libadwaita.so
7f588e58f000-7f588e78f000 ---p 00002000 fe:01 723962                     /usr/lib64/gtk-2.0/2.10.0/engines/libadwaita.so
7f588e78f000-7f588e790000 r--p 00002000 fe:01 723962                     /usr/lib64/gtk-2.0/2.10.0/engines/libadwaita.so
7f588e790000-7f588e791000 rw-p 00003000 fe:01 723962                     /usr/lib64/gtk-2.0/2.10.0/engines/libadwaita.so
7f588e791000-7f588e991000 rw-p 00000000 00:00 0 
7f588e991000-7f588e996000 r-xp 00000000 fe:01 940335                     /opt/oracle-jdk-bin-1.8.0.162/jre/lib/amd64/libjavafx_font_freetype.so
7f588e996000-7f588eb95000 ---p 00005000 fe:01 940335                     /opt/oracle-jdk-bin-1.8.0.162/jre/lib/amd64/libjavafx_font_freetype.so
7f588eb95000-7f588eb96000 rw-p 00004000 fe:01 940335                     /opt/oracle-jdk-bin-1.8.0.162/jre/lib/amd64/libjavafx_font_freetype.so
7f588eb96000-7f588eb99000 r-xp 00000000 fe:01 940504                     /opt/oracle-jdk-bin-1.8.0.162/jre/lib/amd64/libjavafx_font.so
7f588eb99000-7f588ed98000 ---p 00003000 fe:01 940504                     /opt/oracle-jdk-bin-1.8.0.162/jre/lib/amd64/libjavafx_font.so
7f588ed98000-7f588ed99000 rw-p 00002000 fe:01 940504                     /opt/oracle-jdk-bin-1.8.0.162/jre/lib/amd64/libjavafx_font.so
7f588ed99000-7f588ef99000 rw-p 00000000 00:00 0 
7f588ef99000-7f588efc2000 r-xp 00000000 fe:01 940384                     /opt/oracle-jdk-bin-1.8.0.162/jre/lib/amd64/libglass.so
7f588efc2000-7f588f1c1000 ---p 00029000 fe:01 940384                     /opt/oracle-jdk-bin-1.8.0.162/jre/lib/amd64/libglass.so
7f588f1c1000-7f588f1c4000 rw-p 00028000 fe:01 940384                     /opt/oracle-jdk-bin-1.8.0.162/jre/lib/amd64/libglass.so
7f588f1c4000-7f588f92a000 r-xp 00000000 fe:01 791538                     /usr/lib64/mesa/i965_dri.so
7f588f92a000-7f588fb29000 ---p 00766000 fe:01 791538                     /usr/lib64/mesa/i965_dri.so
7f588fb29000-7f588fb78000 r--p 00765000 fe:01 791538                     /usr/lib64/mesa/i965_dri.so
7f588fb78000-7f588fb7f000 rw-p 007b4000 fe:01 791538                     /usr/lib64/mesa/i965_dri.so
7f588fb7f000-7f588fbe6000 rw-p 00000000 00:00 0 
7f588fbe6000-7f588fbf9000 r-xp 00000000 fe:01 696744                     /usr/lib64/libbsd.so.0.8.6
7f588fbf9000-7f588fdf8000 ---p 00013000 fe:01 696744                     /usr/lib64/libbsd.so.0.8.6
7f588fdf8000-7f588fdf9000 r--p 00012000 fe:01 696744                     /usr/lib64/libbsd.so.0.8.6
7f588fdf9000-7f588fdfa000 rw-p 00013000 fe:01 696744                     /usr/lib64/libbsd.so.0.8.6
7f588fdfa000-7f588fdfb000 rw-p 00000000 00:00 0 
7f588fdfb000-7f588fdff000 r-xp 00000000 fe:01 983312                     /lib64/libuuid.so.1.3.0
7f588fdff000-7f588fffe000 ---p 00004000 fe:01 983312                     /lib64/libuuid.so.1.3.0
7f588fffe000-7f588ffff000 r--p 00003000 fe:01 983312                     /lib64/libuuid.so.1.3.0
7f588ffff000-7f5890000000 rw-p 00004000 fe:01 983312                     /lib64/libuuid.so.1.3.0
7f5890000000-7f5891e9c000 rw-p 00000000 00:00 0 
7f5891e9c000-7f5894000000 ---p 00000000 00:00 0 
7f5894000000-7f5894002000 r--s 00009000 fe:01 939146                     /opt/oracle-jdk-bin-1.8.0.162/jre/lib/ext/sunec.jar
7f5894002000-7f5894006000 r--s 0003a000 fe:01 939184                     /opt/oracle-jdk-bin-1.8.0.162/jre/lib/ext/sunpkcs11.jar
7f5894006000-7f5894009000 r--s 0001a000 fe:01 940552                     /opt/oracle-jdk-bin-1.8.0.162/jre/lib/jce.jar
7f5894009000-7f589400b000 rw-s 00000000 00:05 5189538                    /drm mm object (deleted)
7f589400b000-7f58940b6000 r--p 00000000 fe:01 938580                     /opt/oracle-jdk-bin-1.8.0.162/jre/lib/fonts/LucidaSansRegular.ttf
7f58940b6000-7f58940f0000 r--p 00000000 fe:01 938588                     /opt/oracle-jdk-bin-1.8.0.162/jre/lib/fonts/LucidaTypewriterBold.ttf
7f58940f0000-7f589413e000 r--p 00000000 fe:01 938582                     /opt/oracle-jdk-bin-1.8.0.162/jre/lib/fonts/LucidaSansDemiBold.ttf
7f589413e000-7f5894151000 r--p 00000000 fe:01 938584                     /opt/oracle-jdk-bin-1.8.0.162/jre/lib/fonts/LucidaBrightDemiItalic.ttf
7f5894151000-7f589418d000 r--p 00000000 fe:01 938587                     /opt/oracle-jdk-bin-1.8.0.162/jre/lib/fonts/LucidaTypewriterRegular.ttf
7f589418d000-7f58941e2000 r--p 00000000 fe:01 938581                     /opt/oracle-jdk-bin-1.8.0.162/jre/lib/fonts/LucidaBrightRegular.ttf
7f58941e2000-7f58941e7000 r-xp 00000000 fe:01 919078                     /usr/lib64/libXdmcp.so.6.0.0
7f58941e7000-7f58943e6000 ---p 00005000 fe:01 919078                     /usr/lib64/libXdmcp.so.6.0.0
7f58943e6000-7f58943e7000 r--p 00004000 fe:01 919078                     /usr/lib64/libXdmcp.so.6.0.0
7f58943e7000-7f58943e8000 rw-p 00005000 fe:01 919078                     /usr/lib64/libXdmcp.so.6.0.0
7f58943e8000-7f58943ea000 r-xp 00000000 fe:01 919031                     /usr/lib64/libXau.so.6.0.0
7f58943ea000-7f58945ea000 ---p 00002000 fe:01 919031                     /usr/lib64/libXau.so.6.0.0
7f58945ea000-7f58945eb000 r--p 00002000 fe:01 919031                     /usr/lib64/libXau.so.6.0.0
7f58945eb000-7f58945ec000 rw-p 00003000 fe:01 919031                     /usr/lib64/libXau.so.6.0.0
7f58945ec000-7f58945fd000 r-xp 00000000 fe:01 10495                      /usr/lib64/libwayland-server.so.0.1.0
7f58945fd000-7f58947fc000 ---p 00011000 fe:01 10495                      /usr/lib64/libwayland-server.so.0.1.0
7f58947fc000-7f58947fe000 r--p 00010000 fe:01 10495                      /usr/lib64/libwayland-server.so.0.1.0
7f58947fe000-7f58947ff000 rw-p 00012000 fe:01 10495                      /usr/lib64/libwayland-server.so.0.1.0
7f58947ff000-7f589480c000 r-xp 00000000 fe:01 791547                     /usr/lib64/libgbm.so.1.0.0
7f589480c000-7f5894a0c000 ---p 0000d000 fe:01 791547                     /usr/lib64/libgbm.so.1.0.0
7f5894a0c000-7f5894a0d000 r--p 0000d000 fe:01 791547                     /usr/lib64/libgbm.so.1.0.0
7f5894a0d000-7f5894a0e000 rw-p 0000e000 fe:01 791547                     /usr/lib64/libgbm.so.1.0.0
7f5894a0e000-7f5894a1b000 r-xp 00000000 fe:01 10541                      /usr/lib64/libwayland-client.so.0.3.0
7f5894a1b000-7f5894c1a000 ---p 0000d000 fe:01 10541                      /usr/lib64/libwayland-client.so.0.3.0
7f5894c1a000-7f5894c1c000 r--p 0000c000 fe:01 10541                      /usr/lib64/libwayland-client.so.0.3.0
7f5894c1c000-7f5894c1d000 rw-p 0000e000 fe:01 10541                      /usr/lib64/libwayland-client.so.0.3.0
7f5894c1d000-7f5894c47000 r-xp 00000000 fe:01 714026                     /usr/lib64/libgraphite2.so.3.0.1
7f5894c47000-7f5894e47000 ---p 0002a000 fe:01 714026                     /usr/lib64/libgraphite2.so.3.0.1
7f5894e47000-7f5894e49000 r--p 0002a000 fe:01 714026                     /usr/lib64/libgraphite2.so.3.0.1
7f5894e49000-7f5894e4a000 rw-p 0002c000 fe:01 714026                     /usr/lib64/libgraphite2.so.3.0.1
7f5894e4a000-7f5894e8f000 r-xp 00000000 fe:01 982786                     /lib64/libblkid.so.1.1.0
7f5894e8f000-7f589508e000 ---p 00045000 fe:01 982786                     /lib64/libblkid.so.1.1.0
7f589508e000-7f5895092000 r--p 00044000 fe:01 982786                     /lib64/libblkid.so.1.1.0
7f5895092000-7f5895093000 rw-p 00048000 fe:01 982786                     /lib64/libblkid.so.1.1.0
7f5895093000-7f5895094000 rw-p 00000000 00:00 0 
7f5895094000-7f58950a5000 r-xp 00000000 fe:01 843703                     /usr/lib64/libdrm.so.2.4.0
7f58950a5000-7f58952a4000 ---p 00011000 fe:01 843703                     /usr/lib64/libdrm.so.2.4.0
7f58952a4000-7f58952a5000 r--p 00010000 fe:01 843703                     /usr/lib64/libdrm.so.2.4.0
7f58952a5000-7f58952a6000 rw-p 00011000 fe:01 843703                     /usr/lib64/libdrm.so.2.4.0
7f58952a6000-7f58952aa000 r-xp 00000000 fe:01 765863                     /usr/lib64/libxcb-dri2.so.0.0.0
7f58952aa000-7f58954a9000 ---p 00004000 fe:01 765863                     /usr/lib64/libxcb-dri2.so.0.0.0
7f58954a9000-7f58954aa000 r--p 00003000 fe:01 765863                     /usr/lib64/libxcb-dri2.so.0.0.0
7f58954aa000-7f58954ab000 rw-p 00004000 fe:01 765863                     /usr/lib64/libxcb-dri2.so.0.0.0
7f58954ab000-7f58954c4000 r-xp 00000000 fe:01 765819                     /usr/lib64/libxcb-glx.so.0.0.0
7f58954c4000-7f58956c4000 ---p 00019000 fe:01 765819                     /usr/lib64/libxcb-glx.so.0.0.0
7f58956c4000-7f58956c6000 r--p 00019000 fe:01 765819                     /usr/lib64/libxcb-glx.so.0.0.0
7f58956c6000-7f58956c7000 rw-p 0001b000 fe:01 765819                     /usr/lib64/libxcb-glx.so.0.0.0
7f58956c7000-7f58956c8000 r-xp 00000000 fe:01 53990                      /usr/lib64/libX11-xcb.so.1.0.0
7f58956c8000-7f58958c7000 ---p 00001000 fe:01 53990                      /usr/lib64/libX11-xcb.so.1.0.0
7f58958c7000-7f58958c8000 r--p 00000000 fe:01 53990                      /usr/lib64/libX11-xcb.so.1.0.0
7f58958c8000-7f58958c9000 rw-p 00001000 fe:01 53990                      /usr/lib64/libX11-xcb.so.1.0.0
7f58958c9000-7f58958f5000 r-xp 00000000 fe:01 791508                     /usr/lib64/libglapi.so.0.0.0
7f58958f5000-7f5895af4000 ---p 0002c000 fe:01 791508                     /usr/lib64/libglapi.so.0.0.0
7f5895af4000-7f5895af8000 r--p 0002b000 fe:01 791508                     /usr/lib64/libglapi.so.0.0.0
7f5895af8000-7f5895af9000 rw-p 0002f000 fe:01 791508                     /usr/lib64/libglapi.so.0.0.0
7f5895af9000-7f5895afa000 rw-p 00000000 00:00 0 
7f5895afa000-7f5895afb000 r-xp 00000000 fe:01 918980                     /usr/lib64/libxshmfence.so.1.0.0
7f5895afb000-7f5895cfa000 ---p 00001000 fe:01 918980                     /usr/lib64/libxshmfence.so.1.0.0
7f5895cfa000-7f5895cfb000 r--p 00000000 fe:01 918980                     /usr/lib64/libxshmfence.so.1.0.0
7f5895cfb000-7f5895cfc000 rw-p 00001000 fe:01 918980                     /usr/lib64/libxshmfence.so.1.0.0
7f5895cfc000-7f5895d02000 r-xp 00000000 fe:01 765912                     /usr/lib64/libxcb-sync.so.1.0.0
7f5895d02000-7f5895f01000 ---p 00006000 fe:01 765912                     /usr/lib64/libxcb-sync.so.1.0.0
7f5895f01000-7f5895f02000 r--p 00005000 fe:01 765912                     /usr/lib64/libxcb-sync.so.1.0.0
7f5895f02000-7f5895f03000 rw-p 00006000 fe:01 765912                     /usr/lib64/libxcb-sync.so.1.0.0
7f5895f03000-7f5895f05000 r-xp 00000000 fe:01 765882                     /usr/lib64/libxcb-present.so.0.0.0
7f5895f05000-7f5896104000 ---p 00002000 fe:01 765882                     /usr/lib64/libxcb-present.so.0.0.0
7f5896104000-7f5896105000 r--p 00001000 fe:01 765882                     /usr/lib64/libxcb-present.so.0.0.0
7f5896105000-7f5896106000 rw-p 00002000 fe:01 765882                     /usr/lib64/libxcb-present.so.0.0.0
7f5896106000-7f589610d000 r-xp 00000000 fe:01 765922                     /usr/lib64/libxcb-xfixes.so.0.0.0
7f589610d000-7f589630c000 ---p 00007000 fe:01 765922                     /usr/lib64/libxcb-xfixes.so.0.0.0
7f589630c000-7f589630d000 r--p 00006000 fe:01 765922                     /usr/lib64/libxcb-xfixes.so.0.0.0
7f589630d000-7f589630e000 rw-p 00007000 fe:01 765922                     /usr/lib64/libxcb-xfixes.so.0.0.0
7f589630e000-7f5896310000 r-xp 00000000 fe:01 765814                     /usr/lib64/libxcb-dri3.so.0.0.0
7f5896310000-7f589650f000 ---p 00002000 fe:01 765814                     /usr/lib64/libxcb-dri3.so.0.0.0
7f589650f000-7f5896510000 r--p 00001000 fe:01 765814                     /usr/lib64/libxcb-dri3.so.0.0.0
7f5896510000-7f5896511000 rw-p 00002000 fe:01 765814                     /usr/lib64/libxcb-dri3.so.0.0.0
7f5896511000-7f5896582000 r-xp 00000000 fe:01 920752                     /lib64/libpcre.so.1.2.9
7f5896582000-7f5896781000 ---p 00071000 fe:01 920752                     /lib64/libpcre.so.1.2.9
7f5896781000-7f5896782000 r--p 00070000 fe:01 920752                     /lib64/libpcre.so.1.2.9
7f5896782000-7f5896783000 rw-p 00071000 fe:01 920752                     /lib64/libpcre.so.1.2.9
7f5896783000-7f589678a000 r-xp 00000000 fe:01 49617                      /usr/lib64/libffi.so.6.0.4
7f589678a000-7f589698a000 ---p 00007000 fe:01 49617                      /usr/lib64/libffi.so.6.0.4
7f589698a000-7f589698b000 r--p 00007000 fe:01 49617                      /usr/lib64/libffi.so.6.0.4
7f589698b000-7f589698c000 rw-p 00008000 fe:01 49617                      /usr/lib64/libffi.so.6.0.4
7f589698c000-7f58969b3000 r-xp 00000000 fe:01 49184                      /usr/lib64/libexpat.so.1.6.7
7f58969b3000-7f5896bb3000 ---p 00027000 fe:01 49184                      /usr/lib64/libexpat.so.1.6.7
7f5896bb3000-7f5896bb5000 r--p 00027000 fe:01 49184                      /usr/lib64/libexpat.so.1.6.7
7f5896bb5000-7f5896bb6000 rw-p 00029000 fe:01 49184                      /usr/lib64/libexpat.so.1.6.7
7f5896bb6000-7f5896bc5000 r-xp 00000000 fe:01 480410                     /lib64/libbz2.so.1.0.6
7f5896bc5000-7f5896dc5000 ---p 0000f000 fe:01 480410                     /lib64/libbz2.so.1.0.6
7f5896dc5000-7f5896dc6000 r--p 0000f000 fe:01 480410                     /lib64/libbz2.so.1.0.6
7f5896dc6000-7f5896dc7000 rw-p 00010000 fe:01 480410                     /lib64/libbz2.so.1.0.6
7f5896dc7000-7f5896dd4000 r-xp 00000000 fe:01 765877                     /usr/lib64/libxcb-render.so.0.0.0
7f5896dd4000-7f5896fd3000 ---p 0000d000 fe:01 765877                     /usr/lib64/libxcb-render.so.0.0.0
7f5896fd3000-7f5896fd4000 r--p 0000c000 fe:01 765877                     /usr/lib64/libxcb-render.so.0.0.0
7f5896fd4000-7f5896fd5000 rw-p 0000d000 fe:01 765877                     /usr/lib64/libxcb-render.so.0.0.0
7f5896fd5000-7f5896ffd000 r-xp 00000000 fe:01 765809                     /usr/lib64/libxcb.so.1.1.0
7f5896ffd000-7f58971fc000 ---p 00028000 fe:01 765809                     /usr/lib64/libxcb.so.1.1.0
7f58971fc000-7f58971fd000 r--p 00027000 fe:01 765809                     /usr/lib64/libxcb.so.1.1.0
7f58971fd000-7f58971fe000 rw-p 00028000 fe:01 765809                     /usr/lib64/libxcb.so.1.1.0
7f58971fe000-7f5897200000 r-xp 00000000 fe:01 765907                     /usr/lib64/libxcb-shm.so.0.0.0
7f5897200000-7f5897400000 ---p 00002000 fe:01 765907                     /usr/lib64/libxcb-shm.so.0.0.0
7f5897400000-7f5897401000 r--p 00002000 fe:01 765907                     /usr/lib64/libxcb-shm.so.0.0.0
7f5897401000-7f5897402000 rw-p 00003000 fe:01 765907                     /usr/lib64/libxcb-shm.so.0.0.0
7f5897402000-7f5897436000 r-xp 00000000 fe:01 171148                     /usr/lib64/libpng16.so.16.29.0
7f5897436000-7f5897635000 ---p 00034000 fe:01 171148                     /usr/lib64/libpng16.so.16.29.0
7f5897635000-7f5897636000 r--p 00033000 fe:01 171148                     /usr/lib64/libpng16.so.16.29.0
7f5897636000-7f5897637000 rw-p 00034000 fe:01 171148                     /usr/lib64/libpng16.so.16.29.0
7f5897637000-7f589766d000 r-xp 00000000 fe:01 791549                     /usr/lib64/libEGL.so.1.0.0
7f589766d000-7f589786c000 ---p 00036000 fe:01 791549                     /usr/lib64/libEGL.so.1.0.0
7f589786c000-7f589786e000 r--p 00035000 fe:01 791549                     /usr/lib64/libEGL.so.1.0.0
7f589786e000-7f589786f000 rw-p 00037000 fe:01 791549                     /usr/lib64/libEGL.so.1.0.0
7f589786f000-7f5897906000 r-xp 00000000 fe:01 710732                     /usr/lib64/libpixman-1.so.0.34.0
7f5897906000-7f5897b05000 ---p 00097000 fe:01 710732                     /usr/lib64/libpixman-1.so.0.34.0
7f5897b05000-7f5897b0d000 r--p 00096000 fe:01 710732                     /usr/lib64/libpixman-1.so.0.34.0
7f5897b0d000-7f5897b0e000 rw-p 0009e000 fe:01 710732                     /usr/lib64/libpixman-1.so.0.34.0
7f5897b0e000-7f5897ba9000 r-xp 00000000 fe:01 841776                     /usr/lib64/libharfbuzz.so.0.10702.0
7f5897ba9000-7f5897da9000 ---p 0009b000 fe:01 841776                     /usr/lib64/libharfbuzz.so.0.10702.0
7f5897da9000-7f5897daa000 r--p 0009b000 fe:01 841776                     /usr/lib64/libharfbuzz.so.0.10702.0
7f5897daa000-7f5897dab000 rw-p 0009c000 fe:01 841776                     /usr/lib64/libharfbuzz.so.0.10702.0
7f5897dab000-7f5897dfb000 r-xp 00000000 fe:01 982959                     /lib64/libmount.so.1.1.0
7f5897dfb000-7f5897ffb000 ---p 00050000 fe:01 982959                     /lib64/libmount.so.1.1.0
7f5897ffb000-7f5897ffd000 r--p 00050000 fe:01 982959                     /lib64/libmount.so.1.1.0
7f5897ffd000-7f5897ffe000 rw-p 00052000 fe:01 982959                     /lib64/libmount.so.1.1.0
7f5897ffe000-7f5898000000 rw-p 00000000 00:00 0 
7f5898000000-7f5898021000 rw-p 00000000 00:00 0 
7f5898021000-7f589c000000 ---p 00000000 00:00 0 
7f589c000000-7f589c021000 rw-p 00000000 00:00 0 
7f589c021000-7f58a0000000 ---p 00000000 00:00 0 
7f58a0000000-7f58a048e000 rw-p 00000000 00:00 0 
7f58a048e000-7f58a4000000 ---p 00000000 00:00 0 
7f58a4000000-7f58a448d000 rw-p 00000000 00:00 0 
7f58a448d000-7f58a8000000 ---p 00000000 00:00 0 
7f58a8000000-7f58a82d0000 rw-p 00000000 00:00 0 
7f58a82d0000-7f58ac000000 ---p 00000000 00:00 0 
7f58ac000000-7f58ac3e4000 rw-p 00000000 00:00 0 
7f58ac3e4000-7f58b0000000 ---p 00000000 00:00 0 
7f58b0000000-7f58b0021000 rw-p 00000000 00:00 0 
7f58b0021000-7f58b4000000 ---p 00000000 00:00 0 
7f58b4000000-7f58b4004000 rw-s 00000000 00:05 5193209                    /drm mm object (deleted)
7f58b4004000-7f58b4009000 rw-s 00000000 00:05 5193208                    /drm mm object (deleted)
7f58b4009000-7f58b401c000 r--p 00000000 fe:01 938589                     /opt/oracle-jdk-bin-1.8.0.162/jre/lib/fonts/LucidaBrightDemiBold.ttf
7f58b401c000-7f58b4030000 r--p 00000000 fe:01 938579                     /opt/oracle-jdk-bin-1.8.0.162/jre/lib/fonts/LucidaBrightItalic.ttf
7f58b4030000-7f58b4035000 r--s 00084000 fe:01 938565                     /opt/oracle-jdk-bin-1.8.0.162/jre/lib/jfr.jar
7f58b4035000-7f58b403a000 r--s 0009d000 fe:01 939137                     /opt/oracle-jdk-bin-1.8.0.162/jre/lib/jsse.jar
7f58b403a000-7f58b403d000 r--s 00000000 fe:01 695174                     /var/cache/fontconfig/0b1bcc92b4d25cc154d77dafe3bceaa0-le64.cache-7
7f58b403d000-7f58b4041000 r--s 00000000 fe:01 695171                     /var/cache/fontconfig/6d2376a383715d59725915647ddb0428-le64.cache-7
7f58b4041000-7f58b404c000 r--s 00000000 fe:01 695169                     /var/cache/fontconfig/acc285bc1956c3c4bc7afb41d537a85a-le64.cache-7
7f58b404c000-7f58b4052000 r--s 00000000 fe:01 695168                     /var/cache/fontconfig/4460665c0f3e88acdd4c85aa2f409b99-le64.cache-7
7f58b4052000-7f58b405e000 r--s 00000000 fe:01 695167                     /var/cache/fontconfig/a0663135713e7191a842fe22e0157189-le64.cache-7
7f58b405e000-7f58b4070000 r--s 00000000 fe:01 695165                     /var/cache/fontconfig/f2e43df3287529323e79e7929dc44cc9-le64.cache-7
7f58b4070000-7f58b4073000 ---p 00000000 00:00 0 
7f58b4073000-7f58b4171000 rw-p 00000000 00:00 0 
7f58b4171000-7f58b4184000 r-xp 00000000 fe:01 417827                     /lib64/libresolv-2.25.so
7f58b4184000-7f58b4384000 ---p 00013000 fe:01 417827                     /lib64/libresolv-2.25.so
7f58b4384000-7f58b4385000 r--p 00013000 fe:01 417827                     /lib64/libresolv-2.25.so
7f58b4385000-7f58b4386000 rw-p 00014000 fe:01 417827                     /lib64/libresolv-2.25.so
7f58b4386000-7f58b4388000 rw-p 00000000 00:00 0 
7f58b4388000-7f58b439e000 r-xp 00000000 fe:01 49105                      /lib64/libz.so.1.2.11
7f58b439e000-7f58b459d000 ---p 00016000 fe:01 49105                      /lib64/libz.so.1.2.11
7f58b459d000-7f58b459e000 r--p 00015000 fe:01 49105                      /lib64/libz.so.1.2.11
7f58b459e000-7f58b459f000 rw-p 00016000 fe:01 49105                      /lib64/libz.so.1.2.11
7f58b459f000-7f58b45b0000 r-xp 00000000 fe:01 167633                     /usr/lib64/libXext.so.6.4.0
7f58b45b0000-7f58b47af000 ---p 00011000 fe:01 167633                     /usr/lib64/libXext.so.6.4.0
7f58b47af000-7f58b47b0000 r--p 00010000 fe:01 167633                     /usr/lib64/libXext.so.6.4.0
7f58b47b0000-7f58b47b1000 rw-p 00011000 fe:01 167633                     /usr/lib64/libXext.so.6.4.0
7f58b47b1000-7f58b47b3000 r-xp 00000000 fe:01 167360                     /usr/lib64/libXdamage.so.1.1.0
7f58b47b3000-7f58b49b2000 ---p 00002000 fe:01 167360                     /usr/lib64/libXdamage.so.1.1.0
7f58b49b2000-7f58b49b3000 r--p 00001000 fe:01 167360                     /usr/lib64/libXdamage.so.1.1.0
7f58b49b3000-7f58b49b4000 rw-p 00002000 fe:01 167360                     /usr/lib64/libXdamage.so.1.1.0
7f58b49b4000-7f58b49b6000 r-xp 00000000 fe:01 167425                     /usr/lib64/libXcomposite.so.1.0.0
7f58b49b6000-7f58b4bb5000 ---p 00002000 fe:01 167425                     /usr/lib64/libXcomposite.so.1.0.0
7f58b4bb5000-7f58b4bb6000 r--p 00001000 fe:01 167425                     /usr/lib64/libXcomposite.so.1.0.0
7f58b4bb6000-7f58b4bb7000 rw-p 00002000 fe:01 167425                     /usr/lib64/libXcomposite.so.1.0.0
7f58b4bb7000-7f58b4bc1000 r-xp 00000000 fe:01 167439                     /usr/lib64/libXcursor.so.1.0.2
7f58b4bc1000-7f58b4dc0000 ---p 0000a000 fe:01 167439                     /usr/lib64/libXcursor.so.1.0.2
7f58b4dc0000-7f58b4dc1000 r--p 00009000 fe:01 167439                     /usr/lib64/libXcursor.so.1.0.2
7f58b4dc1000-7f58b4dc2000 rw-p 0000a000 fe:01 167439                     /usr/lib64/libXcursor.so.1.0.2
7f58b4dc2000-7f58b4dcc000 r-xp 00000000 fe:01 167398                     /usr/lib64/libXrandr.so.2.2.0
7f58b4dcc000-7f58b4fcb000 ---p 0000a000 fe:01 167398                     /usr/lib64/libXrandr.so.2.2.0
7f58b4fcb000-7f58b4fcc000 r--p 00009000 fe:01 167398                     /usr/lib64/libXrandr.so.2.2.0
7f58b4fcc000-7f58b4fcd000 rw-p 0000a000 fe:01 167398                     /usr/lib64/libXrandr.so.2.2.0
7f58b4fcd000-7f58b4fdc000 r-xp 00000000 fe:01 168023                     /usr/lib64/libXi.so.6.1.0
7f58b4fdc000-7f58b51db000 ---p 0000f000 fe:01 168023                     /usr/lib64/libXi.so.6.1.0
7f58b51db000-7f58b51dc000 r--p 0000e000 fe:01 168023                     /usr/lib64/libXi.so.6.1.0
7f58b51dc000-7f58b51dd000 rw-p 0000f000 fe:01 168023                     /usr/lib64/libXi.so.6.1.0
7f58b51dd000-7f58b51e6000 r-xp 00000000 fe:01 167246                     /usr/lib64/libXrender.so.1.3.0
7f58b51e6000-7f58b53e5000 ---p 00009000 fe:01 167246                     /usr/lib64/libXrender.so.1.3.0
7f58b53e5000-7f58b53e6000 r--p 00008000 fe:01 167246                     /usr/lib64/libXrender.so.1.3.0
7f58b53e6000-7f58b53e7000 rw-p 00009000 fe:01 167246                     /usr/lib64/libXrender.so.1.3.0
7f58b53e7000-7f58bc000000 r--p 00000000 fe:01 791694                     /usr/lib64/locale/locale-archive
7f58bc000000-7f58bc021000 rw-p 00000000 00:00 0 
7f58bc021000-7f58c0000000 ---p 00000000 00:00 0 
7f58c0000000-7f58c0021000 rw-p 00000000 00:00 0 
7f58c0021000-7f58c4000000 ---p 00000000 00:00 0 
7f58c4000000-7f58c4021000 rw-p 00000000 00:00 0 
7f58c4021000-7f58c8000000 ---p 00000000 00:00 0 
7f58c8000000-7f58c8001000 rw-s 00000000 00:05 5189537                    /drm mm object (deleted)
7f58c8001000-7f58c8002000 r--s 00000000 fe:01 695166                     /var/cache/fontconfig/25555864a5ce4c4354a06a3e87d97c32-le64.cache-7
7f58c8002000-7f58c8044000 r--s 00000000 fe:01 695164                     /var/cache/fontconfig/923e285e415b1073c8df160bee08820f-le64.cache-7
7f58c8044000-7f58c805b000 r--s 00000000 fe:01 695162                     /var/cache/fontconfig/8d4af663993b81a124ee82e610bb31f9-le64.cache-7
7f58c805b000-7f58c805d000 r--s 00000000 fe:01 695161                     /var/cache/fontconfig/19fedb3e2210915f7a739b6fd7a52ad4-le64.cache-7
7f58c805d000-7f58c8060000 r--s 00000000 fe:01 695160                     /var/cache/fontconfig/019629eead7fd8624feacc17e1c76e56-le64.cache-7
7f58c8060000-7f58c806b000 r--s 00000000 fe:01 695157                     /var/cache/fontconfig/12b26b760a24f8b4feb03ad48a333a72-le64.cache-7
7f58c806b000-7f58c8070000 r--s 00000000 fe:01 695152                     /var/cache/fontconfig/1649608eb9b8f94c6b3224be69857e3b-le64.cache-7
7f58c8070000-7f58c8079000 r--s 00000000 fe:01 695146                     /var/cache/fontconfig/df311e82a1a24c41a75c2c930223552e-le64.cache-7
7f58c8079000-7f58c807c000 ---p 00000000 00:00 0 
7f58c807c000-7f58c817a000 rw-p 00000000 00:00 0 
7f58c817a000-7f58c817f000 r-xp 00000000 fe:01 167055                     /usr/lib64/libXfixes.so.3.1.0
7f58c817f000-7f58c837e000 ---p 00005000 fe:01 167055                     /usr/lib64/libXfixes.so.3.1.0
7f58c837e000-7f58c837f000 r--p 00004000 fe:01 167055                     /usr/lib64/libXfixes.so.3.1.0
7f58c837f000-7f58c8380000 rw-p 00005000 fe:01 167055                     /usr/lib64/libXfixes.so.3.1.0
7f58c8380000-7f58d0000000 rw-p 00000000 00:00 0 
7f58d0000000-7f58d0021000 rw-p 00000000 00:00 0 
7f58d0021000-7f58d4000000 ---p 00000000 00:00 0 
7f58d4000000-7f58d4021000 rw-p 00000000 00:00 0 
7f58d4021000-7f58d8000000 ---p 00000000 00:00 0 
7f58d8000000-7f58d8021000 rw-p 00000000 00:00 0 
7f58d8021000-7f58dc000000 ---p 00000000 00:00 0 
7f58dc000000-7f58dc021000 rw-p 00000000 00:00 0 
7f58dc021000-7f58e0000000 ---p 00000000 00:00 0 
7f58e0000000-7f58e0021000 rw-p 00000000 00:00 0 
7f58e0021000-7f58e4000000 ---p 00000000 00:00 0 
7f58e4000000-7f58e4002000 r--s 00000000 fe:01 695150                     /var/cache/fontconfig/6ba42ae0000f58711b5caaf10d690066-le64.cache-7
7f58e4002000-7f58e4005000 ---p 00000000 00:00 0 
7f58e4005000-7f58e4103000 rw-p 00000000 00:00 0 
7f58e4103000-7f58e4118000 r-xp 00000000 fe:01 795847                     /usr/lib64/gcc/x86_64-pc-linux-gnu/6.4.0/libgcc_s.so.1
7f58e4118000-7f58e4317000 ---p 00015000 fe:01 795847                     /usr/lib64/gcc/x86_64-pc-linux-gnu/6.4.0/libgcc_s.so.1
7f58e4317000-7f58e4318000 r--p 00014000 fe:01 795847                     /usr/lib64/gcc/x86_64-pc-linux-gnu/6.4.0/libgcc_s.so.1
7f58e4318000-7f58e4319000 rw-p 00015000 fe:01 795847                     /usr/lib64/gcc/x86_64-pc-linux-gnu/6.4.0/libgcc_s.so.1
7f58e4319000-7f58e4505000 r-xp 00000000 fe:01 796245                     /usr/lib64/gcc/x86_64-pc-linux-gnu/6.4.0/libstdc++.so.6.0.22
7f58e4505000-7f58e4704000 ---p 001ec000 fe:01 796245                     /usr/lib64/gcc/x86_64-pc-linux-gnu/6.4.0/libstdc++.so.6.0.22
7f58e4704000-7f58e4711000 r--p 001eb000 fe:01 796245                     /usr/lib64/gcc/x86_64-pc-linux-gnu/6.4.0/libstdc++.so.6.0.22
7f58e4711000-7f58e4715000 rw-p 001f8000 fe:01 796245                     /usr/lib64/gcc/x86_64-pc-linux-gnu/6.4.0/libstdc++.so.6.0.22
7f58e4715000-7f58e4718000 rw-p 00000000 00:00 0 
7f58e4718000-7f58e4787000 r-xp 00000000 fe:01 791548                     /usr/lib64/libGL.so.1.2.0
7f58e4787000-7f58e4986000 ---p 0006f000 fe:01 791548                     /usr/lib64/libGL.so.1.2.0
7f58e4986000-7f58e4989000 r--p 0006e000 fe:01 791548                     /usr/lib64/libGL.so.1.2.0
7f58e4989000-7f58e498a000 rw-p 00071000 fe:01 791548                     /usr/lib64/libGL.so.1.2.0
7f58e498a000-7f58e498b000 rw-p 00000000 00:00 0 
7f58e498b000-7f58e4990000 r-xp 00000000 fe:01 167540                     /usr/lib64/libXxf86vm.so.1.0.0
7f58e4990000-7f58e4b8f000 ---p 00005000 fe:01 167540                     /usr/lib64/libXxf86vm.so.1.0.0
7f58e4b8f000-7f58e4b90000 r--p 00004000 fe:01 167540                     /usr/lib64/libXxf86vm.so.1.0.0
7f58e4b90000-7f58e4b91000 rw-p 00005000 fe:01 167540                     /usr/lib64/libXxf86vm.so.1.0.0
7f58e4b91000-7f58e4cc8000 r-xp 00000000 fe:01 53971                      /usr/lib64/libX11.so.6.3.0
7f58e4cc8000-7f58e4ec8000 ---p 00137000 fe:01 53971                      /usr/lib64/libX11.so.6.3.0
7f58e4ec8000-7f58e4ec9000 r--p 00137000 fe:01 53971                      /usr/lib64/libX11.so.6.3.0
7f58e4ec9000-7f58e4ece000 rw-p 00138000 fe:01 53971                      /usr/lib64/libX11.so.6.3.0
7f58e4ece000-7f58e4ed3000 r-xp 00000000 fe:01 706443                     /usr/lib64/libXtst.so.6.1.0
7f58e4ed3000-7f58e50d2000 ---p 00005000 fe:01 706443                     /usr/lib64/libXtst.so.6.1.0
7f58e50d2000-7f58e50d3000 r--p 00004000 fe:01 706443                     /usr/lib64/libXtst.so.6.1.0
7f58e50d3000-7f58e50d4000 rw-p 00005000 fe:01 706443                     /usr/lib64/libXtst.so.6.1.0
7f58e50d4000-7f58e51e5000 r-xp 00000000 fe:01 1073213                    /usr/lib64/libglib-2.0.so.0.5200.3
7f58e51e5000-7f58e53e4000 ---p 00111000 fe:01 1073213                    /usr/lib64/libglib-2.0.so.0.5200.3
7f58e53e4000-7f58e53e5000 r--p 00110000 fe:01 1073213                    /usr/lib64/libglib-2.0.so.0.5200.3
7f58e53e5000-7f58e53e6000 rw-p 00111000 fe:01 1073213                    /usr/lib64/libglib-2.0.so.0.5200.3
7f58e53e6000-7f58e53e7000 rw-p 00000000 00:00 0 
7f58e53e7000-7f58e53e8000 r-xp 00000000 fe:01 1073304                    /usr/lib64/libgthread-2.0.so.0.5200.3
7f58e53e8000-7f58e55e7000 ---p 00001000 fe:01 1073304                    /usr/lib64/libgthread-2.0.so.0.5200.3
7f58e55e7000-7f58e55e8000 r--p 00000000 fe:01 1073304                    /usr/lib64/libgthread-2.0.so.0.5200.3
7f58e55e8000-7f58e55e9000 rw-p 00001000 fe:01 1073304                    /usr/lib64/libgthread-2.0.so.0.5200.3
7f58e55e9000-7f58e55ec000 r-xp 00000000 fe:01 1073219                    /usr/lib64/libgmodule-2.0.so.0.5200.3
7f58e55ec000-7f58e57eb000 ---p 00003000 fe:01 1073219                    /usr/lib64/libgmodule-2.0.so.0.5200.3
7f58e57eb000-7f58e57ec000 r--p 00002000 fe:01 1073219                    /usr/lib64/libgmodule-2.0.so.0.5200.3
7f58e57ec000-7f58e57ed000 rw-p 00003000 fe:01 1073219                    /usr/lib64/libgmodule-2.0.so.0.5200.3
7f58e57ed000-7f58e583f000 r-xp 00000000 fe:01 1073305                    /usr/lib64/libgobject-2.0.so.0.5200.3
7f58e583f000-7f58e5a3e000 ---p 00052000 fe:01 1073305                    /usr/lib64/libgobject-2.0.so.0.5200.3
7f58e5a3e000-7f58e5a3f000 r--p 00051000 fe:01 1073305                    /usr/lib64/libgobject-2.0.so.0.5200.3
7f58e5a3f000-7f58e5a40000 rw-p 00052000 fe:01 1073305                    /usr/lib64/libgobject-2.0.so.0.5200.3
7f58e5a40000-7f58e5a7f000 r-xp 00000000 fe:01 841248                     /usr/lib64/libfontconfig.so.1.10.1
7f58e5a7f000-7f58e5c7e000 ---p 0003f000 fe:01 841248                     /usr/lib64/libfontconfig.so.1.10.1
7f58e5c7e000-7f58e5c80000 r--p 0003e000 fe:01 841248                     /usr/lib64/libfontconfig.so.1.10.1
7f58e5c80000-7f58e5c85000 rw-p 00040000 fe:01 841248                     /usr/lib64/libfontconfig.so.1.10.1
7f58e5c85000-7f58e5d42000 r-xp 00000000 fe:01 166697                     /usr/lib64/libfreetype.so.6.14.0
7f58e5d42000-7f58e5f42000 ---p 000bd000 fe:01 166697                     /usr/lib64/libfreetype.so.6.14.0
7f58e5f42000-7f58e5f49000 r--p 000bd000 fe:01 166697                     /usr/lib64/libfreetype.so.6.14.0
7f58e5f49000-7f58e5f4a000 rw-p 000c4000 fe:01 166697                     /usr/lib64/libfreetype.so.6.14.0
7f58e5f4a000-7f58e5f95000 r-xp 00000000 fe:01 848061                     /usr/lib64/libpango-1.0.so.0.4000.14
7f58e5f95000-7f58e6195000 ---p 0004b000 fe:01 848061                     /usr/lib64/libpango-1.0.so.0.4000.14
7f58e6195000-7f58e6197000 r--p 0004b000 fe:01 848061                     /usr/lib64/libpango-1.0.so.0.4000.14
7f58e6197000-7f58e6198000 rw-p 0004d000 fe:01 848061                     /usr/lib64/libpango-1.0.so.0.4000.14
7f58e6198000-7f58e62bb000 r-xp 00000000 fe:01 776088                     /usr/lib64/libcairo.so.2.11400.12
7f58e62bb000-7f58e64ba000 ---p 00123000 fe:01 776088                     /usr/lib64/libcairo.so.2.11400.12
7f58e64ba000-7f58e64bd000 r--p 00122000 fe:01 776088                     /usr/lib64/libcairo.so.2.11400.12
7f58e64bd000-7f58e64bf000 rw-p 00125000 fe:01 776088                     /usr/lib64/libcairo.so.2.11400.12
7f58e64bf000-7f58e64c0000 rw-p 00000000 00:00 0 
7f58e64c0000-7f58e64cc000 r-xp 00000000 fe:01 848062                     /usr/lib64/libpangocairo-1.0.so.0.4000.14
7f58e64cc000-7f58e66cb000 ---p 0000c000 fe:01 848062                     /usr/lib64/libpangocairo-1.0.so.0.4000.14
7f58e66cb000-7f58e66cc000 r--p 0000b000 fe:01 848062                     /usr/lib64/libpangocairo-1.0.so.0.4000.14
7f58e66cc000-7f58e66cd000 rw-p 0000c000 fe:01 848062                     /usr/lib64/libpangocairo-1.0.so.0.4000.14
7f58e66cd000-7f58e66f0000 r-xp 00000000 fe:01 657025                     /usr/lib64/libgdk_pixbuf-2.0.so.0.3611.0
7f58e66f0000-7f58e68ef000 ---p 00023000 fe:01 657025                     /usr/lib64/libgdk_pixbuf-2.0.so.0.3611.0
7f58e68ef000-7f58e68f0000 r--p 00022000 fe:01 657025                     /usr/lib64/libgdk_pixbuf-2.0.so.0.3611.0
7f58e68f0000-7f58e68f1000 rw-p 00023000 fe:01 657025                     /usr/lib64/libgdk_pixbuf-2.0.so.0.3611.0
7f58e68f1000-7f58e6905000 r-xp 00000000 fe:01 848051                     /usr/lib64/libpangoft2-1.0.so.0.4000.14
7f58e6905000-7f58e6b04000 ---p 00014000 fe:01 848051                     /usr/lib64/libpangoft2-1.0.so.0.4000.14
7f58e6b04000-7f58e6b05000 r--p 00013000 fe:01 848051                     /usr/lib64/libpangoft2-1.0.so.0.4000.14
7f58e6b05000-7f58e6b06000 rw-p 00014000 fe:01 848051                     /usr/lib64/libpangoft2-1.0.so.0.4000.14
7f58e6b06000-7f58e6c96000 r-xp 00000000 fe:01 1073306                    /usr/lib64/libgio-2.0.so.0.5200.3
7f58e6c96000-7f58e6e96000 ---p 00190000 fe:01 1073306                    /usr/lib64/libgio-2.0.so.0.5200.3
7f58e6e96000-7f58e6e9b000 r--p 00190000 fe:01 1073306                    /usr/lib64/libgio-2.0.so.0.5200.3
7f58e6e9b000-7f58e6e9d000 rw-p 00195000 fe:01 1073306                    /usr/lib64/libgio-2.0.so.0.5200.3
7f58e6e9d000-7f58e6e9f000 rw-p 00000000 00:00 0 
7f58e6e9f000-7f58e6ec2000 r-xp 00000000 fe:01 751145                     /usr/lib64/libatk-1.0.so.0.22409.1
7f58e6ec2000-7f58e70c1000 ---p 00023000 fe:01 751145                     /usr/lib64/libatk-1.0.so.0.22409.1
7f58e70c1000-7f58e70c4000 r--p 00022000 fe:01 751145                     /usr/lib64/libatk-1.0.so.0.22409.1
7f58e70c4000-7f58e70c5000 rw-p 00025000 fe:01 751145                     /usr/lib64/libatk-1.0.so.0.22409.1
7f58e70c5000-7f58e7175000 r-xp 00000000 fe:01 139436                     /usr/lib64/libgdk-x11-2.0.so.0.2400.31
7f58e7175000-7f58e7374000 ---p 000b0000 fe:01 139436                     /usr/lib64/libgdk-x11-2.0.so.0.2400.31
7f58e7374000-7f58e7378000 r--p 000af000 fe:01 139436                     /usr/lib64/libgdk-x11-2.0.so.0.2400.31
7f58e7378000-7f58e737a000 rw-p 000b3000 fe:01 139436                     /usr/lib64/libgdk-x11-2.0.so.0.2400.31
7f58e737a000-7f58e77ac000 r-xp 00000000 fe:01 139437                     /usr/lib64/libgtk-x11-2.0.so.0.2400.31
7f58e77ac000-7f58e79ab000 ---p 00432000 fe:01 139437                     /usr/lib64/libgtk-x11-2.0.so.0.2400.31
7f58e79ab000-7f58e79b2000 r--p 00431000 fe:01 139437                     /usr/lib64/libgtk-x11-2.0.so.0.2400.31
7f58e79b2000-7f58e79b6000 rw-p 00438000 fe:01 139437                     /usr/lib64/libgtk-x11-2.0.so.0.2400.31
7f58e79b6000-7f58e79b9000 rw-p 00000000 00:00 0 
7f58e79b9000-7f58e79ba000 r--s 00000000 fe:01 695163                     /var/cache/fontconfig/e7ea9e40c2cc607a8d34d89a9fc88e57-le64.cache-7
7f58e79ba000-7f58e79f0000 r--s 00000000 fe:02 11406661                   /home/aesophor/.cache/fontconfig/9085acacfd3ed2f69daa65cfe81525f4-le64.cache-7
7f58e79f0000-7f58e79fc000 r-xp 00000000 fe:01 940511                     /opt/oracle-jdk-bin-1.8.0.162/jre/lib/amd64/libprism_es2.so
7f58e79fc000-7f58e7bfb000 ---p 0000c000 fe:01 940511                     /opt/oracle-jdk-bin-1.8.0.162/jre/lib/amd64/libprism_es2.so
7f58e7bfb000-7f58e7bfc000 rw-p 0000b000 fe:01 940511                     /opt/oracle-jdk-bin-1.8.0.162/jre/lib/amd64/libprism_es2.so
7f58e7bfc000-7f58e7bff000 ---p 00000000 00:00 0 
7f58e7bff000-7f58e7cfd000 rw-p 00000000 00:00 0 
7f58e7cfd000-7f58e7cfe000 ---p 00000000 00:00 0 
7f58e7cfe000-7f58e7dfe000 rw-p 00000000 00:00 0 
7f58e7dfe000-7f58e7e01000 ---p 00000000 00:00 0 
7f58e7e01000-7f58e7eff000 rw-p 00000000 00:00 0 
7f58e7eff000-7f58e7f02000 ---p 00000000 00:00 0 
7f58e7f02000-7f58e8000000 rw-p 00000000 00:00 0 
7f58e8000000-7f58e8021000 rw-p 00000000 00:00 0 
7f58e8021000-7f58ec000000 ---p 00000000 00:00 0 
7f58ec000000-7f58ec021000 rw-p 00000000 00:00 0 
7f58ec021000-7f58f0000000 ---p 00000000 00:00 0 
7f58f0000000-7f58f0021000 rw-p 00000000 00:00 0 
7f58f0021000-7f58f4000000 ---p 00000000 00:00 0 
7f58f4000000-7f58f4001000 r--s 00000000 fe:01 695151                     /var/cache/fontconfig/82f0ed23f50806d756be74166fc21c9c-le64.cache-7
7f58f4001000-7f58f4005000 r--s 00000000 fe:01 695149                     /var/cache/fontconfig/f6b893a7224233d96cb72fd88691c0b4-le64.cache-7
7f58f4005000-7f58f400a000 rw-s 00000000 00:05 5190841                    /drm mm object (deleted)
7f58f400a000-7f58f400b000 rw-p 00000000 00:00 0 
7f58f400b000-7f58f400f000 rw-s 00000000 00:05 5190833                    /drm mm object (deleted)
7f58f400f000-7f58f403d000 r--s 00475000 fe:02 11665602                   /home/aesophor/Code/Java/NetBeansProjects/Hacklympics/Hacklympics/libs/terminalfx-1.0.5.jar
7f58f403d000-7f58f4052000 r--s 00237000 fe:02 11665599                   /home/aesophor/Code/Java/NetBeansProjects/Hacklympics/Hacklympics/libs/jfoenix-8.0.1.jar
7f58f4052000-7f58f40e8000 r--s 0110a000 fe:01 939165                     /opt/oracle-jdk-bin-1.8.0.162/jre/lib/ext/jfxrt.jar
7f58f40e8000-7f58f40eb000 ---p 00000000 00:00 0 
7f58f40eb000-7f58f41e9000 rw-p 00000000 00:00 0 
7f58f41e9000-7f58f41ec000 ---p 00000000 00:00 0 
7f58f41ec000-7f58f42ea000 rw-p 00000000 00:00 0 
7f58f42ea000-7f58f42ed000 ---p 00000000 00:00 0 
7f58f42ed000-7f58f43eb000 rw-p 00000000 00:00 0 
7f58f43eb000-7f58f43ee000 ---p 00000000 00:00 0 
7f58f43ee000-7f58f44ec000 rw-p 00000000 00:00 0 
7f58f44ec000-7f58f44ef000 ---p 00000000 00:00 0 
7f58f44ef000-7f58f45ed000 rw-p 00000000 00:00 0 
7f58f45ed000-7f58f45f0000 ---p 00000000 00:00 0 
7f58f45f0000-7f58f46ee000 rw-p 00000000 00:00 0 
7f58f46ee000-7f58f46ef000 ---p 00000000 00:00 0 
7f58f46ef000-7f58f6482000 rw-p 00000000 00:00 0 
7f58f6482000-7f58f665c000 r--s 03d64000 fe:01 940577                     /opt/oracle-jdk-bin-1.8.0.162/jre/lib/rt.jar
7f58f665c000-7f58f7624000 rw-p 00000000 00:00 0 
7f58f7624000-7f58f7625000 ---p 00000000 00:00 0 
7f58f7625000-7f58f7725000 rw-p 00000000 00:00 0 
7f58f7725000-7f58f7726000 ---p 00000000 00:00 0 
7f58f7726000-7f58f7826000 rw-p 00000000 00:00 0 
7f58f7826000-7f58f7827000 ---p 00000000 00:00 0 
7f58f7827000-7f58f7927000 rw-p 00000000 00:00 0 
7f58f7927000-7f58f7928000 ---p 00000000 00:00 0 
7f58f7928000-7f58f7a28000 rw-p 00000000 00:00 0 
7f58f7a28000-7f58f7a29000 ---p 00000000 00:00 0 
7f58f7a29000-7f58f7b29000 rw-p 00000000 00:00 0 
7f58f7b29000-7f58f7b2a000 ---p 00000000 00:00 0 
7f58f7b2a000-7f58f7c2a000 rw-p 00000000 00:00 0 
7f58f7c2a000-7f58f7c2b000 ---p 00000000 00:00 0 
7f58f7c2b000-7f58f7d50000 rw-p 00000000 00:00 0 
7f58f7d50000-7f58f825b000 ---p 00000000 00:00 0 
7f58f825b000-7f58f8280000 rw-p 00000000 00:00 0 
7f58f8280000-7f58f878b000 ---p 00000000 00:00 0 
7f58f878b000-7f58f87b5000 rw-p 00000000 00:00 0 
7f58f87b5000-7f58f8a23000 ---p 00000000 00:00 0 
7f58f8a23000-7f58f8a4b000 rw-p 00000000 00:00 0 
7f58f8a4b000-7f58f8de4000 ---p 00000000 00:00 0 
7f58f8de4000-7f58f9794000 rwxp 00000000 00:00 0 
7f58f9794000-7f5907de4000 ---p 00000000 00:00 0 
7f5907de4000-7f5907dff000 r-xp 00000000 fe:01 940492                     /opt/oracle-jdk-bin-1.8.0.162/jre/lib/amd64/libzip.so
7f5907dff000-7f5907fff000 ---p 0001b000 fe:01 940492                     /opt/oracle-jdk-bin-1.8.0.162/jre/lib/amd64/libzip.so
7f5907fff000-7f5908000000 rw-p 0001b000 fe:01 940492                     /opt/oracle-jdk-bin-1.8.0.162/jre/lib/amd64/libzip.so
7f5908000000-7f5908497000 rw-p 00000000 00:00 0 
7f5908497000-7f590c000000 ---p 00000000 00:00 0 
7f590c000000-7f590c005000 rw-s 00000000 00:05 5190829                    /drm mm object (deleted)
7f590c005000-7f590c00a000 rw-s 00000000 00:05 5189944                    /drm mm object (deleted)
7f590c00a000-7f590c080000 rw-p 00000000 00:00 0 
7f590c080000-7f590c081000 ---p 00000000 00:00 0 
7f590c081000-7f590c181000 rw-p 00000000 00:00 0 
7f590c181000-7f590c18c000 r-xp 00000000 fe:01 417840                     /lib64/libnss_files-2.25.so
7f590c18c000-7f590c38b000 ---p 0000b000 fe:01 417840                     /lib64/libnss_files-2.25.so
7f590c38b000-7f590c38c000 r--p 0000a000 fe:01 417840                     /lib64/libnss_files-2.25.so
7f590c38c000-7f590c38d000 rw-p 0000b000 fe:01 417840                     /lib64/libnss_files-2.25.so
7f590c38d000-7f590c398000 r-xp 00000000 fe:01 417845                     /lib64/libnss_nis-2.25.so
7f590c398000-7f590c597000 ---p 0000b000 fe:01 417845                     /lib64/libnss_nis-2.25.so
7f590c597000-7f590c598000 r--p 0000a000 fe:01 417845                     /lib64/libnss_nis-2.25.so
7f590c598000-7f590c599000 rw-p 0000b000 fe:01 417845                     /lib64/libnss_nis-2.25.so
7f590c599000-7f590c5af000 r-xp 00000000 fe:01 417819                     /lib64/libnsl-2.25.so
7f590c5af000-7f590c7ae000 ---p 00016000 fe:01 417819                     /lib64/libnsl-2.25.so
7f590c7ae000-7f590c7af000 r--p 00015000 fe:01 417819                     /lib64/libnsl-2.25.so
7f590c7af000-7f590c7b0000 rw-p 00016000 fe:01 417819                     /lib64/libnsl-2.25.so
7f590c7b0000-7f590c7b2000 rw-p 00000000 00:00 0 
7f590c7b2000-7f590c7b9000 r-xp 00000000 fe:01 417831                     /lib64/libnss_compat-2.25.so
7f590c7b9000-7f590c9b9000 ---p 00007000 fe:01 417831                     /lib64/libnss_compat-2.25.so
7f590c9b9000-7f590c9ba000 r--p 00007000 fe:01 417831                     /lib64/libnss_compat-2.25.so
7f590c9ba000-7f590c9bb000 rw-p 00008000 fe:01 417831                     /lib64/libnss_compat-2.25.so
7f590c9bb000-7f590c9e6000 r-xp 00000000 fe:01 940450                     /opt/oracle-jdk-bin-1.8.0.162/jre/lib/amd64/libjava.so
7f590c9e6000-7f590cbe5000 ---p 0002b000 fe:01 940450                     /opt/oracle-jdk-bin-1.8.0.162/jre/lib/amd64/libjava.so
7f590cbe5000-7f590cbe7000 rw-p 0002a000 fe:01 940450                     /opt/oracle-jdk-bin-1.8.0.162/jre/lib/amd64/libjava.so
7f590cbe7000-7f590cbf4000 r-xp 00000000 fe:01 940489                     /opt/oracle-jdk-bin-1.8.0.162/jre/lib/amd64/libverify.so
7f590cbf4000-7f590cdf4000 ---p 0000d000 fe:01 940489                     /opt/oracle-jdk-bin-1.8.0.162/jre/lib/amd64/libverify.so
7f590cdf4000-7f590cdf6000 rw-p 0000d000 fe:01 940489                     /opt/oracle-jdk-bin-1.8.0.162/jre/lib/amd64/libverify.so
7f590cdf6000-7f590cdfd000 r-xp 00000000 fe:01 417810                     /lib64/librt-2.25.so
7f590cdfd000-7f590cffc000 ---p 00007000 fe:01 417810                     /lib64/librt-2.25.so
7f590cffc000-7f590cffd000 r--p 00006000 fe:01 417810                     /lib64/librt-2.25.so
7f590cffd000-7f590cffe000 rw-p 00007000 fe:01 417810                     /lib64/librt-2.25.so
7f590cffe000-7f590d104000 r-xp 00000000 fe:01 417833                     /lib64/libm-2.25.so
7f590d104000-7f590d304000 ---p 00106000 fe:01 417833                     /lib64/libm-2.25.so
7f590d304000-7f590d305000 r--p 00106000 fe:01 417833                     /lib64/libm-2.25.so
7f590d305000-7f590d306000 rw-p 00107000 fe:01 417833                     /lib64/libm-2.25.so
7f590d306000-7f590dfdf000 r-xp 00000000 fe:01 940375                     /opt/oracle-jdk-bin-1.8.0.162/jre/lib/amd64/server/libjvm.so
7f590dfdf000-7f590e1de000 ---p 00cd9000 fe:01 940375                     /opt/oracle-jdk-bin-1.8.0.162/jre/lib/amd64/server/libjvm.so
7f590e1de000-7f590e2b8000 rw-p 00cd8000 fe:01 940375                     /opt/oracle-jdk-bin-1.8.0.162/jre/lib/amd64/server/libjvm.so
7f590e2b8000-7f590e303000 rw-p 00000000 00:00 0 
7f590e303000-7f590e4a9000 r-xp 00000000 fe:01 417825                     /lib64/libc-2.25.so
7f590e4a9000-7f590e6a8000 ---p 001a6000 fe:01 417825                     /lib64/libc-2.25.so
7f590e6a8000-7f590e6ac000 r--p 001a5000 fe:01 417825                     /lib64/libc-2.25.so
7f590e6ac000-7f590e6ae000 rw-p 001a9000 fe:01 417825                     /lib64/libc-2.25.so
7f590e6ae000-7f590e6b2000 rw-p 00000000 00:00 0 
7f590e6b2000-7f590e6b5000 r-xp 00000000 fe:01 417834                     /lib64/libdl-2.25.so
7f590e6b5000-7f590e8b4000 ---p 00003000 fe:01 417834                     /lib64/libdl-2.25.so
7f590e8b4000-7f590e8b5000 r--p 00002000 fe:01 417834                     /lib64/libdl-2.25.so
7f590e8b5000-7f590e8b6000 rw-p 00003000 fe:01 417834                     /lib64/libdl-2.25.so
7f590e8b6000-7f590e8cc000 r-xp 00000000 fe:01 951919                     /opt/oracle-jdk-bin-1.8.0.162/lib/amd64/jli/libjli.so
7f590e8cc000-7f590eacb000 ---p 00016000 fe:01 951919                     /opt/oracle-jdk-bin-1.8.0.162/lib/amd64/jli/libjli.so
7f590eacb000-7f590eacc000 rw-p 00015000 fe:01 951919                     /opt/oracle-jdk-bin-1.8.0.162/lib/amd64/jli/libjli.so
7f590eacc000-7f590eae6000 r-xp 00000000 fe:01 417822                     /lib64/libpthread-2.25.so
7f590eae6000-7f590ece6000 ---p 0001a000 fe:01 417822                     /lib64/libpthread-2.25.so
7f590ece6000-7f590ece7000 r--p 0001a000 fe:01 417822                     /lib64/libpthread-2.25.so
7f590ece7000-7f590ece8000 rw-p 0001b000 fe:01 417822                     /lib64/libpthread-2.25.so
7f590ece8000-7f590ecec000 rw-p 00000000 00:00 0 
7f590ecec000-7f590ed0f000 r-xp 00000000 fe:01 417836                     /lib64/ld-2.25.so
7f590ed0f000-7f590ed13000 rw-s 00000000 00:05 5190842                    /drm mm object (deleted)
7f590ed13000-7f590ed21000 r--s 000bf000 fe:02 1048679                    /home/aesophor/Code/Java/NetBeansProjects/Hacklympics/Hacklympics/libs/richtextfx-fat-0.9.0.jar
7f590ed21000-7f590ed23000 r--s 0008a000 fe:02 11666047                   /home/aesophor/Code/Java/NetBeansProjects/Hacklympics/Hacklympics/libs/fontawesomefx-8.9.jar
7f590ed23000-7f590ed24000 r--s 00014000 fe:02 11666046                   /home/aesophor/Code/Java/NetBeansProjects/Hacklympics/Hacklympics/libs/okio-1.14.0.jar
7f590ed24000-7f590ed29000 r--s 00060000 fe:02 11665724                   /home/aesophor/Code/Java/NetBeansProjects/Hacklympics/Hacklympics/libs/okhttp-3.10.0.jar
7f590ed29000-7f590edd2000 rw-p 00000000 00:00 0 
7f590edd2000-7f590edd5000 ---p 00000000 00:00 0 
7f590edd5000-7f590eed5000 rw-p 00000000 00:00 0 
7f590eed5000-7f590eeda000 r--s 00034000 fe:02 11665721                   /home/aesophor/Code/Java/NetBeansProjects/Hacklympics/Hacklympics/libs/gson-2.8.2.jar
7f590eeda000-7f590ef02000 rw-p 00000000 00:00 0 
7f590ef02000-7f590ef0a000 rw-s 00000000 00:24 5193195                    /tmp/hsperfdata_aesophor/23506
7f590ef0a000-7f590ef0b000 rw-p 00000000 00:00 0 
7f590ef0b000-7f590ef0c000 ---p 00000000 00:00 0 
7f590ef0c000-7f590ef0e000 rw-p 00000000 00:00 0 
7f590ef0e000-7f590ef0f000 r--p 00022000 fe:01 417836                     /lib64/ld-2.25.so
7f590ef0f000-7f590ef10000 rw-p 00023000 fe:01 417836                     /lib64/ld-2.25.so
7f590ef10000-7f590ef11000 rw-p 00000000 00:00 0 
7ffc6584a000-7ffc6586c000 rw-p 00000000 00:00 0                          [stack]
7ffc65971000-7ffc65973000 r--p 00000000 00:00 0                          [vvar]
7ffc65973000-7ffc65975000 r-xp 00000000 00:00 0                          [vdso]
ffffffffff600000-ffffffffff601000 r-xp 00000000 00:00 0                  [vsyscall]

VM Arguments:
jvm_args: -Dfile.encoding=UTF-8 
java_command: hacklympics.login.Main
java_class_path (initial): /home/aesophor/Code/Java/NetBeansProjects/Hacklympics/HacklympicsAPI/build/classes:/home/aesophor/Code/Java/NetBeansProjects/Hacklympics/Hacklympics/libs/gson-2.8.2.jar:/home/aesophor/Code/Java/NetBeansProjects/Hacklympics/Hacklympics/libs/okhttp-3.10.0.jar:/home/aesophor/Code/Java/NetBeansProjects/Hacklympics/Hacklympics/libs/okio-1.14.0.jar:/home/aesophor/Code/Java/NetBeansProjects/Hacklympics/Hacklympics/libs/jfoenix-8.0.1.jar:/home/aesophor/Code/Java/NetBeansProjects/Hacklympics/Hacklympics/libs/fontawesomefx-8.9.jar:/home/aesophor/Code/Java/NetBeansProjects/Hacklympics/Hacklympics/libs/terminalfx-1.0.5.jar:/home/aesophor/Code/Java/NetBeansProjects/Hacklympics/Hacklympics/libs/richtextfx-fat-0.9.0.jar:/home/aesophor/Code/Java/NetBeansProjects/Hacklympics/Hacklympics/build/classes
Launcher Type: SUN_STANDARD

Environment Variables:
JAVA_HOME=/etc/java-config-2/current-system-vm
PATH=/usr/x86_64-pc-linux-gnu/gcc-bin/6.4.0:/usr/lib/llvm/5/bin:/usr/local/bin:/usr/bin:/bin:/opt/bin:/home/aesophor/.local/bin/games:/home/aesophor/.local/bin/__pycache__:/home/aesophor/.local/bin/scripts:/home/aesophor/.local/bin/software:/home/aesophor/.local/bin/pip3.5:/home/aesophor/.local/bin/asm:/home/aesophor/.local/bin/bdflib-embolden:/home/aesophor/.local/bin/bdflib-fill:/home/aesophor/.local/bin/bdflib-merge:/home/aesophor/.local/bin/bdflib-passthrough:/home/aesophor/.local/bin/checksec:/home/aesophor/.local/bin/common:/home/aesophor/.local/bin/constgrep:/home/aesophor/.local/bin/cyclic:/home/aesophor/.local/bin/disasm:/home/aesophor/.local/bin/elfdiff:/home/aesophor/.local/bin/elfpatch:/home/aesophor/.local/bin/errno:/home/aesophor/.local/bin/hex:/home/aesophor/.local/bin/mako-render:/home/aesophor/.local/bin/phd:/home/aesophor/.local/bin/pip:/home/aesophor/.local/bin/pip3:/home/aesophor/.local/bin/pwnstrip:/home/aesophor/.local/bin/ROPgadget:/home/aesophor/.local/bin/scramble:/home/aesophor/.local/bin/shellcraft:/home/aesophor/.local/bin/tox:/home/aesophor/.local/bin/tox-quickstart:/home/aesophor/.local/bin/unhex:/home/aesophor/.local/bin/virtualenv:/home/aesophor/.local/bin/wheel:/home/aesophor/.local/bin/miniterm.py:/home/aesophor/.local/bin/miniterm.pyc
LD_LIBRARY_PATH=/opt/oracle-jdk-bin-1.8.0.162/jre/lib/amd64:/opt/oracle-jdk-bin-1.8.0.162/jre/lib/i386:
SHELL=/bin/zsh
DISPLAY=:0

Signal Handlers:
SIGSEGV: [libjvm.so+0xad03c0], sa_mask[0]=11111111011111111101111111111110, sa_flags=SA_RESTART|SA_SIGINFO
SIGBUS: [libjvm.so+0xad03c0], sa_mask[0]=11111111011111111101111111111110, sa_flags=SA_RESTART|SA_SIGINFO
SIGFPE: [libjvm.so+0x928210], sa_mask[0]=11111111011111111101111111111110, sa_flags=SA_RESTART|SA_SIGINFO
SIGPIPE: SIG_IGN, sa_mask[0]=00000000000010000000000000000000, sa_flags=SA_RESTART
SIGXFSZ: [libjvm.so+0x928210], sa_mask[0]=11111111011111111101111111111110, sa_flags=SA_RESTART|SA_SIGINFO
SIGILL: [libjvm.so+0x928210], sa_mask[0]=11111111011111111101111111111110, sa_flags=SA_RESTART|SA_SIGINFO
SIGUSR1: SIG_DFL, sa_mask[0]=00000000000000000000000000000000, sa_flags=none
SIGUSR2: [libjfxwebkit.so+0x13c2ff0], sa_mask[0]=00000000000100000000000000000000, sa_flags=SA_RESTART|SA_SIGINFO
SIGHUP: [libjvm.so+0x92ae70], sa_mask[0]=11111111011111111101111111111110, sa_flags=SA_RESTART|SA_SIGINFO
SIGINT: SIG_IGN, sa_mask[0]=00000000000000000000000000000000, sa_flags=none
SIGTERM: [libjvm.so+0x92ae70], sa_mask[0]=11111111011111111101111111111110, sa_flags=SA_RESTART|SA_SIGINFO
SIGQUIT: [libjvm.so+0x92ae70], sa_mask[0]=11111111011111111101111111111110, sa_flags=SA_RESTART|SA_SIGINFO


---------------  S Y S T E M  ---------------

OS:DISTRIB_ID="Gentoo"

uname:Linux 4.9.76-gentoo-r1 #3 SMP Wed Mar 28 16:48:24 CST 2018 x86_64
libc:glibc 2.25 NPTL 2.25 
rlimit: STACK 8192k, CORE infinity, NPROC 62907, NOFILE 4096, AS infinity
load average:0.84 0.86 0.88

/proc/meminfo:
MemTotal:       16317064 kB
MemFree:         9655232 kB
MemAvailable:   13460036 kB
Buffers:          833984 kB
Cached:          2926504 kB
SwapCached:            0 kB
Active:          4481000 kB
Inactive:        1513380 kB
Active(anon):    2237896 kB
Inactive(anon):   260116 kB
Active(file):    2243104 kB
Inactive(file):  1253264 kB
Unevictable:           0 kB
Mlocked:               0 kB
SwapTotal:             0 kB
SwapFree:              0 kB
Dirty:             10244 kB
Writeback:             0 kB
AnonPages:       2234136 kB
Mapped:           496464 kB
Shmem:            264128 kB
Slab:             540312 kB
SReclaimable:     494108 kB
SUnreclaim:        46204 kB
KernelStack:       10528 kB
PageTables:        42944 kB
NFS_Unstable:          0 kB
Bounce:                0 kB
WritebackTmp:          0 kB
CommitLimit:     8158532 kB
Committed_AS:    5764004 kB
VmallocTotal:   34359738367 kB
VmallocUsed:           0 kB
VmallocChunk:          0 kB
HugePages_Total:       0
HugePages_Free:        0
HugePages_Rsvd:        0
HugePages_Surp:        0
Hugepagesize:       2048 kB
DirectMap4k:       14984 kB
DirectMap2M:     3037184 kB
DirectMap1G:    13631488 kB


CPU:total 8 (initial active 8) (4 cores per cpu, 2 threads per core) family 6 model 70 stepping 1, cmov, cx8, fxsr, mmx, sse, sse2, sse3, ssse3, sse4.1, sse4.2, popcnt, avx, avx2, aes, clmul, erms, lzcnt, ht, tsc, tscinvbit, bmi1, bmi2

/proc/cpuinfo:
processor	: 0
vendor_id	: GenuineIntel
cpu family	: 6
model		: 70
model name	: Intel(R) Core(TM) i7-4770HQ CPU @ 2.20GHz
stepping	: 1
microcode	: 0xf
cpu MHz		: 1500.000
cache size	: 6144 KB
physical id	: 0
siblings	: 8
core id		: 0
cpu cores	: 4
apicid		: 0
initial apicid	: 0
fpu		: yes
fpu_exception	: yes
cpuid level	: 13
wp		: yes
flags		: fpu vme de pse tsc msr pae mce cx8 apic sep mtrr pge mca cmov pat pse36 clflush dts acpi mmx fxsr sse sse2 ss ht tm pbe syscall nx pdpe1gb rdtscp lm constant_tsc arch_perfmon pebs bts rep_good nopl xtopology nonstop_tsc aperfmperf eagerfpu pni pclmulqdq dtes64 monitor ds_cpl vmx est tm2 ssse3 sdbg fma cx16 xtpr pdcm pcid sse4_1 sse4_2 x2apic movbe popcnt tsc_deadline_timer aes xsave avx f16c rdrand lahf_lm abm epb invpcid_single kaiser tpr_shadow vnmi flexpriority ept vpid fsgsbase tsc_adjust bmi1 avx2 smep bmi2 erms invpcid xsaveopt dtherm ida arat pln pts
bugs		:
bogomips	: 4390.16
clflush size	: 64
cache_alignment	: 64
address sizes	: 39 bits physical, 48 bits virtual
power management:

processor	: 1
vendor_id	: GenuineIntel
cpu family	: 6
model		: 70
model name	: Intel(R) Core(TM) i7-4770HQ CPU @ 2.20GHz
stepping	: 1
microcode	: 0xf
cpu MHz		: 2201.000
cache size	: 6144 KB
physical id	: 0
siblings	: 8
core id		: 1
cpu cores	: 4
apicid		: 2
initial apicid	: 2
fpu		: yes
fpu_exception	: yes
cpuid level	: 13
wp		: yes
flags		: fpu vme de pse tsc msr pae mce cx8 apic sep mtrr pge mca cmov pat pse36 clflush dts acpi mmx fxsr sse sse2 ss ht tm pbe syscall nx pdpe1gb rdtscp lm constant_tsc arch_perfmon pebs bts rep_good nopl xtopology nonstop_tsc aperfmperf eagerfpu pni pclmulqdq dtes64 monitor ds_cpl vmx est tm2 ssse3 sdbg fma cx16 xtpr pdcm pcid sse4_1 sse4_2 x2apic movbe popcnt tsc_deadline_timer aes xsave avx f16c rdrand lahf_lm abm epb invpcid_single kaiser tpr_shadow vnmi flexpriority ept vpid fsgsbase tsc_adjust bmi1 avx2 smep bmi2 erms invpcid xsaveopt dtherm ida arat pln pts
bugs		:
bogomips	: 4390.16
clflush size	: 64
cache_alignment	: 64
address sizes	: 39 bits physical, 48 bits virtual
power management:

processor	: 2
vendor_id	: GenuineIntel
cpu family	: 6
model		: 70
model name	: Intel(R) Core(TM) i7-4770HQ CPU @ 2.20GHz
stepping	: 1
microcode	: 0xf
cpu MHz		: 2100.000
cache size	: 6144 KB
physical id	: 0
siblings	: 8
core id		: 2
cpu cores	: 4
apicid		: 4
initial apicid	: 4
fpu		: yes
fpu_exception	: yes
cpuid level	: 13
wp		: yes
flags		: fpu vme de pse tsc msr pae mce cx8 apic sep mtrr pge mca cmov pat pse36 clflush dts acpi mmx fxsr sse sse2 ss ht tm pbe syscall nx pdpe1gb rdtscp lm constant_tsc arch_perfmon pebs bts rep_good nopl xtopology nonstop_tsc aperfmperf eagerfpu pni pclmulqdq dtes64 monitor ds_cpl vmx est tm2 ssse3 sdbg fma cx16 xtpr pdcm pcid sse4_1 sse4_2 x2apic movbe popcnt tsc_deadline_timer aes xsave avx f16c rdrand lahf_lm abm epb invpcid_single kaiser tpr_shadow vnmi flexpriority ept vpid fsgsbase tsc_adjust bmi1 avx2 smep bmi2 erms invpcid xsaveopt dtherm ida arat pln pts
bugs		:
bogomips	: 4390.16
clflush size	: 64
cache_alignment	: 64
address sizes	: 39 bits physical, 48 bits virtual
power management:

processor	: 3
vendor_id	: GenuineIntel
cpu family	: 6
model		: 70
model name	: Intel(R) Core(TM) i7-4770HQ CPU @ 2.20GHz
stepping	: 1
microcode	: 0xf
cpu MHz		: 2000.000
cache size	: 6144 KB
physical id	: 0
siblings	: 8
core id		: 3
cpu cores	: 4
apicid		: 6
initial apicid	: 6
fpu		: yes
fpu_exception	: yes
cpuid level	: 13
wp		: yes
flags		: fpu vme de pse tsc msr pae mce cx8 apic sep mtrr pge mca cmov pat pse36 clflush dts acpi mmx fxsr sse sse2 ss ht tm pbe syscall nx pdpe1gb rdtscp lm constant_tsc arch_perfmon pebs bts rep_good nopl xtopology nonstop_tsc aperfmperf eagerfpu pni pclmulqdq dtes64 monitor ds_cpl vmx est tm2 ssse3 sdbg fma cx16 xtpr pdcm pcid sse4_1 sse4_2 x2apic movbe popcnt tsc_deadline_timer aes xsave avx f16c rdrand lahf_lm abm epb invpcid_single kaiser tpr_shadow vnmi flexpriority ept vpid fsgsbase tsc_adjust bmi1 avx2 smep bmi2 erms invpcid xsaveopt dtherm ida arat pln pts
bugs		:
bogomips	: 4390.16
clflush size	: 64
cache_alignment	: 64
address sizes	: 39 bits physical, 48 bits virtual
power management:

processor	: 4
vendor_id	: GenuineIntel
cpu family	: 6
model		: 70
model name	: Intel(R) Core(TM) i7-4770HQ CPU @ 2.20GHz
stepping	: 1
microcode	: 0xf
cpu MHz		: 2201.000
cache size	: 6144 KB
physical id	: 0
siblings	: 8
core id		: 0
cpu cores	: 4
apicid		: 1
initial apicid	: 1
fpu		: yes
fpu_exception	: yes
cpuid level	: 13
wp		: yes
flags		: fpu vme de pse tsc msr pae mce cx8 apic sep mtrr pge mca cmov pat pse36 clflush dts acpi mmx fxsr sse sse2 ss ht tm pbe syscall nx pdpe1gb rdtscp lm constant_tsc arch_perfmon pebs bts rep_good nopl xtopology nonstop_tsc aperfmperf eagerfpu pni pclmulqdq dtes64 monitor ds_cpl vmx est tm2 ssse3 sdbg fma cx16 xtpr pdcm pcid sse4_1 sse4_2 x2apic movbe popcnt tsc_deadline_timer aes xsave avx f16c rdrand lahf_lm abm epb invpcid_single kaiser tpr_shadow vnmi flexpriority ept vpid fsgsbase tsc_adjust bmi1 avx2 smep bmi2 erms invpcid xsaveopt dtherm ida arat pln pts
bugs		:
bogomips	: 4390.16
clflush size	: 64
cache_alignment	: 64
address sizes	: 39 bits physical, 48 bits virtual
power management:

processor	: 5
vendor_id	: GenuineIntel
cpu family	: 6
model		: 70
model name	: Intel(R) Core(TM) i7-4770HQ CPU @ 2.20GHz
stepping	: 1
microcode	: 0xf
cpu MHz		: 1200.000
cache size	: 6144 KB
physical id	: 0
siblings	: 8
core id		: 1
cpu cores	: 4
apicid		: 3
initial apicid	: 3
fpu		: yes
fpu_exception	: yes
cpuid level	: 13
wp		: yes
flags		: fpu vme de pse tsc msr pae mce cx8 apic sep mtrr pge mca cmov pat pse36 clflush dts acpi mmx fxsr sse sse2 ss ht tm pbe syscall nx pdpe1gb rdtscp lm constant_tsc arch_perfmon pebs bts rep_good nopl xtopology nonstop_tsc aperfmperf eagerfpu pni pclmulqdq dtes64 monitor ds_cpl vmx est tm2 ssse3 sdbg fma cx16 xtpr pdcm pcid sse4_1 sse4_2 x2apic movbe popcnt tsc_deadline_timer aes xsave avx f16c rdrand lahf_lm abm epb invpcid_single kaiser tpr_shadow vnmi flexpriority ept vpid fsgsbase tsc_adjust bmi1 avx2 smep bmi2 erms invpcid xsaveopt dtherm ida arat pln pts
bugs		:
bogomips	: 4390.16
clflush size	: 64
cache_alignment	: 64
address sizes	: 39 bits physical, 48 bits virtual
power management:

processor	: 6
vendor_id	: GenuineIntel
cpu family	: 6
model		: 70
model name	: Intel(R) Core(TM) i7-4770HQ CPU @ 2.20GHz
stepping	: 1
microcode	: 0xf
cpu MHz		: 1300.000
cache size	: 6144 KB
physical id	: 0
siblings	: 8
core id		: 2
cpu cores	: 4
apicid		: 5
initial apicid	: 5
fpu		: yes
fpu_exception	: yes
cpuid level	: 13
wp		: yes
flags		: fpu vme de pse tsc msr pae mce cx8 apic sep mtrr pge mca cmov pat pse36 clflush dts acpi mmx fxsr sse sse2 ss ht tm pbe syscall nx pdpe1gb rdtscp lm constant_tsc arch_perfmon pebs bts rep_good nopl xtopology nonstop_tsc aperfmperf eagerfpu pni pclmulqdq dtes64 monitor ds_cpl vmx est tm2 ssse3 sdbg fma cx16 xtpr pdcm pcid sse4_1 sse4_2 x2apic movbe popcnt tsc_deadline_timer aes xsave avx f16c rdrand lahf_lm abm epb invpcid_single kaiser tpr_shadow vnmi flexpriority ept vpid fsgsbase tsc_adjust bmi1 avx2 smep bmi2 erms invpcid xsaveopt dtherm ida arat pln pts
bugs		:
bogomips	: 4390.16
clflush size	: 64
cache_alignment	: 64
address sizes	: 39 bits physical, 48 bits virtual
power management:

processor	: 7
vendor_id	: GenuineIntel
cpu family	: 6
model		: 70
model name	: Intel(R) Core(TM) i7-4770HQ CPU @ 2.20GHz
stepping	: 1
microcode	: 0xf
cpu MHz		: 2201.000
cache size	: 6144 KB
physical id	: 0
siblings	: 8
core id		: 3
cpu cores	: 4
apicid		: 7
initial apicid	: 7
fpu		: yes
fpu_exception	: yes
cpuid level	: 13
wp		: yes
flags		: fpu vme de pse tsc msr pae mce cx8 apic sep mtrr pge mca cmov pat pse36 clflush dts acpi mmx fxsr sse sse2 ss ht tm pbe syscall nx pdpe1gb rdtscp lm constant_tsc arch_perfmon pebs bts rep_good nopl xtopology nonstop_tsc aperfmperf eagerfpu pni pclmulqdq dtes64 monitor ds_cpl vmx est tm2 ssse3 sdbg fma cx16 xtpr pdcm pcid sse4_1 sse4_2 x2apic movbe popcnt tsc_deadline_timer aes xsave avx f16c rdrand lahf_lm abm epb invpcid_single kaiser tpr_shadow vnmi flexpriority ept vpid fsgsbase tsc_adjust bmi1 avx2 smep bmi2 erms invpcid xsaveopt dtherm ida arat pln pts
bugs		:
bogomips	: 4390.16
clflush size	: 64
cache_alignment	: 64
address sizes	: 39 bits physical, 48 bits virtual
power management:



Memory: 4k page, physical 16317064k(9655232k free), swap 0k(0k free)

vm_info: Java HotSpot(TM) 64-Bit Server VM (25.162-b12) for linux-amd64 JRE (1.8.0_162-b12), built on Dec 19 2017 21:15:48 by "java_re" with gcc 4.3.0 20080428 (Red Hat 4.3.0-8)

time: Tue May  8 08:06:06 2018
elapsed time: 6 seconds (0d 0h 0m 6s)

