#
# A fatal error has been detected by the Java Runtime Environment:
#
#  SIGSEGV (0xb) at pc=0x00007fe447706216, pid=25353, tid=0x00007fe41832d700
#
# JRE version: Java(TM) SE Runtime Environment (8.0_162-b12) (build 1.8.0_162-b12)
# Java VM: Java HotSpot(TM) 64-Bit Server VM (25.162-b12 mixed mode linux-amd64 compressed oops)
# Problematic frame:
# V  [libjvm.so+0x6d8216]  jni_invoke_nonstatic(JNIEnv_*, JavaValue*, _jobject*, JNICallType, _jmethodID*, JNI_ArgumentPusher*, Thread*)+0xa26
#
# Core dump written. Default location: /home/aesophor/Code/Java/NetBeansProjects/Hacklympics/Hacklympics/core or core.25353
#
# If you would like to submit a bug report, please visit:
#   http://bugreport.java.com/bugreport/crash.jsp
#

---------------  T H R E A D  ---------------

Current thread (0x00007fe4402c5000):  JavaThread "JavaFX Application Thread" [_thread_in_vm, id=25380, stack(0x00007fe41822d000,0x00007fe41832e000)]

siginfo: si_signo: 11 (SIGSEGV), si_code: 1 (SEGV_MAPERR), si_addr: 0x0000006bc7c05411

Registers:
RAX=0x00007fe447fca680, RBX=0x0000000000000005, RCX=0x0000000000000001, RDX=0x00007fe43052ac48
RSP=0x00007fe41832bf90, RBP=0x00007fe41832c110, RSI=0x00000007c00a0028, RDI=0x00007fe4402c51f8
R8 =0x0000000000000042, R9 =0x00007fe41832c140, R10=0x00007fe3b4000ba0, R11=0x00007fe43144b760
R12=0x0000006bc7c05409, R13=0x00007fe440289a48, R14=0x0000000000000000, R15=0x00007fe4402c4ab8
RIP=0x00007fe447706216, EFLAGS=0x0000000000010202, CSGSFS=0x002b000000000033, ERR=0x0000000000000004
  TRAPNO=0x000000000000000e

Top of Stack: (sp=0x00007fe41832bf90)
0x00007fe41832bf90:   00007fe41832c690 00007fe41832c2b0
0x00007fe41832bfa0:   00007fe41832bff0 00007fe41832c070
0x00007fe41832bfb0:   00007fe41832c140 00007fe41832c1a0
0x00007fe41832bfc0:   00007fe4402c51f8 00007fe447725330
0x00007fe41832bfd0:   00007fe3d4000e60 00007fe3d4000e70
0x00007fe41832bfe0:   00007fe3d4001248 00000000000003d8
0x00007fe41832bff0:   0000000000000000 000000076e93e3d0
0x00007fe41832c000:   00007fe40000006f 00007fe40000000a
0x00007fe41832c010:   000000076f275120 0000000000000000
0x00007fe41832c020:   0000000000000000 0000000000000000
0x00007fe41832c030:   00007fe430520b00 0000000100000100
0x00007fe41832c040:   0000000000000000 00007fe41832bff8
0x00007fe41832c050:   00007fe41832c039 0000000800000005
0x00007fe41832c060:   0000000000000000 00007fe4402c4b90
0x00007fe41832c070:   00007fe447f991f0 00007fe448a57720
0x00007fe41832c080:   00000000402c4a20 00007fe4402c5000
0x00007fe41832c090:   0000000000000000 00007fe447705bfb
0x00007fe41832c0a0:   00007fe43052ac48 00007fe4402c5000
0x00007fe41832c0b0:   00007fe43052ac48 00007fe4402c5000
0x00007fe41832c0c0:   00007fe41832c250 00007fe43052ac48
0x00007fe41832c0d0:   00007fe43052ac48 00007fe43052ac48
0x00007fe41832c0e0:   00007fe3d4000e60 00007fe41832c140
0x00007fe41832c0f0:   00007fe4402c5000 00007fe41832c180
0x00007fe41832c100:   00007fe440289a48 00007fe4402c51f8
0x00007fe41832c110:   00007fe41832c200 00007fe447709fcf
0x00007fe41832c120:   00007fe4402c5000 00007fe428e8c794
0x00007fe41832c130:   00007fe41832c218 00000006c7024db0
0x00007fe41832c140:   00007fe447f99e70 00007fe448a57720
0x00007fe41832c150:   0000000000000000 00007fe400000063
0x00007fe41832c160:   0000000000000000 0000003000000018
0x00007fe41832c170:   00007fe41832c2f0 00007fe41832c230
0x00007fe41832c180:   00007fe4402c5000 0000000000000000 

Instructions: (pc=0x00007fe447706216)
0x00007fe4477061f6:   48 8b 70 08 e8 71 be 03 00 48 8b 95 a8 fe ff ff
0x00007fe447706206:   48 89 42 08 e9 8c fd ff ff 48 8b 05 9a 52 8a 00
0x00007fe447706216:   41 8b 54 24 08 8b 48 08 48 d3 e2 48 03 10 e9 fe
0x00007fe447706226:   fe ff ff 48 8b 7b 18 48 85 ff 0f 84 55 fc ff ff 

Register to memory mapping:

RAX=0x00007fe447fca680: <offset 0xf9c680> in /opt/oracle-jdk-bin-1.8.0.162/jre/lib/amd64/server/libjvm.so at 0x00007fe44702e000
RBX=0x0000000000000005 is an unknown value
RCX=0x0000000000000001 is an unknown value
RDX={method} {0x00007fe43052ac48} 'notifyKey' '(II[CI)V' in 'com/sun/glass/ui/View'
RSP=0x00007fe41832bf90 is pointing into the stack for thread: 0x00007fe4402c5000
RBP=0x00007fe41832c110 is pointing into the stack for thread: 0x00007fe4402c5000
RSI=0x00000007c00a0028 is pointing into metadata
RDI=0x00007fe4402c51f8 is an unknown value
R8 =0x0000000000000042 is an unknown value
R9 =0x00007fe41832c140 is pointing into the stack for thread: 0x00007fe4402c5000
R10=0x00007fe3b4000ba0 is an unknown value
R11=0x00007fe43144b760 is at entry_point+32 in (nmethod*)0x00007fe43144b5d0
R12=0x0000006bc7c05409 is an unknown value
R13=0x00007fe440289a48 is an unknown value
R14=0x0000000000000000 is an unknown value
R15=0x00007fe4402c4ab8 is an unknown value


Stack: [0x00007fe41822d000,0x00007fe41832e000],  sp=0x00007fe41832bf90,  free space=1019k
Native frames: (J=compiled Java code, j=interpreted, Vv=VM code, C=native code)
V  [libjvm.so+0x6d8216]  jni_invoke_nonstatic(JNIEnv_*, JavaValue*, _jobject*, JNICallType, _jmethodID*, JNI_ArgumentPusher*, Thread*)+0xa26
V  [libjvm.so+0x6dbfcf]  jni_CallVoidMethodV+0x10f
C  [libglass.so+0x18641]  JNIEnv_::CallVoidMethod(_jobject*, _jmethodID*, ...)+0x81
C  [libglass.so+0x14f0f]  WindowContextBase::process_key(_GdkEventKey*)+0x20f
C  [libglass.so+0x19f60]  WindowContextBase::im_filter_keypress(_GdkEventKey*)+0x1c0
C  [libglass.so+0x1a91c]  process_events(_GdkEvent*, void*)+0x22c
C  [libgdk-x11-2.0.so.0+0x5b41c]

Java frames: (J=compiled Java code, j=interpreted, Vv=VM code)
j  com.sun.glass.ui.gtk.GtkApplication._runLoop(Ljava/lang/Runnable;Z)V+0
j  com.sun.glass.ui.gtk.GtkApplication.lambda$null$48(Ljava/lang/Runnable;Z)V+7
j  com.sun.glass.ui.gtk.GtkApplication$$Lambda$41.run()V+12
j  java.lang.Thread.run()V+11
v  ~StubRoutines::call_stub

---------------  P R O C E S S  ---------------

Java Threads: ( => current thread )
  0x00007fe3b48d0000 JavaThread "pool-3-thread-1" [_thread_blocked, id=25449, stack(0x00007fe408cff000,0x00007fe408e00000)]
  0x00007fe3b4536000 JavaThread "URL-Loader-1" daemon [_thread_blocked, id=25434, stack(0x00007fe4098ff000,0x00007fe409a00000)]
  0x00007fe3b4528800 JavaThread "Disposer" daemon [_thread_blocked, id=25433, stack(0x00007fe4100ff000,0x00007fe410200000)]
  0x00007fe3b4451000 JavaThread "Okio Watchdog" daemon [_thread_blocked, id=25428, stack(0x00007fe4110f8000,0x00007fe4111f9000)]
  0x00007fe3b444e800 JavaThread "OkHttp ConnectionPool" daemon [_thread_blocked, id=25427, stack(0x00007fe4111f9000,0x00007fe4112fa000)]
  0x00007fe3b4377800 JavaThread "Prism Font Disposer" daemon [_thread_blocked, id=25396, stack(0x00007fe41255e000,0x00007fe41265f000)]
  0x00007fe4402c8800 JavaThread "JavaFX-Launcher" [_thread_blocked, id=25381, stack(0x00007fe41812c000,0x00007fe41822d000)]
=>0x00007fe4402c5000 JavaThread "JavaFX Application Thread" [_thread_in_vm, id=25380, stack(0x00007fe41822d000,0x00007fe41832e000)]
  0x00007fe4402c1000 JavaThread "Thread-1" daemon [_thread_blocked, id=25379, stack(0x00007fe4280f3000,0x00007fe4281f4000)]
  0x00007fe440271800 JavaThread "QuantumRenderer-0" daemon [_thread_blocked, id=25378, stack(0x00007fe429930000,0x00007fe429a31000)]
  0x00007fe4400de800 JavaThread "Service Thread" daemon [_thread_blocked, id=25375, stack(0x00007fe429bf6000,0x00007fe429cf7000)]
  0x00007fe4400c9800 JavaThread "C1 CompilerThread3" daemon [_thread_blocked, id=25374, stack(0x00007fe429cf7000,0x00007fe429df8000)]
  0x00007fe4400c7800 JavaThread "C2 CompilerThread2" daemon [_thread_in_native, id=25373, stack(0x00007fe429df8000,0x00007fe429ef9000)]
  0x00007fe4400c5800 JavaThread "C2 CompilerThread1" daemon [_thread_blocked, id=25372, stack(0x00007fe429ef9000,0x00007fe429ffa000)]
  0x00007fe4400c2800 JavaThread "C2 CompilerThread0" daemon [_thread_blocked, id=25371, stack(0x00007fe429ffa000,0x00007fe42a0fb000)]
  0x00007fe4400c1000 JavaThread "Signal Dispatcher" daemon [_thread_blocked, id=25370, stack(0x00007fe42a0fb000,0x00007fe42a1fc000)]
  0x00007fe44008d000 JavaThread "Finalizer" daemon [_thread_blocked, id=25368, stack(0x00007fe42a1fc000,0x00007fe42a2fd000)]
  0x00007fe440088800 JavaThread "Reference Handler" daemon [_thread_blocked, id=25367, stack(0x00007fe42a2fd000,0x00007fe42a3fe000)]
  0x00007fe44000b000 JavaThread "main" [_thread_blocked, id=25357, stack(0x00007fe448afa000,0x00007fe448bfb000)]

Other Threads:
  0x00007fe440081000 VMThread [stack: 0x00007fe42a3fe000,0x00007fe42a4ff000] [id=25366]
  0x00007fe4400e1000 WatcherThread [stack: 0x00007fe429af5000,0x00007fe429bf6000] [id=25376]

VM state:synchronizing (normal execution)

VM Mutex/Monitor currently owned by a thread:  ([mutex/lock_event])
[0x00007fe440007100] Threads_lock - owner thread: 0x00007fe440081000

Heap:
 PSYoungGen      total 74752K, used 40945K [0x000000076d000000, 0x0000000772300000, 0x00000007c0000000)
  eden space 64512K, 63% used [0x000000076d000000,0x000000076f7fc770,0x0000000770f00000)
  from space 10240K, 0% used [0x0000000770f00000,0x0000000770f00000,0x0000000771900000)
  to   space 10240K, 0% used [0x0000000771900000,0x0000000771900000,0x0000000772300000)
 ParOldGen       total 128000K, used 10035K [0x00000006c7000000, 0x00000006ced00000, 0x000000076d000000)
  object space 128000K, 7% used [0x00000006c7000000,0x00000006c79ccea8,0x00000006ced00000)
 Metaspace       used 28683K, capacity 31158K, committed 31488K, reserved 1075200K
  class space    used 4318K, capacity 4781K, committed 4864K, reserved 1048576K

Card table byte_map: [0x00007fe445104000,0x00007fe4458cd000] byte_map_base: 0x00007fe441acc000

Marking Bits: (ParMarkBitMap*) 0x00007fe447ffdca0
 Begin Bits: [0x00007fe3f4380000, 0x00007fe3f81c0000)
 End Bits:   [0x00007fe3f81c0000, 0x00007fe3fc000000)

Polling page: 0x00007fe448c33000

CodeCache: size=245760Kb used=9174Kb max_used=9174Kb free=236585Kb
 bounds [0x00007fe431000000, 0x00007fe431900000, 0x00007fe440000000]
 total_blobs=3728 nmethods=2957 adapters=684
 compilation: enabled

Compilation events (10 events):
Event: 11.454 Thread 0x00007fe4400c9800 nmethod 2959 0x00007fe4318f82d0 code [0x00007fe4318f8480, 0x00007fe4318f8b98]
Event: 11.454 Thread 0x00007fe4400c9800 2951       3       java.util.HashSet::size (8 bytes)
Event: 11.454 Thread 0x00007fe4400c9800 nmethod 2951 0x00007fe4318f8d90 code [0x00007fe4318f8f00, 0x00007fe4318f90f0]
Event: 11.454 Thread 0x00007fe4400c9800 2937       1       javafx.scene.control.Labeled::access$1400 (5 bytes)
Event: 11.454 Thread 0x00007fe4400c9800 nmethod 2937 0x00007fe4318f9190 code [0x00007fe4318f92e0, 0x00007fe4318f93d0]
Event: 11.454 Thread 0x00007fe4400c9800 2938       1       javafx.scene.paint.Paint::acc_isMutable (2 bytes)
Event: 11.454 Thread 0x00007fe4400c9800 nmethod 2938 0x00007fe4318f9450 code [0x00007fe4318f95a0, 0x00007fe4318f96b0]
Event: 11.454 Thread 0x00007fe4400c9800 2936       1       javafx.scene.control.SkinBase::getChildren (5 bytes)
Event: 11.454 Thread 0x00007fe4400c9800 nmethod 2936 0x00007fe4318f9710 code [0x00007fe4318f9860, 0x00007fe4318f9970]
Event: 11.455 Thread 0x00007fe4400c2800 2960   !   4       java.util.concurrent.ConcurrentHashMap::transfer (832 bytes)

GC Heap History (4 events):
Event: 8.765 GC heap before
{Heap before GC invocations=1 (full 0):
 PSYoungGen      total 74752K, used 54563K [0x000000076d000000, 0x0000000772300000, 0x00000007c0000000)
  eden space 64512K, 84% used [0x000000076d000000,0x0000000770548ec0,0x0000000770f00000)
  from space 10240K, 0% used [0x0000000771900000,0x0000000771900000,0x0000000772300000)
  to   space 10240K, 0% used [0x0000000770f00000,0x0000000770f00000,0x0000000771900000)
 ParOldGen       total 171008K, used 0K [0x00000006c7000000, 0x00000006d1700000, 0x000000076d000000)
  object space 171008K, 0% used [0x00000006c7000000,0x00000006c7000000,0x00000006d1700000)
 Metaspace       used 20389K, capacity 21106K, committed 21248K, reserved 1067008K
  class space    used 2819K, capacity 3011K, committed 3072K, reserved 1048576K
Event: 8.787 GC heap after
Heap after GC invocations=1 (full 0):
 PSYoungGen      total 74752K, used 10136K [0x000000076d000000, 0x0000000772300000, 0x00000007c0000000)
  eden space 64512K, 0% used [0x000000076d000000,0x000000076d000000,0x0000000770f00000)
  from space 10240K, 98% used [0x0000000770f00000,0x00000007718e6358,0x0000000771900000)
  to   space 10240K, 0% used [0x0000000771900000,0x0000000771900000,0x0000000772300000)
 ParOldGen       total 171008K, used 88K [0x00000006c7000000, 0x00000006d1700000, 0x000000076d000000)
  object space 171008K, 0% used [0x00000006c7000000,0x00000006c7016010,0x00000006d1700000)
 Metaspace       used 20389K, capacity 21106K, committed 21248K, reserved 1067008K
  class space    used 2819K, capacity 3011K, committed 3072K, reserved 1048576K
}
Event: 8.787 GC heap before
{Heap before GC invocations=2 (full 1):
 PSYoungGen      total 74752K, used 10136K [0x000000076d000000, 0x0000000772300000, 0x00000007c0000000)
  eden space 64512K, 0% used [0x000000076d000000,0x000000076d000000,0x0000000770f00000)
  from space 10240K, 98% used [0x0000000770f00000,0x00000007718e6358,0x0000000771900000)
  to   space 10240K, 0% used [0x0000000771900000,0x0000000771900000,0x0000000772300000)
 ParOldGen       total 171008K, used 88K [0x00000006c7000000, 0x00000006d1700000, 0x000000076d000000)
  object space 171008K, 0% used [0x00000006c7000000,0x00000006c7016010,0x00000006d1700000)
 Metaspace       used 20389K, capacity 21106K, committed 21248K, reserved 1067008K
  class space    used 2819K, capacity 3011K, committed 3072K, reserved 1048576K
Event: 8.883 GC heap after
Heap after GC invocations=2 (full 1):
 PSYoungGen      total 74752K, used 0K [0x000000076d000000, 0x0000000772300000, 0x00000007c0000000)
  eden space 64512K, 0% used [0x000000076d000000,0x000000076d000000,0x0000000770f00000)
  from space 10240K, 0% used [0x0000000770f00000,0x0000000770f00000,0x0000000771900000)
  to   space 10240K, 0% used [0x0000000771900000,0x0000000771900000,0x0000000772300000)
 ParOldGen       total 128000K, used 10035K [0x00000006c7000000, 0x00000006ced00000, 0x000000076d000000)
  object space 128000K, 7% used [0x00000006c7000000,0x00000006c79ccea8,0x00000006ced00000)
 Metaspace       used 20389K, capacity 21106K, committed 21248K, reserved 1067008K
  class space    used 2819K, capacity 3011K, committed 3072K, reserved 1048576K
}

Deoptimization events (10 events):
Event: 10.082 Thread 0x00007fe4402c5000 Uncommon trap: reason=unstable_if action=reinterpret pc=0x00007fe4312b7244 method=java.lang.AbstractStringBuilder.append(Ljava/lang/String;)Ljava/lang/AbstractStringBuilder; @ 1
Event: 10.130 Thread 0x00007fe3b4536000 Uncommon trap: reason=unstable_if action=reinterpret pc=0x00007fe43122a14c method=java.lang.AbstractStringBuilder.append(Ljava/lang/String;)Ljava/lang/AbstractStringBuilder; @ 1
Event: 10.466 Thread 0x00007fe4402c5000 Uncommon trap: reason=unstable_if action=reinterpret pc=0x00007fe4317aeba4 method=jdk.internal.org.objectweb.asm.Type.getArgumentsAndReturnSizes(Ljava/lang/String;)I @ 41
Event: 11.041 Thread 0x00007fe4402c5000 Uncommon trap: reason=unstable_if action=reinterpret pc=0x00007fe4317ac53c method=jdk.internal.org.objectweb.asm.Item.isEqualTo(Ljdk/internal/org/objectweb/asm/Item;)Z @ 331
Event: 11.123 Thread 0x00007fe4402c5000 Uncommon trap: reason=unstable_if action=reinterpret pc=0x00007fe43149e738 method=java.lang.StrictMath.floorOrCeil(DDDD)D @ 38
Event: 11.398 Thread 0x00007fe4402c5000 Uncommon trap: reason=unstable_if action=reinterpret pc=0x00007fe4318883bc method=com.sun.javafx.css.BitSet.addAll(Ljava/util/Collection;)Z @ 1
Event: 11.402 Thread 0x00007fe4402c5000 Uncommon trap: reason=array_check action=maybe_recompile pc=0x00007fe4318dd9bc method=com.sun.javafx.css.SimpleSelector.applies(Ljavafx/css/Styleable;[Ljava/util/Set;I)Z @ 37
Event: 11.402 Thread 0x00007fe4402c5000 Uncommon trap: reason=array_check action=maybe_recompile pc=0x00007fe4318dd9bc method=com.sun.javafx.css.SimpleSelector.applies(Ljavafx/css/Styleable;[Ljava/util/Set;I)Z @ 37
Event: 11.402 Thread 0x00007fe4402c5000 Uncommon trap: reason=array_check action=maybe_recompile pc=0x00007fe4318dd9bc method=com.sun.javafx.css.SimpleSelector.applies(Ljavafx/css/Styleable;[Ljava/util/Set;I)Z @ 37
Event: 11.402 Thread 0x00007fe4402c5000 Uncommon trap: reason=array_check action=maybe_recompile pc=0x00007fe4318dd9bc method=com.sun.javafx.css.SimpleSelector.applies(Ljavafx/css/Styleable;[Ljava/util/Set;I)Z @ 37

Classes redefined (0 events):
No events

Internal exceptions (10 events):
Event: 10.928 Thread 0x00007fe4402c5000 Exception <a 'java/lang/NoSuchMethodError': java.lang.Object.lambda$mousePressed$5(Ljavafx/scene/input/MouseButton;Ljavafx/scene/input/MouseEvent;)Z> (0x000000076ee55e58) thrown at [/HUDSON/workspace/8-2-build-linux-amd64/jdk8u162/10278/hotspot/src/share/
Event: 10.943 Thread 0x00007fe4402c5000 Exception <a 'java/lang/NoSuchMethodError': java.lang.Object.lambda$static$0(Lorg/fxmisc/wellbehaved/event/InputMap$HandlerConsumer;)V> (0x000000076eea68a8) thrown at [/HUDSON/workspace/8-2-build-linux-amd64/jdk8u162/10278/hotspot/src/share/vm/interpreter
Event: 10.993 Thread 0x00007fe4402c5000 Exception <a 'java/lang/NoSuchMethodError': java.lang.Object.lambda$accumulate$14(Ljava/util/function/BiFunction;Ljava/lang/Object;Ljava/lang/Object;)Ljava/lang/Object;> (0x000000076ef91b60) thrown at [/HUDSON/workspace/8-2-build-linux-amd64/jdk8u162/1027
Event: 11.010 Thread 0x00007fe4402c5000 Exception <a 'java/lang/NoSuchMethodError': java.lang.Object.lambda$conditionOn$5(Ljavafx/beans/value/ObservableValue;Ljava/lang/Boolean;)Ljavafx/beans/value/ObservableValue;> (0x000000076efdf5a0) thrown at [/HUDSON/workspace/8-2-build-linux-amd64/jdk8u16
Event: 11.040 Thread 0x00007fe4402c5000 Exception <a 'java/lang/NoSuchMethodError': java.lang.Object.lambda$pApply$0(Ljava/lang/Object;Ljava/lang/Object;Ljava/lang/Object;)Ljava/lang/Object;> (0x000000076f1b7908) thrown at [/HUDSON/workspace/8-2-build-linux-amd64/jdk8u162/10278/hotspot/src/shar
Event: 11.061 Thread 0x00007fe4402c5000 Exception <a 'java/lang/NoSuchMethodError': java.lang.Object.lambda$static$0()V> (0x000000076f208f60) thrown at [/HUDSON/workspace/8-2-build-linux-amd64/jdk8u162/10278/hotspot/src/share/vm/interpreter/linkResolver.cpp, line 620]
Event: 11.070 Thread 0x00007fe4402c5000 Exception <a 'java/lang/NoSuchMethodError': java.lang.Object.lambda$trim$0(Ljava/lang/Integer;Ljava/lang/Integer;)Lorg/reactfx/collection/MaterializedListModification;> (0x000000076f231128) thrown at [/HUDSON/workspace/8-2-build-linux-amd64/jdk8u162/10278
Event: 11.079 Thread 0x00007fe4402c5000 Exception <a 'java/lang/NoSuchMethodError': java.lang.Object.lambda$null$0(Lorg/fxmisc/richtext/model/RichTextChange;)Z> (0x000000076f2492c8) thrown at [/HUDSON/workspace/8-2-build-linux-amd64/jdk8u162/10278/hotspot/src/share/vm/interpreter/linkResolver.c
Event: 11.081 Thread 0x00007fe4402c5000 Exception <a 'java/lang/NoSuchMethodError': java.lang.Object.lambda$null$1(I)[Lorg/fxmisc/richtext/model/PlainTextChange;> (0x000000076f24fc08) thrown at [/HUDSON/workspace/8-2-build-linux-amd64/jdk8u162/10278/hotspot/src/share/vm/interpreter/linkResolver
Event: 11.398 Thread 0x00007fe4402c5000 Implicit null exception at 0x00007fe431887e11 to 0x00007fe4318883a5

Events (10 events):
Event: 11.465 loading class java/net/ServerSocket done
Event: 11.465 loading class java/net/Inet4AddressImpl
Event: 11.465 loading class java/net/Inet4AddressImpl done
Event: 11.466 Thread 0x00007fe3b48d0000 Thread added: 0x00007fe3b48d0000
Event: 11.466 Thread 0x00007fe4402c5000 DEOPT PACKING pc=0x00007fe431480b64 sp=0x00007fe418329970
Event: 11.466 Thread 0x00007fe4402c5000 DEOPT UNPACKING pc=0x00007fe431047784 sp=0x00007fe4183296f8 mode 0
Event: 11.466 Thread 0x00007fe4402c5000 DEOPT PACKING pc=0x00007fe431480b64 sp=0x00007fe41832a850
Event: 11.466 Executing VM operation: RevokeBias
Event: 11.466 Thread 0x00007fe4402c5000 DEOPT UNPACKING pc=0x00007fe431047784 sp=0x00007fe41832a5d8 mode 0
Event: 11.467 Executing VM operation: RevokeBias done


Dynamic libraries:
00400000-00401000 r-xp 00000000 fe:01 938495                             /opt/oracle-jdk-bin-1.8.0.162/bin/java
00600000-00601000 rw-p 00000000 fe:01 938495                             /opt/oracle-jdk-bin-1.8.0.162/bin/java
00601000-00622000 rw-p 00000000 00:00 0                                  [heap]
6c7000000-6ced00000 rw-p 00000000 00:00 0 
6ced00000-76d000000 ---p 00000000 00:00 0 
76d000000-772300000 rw-p 00000000 00:00 0 
772300000-7c0000000 ---p 00000000 00:00 0 
7c0000000-7c04c0000 rw-p 00000000 00:00 0 
7c04c0000-800000000 ---p 00000000 00:00 0 
7fe350000000-7fe35002a000 rw-p 00000000 00:00 0 
7fe35002a000-7fe354000000 ---p 00000000 00:00 0 
7fe354000000-7fe354021000 rw-p 00000000 00:00 0 
7fe354021000-7fe358000000 ---p 00000000 00:00 0 
7fe358000000-7fe358021000 rw-p 00000000 00:00 0 
7fe358021000-7fe35c000000 ---p 00000000 00:00 0 
7fe35fee1000-7fe35fee2000 ---p 00000000 00:00 0 
7fe35fee2000-7fe35fee3000 rwxp 00000000 00:00 0 
7fe35fee3000-7fe39fee3000 ---p 00000000 00:00 0 
7fe39fee3000-7fe3a3bd4000 r-xp 00000000 fe:01 940394                     /opt/oracle-jdk-bin-1.8.0.162/jre/lib/amd64/libjfxwebkit.so
7fe3a3bd4000-7fe3a3dd4000 ---p 03cf1000 fe:01 940394                     /opt/oracle-jdk-bin-1.8.0.162/jre/lib/amd64/libjfxwebkit.so
7fe3a3dd4000-7fe3a3fcc000 rw-p 03cf1000 fe:01 940394                     /opt/oracle-jdk-bin-1.8.0.162/jre/lib/amd64/libjfxwebkit.so
7fe3a3fcc000-7fe3a4000000 rw-p 00000000 00:00 0 
7fe3a4000000-7fe3a4021000 rw-p 00000000 00:00 0 
7fe3a4021000-7fe3a8000000 ---p 00000000 00:00 0 
7fe3a8000000-7fe3a8021000 rw-p 00000000 00:00 0 
7fe3a8021000-7fe3ac000000 ---p 00000000 00:00 0 
7fe3ac000000-7fe3ac021000 rw-p 00000000 00:00 0 
7fe3ac021000-7fe3b0000000 ---p 00000000 00:00 0 
7fe3b0000000-7fe3b0021000 rw-p 00000000 00:00 0 
7fe3b0021000-7fe3b4000000 ---p 00000000 00:00 0 
7fe3b4000000-7fe3b4ef2000 rw-p 00000000 00:00 0 
7fe3b4ef2000-7fe3b8000000 ---p 00000000 00:00 0 
7fe3b8000000-7fe3b8021000 rw-p 00000000 00:00 0 
7fe3b8021000-7fe3bc000000 ---p 00000000 00:00 0 
7fe3bc000000-7fe3bde9a000 rw-p 00000000 00:00 0 
7fe3bde9a000-7fe3c0000000 ---p 00000000 00:00 0 
7fe3c0000000-7fe3c0021000 rw-p 00000000 00:00 0 
7fe3c0021000-7fe3c4000000 ---p 00000000 00:00 0 
7fe3c4000000-7fe3c4021000 rw-p 00000000 00:00 0 
7fe3c4021000-7fe3c8000000 ---p 00000000 00:00 0 
7fe3c8000000-7fe3c8021000 rw-p 00000000 00:00 0 
7fe3c8021000-7fe3cc000000 ---p 00000000 00:00 0 
7fe3cc000000-7fe3cc43b000 rw-p 00000000 00:00 0 
7fe3cc43b000-7fe3d0000000 ---p 00000000 00:00 0 
7fe3d0000000-7fe3d042f000 rw-p 00000000 00:00 0 
7fe3d042f000-7fe3d4000000 ---p 00000000 00:00 0 
7fe3d4000000-7fe3d4356000 rw-p 00000000 00:00 0 
7fe3d4356000-7fe3d8000000 ---p 00000000 00:00 0 
7fe3d8000000-7fe3d8571000 rw-p 00000000 00:00 0 
7fe3d8571000-7fe3dc000000 ---p 00000000 00:00 0 
7fe3dc000000-7fe3dc021000 rw-p 00000000 00:00 0 
7fe3dc021000-7fe3e0000000 ---p 00000000 00:00 0 
7fe3e0be6000-7fe3e0be7000 ---p 00000000 00:00 0 
7fe3e0be7000-7fe3e13e7000 rw-p 00000000 00:00 0 
7fe3e13e7000-7fe3e8000000 r--p 00000000 fe:01 791694                     /usr/lib64/locale/locale-archive
7fe3e8000000-7fe3e8021000 rw-p 00000000 00:00 0 
7fe3e8021000-7fe3ec000000 ---p 00000000 00:00 0 
7fe3ec000000-7fe3ec021000 rw-p 00000000 00:00 0 
7fe3ec021000-7fe3f0000000 ---p 00000000 00:00 0 
7fe3f0000000-7fe3f0021000 rw-p 00000000 00:00 0 
7fe3f0021000-7fe3f4000000 ---p 00000000 00:00 0 
7fe3f4380000-7fe3fc000000 rw-p 00000000 00:00 0 
7fe3fc000000-7fe3fc021000 rw-p 00000000 00:00 0 
7fe3fc021000-7fe400000000 ---p 00000000 00:00 0 
7fe400000000-7fe400021000 rw-p 00000000 00:00 0 
7fe400021000-7fe404000000 ---p 00000000 00:00 0 
7fe404000000-7fe404021000 rw-p 00000000 00:00 0 
7fe404021000-7fe408000000 ---p 00000000 00:00 0 
7fe408200000-7fe408207000 rw-p 00000000 00:00 0 
7fe408207000-7fe40820e000 ---p 00000000 00:00 0 
7fe40820e000-7fe4083f9000 rw-p 00000000 00:00 0 
7fe4083f9000-7fe408400000 ---p 00000000 00:00 0 
7fe408600000-7fe408605000 rw-p 00000000 00:00 0 
7fe408605000-7fe40860a000 ---p 00000000 00:00 0 
7fe40860a000-7fe4087fb000 rw-p 00000000 00:00 0 
7fe4087fb000-7fe408800000 ---p 00000000 00:00 0 
7fe408a00000-7fe408a08000 rw-p 00000000 00:00 0 
7fe408a08000-7fe408a10000 ---p 00000000 00:00 0 
7fe408a10000-7fe408bf8000 rw-p 00000000 00:00 0 
7fe408bf8000-7fe408c00000 ---p 00000000 00:00 0 
7fe408cff000-7fe408d02000 ---p 00000000 00:00 0 
7fe408d02000-7fe408e06000 rw-p 00000000 00:00 0 
7fe408e06000-7fe408e08000 ---p 00000000 00:00 0 
7fe408e08000-7fe408ffe000 rw-p 00000000 00:00 0 
7fe408ffe000-7fe409000000 ---p 00000000 00:00 0 
7fe409000000-7fe409208000 rw-p 00000000 00:00 0 
7fe409208000-7fe40920c000 ---p 00000000 00:00 0 
7fe40920c000-7fe4093fc000 rw-p 00000000 00:00 0 
7fe4093fc000-7fe409400000 ---p 00000000 00:00 0 
7fe409400000-7fe409800000 rw-p 00000000 00:00 0 
7fe4098ff000-7fe409902000 ---p 00000000 00:00 0 
7fe409902000-7fe409a06000 rw-p 00000000 00:00 0 
7fe409a06000-7fe409a09000 ---p 00000000 00:00 0 
7fe409a09000-7fe409bfd000 rw-p 00000000 00:00 0 
7fe409bfd000-7fe409c00000 ---p 00000000 00:00 0 
7fe409c56000-7fe409c57000 ---p 00000000 00:00 0 
7fe409c57000-7fe40a457000 rw-p 00000000 00:00 0 
7fe40a457000-7fe40bdff000 r-xp 00000000 fe:01 792609                     /usr/lib64/libicudata.so.60.2
7fe40bdff000-7fe40bffe000 ---p 019a8000 fe:01 792609                     /usr/lib64/libicudata.so.60.2
7fe40bffe000-7fe40bfff000 r--p 019a7000 fe:01 792609                     /usr/lib64/libicudata.so.60.2
7fe40bfff000-7fe40c000000 rw-p 019a8000 fe:01 792609                     /usr/lib64/libicudata.so.60.2
7fe40c000000-7fe40c021000 rw-p 00000000 00:00 0 
7fe40c021000-7fe410000000 ---p 00000000 00:00 0 
7fe4100ff000-7fe410102000 ---p 00000000 00:00 0 
7fe410102000-7fe410205000 rw-p 00000000 00:00 0 
7fe410205000-7fe410206000 ---p 00000000 00:00 0 
7fe410206000-7fe4103ff000 rw-p 00000000 00:00 0 
7fe4103ff000-7fe410400000 ---p 00000000 00:00 0 
7fe4104ed000-7fe41054a000 r--p 00000000 fe:01 455277                     /usr/share/fonts/dejavu/DejaVuSerif.ttf
7fe41054a000-7fe4106ec000 r-xp 00000000 fe:01 792595                     /usr/lib64/libicuuc.so.60.2
7fe4106ec000-7fe4108ec000 ---p 001a2000 fe:01 792595                     /usr/lib64/libicuuc.so.60.2
7fe4108ec000-7fe4108fe000 r--p 001a2000 fe:01 792595                     /usr/lib64/libicuuc.so.60.2
7fe4108fe000-7fe4108ff000 rw-p 001b4000 fe:01 792595                     /usr/lib64/libicuuc.so.60.2
7fe4108ff000-7fe410900000 rw-p 00000000 00:00 0 
7fe410900000-7fe41093a000 r-xp 00000000 fe:01 441317                     /usr/lib64/libxslt.so.1.1.30
7fe41093a000-7fe410b39000 ---p 0003a000 fe:01 441317                     /usr/lib64/libxslt.so.1.1.30
7fe410b39000-7fe410b3a000 r--p 00039000 fe:01 441317                     /usr/lib64/libxslt.so.1.1.30
7fe410b3a000-7fe410b3b000 rw-p 0003a000 fe:01 441317                     /usr/lib64/libxslt.so.1.1.30
7fe410b3b000-7fe410b3c000 rw-p 00000000 00:00 0 
7fe410b3c000-7fe410c93000 r-xp 00000000 fe:01 806153                     /usr/lib64/libxml2.so.2.9.7
7fe410c93000-7fe410e93000 ---p 00157000 fe:01 806153                     /usr/lib64/libxml2.so.2.9.7
7fe410e93000-7fe410e9b000 r--p 00157000 fe:01 806153                     /usr/lib64/libxml2.so.2.9.7
7fe410e9b000-7fe410e9d000 rw-p 0015f000 fe:01 806153                     /usr/lib64/libxml2.so.2.9.7
7fe410e9d000-7fe410e9e000 rw-p 00000000 00:00 0 
7fe410ecc000-7fe4110d5000 rw-p 00000000 00:00 0 
7fe4110d5000-7fe4110f8000 r--p 00000000 00:24 5203678                    /tmp/+JXF3067890137430433417.tmp
7fe4110f8000-7fe4110fb000 ---p 00000000 00:00 0 
7fe4110fb000-7fe4111f9000 rw-p 00000000 00:00 0 
7fe4111f9000-7fe4111fc000 ---p 00000000 00:00 0 
7fe4111fc000-7fe4114fa000 rw-p 00000000 00:00 0 
7fe4114fa000-7fe411504000 r--s 00116000 fe:01 939203                     /opt/oracle-jdk-bin-1.8.0.162/jre/lib/ext/localedata.jar
7fe411504000-7fe411520000 r--s 00393000 fe:01 939158                     /opt/oracle-jdk-bin-1.8.0.162/jre/lib/ext/cldrdata.jar
7fe411520000-7fe411526000 r--s 0003e000 fe:01 939206                     /opt/oracle-jdk-bin-1.8.0.162/jre/lib/ext/sunjce_provider.jar
7fe411526000-7fe411558000 r-xp 00000000 fe:01 940333                     /opt/oracle-jdk-bin-1.8.0.162/jre/lib/amd64/libsunec.so
7fe411558000-7fe411757000 ---p 00032000 fe:01 940333                     /opt/oracle-jdk-bin-1.8.0.162/jre/lib/amd64/libsunec.so
7fe411757000-7fe41175d000 rw-p 00031000 fe:01 940333                     /opt/oracle-jdk-bin-1.8.0.162/jre/lib/amd64/libsunec.so
7fe41175d000-7fe41176d000 rw-p 00000000 00:00 0 
7fe41176d000-7fe411783000 r-xp 00000000 fe:01 940502                     /opt/oracle-jdk-bin-1.8.0.162/jre/lib/amd64/libnet.so
7fe411783000-7fe411983000 ---p 00016000 fe:01 940502                     /opt/oracle-jdk-bin-1.8.0.162/jre/lib/amd64/libnet.so
7fe411983000-7fe411984000 rw-p 00016000 fe:01 940502                     /opt/oracle-jdk-bin-1.8.0.162/jre/lib/amd64/libnet.so
7fe411984000-7fe411995000 r-xp 00000000 fe:01 940508                     /opt/oracle-jdk-bin-1.8.0.162/jre/lib/amd64/libnio.so
7fe411995000-7fe411b94000 ---p 00011000 fe:01 940508                     /opt/oracle-jdk-bin-1.8.0.162/jre/lib/amd64/libnio.so
7fe411b94000-7fe411b95000 rw-p 00010000 fe:01 940508                     /opt/oracle-jdk-bin-1.8.0.162/jre/lib/amd64/libnio.so
7fe411b95000-7fe411d95000 rw-p 00000000 00:00 0 
7fe411d95000-7fe411d97000 r--s 00009000 fe:01 939146                     /opt/oracle-jdk-bin-1.8.0.162/jre/lib/ext/sunec.jar
7fe411d97000-7fe411d9b000 r--s 0003a000 fe:01 939184                     /opt/oracle-jdk-bin-1.8.0.162/jre/lib/ext/sunpkcs11.jar
7fe411d9b000-7fe411d9e000 r--s 0001a000 fe:01 940552                     /opt/oracle-jdk-bin-1.8.0.162/jre/lib/jce.jar
7fe411d9e000-7fe411f9e000 rw-p 00000000 00:00 0 
7fe411f9e000-7fe411fae000 rw-s 00000000 00:05 5197786                    /drm mm object (deleted)
7fe411fae000-7fe411fbe000 rw-s 00000000 00:05 5203606                    /drm mm object (deleted)
7fe411fbe000-7fe411fce000 rw-s 00000000 00:05 5203603                    /drm mm object (deleted)
7fe411fce000-7fe41218e000 rw-s 10cdde000 00:06 2143                      /dev/dri/card0
7fe41218e000-7fe41234e000 rw-s 00000000 00:05 5196675                    /drm mm object (deleted)
7fe41234e000-7fe41235e000 rw-s 00000000 00:05 5196680                    /drm mm object (deleted)
7fe41235e000-7fe41255e000 rw-p 00000000 00:00 0 
7fe41255e000-7fe412561000 ---p 00000000 00:00 0 
7fe412561000-7fe41265f000 rw-p 00000000 00:00 0 
7fe41265f000-7fe412718000 r--p 00000000 fe:01 455269                     /usr/share/fonts/dejavu/DejaVuSans.ttf
7fe412718000-7fe4127c3000 r--p 00000000 fe:01 938580                     /opt/oracle-jdk-bin-1.8.0.162/jre/lib/fonts/LucidaSansRegular.ttf
7fe4127c3000-7fe4127c7000 r-xp 00000000 fe:01 940331                     /opt/oracle-jdk-bin-1.8.0.162/jre/lib/amd64/libjavafx_font_pango.so
7fe4127c7000-7fe4129c6000 ---p 00004000 fe:01 940331                     /opt/oracle-jdk-bin-1.8.0.162/jre/lib/amd64/libjavafx_font_pango.so
7fe4129c6000-7fe4129c7000 rw-p 00003000 fe:01 940331                     /opt/oracle-jdk-bin-1.8.0.162/jre/lib/amd64/libjavafx_font_pango.so
7fe4129c7000-7fe4129d1000 r-xp 00000000 fe:01 139442                     /usr/lib64/gtk-2.0/2.10.0/engines/libpixmap.so
7fe4129d1000-7fe412bd0000 ---p 0000a000 fe:01 139442                     /usr/lib64/gtk-2.0/2.10.0/engines/libpixmap.so
7fe412bd0000-7fe412bd1000 r--p 00009000 fe:01 139442                     /usr/lib64/gtk-2.0/2.10.0/engines/libpixmap.so
7fe412bd1000-7fe412bd2000 rw-p 0000a000 fe:01 139442                     /usr/lib64/gtk-2.0/2.10.0/engines/libpixmap.so
7fe412bd2000-7fe412bd4000 r-xp 00000000 fe:01 723962                     /usr/lib64/gtk-2.0/2.10.0/engines/libadwaita.so
7fe412bd4000-7fe412dd4000 ---p 00002000 fe:01 723962                     /usr/lib64/gtk-2.0/2.10.0/engines/libadwaita.so
7fe412dd4000-7fe412dd5000 r--p 00002000 fe:01 723962                     /usr/lib64/gtk-2.0/2.10.0/engines/libadwaita.so
7fe412dd5000-7fe412dd6000 rw-p 00003000 fe:01 723962                     /usr/lib64/gtk-2.0/2.10.0/engines/libadwaita.so
7fe412dd6000-7fe412fd6000 rw-p 00000000 00:00 0 
7fe412fd6000-7fe412fdb000 r-xp 00000000 fe:01 940335                     /opt/oracle-jdk-bin-1.8.0.162/jre/lib/amd64/libjavafx_font_freetype.so
7fe412fdb000-7fe4131da000 ---p 00005000 fe:01 940335                     /opt/oracle-jdk-bin-1.8.0.162/jre/lib/amd64/libjavafx_font_freetype.so
7fe4131da000-7fe4131db000 rw-p 00004000 fe:01 940335                     /opt/oracle-jdk-bin-1.8.0.162/jre/lib/amd64/libjavafx_font_freetype.so
7fe4131db000-7fe4131de000 r-xp 00000000 fe:01 940504                     /opt/oracle-jdk-bin-1.8.0.162/jre/lib/amd64/libjavafx_font.so
7fe4131de000-7fe4133dd000 ---p 00003000 fe:01 940504                     /opt/oracle-jdk-bin-1.8.0.162/jre/lib/amd64/libjavafx_font.so
7fe4133dd000-7fe4133de000 rw-p 00002000 fe:01 940504                     /opt/oracle-jdk-bin-1.8.0.162/jre/lib/amd64/libjavafx_font.so
7fe4133de000-7fe4135de000 rw-p 00000000 00:00 0 
7fe4135de000-7fe413d44000 r-xp 00000000 fe:01 791538                     /usr/lib64/mesa/i965_dri.so
7fe413d44000-7fe413f43000 ---p 00766000 fe:01 791538                     /usr/lib64/mesa/i965_dri.so
7fe413f43000-7fe413f92000 r--p 00765000 fe:01 791538                     /usr/lib64/mesa/i965_dri.so
7fe413f92000-7fe413f99000 rw-p 007b4000 fe:01 791538                     /usr/lib64/mesa/i965_dri.so
7fe413f99000-7fe414000000 rw-p 00000000 00:00 0 
7fe414000000-7fe414021000 rw-p 00000000 00:00 0 
7fe414021000-7fe418000000 ---p 00000000 00:00 0 
7fe418001000-7fe418003000 rw-s 00000000 00:05 5203642                    /drm mm object (deleted)
7fe418003000-7fe418013000 rw-s 00000000 00:05 5196677                    /drm mm object (deleted)
7fe418013000-7fe41804d000 r--p 00000000 fe:01 938588                     /opt/oracle-jdk-bin-1.8.0.162/jre/lib/fonts/LucidaTypewriterBold.ttf
7fe41804d000-7fe41809b000 r--p 00000000 fe:01 938582                     /opt/oracle-jdk-bin-1.8.0.162/jre/lib/fonts/LucidaSansDemiBold.ttf
7fe41809b000-7fe4180d7000 r--p 00000000 fe:01 938587                     /opt/oracle-jdk-bin-1.8.0.162/jre/lib/fonts/LucidaTypewriterRegular.ttf
7fe4180d7000-7fe41812c000 r--p 00000000 fe:01 938581                     /opt/oracle-jdk-bin-1.8.0.162/jre/lib/fonts/LucidaBrightRegular.ttf
7fe41812c000-7fe41812f000 ---p 00000000 00:00 0 
7fe41812f000-7fe41822d000 rw-p 00000000 00:00 0 
7fe41822d000-7fe418230000 ---p 00000000 00:00 0 
7fe418230000-7fe41832e000 rw-p 00000000 00:00 0 
7fe41832e000-7fe418357000 r-xp 00000000 fe:01 940384                     /opt/oracle-jdk-bin-1.8.0.162/jre/lib/amd64/libglass.so
7fe418357000-7fe418556000 ---p 00029000 fe:01 940384                     /opt/oracle-jdk-bin-1.8.0.162/jre/lib/amd64/libglass.so
7fe418556000-7fe418559000 rw-p 00028000 fe:01 940384                     /opt/oracle-jdk-bin-1.8.0.162/jre/lib/amd64/libglass.so
7fe418559000-7fe41856c000 r-xp 00000000 fe:01 696744                     /usr/lib64/libbsd.so.0.8.6
7fe41856c000-7fe41876b000 ---p 00013000 fe:01 696744                     /usr/lib64/libbsd.so.0.8.6
7fe41876b000-7fe41876c000 r--p 00012000 fe:01 696744                     /usr/lib64/libbsd.so.0.8.6
7fe41876c000-7fe41876d000 rw-p 00013000 fe:01 696744                     /usr/lib64/libbsd.so.0.8.6
7fe41876d000-7fe41876e000 rw-p 00000000 00:00 0 
7fe41876e000-7fe418772000 r-xp 00000000 fe:01 983312                     /lib64/libuuid.so.1.3.0
7fe418772000-7fe418971000 ---p 00004000 fe:01 983312                     /lib64/libuuid.so.1.3.0
7fe418971000-7fe418972000 r--p 00003000 fe:01 983312                     /lib64/libuuid.so.1.3.0
7fe418972000-7fe418973000 rw-p 00004000 fe:01 983312                     /lib64/libuuid.so.1.3.0
7fe418973000-7fe418978000 r-xp 00000000 fe:01 919078                     /usr/lib64/libXdmcp.so.6.0.0
7fe418978000-7fe418b77000 ---p 00005000 fe:01 919078                     /usr/lib64/libXdmcp.so.6.0.0
7fe418b77000-7fe418b78000 r--p 00004000 fe:01 919078                     /usr/lib64/libXdmcp.so.6.0.0
7fe418b78000-7fe418b79000 rw-p 00005000 fe:01 919078                     /usr/lib64/libXdmcp.so.6.0.0
7fe418b79000-7fe418b7b000 r-xp 00000000 fe:01 919031                     /usr/lib64/libXau.so.6.0.0
7fe418b7b000-7fe418d7b000 ---p 00002000 fe:01 919031                     /usr/lib64/libXau.so.6.0.0
7fe418d7b000-7fe418d7c000 r--p 00002000 fe:01 919031                     /usr/lib64/libXau.so.6.0.0
7fe418d7c000-7fe418d7d000 rw-p 00003000 fe:01 919031                     /usr/lib64/libXau.so.6.0.0
7fe418d7d000-7fe418d8e000 r-xp 00000000 fe:01 10495                      /usr/lib64/libwayland-server.so.0.1.0
7fe418d8e000-7fe418f8d000 ---p 00011000 fe:01 10495                      /usr/lib64/libwayland-server.so.0.1.0
7fe418f8d000-7fe418f8f000 r--p 00010000 fe:01 10495                      /usr/lib64/libwayland-server.so.0.1.0
7fe418f8f000-7fe418f90000 rw-p 00012000 fe:01 10495                      /usr/lib64/libwayland-server.so.0.1.0
7fe418f90000-7fe418f9d000 r-xp 00000000 fe:01 791547                     /usr/lib64/libgbm.so.1.0.0
7fe418f9d000-7fe41919d000 ---p 0000d000 fe:01 791547                     /usr/lib64/libgbm.so.1.0.0
7fe41919d000-7fe41919e000 r--p 0000d000 fe:01 791547                     /usr/lib64/libgbm.so.1.0.0
7fe41919e000-7fe41919f000 rw-p 0000e000 fe:01 791547                     /usr/lib64/libgbm.so.1.0.0
7fe41919f000-7fe4191ac000 r-xp 00000000 fe:01 10541                      /usr/lib64/libwayland-client.so.0.3.0
7fe4191ac000-7fe4193ab000 ---p 0000d000 fe:01 10541                      /usr/lib64/libwayland-client.so.0.3.0
7fe4193ab000-7fe4193ad000 r--p 0000c000 fe:01 10541                      /usr/lib64/libwayland-client.so.0.3.0
7fe4193ad000-7fe4193ae000 rw-p 0000e000 fe:01 10541                      /usr/lib64/libwayland-client.so.0.3.0
7fe4193ae000-7fe4193d8000 r-xp 00000000 fe:01 714026                     /usr/lib64/libgraphite2.so.3.0.1
7fe4193d8000-7fe4195d8000 ---p 0002a000 fe:01 714026                     /usr/lib64/libgraphite2.so.3.0.1
7fe4195d8000-7fe4195da000 r--p 0002a000 fe:01 714026                     /usr/lib64/libgraphite2.so.3.0.1
7fe4195da000-7fe4195db000 rw-p 0002c000 fe:01 714026                     /usr/lib64/libgraphite2.so.3.0.1
7fe4195db000-7fe419620000 r-xp 00000000 fe:01 982786                     /lib64/libblkid.so.1.1.0
7fe419620000-7fe41981f000 ---p 00045000 fe:01 982786                     /lib64/libblkid.so.1.1.0
7fe41981f000-7fe419823000 r--p 00044000 fe:01 982786                     /lib64/libblkid.so.1.1.0
7fe419823000-7fe419824000 rw-p 00048000 fe:01 982786                     /lib64/libblkid.so.1.1.0
7fe419824000-7fe419825000 rw-p 00000000 00:00 0 
7fe419825000-7fe419836000 r-xp 00000000 fe:01 843703                     /usr/lib64/libdrm.so.2.4.0
7fe419836000-7fe419a35000 ---p 00011000 fe:01 843703                     /usr/lib64/libdrm.so.2.4.0
7fe419a35000-7fe419a36000 r--p 00010000 fe:01 843703                     /usr/lib64/libdrm.so.2.4.0
7fe419a36000-7fe419a37000 rw-p 00011000 fe:01 843703                     /usr/lib64/libdrm.so.2.4.0
7fe419a37000-7fe419a3b000 r-xp 00000000 fe:01 765863                     /usr/lib64/libxcb-dri2.so.0.0.0
7fe419a3b000-7fe419c3a000 ---p 00004000 fe:01 765863                     /usr/lib64/libxcb-dri2.so.0.0.0
7fe419c3a000-7fe419c3b000 r--p 00003000 fe:01 765863                     /usr/lib64/libxcb-dri2.so.0.0.0
7fe419c3b000-7fe419c3c000 rw-p 00004000 fe:01 765863                     /usr/lib64/libxcb-dri2.so.0.0.0
7fe419c3c000-7fe419c55000 r-xp 00000000 fe:01 765819                     /usr/lib64/libxcb-glx.so.0.0.0
7fe419c55000-7fe419e55000 ---p 00019000 fe:01 765819                     /usr/lib64/libxcb-glx.so.0.0.0
7fe419e55000-7fe419e57000 r--p 00019000 fe:01 765819                     /usr/lib64/libxcb-glx.so.0.0.0
7fe419e57000-7fe419e58000 rw-p 0001b000 fe:01 765819                     /usr/lib64/libxcb-glx.so.0.0.0
7fe419e58000-7fe419e59000 r-xp 00000000 fe:01 53990                      /usr/lib64/libX11-xcb.so.1.0.0
7fe419e59000-7fe41a058000 ---p 00001000 fe:01 53990                      /usr/lib64/libX11-xcb.so.1.0.0
7fe41a058000-7fe41a059000 r--p 00000000 fe:01 53990                      /usr/lib64/libX11-xcb.so.1.0.0
7fe41a059000-7fe41a05a000 rw-p 00001000 fe:01 53990                      /usr/lib64/libX11-xcb.so.1.0.0
7fe41a05a000-7fe41a086000 r-xp 00000000 fe:01 791508                     /usr/lib64/libglapi.so.0.0.0
7fe41a086000-7fe41a285000 ---p 0002c000 fe:01 791508                     /usr/lib64/libglapi.so.0.0.0
7fe41a285000-7fe41a289000 r--p 0002b000 fe:01 791508                     /usr/lib64/libglapi.so.0.0.0
7fe41a289000-7fe41a28a000 rw-p 0002f000 fe:01 791508                     /usr/lib64/libglapi.so.0.0.0
7fe41a28a000-7fe41a28b000 rw-p 00000000 00:00 0 
7fe41a28b000-7fe41a28c000 r-xp 00000000 fe:01 918980                     /usr/lib64/libxshmfence.so.1.0.0
7fe41a28c000-7fe41a48b000 ---p 00001000 fe:01 918980                     /usr/lib64/libxshmfence.so.1.0.0
7fe41a48b000-7fe41a48c000 r--p 00000000 fe:01 918980                     /usr/lib64/libxshmfence.so.1.0.0
7fe41a48c000-7fe41a48d000 rw-p 00001000 fe:01 918980                     /usr/lib64/libxshmfence.so.1.0.0
7fe41a48d000-7fe41a493000 r-xp 00000000 fe:01 765912                     /usr/lib64/libxcb-sync.so.1.0.0
7fe41a493000-7fe41a692000 ---p 00006000 fe:01 765912                     /usr/lib64/libxcb-sync.so.1.0.0
7fe41a692000-7fe41a693000 r--p 00005000 fe:01 765912                     /usr/lib64/libxcb-sync.so.1.0.0
7fe41a693000-7fe41a694000 rw-p 00006000 fe:01 765912                     /usr/lib64/libxcb-sync.so.1.0.0
7fe41a694000-7fe41a696000 r-xp 00000000 fe:01 765882                     /usr/lib64/libxcb-present.so.0.0.0
7fe41a696000-7fe41a895000 ---p 00002000 fe:01 765882                     /usr/lib64/libxcb-present.so.0.0.0
7fe41a895000-7fe41a896000 r--p 00001000 fe:01 765882                     /usr/lib64/libxcb-present.so.0.0.0
7fe41a896000-7fe41a897000 rw-p 00002000 fe:01 765882                     /usr/lib64/libxcb-present.so.0.0.0
7fe41a897000-7fe41a89e000 r-xp 00000000 fe:01 765922                     /usr/lib64/libxcb-xfixes.so.0.0.0
7fe41a89e000-7fe41aa9d000 ---p 00007000 fe:01 765922                     /usr/lib64/libxcb-xfixes.so.0.0.0
7fe41aa9d000-7fe41aa9e000 r--p 00006000 fe:01 765922                     /usr/lib64/libxcb-xfixes.so.0.0.0
7fe41aa9e000-7fe41aa9f000 rw-p 00007000 fe:01 765922                     /usr/lib64/libxcb-xfixes.so.0.0.0
7fe41aa9f000-7fe41aaa1000 r-xp 00000000 fe:01 765814                     /usr/lib64/libxcb-dri3.so.0.0.0
7fe41aaa1000-7fe41aca0000 ---p 00002000 fe:01 765814                     /usr/lib64/libxcb-dri3.so.0.0.0
7fe41aca0000-7fe41aca1000 r--p 00001000 fe:01 765814                     /usr/lib64/libxcb-dri3.so.0.0.0
7fe41aca1000-7fe41aca2000 rw-p 00002000 fe:01 765814                     /usr/lib64/libxcb-dri3.so.0.0.0
7fe41aca2000-7fe41ad13000 r-xp 00000000 fe:01 920752                     /lib64/libpcre.so.1.2.9
7fe41ad13000-7fe41af12000 ---p 00071000 fe:01 920752                     /lib64/libpcre.so.1.2.9
7fe41af12000-7fe41af13000 r--p 00070000 fe:01 920752                     /lib64/libpcre.so.1.2.9
7fe41af13000-7fe41af14000 rw-p 00071000 fe:01 920752                     /lib64/libpcre.so.1.2.9
7fe41af14000-7fe41af1b000 r-xp 00000000 fe:01 49617                      /usr/lib64/libffi.so.6.0.4
7fe41af1b000-7fe41b11b000 ---p 00007000 fe:01 49617                      /usr/lib64/libffi.so.6.0.4
7fe41b11b000-7fe41b11c000 r--p 00007000 fe:01 49617                      /usr/lib64/libffi.so.6.0.4
7fe41b11c000-7fe41b11d000 rw-p 00008000 fe:01 49617                      /usr/lib64/libffi.so.6.0.4
7fe41b11d000-7fe41b144000 r-xp 00000000 fe:01 49184                      /usr/lib64/libexpat.so.1.6.7
7fe41b144000-7fe41b344000 ---p 00027000 fe:01 49184                      /usr/lib64/libexpat.so.1.6.7
7fe41b344000-7fe41b346000 r--p 00027000 fe:01 49184                      /usr/lib64/libexpat.so.1.6.7
7fe41b346000-7fe41b347000 rw-p 00029000 fe:01 49184                      /usr/lib64/libexpat.so.1.6.7
7fe41b347000-7fe41b356000 r-xp 00000000 fe:01 480410                     /lib64/libbz2.so.1.0.6
7fe41b356000-7fe41b556000 ---p 0000f000 fe:01 480410                     /lib64/libbz2.so.1.0.6
7fe41b556000-7fe41b557000 r--p 0000f000 fe:01 480410                     /lib64/libbz2.so.1.0.6
7fe41b557000-7fe41b558000 rw-p 00010000 fe:01 480410                     /lib64/libbz2.so.1.0.6
7fe41b558000-7fe41b565000 r-xp 00000000 fe:01 765877                     /usr/lib64/libxcb-render.so.0.0.0
7fe41b565000-7fe41b764000 ---p 0000d000 fe:01 765877                     /usr/lib64/libxcb-render.so.0.0.0
7fe41b764000-7fe41b765000 r--p 0000c000 fe:01 765877                     /usr/lib64/libxcb-render.so.0.0.0
7fe41b765000-7fe41b766000 rw-p 0000d000 fe:01 765877                     /usr/lib64/libxcb-render.so.0.0.0
7fe41b766000-7fe41b78e000 r-xp 00000000 fe:01 765809                     /usr/lib64/libxcb.so.1.1.0
7fe41b78e000-7fe41b98d000 ---p 00028000 fe:01 765809                     /usr/lib64/libxcb.so.1.1.0
7fe41b98d000-7fe41b98e000 r--p 00027000 fe:01 765809                     /usr/lib64/libxcb.so.1.1.0
7fe41b98e000-7fe41b98f000 rw-p 00028000 fe:01 765809                     /usr/lib64/libxcb.so.1.1.0
7fe41b98f000-7fe41b991000 r-xp 00000000 fe:01 765907                     /usr/lib64/libxcb-shm.so.0.0.0
7fe41b991000-7fe41bb91000 ---p 00002000 fe:01 765907                     /usr/lib64/libxcb-shm.so.0.0.0
7fe41bb91000-7fe41bb92000 r--p 00002000 fe:01 765907                     /usr/lib64/libxcb-shm.so.0.0.0
7fe41bb92000-7fe41bb93000 rw-p 00003000 fe:01 765907                     /usr/lib64/libxcb-shm.so.0.0.0
7fe41bb93000-7fe41bbc7000 r-xp 00000000 fe:01 171148                     /usr/lib64/libpng16.so.16.29.0
7fe41bbc7000-7fe41bdc6000 ---p 00034000 fe:01 171148                     /usr/lib64/libpng16.so.16.29.0
7fe41bdc6000-7fe41bdc7000 r--p 00033000 fe:01 171148                     /usr/lib64/libpng16.so.16.29.0
7fe41bdc7000-7fe41bdc8000 rw-p 00034000 fe:01 171148                     /usr/lib64/libpng16.so.16.29.0
7fe41bdc8000-7fe41bdfe000 r-xp 00000000 fe:01 791549                     /usr/lib64/libEGL.so.1.0.0
7fe41bdfe000-7fe41bffd000 ---p 00036000 fe:01 791549                     /usr/lib64/libEGL.so.1.0.0
7fe41bffd000-7fe41bfff000 r--p 00035000 fe:01 791549                     /usr/lib64/libEGL.so.1.0.0
7fe41bfff000-7fe41c000000 rw-p 00037000 fe:01 791549                     /usr/lib64/libEGL.so.1.0.0
7fe41c000000-7fe41c021000 rw-p 00000000 00:00 0 
7fe41c021000-7fe420000000 ---p 00000000 00:00 0 
7fe420000000-7fe420004000 rw-s 00000000 00:05 5196679                    /drm mm object (deleted)
7fe420004000-7fe420010000 rw-s 00000000 00:05 5196666                    /drm mm object (deleted)
7fe420010000-7fe420023000 r--s 00345000 fe:01 939030                     /opt/oracle-jdk-bin-1.8.0.162/jre/lib/resources.jar
7fe420023000-7fe420036000 r--p 00000000 fe:01 938584                     /opt/oracle-jdk-bin-1.8.0.162/jre/lib/fonts/LucidaBrightDemiItalic.ttf
7fe420036000-7fe4200cd000 r-xp 00000000 fe:01 710732                     /usr/lib64/libpixman-1.so.0.34.0
7fe4200cd000-7fe4202cc000 ---p 00097000 fe:01 710732                     /usr/lib64/libpixman-1.so.0.34.0
7fe4202cc000-7fe4202d4000 r--p 00096000 fe:01 710732                     /usr/lib64/libpixman-1.so.0.34.0
7fe4202d4000-7fe4202d5000 rw-p 0009e000 fe:01 710732                     /usr/lib64/libpixman-1.so.0.34.0
7fe4202d5000-7fe420370000 r-xp 00000000 fe:01 841776                     /usr/lib64/libharfbuzz.so.0.10702.0
7fe420370000-7fe420570000 ---p 0009b000 fe:01 841776                     /usr/lib64/libharfbuzz.so.0.10702.0
7fe420570000-7fe420571000 r--p 0009b000 fe:01 841776                     /usr/lib64/libharfbuzz.so.0.10702.0
7fe420571000-7fe420572000 rw-p 0009c000 fe:01 841776                     /usr/lib64/libharfbuzz.so.0.10702.0
7fe420572000-7fe4205c2000 r-xp 00000000 fe:01 982959                     /lib64/libmount.so.1.1.0
7fe4205c2000-7fe4207c2000 ---p 00050000 fe:01 982959                     /lib64/libmount.so.1.1.0
7fe4207c2000-7fe4207c4000 r--p 00050000 fe:01 982959                     /lib64/libmount.so.1.1.0
7fe4207c4000-7fe4207c5000 rw-p 00052000 fe:01 982959                     /lib64/libmount.so.1.1.0
7fe4207c5000-7fe4207c7000 rw-p 00000000 00:00 0 
7fe4207c7000-7fe4207da000 r-xp 00000000 fe:01 417827                     /lib64/libresolv-2.25.so
7fe4207da000-7fe4209da000 ---p 00013000 fe:01 417827                     /lib64/libresolv-2.25.so
7fe4209da000-7fe4209db000 r--p 00013000 fe:01 417827                     /lib64/libresolv-2.25.so
7fe4209db000-7fe4209dc000 rw-p 00014000 fe:01 417827                     /lib64/libresolv-2.25.so
7fe4209dc000-7fe4209de000 rw-p 00000000 00:00 0 
7fe4209de000-7fe4209f4000 r-xp 00000000 fe:01 49105                      /lib64/libz.so.1.2.11
7fe4209f4000-7fe420bf3000 ---p 00016000 fe:01 49105                      /lib64/libz.so.1.2.11
7fe420bf3000-7fe420bf4000 r--p 00015000 fe:01 49105                      /lib64/libz.so.1.2.11
7fe420bf4000-7fe420bf5000 rw-p 00016000 fe:01 49105                      /lib64/libz.so.1.2.11
7fe420bf5000-7fe420c06000 r-xp 00000000 fe:01 167633                     /usr/lib64/libXext.so.6.4.0
7fe420c06000-7fe420e05000 ---p 00011000 fe:01 167633                     /usr/lib64/libXext.so.6.4.0
7fe420e05000-7fe420e06000 r--p 00010000 fe:01 167633                     /usr/lib64/libXext.so.6.4.0
7fe420e06000-7fe420e07000 rw-p 00011000 fe:01 167633                     /usr/lib64/libXext.so.6.4.0
7fe420e07000-7fe420e09000 r-xp 00000000 fe:01 167360                     /usr/lib64/libXdamage.so.1.1.0
7fe420e09000-7fe421008000 ---p 00002000 fe:01 167360                     /usr/lib64/libXdamage.so.1.1.0
7fe421008000-7fe421009000 r--p 00001000 fe:01 167360                     /usr/lib64/libXdamage.so.1.1.0
7fe421009000-7fe42100a000 rw-p 00002000 fe:01 167360                     /usr/lib64/libXdamage.so.1.1.0
7fe42100a000-7fe42100c000 r-xp 00000000 fe:01 167425                     /usr/lib64/libXcomposite.so.1.0.0
7fe42100c000-7fe42120b000 ---p 00002000 fe:01 167425                     /usr/lib64/libXcomposite.so.1.0.0
7fe42120b000-7fe42120c000 r--p 00001000 fe:01 167425                     /usr/lib64/libXcomposite.so.1.0.0
7fe42120c000-7fe42120d000 rw-p 00002000 fe:01 167425                     /usr/lib64/libXcomposite.so.1.0.0
7fe42120d000-7fe421217000 r-xp 00000000 fe:01 167439                     /usr/lib64/libXcursor.so.1.0.2
7fe421217000-7fe421416000 ---p 0000a000 fe:01 167439                     /usr/lib64/libXcursor.so.1.0.2
7fe421416000-7fe421417000 r--p 00009000 fe:01 167439                     /usr/lib64/libXcursor.so.1.0.2
7fe421417000-7fe421418000 rw-p 0000a000 fe:01 167439                     /usr/lib64/libXcursor.so.1.0.2
7fe421418000-7fe421422000 r-xp 00000000 fe:01 167398                     /usr/lib64/libXrandr.so.2.2.0
7fe421422000-7fe421621000 ---p 0000a000 fe:01 167398                     /usr/lib64/libXrandr.so.2.2.0
7fe421621000-7fe421622000 r--p 00009000 fe:01 167398                     /usr/lib64/libXrandr.so.2.2.0
7fe421622000-7fe421623000 rw-p 0000a000 fe:01 167398                     /usr/lib64/libXrandr.so.2.2.0
7fe421623000-7fe421632000 r-xp 00000000 fe:01 168023                     /usr/lib64/libXi.so.6.1.0
7fe421632000-7fe421831000 ---p 0000f000 fe:01 168023                     /usr/lib64/libXi.so.6.1.0
7fe421831000-7fe421832000 r--p 0000e000 fe:01 168023                     /usr/lib64/libXi.so.6.1.0
7fe421832000-7fe421833000 rw-p 0000f000 fe:01 168023                     /usr/lib64/libXi.so.6.1.0
7fe421833000-7fe42183c000 r-xp 00000000 fe:01 167246                     /usr/lib64/libXrender.so.1.3.0
7fe42183c000-7fe421a3b000 ---p 00009000 fe:01 167246                     /usr/lib64/libXrender.so.1.3.0
7fe421a3b000-7fe421a3c000 r--p 00008000 fe:01 167246                     /usr/lib64/libXrender.so.1.3.0
7fe421a3c000-7fe421a3d000 rw-p 00009000 fe:01 167246                     /usr/lib64/libXrender.so.1.3.0
7fe421a3d000-7fe421a42000 r-xp 00000000 fe:01 167055                     /usr/lib64/libXfixes.so.3.1.0
7fe421a42000-7fe421c41000 ---p 00005000 fe:01 167055                     /usr/lib64/libXfixes.so.3.1.0
7fe421c41000-7fe421c42000 r--p 00004000 fe:01 167055                     /usr/lib64/libXfixes.so.3.1.0
7fe421c42000-7fe421c43000 rw-p 00005000 fe:01 167055                     /usr/lib64/libXfixes.so.3.1.0
7fe421c43000-7fe421c58000 r-xp 00000000 fe:01 795847                     /usr/lib64/gcc/x86_64-pc-linux-gnu/6.4.0/libgcc_s.so.1
7fe421c58000-7fe421e57000 ---p 00015000 fe:01 795847                     /usr/lib64/gcc/x86_64-pc-linux-gnu/6.4.0/libgcc_s.so.1
7fe421e57000-7fe421e58000 r--p 00014000 fe:01 795847                     /usr/lib64/gcc/x86_64-pc-linux-gnu/6.4.0/libgcc_s.so.1
7fe421e58000-7fe421e59000 rw-p 00015000 fe:01 795847                     /usr/lib64/gcc/x86_64-pc-linux-gnu/6.4.0/libgcc_s.so.1
7fe421e59000-7fe422045000 r-xp 00000000 fe:01 796245                     /usr/lib64/gcc/x86_64-pc-linux-gnu/6.4.0/libstdc++.so.6.0.22
7fe422045000-7fe422244000 ---p 001ec000 fe:01 796245                     /usr/lib64/gcc/x86_64-pc-linux-gnu/6.4.0/libstdc++.so.6.0.22
7fe422244000-7fe422251000 r--p 001eb000 fe:01 796245                     /usr/lib64/gcc/x86_64-pc-linux-gnu/6.4.0/libstdc++.so.6.0.22
7fe422251000-7fe422255000 rw-p 001f8000 fe:01 796245                     /usr/lib64/gcc/x86_64-pc-linux-gnu/6.4.0/libstdc++.so.6.0.22
7fe422255000-7fe422258000 rw-p 00000000 00:00 0 
7fe422258000-7fe4222c7000 r-xp 00000000 fe:01 791548                     /usr/lib64/libGL.so.1.2.0
7fe4222c7000-7fe4224c6000 ---p 0006f000 fe:01 791548                     /usr/lib64/libGL.so.1.2.0
7fe4224c6000-7fe4224c9000 r--p 0006e000 fe:01 791548                     /usr/lib64/libGL.so.1.2.0
7fe4224c9000-7fe4224ca000 rw-p 00071000 fe:01 791548                     /usr/lib64/libGL.so.1.2.0
7fe4224ca000-7fe4224cb000 rw-p 00000000 00:00 0 
7fe4224cb000-7fe4224d0000 r-xp 00000000 fe:01 167540                     /usr/lib64/libXxf86vm.so.1.0.0
7fe4224d0000-7fe4226cf000 ---p 00005000 fe:01 167540                     /usr/lib64/libXxf86vm.so.1.0.0
7fe4226cf000-7fe4226d0000 r--p 00004000 fe:01 167540                     /usr/lib64/libXxf86vm.so.1.0.0
7fe4226d0000-7fe4226d1000 rw-p 00005000 fe:01 167540                     /usr/lib64/libXxf86vm.so.1.0.0
7fe4226d1000-7fe422808000 r-xp 00000000 fe:01 53971                      /usr/lib64/libX11.so.6.3.0
7fe422808000-7fe422a08000 ---p 00137000 fe:01 53971                      /usr/lib64/libX11.so.6.3.0
7fe422a08000-7fe422a09000 r--p 00137000 fe:01 53971                      /usr/lib64/libX11.so.6.3.0
7fe422a09000-7fe422a0e000 rw-p 00138000 fe:01 53971                      /usr/lib64/libX11.so.6.3.0
7fe422a0e000-7fe422a13000 r-xp 00000000 fe:01 706443                     /usr/lib64/libXtst.so.6.1.0
7fe422a13000-7fe422c12000 ---p 00005000 fe:01 706443                     /usr/lib64/libXtst.so.6.1.0
7fe422c12000-7fe422c13000 r--p 00004000 fe:01 706443                     /usr/lib64/libXtst.so.6.1.0
7fe422c13000-7fe422c14000 rw-p 00005000 fe:01 706443                     /usr/lib64/libXtst.so.6.1.0
7fe422c14000-7fe422d25000 r-xp 00000000 fe:01 1073213                    /usr/lib64/libglib-2.0.so.0.5200.3
7fe422d25000-7fe422f24000 ---p 00111000 fe:01 1073213                    /usr/lib64/libglib-2.0.so.0.5200.3
7fe422f24000-7fe422f25000 r--p 00110000 fe:01 1073213                    /usr/lib64/libglib-2.0.so.0.5200.3
7fe422f25000-7fe422f26000 rw-p 00111000 fe:01 1073213                    /usr/lib64/libglib-2.0.so.0.5200.3
7fe422f26000-7fe422f27000 rw-p 00000000 00:00 0 
7fe422f27000-7fe422f28000 r-xp 00000000 fe:01 1073304                    /usr/lib64/libgthread-2.0.so.0.5200.3
7fe422f28000-7fe423127000 ---p 00001000 fe:01 1073304                    /usr/lib64/libgthread-2.0.so.0.5200.3
7fe423127000-7fe423128000 r--p 00000000 fe:01 1073304                    /usr/lib64/libgthread-2.0.so.0.5200.3
7fe423128000-7fe423129000 rw-p 00001000 fe:01 1073304                    /usr/lib64/libgthread-2.0.so.0.5200.3
7fe423129000-7fe42312c000 r-xp 00000000 fe:01 1073219                    /usr/lib64/libgmodule-2.0.so.0.5200.3
7fe42312c000-7fe42332b000 ---p 00003000 fe:01 1073219                    /usr/lib64/libgmodule-2.0.so.0.5200.3
7fe42332b000-7fe42332c000 r--p 00002000 fe:01 1073219                    /usr/lib64/libgmodule-2.0.so.0.5200.3
7fe42332c000-7fe42332d000 rw-p 00003000 fe:01 1073219                    /usr/lib64/libgmodule-2.0.so.0.5200.3
7fe42332d000-7fe42337f000 r-xp 00000000 fe:01 1073305                    /usr/lib64/libgobject-2.0.so.0.5200.3
7fe42337f000-7fe42357e000 ---p 00052000 fe:01 1073305                    /usr/lib64/libgobject-2.0.so.0.5200.3
7fe42357e000-7fe42357f000 r--p 00051000 fe:01 1073305                    /usr/lib64/libgobject-2.0.so.0.5200.3
7fe42357f000-7fe423580000 rw-p 00052000 fe:01 1073305                    /usr/lib64/libgobject-2.0.so.0.5200.3
7fe423580000-7fe4235bf000 r-xp 00000000 fe:01 841248                     /usr/lib64/libfontconfig.so.1.10.1
7fe4235bf000-7fe4237be000 ---p 0003f000 fe:01 841248                     /usr/lib64/libfontconfig.so.1.10.1
7fe4237be000-7fe4237c0000 r--p 0003e000 fe:01 841248                     /usr/lib64/libfontconfig.so.1.10.1
7fe4237c0000-7fe4237c5000 rw-p 00040000 fe:01 841248                     /usr/lib64/libfontconfig.so.1.10.1
7fe4237c5000-7fe423882000 r-xp 00000000 fe:01 166697                     /usr/lib64/libfreetype.so.6.14.0
7fe423882000-7fe423a82000 ---p 000bd000 fe:01 166697                     /usr/lib64/libfreetype.so.6.14.0
7fe423a82000-7fe423a89000 r--p 000bd000 fe:01 166697                     /usr/lib64/libfreetype.so.6.14.0
7fe423a89000-7fe423a8a000 rw-p 000c4000 fe:01 166697                     /usr/lib64/libfreetype.so.6.14.0
7fe423a8a000-7fe423ad5000 r-xp 00000000 fe:01 848061                     /usr/lib64/libpango-1.0.so.0.4000.14
7fe423ad5000-7fe423cd5000 ---p 0004b000 fe:01 848061                     /usr/lib64/libpango-1.0.so.0.4000.14
7fe423cd5000-7fe423cd7000 r--p 0004b000 fe:01 848061                     /usr/lib64/libpango-1.0.so.0.4000.14
7fe423cd7000-7fe423cd8000 rw-p 0004d000 fe:01 848061                     /usr/lib64/libpango-1.0.so.0.4000.14
7fe423cd8000-7fe423dfb000 r-xp 00000000 fe:01 776088                     /usr/lib64/libcairo.so.2.11400.12
7fe423dfb000-7fe423ffa000 ---p 00123000 fe:01 776088                     /usr/lib64/libcairo.so.2.11400.12
7fe423ffa000-7fe423ffd000 r--p 00122000 fe:01 776088                     /usr/lib64/libcairo.so.2.11400.12
7fe423ffd000-7fe423fff000 rw-p 00125000 fe:01 776088                     /usr/lib64/libcairo.so.2.11400.12
7fe423fff000-7fe424000000 rw-p 00000000 00:00 0 
7fe424000000-7fe424021000 rw-p 00000000 00:00 0 
7fe424021000-7fe428000000 ---p 00000000 00:00 0 
7fe428000000-7fe428001000 rw-s 00000000 00:05 5203641                    /drm mm object (deleted)
7fe428001000-7fe428006000 rw-s 00000000 00:05 5196678                    /drm mm object (deleted)
7fe428006000-7fe428019000 r--p 00000000 fe:01 938589                     /opt/oracle-jdk-bin-1.8.0.162/jre/lib/fonts/LucidaBrightDemiBold.ttf
7fe428019000-7fe42802d000 r--p 00000000 fe:01 938579                     /opt/oracle-jdk-bin-1.8.0.162/jre/lib/fonts/LucidaBrightItalic.ttf
7fe42802d000-7fe428032000 r--s 00084000 fe:01 938565                     /opt/oracle-jdk-bin-1.8.0.162/jre/lib/jfr.jar
7fe428032000-7fe428037000 r--s 0009d000 fe:01 939137                     /opt/oracle-jdk-bin-1.8.0.162/jre/lib/jsse.jar
7fe428037000-7fe42803b000 r--s 00000000 fe:01 695171                     /var/cache/fontconfig/6d2376a383715d59725915647ddb0428-le64.cache-7
7fe42803b000-7fe428046000 r--s 00000000 fe:01 695169                     /var/cache/fontconfig/acc285bc1956c3c4bc7afb41d537a85a-le64.cache-7
7fe428046000-7fe428052000 r--s 00000000 fe:01 695167                     /var/cache/fontconfig/a0663135713e7191a842fe22e0157189-le64.cache-7
7fe428052000-7fe428064000 r--s 00000000 fe:01 695165                     /var/cache/fontconfig/f2e43df3287529323e79e7929dc44cc9-le64.cache-7
7fe428064000-7fe4280a6000 r--s 00000000 fe:01 695164                     /var/cache/fontconfig/923e285e415b1073c8df160bee08820f-le64.cache-7
7fe4280a6000-7fe4280bd000 r--s 00000000 fe:01 695162                     /var/cache/fontconfig/8d4af663993b81a124ee82e610bb31f9-le64.cache-7
7fe4280bd000-7fe4280f3000 r--s 00000000 fe:02 11406661                   /home/aesophor/.cache/fontconfig/9085acacfd3ed2f69daa65cfe81525f4-le64.cache-7
7fe4280f3000-7fe4280f6000 ---p 00000000 00:00 0 
7fe4280f6000-7fe4281f4000 rw-p 00000000 00:00 0 
7fe4281f4000-7fe428200000 r-xp 00000000 fe:01 848062                     /usr/lib64/libpangocairo-1.0.so.0.4000.14
7fe428200000-7fe4283ff000 ---p 0000c000 fe:01 848062                     /usr/lib64/libpangocairo-1.0.so.0.4000.14
7fe4283ff000-7fe428400000 r--p 0000b000 fe:01 848062                     /usr/lib64/libpangocairo-1.0.so.0.4000.14
7fe428400000-7fe428401000 rw-p 0000c000 fe:01 848062                     /usr/lib64/libpangocairo-1.0.so.0.4000.14
7fe428401000-7fe428424000 r-xp 00000000 fe:01 657025                     /usr/lib64/libgdk_pixbuf-2.0.so.0.3611.0
7fe428424000-7fe428623000 ---p 00023000 fe:01 657025                     /usr/lib64/libgdk_pixbuf-2.0.so.0.3611.0
7fe428623000-7fe428624000 r--p 00022000 fe:01 657025                     /usr/lib64/libgdk_pixbuf-2.0.so.0.3611.0
7fe428624000-7fe428625000 rw-p 00023000 fe:01 657025                     /usr/lib64/libgdk_pixbuf-2.0.so.0.3611.0
7fe428625000-7fe428639000 r-xp 00000000 fe:01 848051                     /usr/lib64/libpangoft2-1.0.so.0.4000.14
7fe428639000-7fe428838000 ---p 00014000 fe:01 848051                     /usr/lib64/libpangoft2-1.0.so.0.4000.14
7fe428838000-7fe428839000 r--p 00013000 fe:01 848051                     /usr/lib64/libpangoft2-1.0.so.0.4000.14
7fe428839000-7fe42883a000 rw-p 00014000 fe:01 848051                     /usr/lib64/libpangoft2-1.0.so.0.4000.14
7fe42883a000-7fe4289ca000 r-xp 00000000 fe:01 1073306                    /usr/lib64/libgio-2.0.so.0.5200.3
7fe4289ca000-7fe428bca000 ---p 00190000 fe:01 1073306                    /usr/lib64/libgio-2.0.so.0.5200.3
7fe428bca000-7fe428bcf000 r--p 00190000 fe:01 1073306                    /usr/lib64/libgio-2.0.so.0.5200.3
7fe428bcf000-7fe428bd1000 rw-p 00195000 fe:01 1073306                    /usr/lib64/libgio-2.0.so.0.5200.3
7fe428bd1000-7fe428bd3000 rw-p 00000000 00:00 0 
7fe428bd3000-7fe428bf6000 r-xp 00000000 fe:01 751145                     /usr/lib64/libatk-1.0.so.0.22409.1
7fe428bf6000-7fe428df5000 ---p 00023000 fe:01 751145                     /usr/lib64/libatk-1.0.so.0.22409.1
7fe428df5000-7fe428df8000 r--p 00022000 fe:01 751145                     /usr/lib64/libatk-1.0.so.0.22409.1
7fe428df8000-7fe428df9000 rw-p 00025000 fe:01 751145                     /usr/lib64/libatk-1.0.so.0.22409.1
7fe428df9000-7fe428ea9000 r-xp 00000000 fe:01 139436                     /usr/lib64/libgdk-x11-2.0.so.0.2400.31
7fe428ea9000-7fe4290a8000 ---p 000b0000 fe:01 139436                     /usr/lib64/libgdk-x11-2.0.so.0.2400.31
7fe4290a8000-7fe4290ac000 r--p 000af000 fe:01 139436                     /usr/lib64/libgdk-x11-2.0.so.0.2400.31
7fe4290ac000-7fe4290ae000 rw-p 000b3000 fe:01 139436                     /usr/lib64/libgdk-x11-2.0.so.0.2400.31
7fe4290ae000-7fe4294e0000 r-xp 00000000 fe:01 139437                     /usr/lib64/libgtk-x11-2.0.so.0.2400.31
7fe4294e0000-7fe4296df000 ---p 00432000 fe:01 139437                     /usr/lib64/libgtk-x11-2.0.so.0.2400.31
7fe4296df000-7fe4296e6000 r--p 00431000 fe:01 139437                     /usr/lib64/libgtk-x11-2.0.so.0.2400.31
7fe4296e6000-7fe4296ea000 rw-p 00438000 fe:01 139437                     /usr/lib64/libgtk-x11-2.0.so.0.2400.31
7fe4296ea000-7fe4296ed000 rw-p 00000000 00:00 0 
7fe4296ed000-7fe4296f0000 r--s 00000000 fe:01 695174                     /var/cache/fontconfig/0b1bcc92b4d25cc154d77dafe3bceaa0-le64.cache-7
7fe4296f0000-7fe4296f6000 r--s 00000000 fe:01 695168                     /var/cache/fontconfig/4460665c0f3e88acdd4c85aa2f409b99-le64.cache-7
7fe4296f6000-7fe4296f7000 r--s 00000000 fe:01 695166                     /var/cache/fontconfig/25555864a5ce4c4354a06a3e87d97c32-le64.cache-7
7fe4296f7000-7fe4296f8000 r--s 00000000 fe:01 695163                     /var/cache/fontconfig/e7ea9e40c2cc607a8d34d89a9fc88e57-le64.cache-7
7fe4296f8000-7fe4296fa000 r--s 00000000 fe:01 695161                     /var/cache/fontconfig/19fedb3e2210915f7a739b6fd7a52ad4-le64.cache-7
7fe4296fa000-7fe4296fd000 r--s 00000000 fe:01 695160                     /var/cache/fontconfig/019629eead7fd8624feacc17e1c76e56-le64.cache-7
7fe4296fd000-7fe429708000 r--s 00000000 fe:01 695157                     /var/cache/fontconfig/12b26b760a24f8b4feb03ad48a333a72-le64.cache-7
7fe429708000-7fe42970d000 r--s 00000000 fe:01 695152                     /var/cache/fontconfig/1649608eb9b8f94c6b3224be69857e3b-le64.cache-7
7fe42970d000-7fe42970e000 r--s 00000000 fe:01 695151                     /var/cache/fontconfig/82f0ed23f50806d756be74166fc21c9c-le64.cache-7
7fe42970e000-7fe429712000 r--s 00000000 fe:01 695149                     /var/cache/fontconfig/f6b893a7224233d96cb72fd88691c0b4-le64.cache-7
7fe429712000-7fe42971b000 r--s 00000000 fe:01 695146                     /var/cache/fontconfig/df311e82a1a24c41a75c2c930223552e-le64.cache-7
7fe42971b000-7fe429720000 rw-s 00000000 00:05 5196664                    /drm mm object (deleted)
7fe429720000-7fe429724000 rw-s 00000000 00:05 5201271                    /drm mm object (deleted)
7fe429724000-7fe429730000 r-xp 00000000 fe:01 940511                     /opt/oracle-jdk-bin-1.8.0.162/jre/lib/amd64/libprism_es2.so
7fe429730000-7fe42992f000 ---p 0000c000 fe:01 940511                     /opt/oracle-jdk-bin-1.8.0.162/jre/lib/amd64/libprism_es2.so
7fe42992f000-7fe429930000 rw-p 0000b000 fe:01 940511                     /opt/oracle-jdk-bin-1.8.0.162/jre/lib/amd64/libprism_es2.so
7fe429930000-7fe429933000 ---p 00000000 00:00 0 
7fe429933000-7fe429a31000 rw-p 00000000 00:00 0 
7fe429a31000-7fe429a5f000 r--s 00475000 fe:02 11665602                   /home/aesophor/Code/Java/NetBeansProjects/Hacklympics/Hacklympics/libs/terminalfx-1.0.5.jar
7fe429a5f000-7fe429af5000 r--s 0110a000 fe:01 939165                     /opt/oracle-jdk-bin-1.8.0.162/jre/lib/ext/jfxrt.jar
7fe429af5000-7fe429af6000 ---p 00000000 00:00 0 
7fe429af6000-7fe429bf6000 rw-p 00000000 00:00 0 
7fe429bf6000-7fe429bf9000 ---p 00000000 00:00 0 
7fe429bf9000-7fe429cf7000 rw-p 00000000 00:00 0 
7fe429cf7000-7fe429cfa000 ---p 00000000 00:00 0 
7fe429cfa000-7fe429df8000 rw-p 00000000 00:00 0 
7fe429df8000-7fe429dfb000 ---p 00000000 00:00 0 
7fe429dfb000-7fe429ef9000 rw-p 00000000 00:00 0 
7fe429ef9000-7fe429efc000 ---p 00000000 00:00 0 
7fe429efc000-7fe429ffa000 rw-p 00000000 00:00 0 
7fe429ffa000-7fe429ffd000 ---p 00000000 00:00 0 
7fe429ffd000-7fe42a0fb000 rw-p 00000000 00:00 0 
7fe42a0fb000-7fe42a0fe000 ---p 00000000 00:00 0 
7fe42a0fe000-7fe42a1fc000 rw-p 00000000 00:00 0 
7fe42a1fc000-7fe42a1ff000 ---p 00000000 00:00 0 
7fe42a1ff000-7fe42a2fd000 rw-p 00000000 00:00 0 
7fe42a2fd000-7fe42a300000 ---p 00000000 00:00 0 
7fe42a300000-7fe42a3fe000 rw-p 00000000 00:00 0 
7fe42a3fe000-7fe42a3ff000 ---p 00000000 00:00 0 
7fe42a3ff000-7fe42c000000 rw-p 00000000 00:00 0 
7fe42c000000-7fe42c021000 rw-p 00000000 00:00 0 
7fe42c021000-7fe430000000 ---p 00000000 00:00 0 
7fe430000000-7fe430002000 r--s 00000000 fe:01 695150                     /var/cache/fontconfig/6ba42ae0000f58711b5caaf10d690066-le64.cache-7
7fe430002000-7fe430017000 r--s 00237000 fe:02 11665599                   /home/aesophor/Code/Java/NetBeansProjects/Hacklympics/Hacklympics/libs/jfoenix-8.0.1.jar
7fe430017000-7fe431000000 rw-p 00000000 00:00 0 
7fe431000000-7fe431900000 rwxp 00000000 00:00 0 
7fe431900000-7fe440000000 ---p 00000000 00:00 0 
7fe440000000-7fe4404bf000 rw-p 00000000 00:00 0 
7fe4404bf000-7fe444000000 ---p 00000000 00:00 0 
7fe444000000-7fe444001000 rw-p 00000000 00:00 0 
7fe444001000-7fe444006000 rw-s 00000000 00:05 5201267                    /drm mm object (deleted)
7fe444006000-7fe44400b000 rw-s 00000000 00:05 5197779                    /drm mm object (deleted)
7fe44400b000-7fe44417c000 rw-p 00000000 00:00 0 
7fe44417c000-7fe444356000 r--s 03d64000 fe:01 940577                     /opt/oracle-jdk-bin-1.8.0.162/jre/lib/rt.jar
7fe444356000-7fe4443cc000 rw-p 00000000 00:00 0 
7fe4443cc000-7fe4443cd000 ---p 00000000 00:00 0 
7fe4443cd000-7fe4444cd000 rw-p 00000000 00:00 0 
7fe4444cd000-7fe4444ce000 ---p 00000000 00:00 0 
7fe4444ce000-7fe4445ce000 rw-p 00000000 00:00 0 
7fe4445ce000-7fe4445cf000 ---p 00000000 00:00 0 
7fe4445cf000-7fe4446cf000 rw-p 00000000 00:00 0 
7fe4446cf000-7fe4446d0000 ---p 00000000 00:00 0 
7fe4446d0000-7fe4447d0000 rw-p 00000000 00:00 0 
7fe4447d0000-7fe4447d1000 ---p 00000000 00:00 0 
7fe4447d1000-7fe4448d1000 rw-p 00000000 00:00 0 
7fe4448d1000-7fe4448d2000 ---p 00000000 00:00 0 
7fe4448d2000-7fe4449d2000 rw-p 00000000 00:00 0 
7fe4449d2000-7fe4449d3000 ---p 00000000 00:00 0 
7fe4449d3000-7fe444ad3000 rw-p 00000000 00:00 0 
7fe444ad3000-7fe444ad4000 ---p 00000000 00:00 0 
7fe444ad4000-7fe444c13000 rw-p 00000000 00:00 0 
7fe444c13000-7fe445104000 ---p 00000000 00:00 0 
7fe445104000-7fe445143000 rw-p 00000000 00:00 0 
7fe445143000-7fe445634000 ---p 00000000 00:00 0 
7fe445634000-7fe44565e000 rw-p 00000000 00:00 0 
7fe44565e000-7fe4458cc000 ---p 00000000 00:00 0 
7fe4458cc000-7fe4458f1000 rw-p 00000000 00:00 0 
7fe4458f1000-7fe445c8d000 ---p 00000000 00:00 0 
7fe445c8d000-7fe445ca8000 r-xp 00000000 fe:01 940492                     /opt/oracle-jdk-bin-1.8.0.162/jre/lib/amd64/libzip.so
7fe445ca8000-7fe445ea8000 ---p 0001b000 fe:01 940492                     /opt/oracle-jdk-bin-1.8.0.162/jre/lib/amd64/libzip.so
7fe445ea8000-7fe445ea9000 rw-p 0001b000 fe:01 940492                     /opt/oracle-jdk-bin-1.8.0.162/jre/lib/amd64/libzip.so
7fe445ea9000-7fe445eb4000 r-xp 00000000 fe:01 417840                     /lib64/libnss_files-2.25.so
7fe445eb4000-7fe4460b3000 ---p 0000b000 fe:01 417840                     /lib64/libnss_files-2.25.so
7fe4460b3000-7fe4460b4000 r--p 0000a000 fe:01 417840                     /lib64/libnss_files-2.25.so
7fe4460b4000-7fe4460b5000 rw-p 0000b000 fe:01 417840                     /lib64/libnss_files-2.25.so
7fe4460b5000-7fe4460c0000 r-xp 00000000 fe:01 417845                     /lib64/libnss_nis-2.25.so
7fe4460c0000-7fe4462bf000 ---p 0000b000 fe:01 417845                     /lib64/libnss_nis-2.25.so
7fe4462bf000-7fe4462c0000 r--p 0000a000 fe:01 417845                     /lib64/libnss_nis-2.25.so
7fe4462c0000-7fe4462c1000 rw-p 0000b000 fe:01 417845                     /lib64/libnss_nis-2.25.so
7fe4462c1000-7fe4462d7000 r-xp 00000000 fe:01 417819                     /lib64/libnsl-2.25.so
7fe4462d7000-7fe4464d6000 ---p 00016000 fe:01 417819                     /lib64/libnsl-2.25.so
7fe4464d6000-7fe4464d7000 r--p 00015000 fe:01 417819                     /lib64/libnsl-2.25.so
7fe4464d7000-7fe4464d8000 rw-p 00016000 fe:01 417819                     /lib64/libnsl-2.25.so
7fe4464d8000-7fe4464da000 rw-p 00000000 00:00 0 
7fe4464da000-7fe4464e1000 r-xp 00000000 fe:01 417831                     /lib64/libnss_compat-2.25.so
7fe4464e1000-7fe4466e1000 ---p 00007000 fe:01 417831                     /lib64/libnss_compat-2.25.so
7fe4466e1000-7fe4466e2000 r--p 00007000 fe:01 417831                     /lib64/libnss_compat-2.25.so
7fe4466e2000-7fe4466e3000 rw-p 00008000 fe:01 417831                     /lib64/libnss_compat-2.25.so
7fe4466e3000-7fe44670e000 r-xp 00000000 fe:01 940450                     /opt/oracle-jdk-bin-1.8.0.162/jre/lib/amd64/libjava.so
7fe44670e000-7fe44690d000 ---p 0002b000 fe:01 940450                     /opt/oracle-jdk-bin-1.8.0.162/jre/lib/amd64/libjava.so
7fe44690d000-7fe44690f000 rw-p 0002a000 fe:01 940450                     /opt/oracle-jdk-bin-1.8.0.162/jre/lib/amd64/libjava.so
7fe44690f000-7fe44691c000 r-xp 00000000 fe:01 940489                     /opt/oracle-jdk-bin-1.8.0.162/jre/lib/amd64/libverify.so
7fe44691c000-7fe446b1c000 ---p 0000d000 fe:01 940489                     /opt/oracle-jdk-bin-1.8.0.162/jre/lib/amd64/libverify.so
7fe446b1c000-7fe446b1e000 rw-p 0000d000 fe:01 940489                     /opt/oracle-jdk-bin-1.8.0.162/jre/lib/amd64/libverify.so
7fe446b1e000-7fe446b25000 r-xp 00000000 fe:01 417810                     /lib64/librt-2.25.so
7fe446b25000-7fe446d24000 ---p 00007000 fe:01 417810                     /lib64/librt-2.25.so
7fe446d24000-7fe446d25000 r--p 00006000 fe:01 417810                     /lib64/librt-2.25.so
7fe446d25000-7fe446d26000 rw-p 00007000 fe:01 417810                     /lib64/librt-2.25.so
7fe446d26000-7fe446e2c000 r-xp 00000000 fe:01 417833                     /lib64/libm-2.25.so
7fe446e2c000-7fe44702c000 ---p 00106000 fe:01 417833                     /lib64/libm-2.25.so
7fe44702c000-7fe44702d000 r--p 00106000 fe:01 417833                     /lib64/libm-2.25.so
7fe44702d000-7fe44702e000 rw-p 00107000 fe:01 417833                     /lib64/libm-2.25.so
7fe44702e000-7fe447d07000 r-xp 00000000 fe:01 940375                     /opt/oracle-jdk-bin-1.8.0.162/jre/lib/amd64/server/libjvm.so
7fe447d07000-7fe447f06000 ---p 00cd9000 fe:01 940375                     /opt/oracle-jdk-bin-1.8.0.162/jre/lib/amd64/server/libjvm.so
7fe447f06000-7fe447fe0000 rw-p 00cd8000 fe:01 940375                     /opt/oracle-jdk-bin-1.8.0.162/jre/lib/amd64/server/libjvm.so
7fe447fe0000-7fe44802b000 rw-p 00000000 00:00 0 
7fe44802b000-7fe4481d1000 r-xp 00000000 fe:01 417825                     /lib64/libc-2.25.so
7fe4481d1000-7fe4483d0000 ---p 001a6000 fe:01 417825                     /lib64/libc-2.25.so
7fe4483d0000-7fe4483d4000 r--p 001a5000 fe:01 417825                     /lib64/libc-2.25.so
7fe4483d4000-7fe4483d6000 rw-p 001a9000 fe:01 417825                     /lib64/libc-2.25.so
7fe4483d6000-7fe4483da000 rw-p 00000000 00:00 0 
7fe4483da000-7fe4483dd000 r-xp 00000000 fe:01 417834                     /lib64/libdl-2.25.so
7fe4483dd000-7fe4485dc000 ---p 00003000 fe:01 417834                     /lib64/libdl-2.25.so
7fe4485dc000-7fe4485dd000 r--p 00002000 fe:01 417834                     /lib64/libdl-2.25.so
7fe4485dd000-7fe4485de000 rw-p 00003000 fe:01 417834                     /lib64/libdl-2.25.so
7fe4485de000-7fe4485f4000 r-xp 00000000 fe:01 951919                     /opt/oracle-jdk-bin-1.8.0.162/lib/amd64/jli/libjli.so
7fe4485f4000-7fe4487f3000 ---p 00016000 fe:01 951919                     /opt/oracle-jdk-bin-1.8.0.162/lib/amd64/jli/libjli.so
7fe4487f3000-7fe4487f4000 rw-p 00015000 fe:01 951919                     /opt/oracle-jdk-bin-1.8.0.162/lib/amd64/jli/libjli.so
7fe4487f4000-7fe44880e000 r-xp 00000000 fe:01 417822                     /lib64/libpthread-2.25.so
7fe44880e000-7fe448a0e000 ---p 0001a000 fe:01 417822                     /lib64/libpthread-2.25.so
7fe448a0e000-7fe448a0f000 r--p 0001a000 fe:01 417822                     /lib64/libpthread-2.25.so
7fe448a0f000-7fe448a10000 rw-p 0001b000 fe:01 417822                     /lib64/libpthread-2.25.so
7fe448a10000-7fe448a14000 rw-p 00000000 00:00 0 
7fe448a14000-7fe448a37000 r-xp 00000000 fe:01 417836                     /lib64/ld-2.25.so
7fe448a37000-7fe448a3b000 rw-s 00000000 00:05 5196665                    /drm mm object (deleted)
7fe448a3b000-7fe448a49000 r--s 000bf000 fe:02 1048679                    /home/aesophor/Code/Java/NetBeansProjects/Hacklympics/Hacklympics/libs/richtextfx-fat-0.9.0.jar
7fe448a49000-7fe448a4b000 r--s 0008a000 fe:02 11666047                   /home/aesophor/Code/Java/NetBeansProjects/Hacklympics/Hacklympics/libs/fontawesomefx-8.9.jar
7fe448a4b000-7fe448a4c000 r--s 00014000 fe:02 11666046                   /home/aesophor/Code/Java/NetBeansProjects/Hacklympics/Hacklympics/libs/okio-1.14.0.jar
7fe448a4c000-7fe448a51000 r--s 00060000 fe:02 11665724                   /home/aesophor/Code/Java/NetBeansProjects/Hacklympics/Hacklympics/libs/okhttp-3.10.0.jar
7fe448a51000-7fe448afa000 rw-p 00000000 00:00 0 
7fe448afa000-7fe448afd000 ---p 00000000 00:00 0 
7fe448afd000-7fe448bfd000 rw-p 00000000 00:00 0 
7fe448bfd000-7fe448c02000 r--s 00034000 fe:02 11665721                   /home/aesophor/Code/Java/NetBeansProjects/Hacklympics/Hacklympics/libs/gson-2.8.2.jar
7fe448c02000-7fe448c2a000 rw-p 00000000 00:00 0 
7fe448c2a000-7fe448c32000 rw-s 00000000 00:24 5203601                    /tmp/hsperfdata_aesophor/25353
7fe448c32000-7fe448c33000 rw-p 00000000 00:00 0 
7fe448c33000-7fe448c34000 ---p 00000000 00:00 0 
7fe448c34000-7fe448c36000 rw-p 00000000 00:00 0 
7fe448c36000-7fe448c37000 r--p 00022000 fe:01 417836                     /lib64/ld-2.25.so
7fe448c37000-7fe448c38000 rw-p 00023000 fe:01 417836                     /lib64/ld-2.25.so
7fe448c38000-7fe448c39000 rw-p 00000000 00:00 0 
7ffd4bdfc000-7ffd4be1e000 rw-p 00000000 00:00 0                          [stack]
7ffd4be69000-7ffd4be6b000 r--p 00000000 00:00 0                          [vvar]
7ffd4be6b000-7ffd4be6d000 r-xp 00000000 00:00 0                          [vdso]
ffffffffff600000-ffffffffff601000 r-xp 00000000 00:00 0                  [vsyscall]

VM Arguments:
jvm_args: -Dfile.encoding=UTF-8 
java_command: hacklympics.login.Main
java_class_path (initial): /home/aesophor/Code/Java/NetBeansProjects/Hacklympics/HacklympicsAPI/build/classes:/home/aesophor/Code/Java/NetBeansProjects/Hacklympics/Hacklympics/libs/gson-2.8.2.jar:/home/aesophor/Code/Java/NetBeansProjects/Hacklympics/Hacklympics/libs/okhttp-3.10.0.jar:/home/aesophor/Code/Java/NetBeansProjects/Hacklympics/Hacklympics/libs/okio-1.14.0.jar:/home/aesophor/Code/Java/NetBeansProjects/Hacklympics/Hacklympics/libs/jfoenix-8.0.1.jar:/home/aesophor/Code/Java/NetBeansProjects/Hacklympics/Hacklympics/libs/fontawesomefx-8.9.jar:/home/aesophor/Code/Java/NetBeansProjects/Hacklympics/Hacklympics/libs/terminalfx-1.0.5.jar:/home/aesophor/Code/Java/NetBeansProjects/Hacklympics/Hacklympics/libs/richtextfx-fat-0.9.0.jar:/home/aesophor/Code/Java/NetBeansProjects/Hacklympics/Hacklympics/build/classes
Launcher Type: SUN_STANDARD

Environment Variables:
JAVA_HOME=/etc/java-config-2/current-system-vm
PATH=/usr/x86_64-pc-linux-gnu/gcc-bin/6.4.0:/usr/lib/llvm/5/bin:/usr/local/bin:/usr/bin:/bin:/opt/bin:/home/aesophor/.local/bin/games:/home/aesophor/.local/bin/__pycache__:/home/aesophor/.local/bin/scripts:/home/aesophor/.local/bin/software:/home/aesophor/.local/bin/pip3.5:/home/aesophor/.local/bin/asm:/home/aesophor/.local/bin/bdflib-embolden:/home/aesophor/.local/bin/bdflib-fill:/home/aesophor/.local/bin/bdflib-merge:/home/aesophor/.local/bin/bdflib-passthrough:/home/aesophor/.local/bin/checksec:/home/aesophor/.local/bin/common:/home/aesophor/.local/bin/constgrep:/home/aesophor/.local/bin/cyclic:/home/aesophor/.local/bin/disasm:/home/aesophor/.local/bin/elfdiff:/home/aesophor/.local/bin/elfpatch:/home/aesophor/.local/bin/errno:/home/aesophor/.local/bin/hex:/home/aesophor/.local/bin/mako-render:/home/aesophor/.local/bin/phd:/home/aesophor/.local/bin/pip:/home/aesophor/.local/bin/pip3:/home/aesophor/.local/bin/pwnstrip:/home/aesophor/.local/bin/ROPgadget:/home/aesophor/.local/bin/scramble:/home/aesophor/.local/bin/shellcraft:/home/aesophor/.local/bin/tox:/home/aesophor/.local/bin/tox-quickstart:/home/aesophor/.local/bin/unhex:/home/aesophor/.local/bin/virtualenv:/home/aesophor/.local/bin/wheel:/home/aesophor/.local/bin/miniterm.py:/home/aesophor/.local/bin/miniterm.pyc
LD_LIBRARY_PATH=/opt/oracle-jdk-bin-1.8.0.162/jre/lib/amd64:/opt/oracle-jdk-bin-1.8.0.162/jre/lib/i386:
SHELL=/bin/zsh
DISPLAY=:0

Signal Handlers:
SIGSEGV: [libjvm.so+0xad03c0], sa_mask[0]=11111111011111111101111111111110, sa_flags=SA_RESTART|SA_SIGINFO
SIGBUS: [libjvm.so+0xad03c0], sa_mask[0]=11111111011111111101111111111110, sa_flags=SA_RESTART|SA_SIGINFO
SIGFPE: [libjvm.so+0x928210], sa_mask[0]=11111111011111111101111111111110, sa_flags=SA_RESTART|SA_SIGINFO
SIGPIPE: SIG_IGN, sa_mask[0]=00000000000010000000000000000000, sa_flags=SA_RESTART
SIGXFSZ: [libjvm.so+0x928210], sa_mask[0]=11111111011111111101111111111110, sa_flags=SA_RESTART|SA_SIGINFO
SIGILL: [libjvm.so+0x928210], sa_mask[0]=11111111011111111101111111111110, sa_flags=SA_RESTART|SA_SIGINFO
SIGUSR1: SIG_DFL, sa_mask[0]=00000000000000000000000000000000, sa_flags=none
SIGUSR2: [libjfxwebkit.so+0x13c2ff0], sa_mask[0]=00000000000100000000000000000000, sa_flags=SA_RESTART|SA_SIGINFO
SIGHUP: [libjvm.so+0x92ae70], sa_mask[0]=11111111011111111101111111111110, sa_flags=SA_RESTART|SA_SIGINFO
SIGINT: SIG_IGN, sa_mask[0]=00000000000000000000000000000000, sa_flags=none
SIGTERM: [libjvm.so+0x92ae70], sa_mask[0]=11111111011111111101111111111110, sa_flags=SA_RESTART|SA_SIGINFO
SIGQUIT: [libjvm.so+0x92ae70], sa_mask[0]=11111111011111111101111111111110, sa_flags=SA_RESTART|SA_SIGINFO


---------------  S Y S T E M  ---------------

OS:DISTRIB_ID="Gentoo"

uname:Linux 4.9.76-gentoo-r1 #3 SMP Wed Mar 28 16:48:24 CST 2018 x86_64
libc:glibc 2.25 NPTL 2.25 
rlimit: STACK 8192k, CORE infinity, NPROC 62907, NOFILE 4096, AS infinity
load average:1.57 1.27 1.06

/proc/meminfo:
MemTotal:       16317064 kB
MemFree:         9551848 kB
MemAvailable:   13424764 kB
Buffers:          834852 kB
Cached:          2994480 kB
SwapCached:            0 kB
Active:          4515436 kB
Inactive:        1580452 kB
Active(anon):    2270672 kB
Inactive(anon):   262132 kB
Active(file):    2244764 kB
Inactive(file):  1318320 kB
Unevictable:           0 kB
Mlocked:               0 kB
SwapTotal:             0 kB
SwapFree:              0 kB
Dirty:              1068 kB
Writeback:             0 kB
AnonPages:       2266712 kB
Mapped:           495764 kB
Shmem:            266256 kB
Slab:             541956 kB
SReclaimable:     495504 kB
SUnreclaim:        46452 kB
KernelStack:       10512 kB
PageTables:        42992 kB
NFS_Unstable:          0 kB
Bounce:                0 kB
WritebackTmp:          0 kB
CommitLimit:     8158532 kB
Committed_AS:    5826560 kB
VmallocTotal:   34359738367 kB
VmallocUsed:           0 kB
VmallocChunk:          0 kB
HugePages_Total:       0
HugePages_Free:        0
HugePages_Rsvd:        0
HugePages_Surp:        0
Hugepagesize:       2048 kB
DirectMap4k:       14984 kB
DirectMap2M:     3037184 kB
DirectMap1G:    13631488 kB


CPU:total 8 (initial active 8) (4 cores per cpu, 2 threads per core) family 6 model 70 stepping 1, cmov, cx8, fxsr, mmx, sse, sse2, sse3, ssse3, sse4.1, sse4.2, popcnt, avx, avx2, aes, clmul, erms, lzcnt, ht, tsc, tscinvbit, bmi1, bmi2

/proc/cpuinfo:
processor	: 0
vendor_id	: GenuineIntel
cpu family	: 6
model		: 70
model name	: Intel(R) Core(TM) i7-4770HQ CPU @ 2.20GHz
stepping	: 1
microcode	: 0xf
cpu MHz		: 1300.000
cache size	: 6144 KB
physical id	: 0
siblings	: 8
core id		: 0
cpu cores	: 4
apicid		: 0
initial apicid	: 0
fpu		: yes
fpu_exception	: yes
cpuid level	: 13
wp		: yes
flags		: fpu vme de pse tsc msr pae mce cx8 apic sep mtrr pge mca cmov pat pse36 clflush dts acpi mmx fxsr sse sse2 ss ht tm pbe syscall nx pdpe1gb rdtscp lm constant_tsc arch_perfmon pebs bts rep_good nopl xtopology nonstop_tsc aperfmperf eagerfpu pni pclmulqdq dtes64 monitor ds_cpl vmx est tm2 ssse3 sdbg fma cx16 xtpr pdcm pcid sse4_1 sse4_2 x2apic movbe popcnt tsc_deadline_timer aes xsave avx f16c rdrand lahf_lm abm epb invpcid_single kaiser tpr_shadow vnmi flexpriority ept vpid fsgsbase tsc_adjust bmi1 avx2 smep bmi2 erms invpcid xsaveopt dtherm ida arat pln pts
bugs		:
bogomips	: 4390.16
clflush size	: 64
cache_alignment	: 64
address sizes	: 39 bits physical, 48 bits virtual
power management:

processor	: 1
vendor_id	: GenuineIntel
cpu family	: 6
model		: 70
model name	: Intel(R) Core(TM) i7-4770HQ CPU @ 2.20GHz
stepping	: 1
microcode	: 0xf
cpu MHz		: 1600.000
cache size	: 6144 KB
physical id	: 0
siblings	: 8
core id		: 1
cpu cores	: 4
apicid		: 2
initial apicid	: 2
fpu		: yes
fpu_exception	: yes
cpuid level	: 13
wp		: yes
flags		: fpu vme de pse tsc msr pae mce cx8 apic sep mtrr pge mca cmov pat pse36 clflush dts acpi mmx fxsr sse sse2 ss ht tm pbe syscall nx pdpe1gb rdtscp lm constant_tsc arch_perfmon pebs bts rep_good nopl xtopology nonstop_tsc aperfmperf eagerfpu pni pclmulqdq dtes64 monitor ds_cpl vmx est tm2 ssse3 sdbg fma cx16 xtpr pdcm pcid sse4_1 sse4_2 x2apic movbe popcnt tsc_deadline_timer aes xsave avx f16c rdrand lahf_lm abm epb invpcid_single kaiser tpr_shadow vnmi flexpriority ept vpid fsgsbase tsc_adjust bmi1 avx2 smep bmi2 erms invpcid xsaveopt dtherm ida arat pln pts
bugs		:
bogomips	: 4390.16
clflush size	: 64
cache_alignment	: 64
address sizes	: 39 bits physical, 48 bits virtual
power management:

processor	: 2
vendor_id	: GenuineIntel
cpu family	: 6
model		: 70
model name	: Intel(R) Core(TM) i7-4770HQ CPU @ 2.20GHz
stepping	: 1
microcode	: 0xf
cpu MHz		: 2201.000
cache size	: 6144 KB
physical id	: 0
siblings	: 8
core id		: 2
cpu cores	: 4
apicid		: 4
initial apicid	: 4
fpu		: yes
fpu_exception	: yes
cpuid level	: 13
wp		: yes
flags		: fpu vme de pse tsc msr pae mce cx8 apic sep mtrr pge mca cmov pat pse36 clflush dts acpi mmx fxsr sse sse2 ss ht tm pbe syscall nx pdpe1gb rdtscp lm constant_tsc arch_perfmon pebs bts rep_good nopl xtopology nonstop_tsc aperfmperf eagerfpu pni pclmulqdq dtes64 monitor ds_cpl vmx est tm2 ssse3 sdbg fma cx16 xtpr pdcm pcid sse4_1 sse4_2 x2apic movbe popcnt tsc_deadline_timer aes xsave avx f16c rdrand lahf_lm abm epb invpcid_single kaiser tpr_shadow vnmi flexpriority ept vpid fsgsbase tsc_adjust bmi1 avx2 smep bmi2 erms invpcid xsaveopt dtherm ida arat pln pts
bugs		:
bogomips	: 4390.16
clflush size	: 64
cache_alignment	: 64
address sizes	: 39 bits physical, 48 bits virtual
power management:

processor	: 3
vendor_id	: GenuineIntel
cpu family	: 6
model		: 70
model name	: Intel(R) Core(TM) i7-4770HQ CPU @ 2.20GHz
stepping	: 1
microcode	: 0xf
cpu MHz		: 2201.000
cache size	: 6144 KB
physical id	: 0
siblings	: 8
core id		: 3
cpu cores	: 4
apicid		: 6
initial apicid	: 6
fpu		: yes
fpu_exception	: yes
cpuid level	: 13
wp		: yes
flags		: fpu vme de pse tsc msr pae mce cx8 apic sep mtrr pge mca cmov pat pse36 clflush dts acpi mmx fxsr sse sse2 ss ht tm pbe syscall nx pdpe1gb rdtscp lm constant_tsc arch_perfmon pebs bts rep_good nopl xtopology nonstop_tsc aperfmperf eagerfpu pni pclmulqdq dtes64 monitor ds_cpl vmx est tm2 ssse3 sdbg fma cx16 xtpr pdcm pcid sse4_1 sse4_2 x2apic movbe popcnt tsc_deadline_timer aes xsave avx f16c rdrand lahf_lm abm epb invpcid_single kaiser tpr_shadow vnmi flexpriority ept vpid fsgsbase tsc_adjust bmi1 avx2 smep bmi2 erms invpcid xsaveopt dtherm ida arat pln pts
bugs		:
bogomips	: 4390.16
clflush size	: 64
cache_alignment	: 64
address sizes	: 39 bits physical, 48 bits virtual
power management:

processor	: 4
vendor_id	: GenuineIntel
cpu family	: 6
model		: 70
model name	: Intel(R) Core(TM) i7-4770HQ CPU @ 2.20GHz
stepping	: 1
microcode	: 0xf
cpu MHz		: 1000.000
cache size	: 6144 KB
physical id	: 0
siblings	: 8
core id		: 0
cpu cores	: 4
apicid		: 1
initial apicid	: 1
fpu		: yes
fpu_exception	: yes
cpuid level	: 13
wp		: yes
flags		: fpu vme de pse tsc msr pae mce cx8 apic sep mtrr pge mca cmov pat pse36 clflush dts acpi mmx fxsr sse sse2 ss ht tm pbe syscall nx pdpe1gb rdtscp lm constant_tsc arch_perfmon pebs bts rep_good nopl xtopology nonstop_tsc aperfmperf eagerfpu pni pclmulqdq dtes64 monitor ds_cpl vmx est tm2 ssse3 sdbg fma cx16 xtpr pdcm pcid sse4_1 sse4_2 x2apic movbe popcnt tsc_deadline_timer aes xsave avx f16c rdrand lahf_lm abm epb invpcid_single kaiser tpr_shadow vnmi flexpriority ept vpid fsgsbase tsc_adjust bmi1 avx2 smep bmi2 erms invpcid xsaveopt dtherm ida arat pln pts
bugs		:
bogomips	: 4390.16
clflush size	: 64
cache_alignment	: 64
address sizes	: 39 bits physical, 48 bits virtual
power management:

processor	: 5
vendor_id	: GenuineIntel
cpu family	: 6
model		: 70
model name	: Intel(R) Core(TM) i7-4770HQ CPU @ 2.20GHz
stepping	: 1
microcode	: 0xf
cpu MHz		: 2201.000
cache size	: 6144 KB
physical id	: 0
siblings	: 8
core id		: 1
cpu cores	: 4
apicid		: 3
initial apicid	: 3
fpu		: yes
fpu_exception	: yes
cpuid level	: 13
wp		: yes
flags		: fpu vme de pse tsc msr pae mce cx8 apic sep mtrr pge mca cmov pat pse36 clflush dts acpi mmx fxsr sse sse2 ss ht tm pbe syscall nx pdpe1gb rdtscp lm constant_tsc arch_perfmon pebs bts rep_good nopl xtopology nonstop_tsc aperfmperf eagerfpu pni pclmulqdq dtes64 monitor ds_cpl vmx est tm2 ssse3 sdbg fma cx16 xtpr pdcm pcid sse4_1 sse4_2 x2apic movbe popcnt tsc_deadline_timer aes xsave avx f16c rdrand lahf_lm abm epb invpcid_single kaiser tpr_shadow vnmi flexpriority ept vpid fsgsbase tsc_adjust bmi1 avx2 smep bmi2 erms invpcid xsaveopt dtherm ida arat pln pts
bugs		:
bogomips	: 4390.16
clflush size	: 64
cache_alignment	: 64
address sizes	: 39 bits physical, 48 bits virtual
power management:

processor	: 6
vendor_id	: GenuineIntel
cpu family	: 6
model		: 70
model name	: Intel(R) Core(TM) i7-4770HQ CPU @ 2.20GHz
stepping	: 1
microcode	: 0xf
cpu MHz		: 2000.000
cache size	: 6144 KB
physical id	: 0
siblings	: 8
core id		: 2
cpu cores	: 4
apicid		: 5
initial apicid	: 5
fpu		: yes
fpu_exception	: yes
cpuid level	: 13
wp		: yes
flags		: fpu vme de pse tsc msr pae mce cx8 apic sep mtrr pge mca cmov pat pse36 clflush dts acpi mmx fxsr sse sse2 ss ht tm pbe syscall nx pdpe1gb rdtscp lm constant_tsc arch_perfmon pebs bts rep_good nopl xtopology nonstop_tsc aperfmperf eagerfpu pni pclmulqdq dtes64 monitor ds_cpl vmx est tm2 ssse3 sdbg fma cx16 xtpr pdcm pcid sse4_1 sse4_2 x2apic movbe popcnt tsc_deadline_timer aes xsave avx f16c rdrand lahf_lm abm epb invpcid_single kaiser tpr_shadow vnmi flexpriority ept vpid fsgsbase tsc_adjust bmi1 avx2 smep bmi2 erms invpcid xsaveopt dtherm ida arat pln pts
bugs		:
bogomips	: 4390.16
clflush size	: 64
cache_alignment	: 64
address sizes	: 39 bits physical, 48 bits virtual
power management:

processor	: 7
vendor_id	: GenuineIntel
cpu family	: 6
model		: 70
model name	: Intel(R) Core(TM) i7-4770HQ CPU @ 2.20GHz
stepping	: 1
microcode	: 0xf
cpu MHz		: 1700.000
cache size	: 6144 KB
physical id	: 0
siblings	: 8
core id		: 3
cpu cores	: 4
apicid		: 7
initial apicid	: 7
fpu		: yes
fpu_exception	: yes
cpuid level	: 13
wp		: yes
flags		: fpu vme de pse tsc msr pae mce cx8 apic sep mtrr pge mca cmov pat pse36 clflush dts acpi mmx fxsr sse sse2 ss ht tm pbe syscall nx pdpe1gb rdtscp lm constant_tsc arch_perfmon pebs bts rep_good nopl xtopology nonstop_tsc aperfmperf eagerfpu pni pclmulqdq dtes64 monitor ds_cpl vmx est tm2 ssse3 sdbg fma cx16 xtpr pdcm pcid sse4_1 sse4_2 x2apic movbe popcnt tsc_deadline_timer aes xsave avx f16c rdrand lahf_lm abm epb invpcid_single kaiser tpr_shadow vnmi flexpriority ept vpid fsgsbase tsc_adjust bmi1 avx2 smep bmi2 erms invpcid xsaveopt dtherm ida arat pln pts
bugs		:
bogomips	: 4390.16
clflush size	: 64
cache_alignment	: 64
address sizes	: 39 bits physical, 48 bits virtual
power management:



Memory: 4k page, physical 16317064k(9551848k free), swap 0k(0k free)

vm_info: Java HotSpot(TM) 64-Bit Server VM (25.162-b12) for linux-amd64 JRE (1.8.0_162-b12), built on Dec 19 2017 21:15:48 by "java_re" with gcc 4.3.0 20080428 (Red Hat 4.3.0-8)

time: Tue May  8 08:11:25 2018
elapsed time: 11 seconds (0d 0h 0m 11s)

