#
# A fatal error has been detected by the Java Runtime Environment:
#
#  SIGSEGV (0xb) at pc=0x00007fd75c7fa216, pid=8681, tid=0x00007fd6de212700
#
# JRE version: Java(TM) SE Runtime Environment (8.0_162-b12) (build 1.8.0_162-b12)
# Java VM: Java HotSpot(TM) 64-Bit Server VM (25.162-b12 mixed mode linux-amd64 compressed oops)
# Problematic frame:
# V  [libjvm.so+0x6d8216]  jni_invoke_nonstatic(JNIEnv_*, JavaValue*, _jobject*, JNICallType, _jmethodID*, JNI_ArgumentPusher*, Thread*)+0xa26
#
# Core dump written. Default location: /home/aesophor/Code/Java/NetBeansProjects/Hacklympics/Hacklympics/core or core.8681
#
# If you would like to submit a bug report, please visit:
#   http://bugreport.java.com/bugreport/crash.jsp
#

---------------  T H R E A D  ---------------

Current thread (0x00007fd7542dd000):  JavaThread "JavaFX Application Thread" [_thread_in_vm, id=8707, stack(0x00007fd6de112000,0x00007fd6de213000)]

siginfo: si_signo: 11 (SIGSEGV), si_code: 1 (SEGV_MAPERR), si_addr: 0x0000007d4991ad11

Registers:
RAX=0x00007fd75d0be680, RBX=0x0000000000000005, RCX=0x0000000000000001, RDX=0x00007fd7589eac48
RSP=0x00007fd6de210f90, RBP=0x00007fd6de211110, RSI=0x00000007c00a0028, RDI=0x00007fd7542dd1f8
R8 =0x0000000000000042, R9 =0x00007fd6de211140, R10=0x00007fd6d0000be0, R11=0x00007fd74545a8e0
R12=0x0000007d4991ad09, R13=0x00007fd75429f7c8, R14=0x0000000000000000, R15=0x00007fd7542dccd8
RIP=0x00007fd75c7fa216, EFLAGS=0x0000000000010202, CSGSFS=0x002b000000000033, ERR=0x0000000000000004
  TRAPNO=0x000000000000000e

Top of Stack: (sp=0x00007fd6de210f90)
0x00007fd6de210f90:   00007fd6de211690 00007fd6de2112b0
0x00007fd6de210fa0:   00007fd6de210ff0 00007fd6de211070
0x00007fd6de210fb0:   00007fd6de211140 00007fd6de2111a0
0x00007fd6de210fc0:   00007fd7542dd1f8 00007fd75c819330
0x00007fd6de210fd0:   00007fd6fc000a30 00007fd6fc000a40
0x00007fd6de210fe0:   00007fd6fc000e18 00000000000003d8
0x00007fd6de210ff0:   0000000000000000 000000076e93e1f0
0x00007fd6de211000:   00007fd70000006f 00007fd70000000a
0x00007fd6de211010:   000000076f6412e8 0000000000000000
0x00007fd6de211020:   0000000000000000 0000000000000000
0x00007fd6de211030:   00007fd7589e0b00 0000000100000100
0x00007fd6de211040:   0000000000000000 00007fd6de210ff8
0x00007fd6de211050:   00007fd6de211039 0000000800000005
0x00007fd6de211060:   0000000000000000 00007fd7542dcdb0
0x00007fd6de211070:   00007fd75d08d1f0 00007fd75db4b720
0x00007fd6de211080:   00000000542dcc40 00007fd7542dd000
0x00007fd6de211090:   0000000000000000 00007fd75c7f9bfb
0x00007fd6de2110a0:   00007fd7589eac48 00007fd7542dd000
0x00007fd6de2110b0:   00007fd7589eac48 00007fd7542dd000
0x00007fd6de2110c0:   00007fd6de211250 00007fd7589eac48
0x00007fd6de2110d0:   00007fd7589eac48 00007fd7589eac48
0x00007fd6de2110e0:   00007fd6fc000a30 00007fd6de211140
0x00007fd6de2110f0:   00007fd7542dd000 00007fd6de211180
0x00007fd6de211100:   00007fd75429f7c8 00007fd7542dd1f8
0x00007fd6de211110:   00007fd6de211200 00007fd75c7fdfcf
0x00007fd6de211120:   00007fd7542dd000 00007fd72df83794
0x00007fd6de211130:   00007fd6de211218 00000006c702c720
0x00007fd6de211140:   00007fd75d08de70 00007fd75db4b720
0x00007fd6de211150:   0000000000000000 00007fd700000063
0x00007fd6de211160:   0000000000000000 0000003000000018
0x00007fd6de211170:   00007fd6de2112f0 00007fd6de211230
0x00007fd6de211180:   00007fd7542dd000 0000000000000000 

Instructions: (pc=0x00007fd75c7fa216)
0x00007fd75c7fa1f6:   48 8b 70 08 e8 71 be 03 00 48 8b 95 a8 fe ff ff
0x00007fd75c7fa206:   48 89 42 08 e9 8c fd ff ff 48 8b 05 9a 52 8a 00
0x00007fd75c7fa216:   41 8b 54 24 08 8b 48 08 48 d3 e2 48 03 10 e9 fe
0x00007fd75c7fa226:   fe ff ff 48 8b 7b 18 48 85 ff 0f 84 55 fc ff ff 

Register to memory mapping:

RAX=0x00007fd75d0be680: <offset 0xf9c680> in /opt/oracle-jdk-bin-1.8.0.162/jre/lib/amd64/server/libjvm.so at 0x00007fd75c122000
RBX=0x0000000000000005 is an unknown value
RCX=0x0000000000000001 is an unknown value
RDX={method} {0x00007fd7589eac48} 'notifyKey' '(II[CI)V' in 'com/sun/glass/ui/View'
RSP=0x00007fd6de210f90 is pointing into the stack for thread: 0x00007fd7542dd000
RBP=0x00007fd6de211110 is pointing into the stack for thread: 0x00007fd7542dd000
RSI=0x00000007c00a0028 is pointing into metadata
RDI=0x00007fd7542dd1f8 is an unknown value
R8 =0x0000000000000042 is an unknown value
R9 =0x00007fd6de211140 is pointing into the stack for thread: 0x00007fd7542dd000
R10=0x00007fd6d0000be0 is an unknown value
R11=0x00007fd74545a8e0 is at entry_point+32 in (nmethod*)0x00007fd74545a750
R12=0x0000007d4991ad09 is an unknown value
R13=0x00007fd75429f7c8 is an unknown value
R14=0x0000000000000000 is an unknown value
R15=0x00007fd7542dccd8 is an unknown value


Stack: [0x00007fd6de112000,0x00007fd6de213000],  sp=0x00007fd6de210f90,  free space=1019k
Native frames: (J=compiled Java code, j=interpreted, Vv=VM code, C=native code)
V  [libjvm.so+0x6d8216]  jni_invoke_nonstatic(JNIEnv_*, JavaValue*, _jobject*, JNICallType, _jmethodID*, JNI_ArgumentPusher*, Thread*)+0xa26
V  [libjvm.so+0x6dbfcf]  jni_CallVoidMethodV+0x10f
C  [libglass.so+0x18641]  JNIEnv_::CallVoidMethod(_jobject*, _jmethodID*, ...)+0x81
C  [libglass.so+0x14f0f]  WindowContextBase::process_key(_GdkEventKey*)+0x20f
C  [libglass.so+0x19f60]  WindowContextBase::im_filter_keypress(_GdkEventKey*)+0x1c0
C  [libglass.so+0x1a91c]  process_events(_GdkEvent*, void*)+0x22c
C  [libgdk-x11-2.0.so.0+0x5b41c]

Java frames: (J=compiled Java code, j=interpreted, Vv=VM code)
j  com.sun.glass.ui.gtk.GtkApplication._runLoop(Ljava/lang/Runnable;Z)V+0
j  com.sun.glass.ui.gtk.GtkApplication.lambda$null$48(Ljava/lang/Runnable;Z)V+7
j  com.sun.glass.ui.gtk.GtkApplication$$Lambda$41.run()V+12
j  java.lang.Thread.run()V+11
v  ~StubRoutines::call_stub

---------------  P R O C E S S  ---------------

Java Threads: ( => current thread )
  0x00007fd6d08c4000 JavaThread "pool-3-thread-1" [_thread_in_native, id=8758, stack(0x00007fd6c3aff000,0x00007fd6c3c00000)]
  0x00007fd6d0505800 JavaThread "URL-Loader-1" daemon [_thread_blocked, id=8757, stack(0x00007fd6cc4ff000,0x00007fd6cc600000)]
  0x00007fd6d04f6800 JavaThread "Disposer" daemon [_thread_blocked, id=8756, stack(0x00007fd6cc8a2000,0x00007fd6cc9a3000)]
  0x00007fd6d041f000 JavaThread "Okio Watchdog" daemon [_thread_blocked, id=8749, stack(0x00007fd6cf8a1000,0x00007fd6cf9a2000)]
  0x00007fd6d041d000 JavaThread "OkHttp ConnectionPool" daemon [_thread_blocked, id=8748, stack(0x00007fd6dc0b5000,0x00007fd6dc1b6000)]
  0x00007fd6d0348800 JavaThread "Prism Font Disposer" daemon [_thread_blocked, id=8709, stack(0x00007fd6dcdf2000,0x00007fd6dcef3000)]
  0x00007fd7542e1000 JavaThread "JavaFX-Launcher" [_thread_blocked, id=8708, stack(0x00007fd6de011000,0x00007fd6de112000)]
=>0x00007fd7542dd000 JavaThread "JavaFX Application Thread" [_thread_in_vm, id=8707, stack(0x00007fd6de112000,0x00007fd6de213000)]
  0x00007fd7542d9000 JavaThread "Thread-1" daemon [_thread_blocked, id=8706, stack(0x00007fd6de213000,0x00007fd6de314000)]
  0x00007fd754289800 JavaThread "QuantumRenderer-0" daemon [_thread_blocked, id=8705, stack(0x00007fd72ea27000,0x00007fd72eb28000)]
  0x00007fd7540de800 JavaThread "Service Thread" daemon [_thread_blocked, id=8703, stack(0x00007fd72eced000,0x00007fd72edee000)]
  0x00007fd7540c9800 JavaThread "C1 CompilerThread3" daemon [_thread_blocked, id=8702, stack(0x00007fd72edee000,0x00007fd72eeef000)]
  0x00007fd7540c7800 JavaThread "C2 CompilerThread2" daemon [_thread_in_native, id=8701, stack(0x00007fd72eeef000,0x00007fd72eff0000)]
  0x00007fd7540c5800 JavaThread "C2 CompilerThread1" daemon [_thread_in_native, id=8700, stack(0x00007fd72eff0000,0x00007fd72f0f1000)]
  0x00007fd7540c2800 JavaThread "C2 CompilerThread0" daemon [_thread_in_native, id=8699, stack(0x00007fd72f0f1000,0x00007fd72f1f2000)]
  0x00007fd7540c1000 JavaThread "Signal Dispatcher" daemon [_thread_blocked, id=8698, stack(0x00007fd72f1f2000,0x00007fd72f2f3000)]
  0x00007fd75408d000 JavaThread "Finalizer" daemon [_thread_blocked, id=8696, stack(0x00007fd72f2f3000,0x00007fd72f3f4000)]
  0x00007fd754088800 JavaThread "Reference Handler" daemon [_thread_blocked, id=8695, stack(0x00007fd72f3f4000,0x00007fd72f4f5000)]
  0x00007fd75400b000 JavaThread "main" [_thread_blocked, id=8685, stack(0x00007fd75dbee000,0x00007fd75dcef000)]

Other Threads:
  0x00007fd754081000 VMThread [stack: 0x00007fd72f4f5000,0x00007fd72f5f6000] [id=8694]
  0x00007fd7540e1000 WatcherThread [stack: 0x00007fd72ebec000,0x00007fd72eced000] [id=8704]

VM state:not at safepoint (normal execution)

VM Mutex/Monitor currently owned by a thread: None

Heap:
 PSYoungGen      total 74752K, used 41774K [0x000000076d000000, 0x0000000772300000, 0x00000007c0000000)
  eden space 64512K, 64% used [0x000000076d000000,0x000000076f8cb978,0x0000000770f00000)
  from space 10240K, 0% used [0x0000000770f00000,0x0000000770f00000,0x0000000771900000)
  to   space 10240K, 0% used [0x0000000771900000,0x0000000771900000,0x0000000772300000)
 ParOldGen       total 74752K, used 9751K [0x00000006c7000000, 0x00000006cb900000, 0x000000076d000000)
  object space 74752K, 13% used [0x00000006c7000000,0x00000006c7985db0,0x00000006cb900000)
 Metaspace       used 28916K, capacity 31350K, committed 31488K, reserved 1075200K
  class space    used 4315K, capacity 4781K, committed 4864K, reserved 1048576K

Card table byte_map: [0x00007fd75a1f8000,0x00007fd75a9c1000] byte_map_base: 0x00007fd756bc0000

Marking Bits: (ParMarkBitMap*) 0x00007fd75d0f1ca0
 Begin Bits: [0x00007fd718380000, 0x00007fd71c1c0000)
 End Bits:   [0x00007fd71c1c0000, 0x00007fd720000000)

Polling page: 0x00007fd75dd27000

CodeCache: size=245760Kb used=10180Kb max_used=10184Kb free=235579Kb
 bounds [0x00007fd745000000, 0x00007fd745a00000, 0x00007fd754000000]
 total_blobs=4038 nmethods=3267 adapters=684
 compilation: enabled

Compilation events (10 events):
Event: 6.996 Thread 0x00007fd7540c9800 3257       3       com.sun.javafx.css.StyleManager$CacheContainer::access$100 (5 bytes)
Event: 6.996 Thread 0x00007fd7540c2800 nmethod 3233 0x00007fd7459eca50 code [0x00007fd7459ecbe0, 0x00007fd7459ece18]
Event: 6.996 Thread 0x00007fd7540c9800 nmethod 3257 0x00007fd7459ec350 code [0x00007fd7459ec4e0, 0x00007fd7459ec870]
Event: 6.996 Thread 0x00007fd7540c9800 3258       3       javafx.scene.Node$StyleableProperties$1::isSettable (9 bytes)
Event: 6.996 Thread 0x00007fd7540c2800 3270 % !   4       java.util.concurrent.ConcurrentHashMap::transfer @ 441 (832 bytes)
Event: 6.996 Thread 0x00007fd7540c9800 nmethod 3258 0x00007fd7459edc10 code [0x00007fd7459edda0, 0x00007fd7459ee3c8]
Event: 6.996 Thread 0x00007fd7540c9800 3259       3       com.sun.javafx.css.Match::<init> (101 bytes)
Event: 6.997 Thread 0x00007fd7540c9800 nmethod 3259 0x00007fd7459ed210 code [0x00007fd7459ed3c0, 0x00007fd7459eda68]
Event: 6.997 Thread 0x00007fd7540c9800 3269       3       com.sun.javafx.geom.Vec3d::<init> (5 bytes)
Event: 6.997 Thread 0x00007fd7540c9800 nmethod 3269 0x00007fd7459ebf90 code [0x00007fd7459ec100, 0x00007fd7459ec2b0]

GC Heap History (4 events):
Event: 6.187 GC heap before
{Heap before GC invocations=1 (full 0):
 PSYoungGen      total 74752K, used 53265K [0x000000076d000000, 0x0000000772300000, 0x00000007c0000000)
  eden space 64512K, 82% used [0x000000076d000000,0x00000007704044a8,0x0000000770f00000)
  from space 10240K, 0% used [0x0000000771900000,0x0000000771900000,0x0000000772300000)
  to   space 10240K, 0% used [0x0000000770f00000,0x0000000770f00000,0x0000000771900000)
 ParOldGen       total 171008K, used 0K [0x00000006c7000000, 0x00000006d1700000, 0x000000076d000000)
  object space 171008K, 0% used [0x00000006c7000000,0x00000006c7000000,0x00000006d1700000)
 Metaspace       used 20368K, capacity 21068K, committed 21248K, reserved 1067008K
  class space    used 2792K, capacity 2978K, committed 3072K, reserved 1048576K
Event: 6.193 GC heap after
Heap after GC invocations=1 (full 0):
 PSYoungGen      total 74752K, used 9846K [0x000000076d000000, 0x0000000772300000, 0x00000007c0000000)
  eden space 64512K, 0% used [0x000000076d000000,0x000000076d000000,0x0000000770f00000)
  from space 10240K, 96% used [0x0000000770f00000,0x000000077189db68,0x0000000771900000)
  to   space 10240K, 0% used [0x0000000771900000,0x0000000771900000,0x0000000772300000)
 ParOldGen       total 171008K, used 88K [0x00000006c7000000, 0x00000006d1700000, 0x000000076d000000)
  object space 171008K, 0% used [0x00000006c7000000,0x00000006c7016010,0x00000006d1700000)
 Metaspace       used 20368K, capacity 21068K, committed 21248K, reserved 1067008K
  class space    used 2792K, capacity 2978K, committed 3072K, reserved 1048576K
}
Event: 6.193 GC heap before
{Heap before GC invocations=2 (full 1):
 PSYoungGen      total 74752K, used 9846K [0x000000076d000000, 0x0000000772300000, 0x00000007c0000000)
  eden space 64512K, 0% used [0x000000076d000000,0x000000076d000000,0x0000000770f00000)
  from space 10240K, 96% used [0x0000000770f00000,0x000000077189db68,0x0000000771900000)
  to   space 10240K, 0% used [0x0000000771900000,0x0000000771900000,0x0000000772300000)
 ParOldGen       total 171008K, used 88K [0x00000006c7000000, 0x00000006d1700000, 0x000000076d000000)
  object space 171008K, 0% used [0x00000006c7000000,0x00000006c7016010,0x00000006d1700000)
 Metaspace       used 20368K, capacity 21068K, committed 21248K, reserved 1067008K
  class space    used 2792K, capacity 2978K, committed 3072K, reserved 1048576K
Event: 6.217 GC heap after
Heap after GC invocations=2 (full 1):
 PSYoungGen      total 74752K, used 0K [0x000000076d000000, 0x0000000772300000, 0x00000007c0000000)
  eden space 64512K, 0% used [0x000000076d000000,0x000000076d000000,0x0000000770f00000)
  from space 10240K, 0% used [0x0000000770f00000,0x0000000770f00000,0x0000000771900000)
  to   space 10240K, 0% used [0x0000000771900000,0x0000000771900000,0x0000000772300000)
 ParOldGen       total 74752K, used 9751K [0x00000006c7000000, 0x00000006cb900000, 0x000000076d000000)
  object space 74752K, 13% used [0x00000006c7000000,0x00000006c7985db0,0x00000006cb900000)
 Metaspace       used 20368K, capacity 21068K, committed 21248K, reserved 1067008K
  class space    used 2792K, capacity 2978K, committed 3072K, reserved 1048576K
}

Deoptimization events (10 events):
Event: 6.475 Thread 0x00007fd7542dd000 Uncommon trap: reason=class_check action=maybe_recompile pc=0x00007fd745306018 method=com.sun.javafx.css.parser.CSSLexer.readChar()I @ 4
Event: 6.475 Thread 0x00007fd7542dd000 Uncommon trap: reason=class_check action=maybe_recompile pc=0x00007fd7453452e0 method=com.sun.javafx.css.parser.CSSLexer.readChar()I @ 4
Event: 6.602 Thread 0x00007fd7542dd000 Uncommon trap: reason=unstable_if action=reinterpret pc=0x00007fd745379ccc method=java.lang.String.indexOf([CII[CIII)I @ 27
Event: 6.686 Thread 0x00007fd7542dd000 Uncommon trap: reason=unstable_if action=reinterpret pc=0x00007fd7452b0ac4 method=java.lang.AbstractStringBuilder.append(Ljava/lang/String;)Ljava/lang/AbstractStringBuilder; @ 1
Event: 6.693 Thread 0x00007fd7542dd000 Uncommon trap: reason=unstable_if action=reinterpret pc=0x00007fd745646c84 method=javafx.scene.Node.updateLocalToParentTransform()V @ 337
Event: 6.694 Thread 0x00007fd6d0505800 Uncommon trap: reason=unstable_if action=reinterpret pc=0x00007fd745220f0c method=java.lang.AbstractStringBuilder.append(Ljava/lang/String;)Ljava/lang/AbstractStringBuilder; @ 1
Event: 6.771 Thread 0x00007fd7542dd000 Uncommon trap: reason=unstable_if action=reinterpret pc=0x00007fd7458bf5f0 method=jdk.internal.org.objectweb.asm.Type.getArgumentsAndReturnSizes(Ljava/lang/String;)I @ 41
Event: 6.907 Thread 0x00007fd7542dd000 Uncommon trap: reason=unstable_if action=reinterpret pc=0x00007fd7458b597c method=jdk.internal.org.objectweb.asm.Item.isEqualTo(Ljdk/internal/org/objectweb/asm/Item;)Z @ 331
Event: 6.926 Thread 0x00007fd7542dd000 Uncommon trap: reason=unstable_if action=reinterpret pc=0x00007fd7454dc2f8 method=java.lang.StrictMath.floorOrCeil(DDDD)D @ 38
Event: 6.982 Thread 0x00007fd7542dd000 Uncommon trap: reason=unstable_if action=reinterpret pc=0x00007fd7459ae1bc method=com.sun.javafx.css.BitSet.addAll(Ljava/util/Collection;)Z @ 1

Classes redefined (0 events):
No events

Internal exceptions (10 events):
Event: 6.881 Thread 0x00007fd7542dd000 Exception <a 'java/lang/NoSuchMethodError': java.lang.Object.lambda$mousePressed$5(Ljavafx/scene/input/MouseButton;Ljavafx/scene/input/MouseEvent;)Z> (0x000000076ef81780) thrown at [/HUDSON/workspace/8-2-build-linux-amd64/jdk8u162/10278/hotspot/src/share/
Event: 6.884 Thread 0x00007fd7542dd000 Exception <a 'java/lang/NoSuchMethodError': java.lang.Object.lambda$static$0(Lorg/fxmisc/wellbehaved/event/InputMap$HandlerConsumer;)V> (0x000000076efd21d0) thrown at [/HUDSON/workspace/8-2-build-linux-amd64/jdk8u162/10278/hotspot/src/share/vm/interpreter
Event: 6.895 Thread 0x00007fd7542dd000 Exception <a 'java/lang/NoSuchMethodError': java.lang.Object.lambda$accumulate$14(Ljava/util/function/BiFunction;Ljava/lang/Object;Ljava/lang/Object;)Ljava/lang/Object;> (0x000000076f0bb880) thrown at [/HUDSON/workspace/8-2-build-linux-amd64/jdk8u162/1027
Event: 6.899 Thread 0x00007fd7542dd000 Exception <a 'java/lang/NoSuchMethodError': java.lang.Object.lambda$conditionOn$5(Ljavafx/beans/value/ObservableValue;Ljava/lang/Boolean;)Ljavafx/beans/value/ObservableValue;> (0x000000076f1092c0) thrown at [/HUDSON/workspace/8-2-build-linux-amd64/jdk8u16
Event: 6.907 Thread 0x00007fd7542dd000 Exception <a 'java/lang/NoSuchMethodError': java.lang.Object.lambda$pApply$0(Ljava/lang/Object;Ljava/lang/Object;Ljava/lang/Object;)Ljava/lang/Object;> (0x000000076f19ed40) thrown at [/HUDSON/workspace/8-2-build-linux-amd64/jdk8u162/10278/hotspot/src/shar
Event: 6.912 Thread 0x00007fd7542dd000 Exception <a 'java/lang/NoSuchMethodError': java.lang.Object.lambda$static$0()V> (0x000000076f1f0398) thrown at [/HUDSON/workspace/8-2-build-linux-amd64/jdk8u162/10278/hotspot/src/share/vm/interpreter/linkResolver.cpp, line 620]
Event: 6.914 Thread 0x00007fd7542dd000 Exception <a 'java/lang/NoSuchMethodError': java.lang.Object.lambda$trim$0(Ljava/lang/Integer;Ljava/lang/Integer;)Lorg/reactfx/collection/MaterializedListModification;> (0x000000076f218560) thrown at [/HUDSON/workspace/8-2-build-linux-amd64/jdk8u162/10278
Event: 6.916 Thread 0x00007fd7542dd000 Exception <a 'java/lang/NoSuchMethodError': java.lang.Object.lambda$null$0(Lorg/fxmisc/richtext/model/RichTextChange;)Z> (0x000000076f230700) thrown at [/HUDSON/workspace/8-2-build-linux-amd64/jdk8u162/10278/hotspot/src/share/vm/interpreter/linkResolver.c
Event: 6.917 Thread 0x00007fd7542dd000 Exception <a 'java/lang/NoSuchMethodError': java.lang.Object.lambda$null$1(I)[Lorg/fxmisc/richtext/model/PlainTextChange;> (0x000000076f237040) thrown at [/HUDSON/workspace/8-2-build-linux-amd64/jdk8u162/10278/hotspot/src/share/vm/interpreter/linkResolver
Event: 6.982 Thread 0x00007fd7542dd000 Implicit null exception at 0x00007fd7459adc11 to 0x00007fd7459ae1a5

Events (10 events):
Event: 6.996 loading class com/sun/javafx/tk/quantum/WindowStage done
Event: 6.997 loading class com/hacklympics/api/event/EventListener
Event: 6.997 loading class com/hacklympics/api/event/EventListener done
Event: 6.998 Thread 0x00007fd6d08c4000 Thread added: 0x00007fd6d08c4000
Event: 6.998 Thread 0x00007fd7542dd000 DEOPT PACKING pc=0x00007fd7454f9d64 sp=0x00007fd6de20e970
Event: 6.998 Thread 0x00007fd7542dd000 DEOPT UNPACKING pc=0x00007fd745047784 sp=0x00007fd6de20e6f8 mode 0
Event: 6.998 Executing VM operation: RevokeBias
Event: 6.998 Thread 0x00007fd7542dd000 DEOPT PACKING pc=0x00007fd7454f9d64 sp=0x00007fd6de20f850
Event: 6.998 Thread 0x00007fd7542dd000 DEOPT UNPACKING pc=0x00007fd745047784 sp=0x00007fd6de20f5d8 mode 0
Event: 6.998 Executing VM operation: RevokeBias done


Dynamic libraries:
00400000-00401000 r-xp 00000000 fe:01 938495                             /opt/oracle-jdk-bin-1.8.0.162/bin/java
00600000-00601000 rw-p 00000000 fe:01 938495                             /opt/oracle-jdk-bin-1.8.0.162/bin/java
00601000-00622000 rw-p 00000000 00:00 0                                  [heap]
6c7000000-6cb900000 rw-p 00000000 00:00 0 
6cb900000-76d000000 ---p 00000000 00:00 0 
76d000000-772300000 rw-p 00000000 00:00 0 
772300000-7c0000000 ---p 00000000 00:00 0 
7c0000000-7c04c0000 rw-p 00000000 00:00 0 
7c04c0000-800000000 ---p 00000000 00:00 0 
7fd660000000-7fd660021000 rw-p 00000000 00:00 0 
7fd660021000-7fd664000000 ---p 00000000 00:00 0 
7fd668000000-7fd668021000 rw-p 00000000 00:00 0 
7fd668021000-7fd66c000000 ---p 00000000 00:00 0 
7fd66c000000-7fd66c02f000 rw-p 00000000 00:00 0 
7fd66c02f000-7fd670000000 ---p 00000000 00:00 0 
7fd670000000-7fd670021000 rw-p 00000000 00:00 0 
7fd670021000-7fd674000000 ---p 00000000 00:00 0 
7fd677ee1000-7fd677ee2000 ---p 00000000 00:00 0 
7fd677ee2000-7fd677ee3000 rwxp 00000000 00:00 0 
7fd677ee3000-7fd6b7ee3000 ---p 00000000 00:00 0 
7fd6b7ee3000-7fd6bbbd4000 r-xp 00000000 fe:01 940394                     /opt/oracle-jdk-bin-1.8.0.162/jre/lib/amd64/libjfxwebkit.so
7fd6bbbd4000-7fd6bbdd4000 ---p 03cf1000 fe:01 940394                     /opt/oracle-jdk-bin-1.8.0.162/jre/lib/amd64/libjfxwebkit.so
7fd6bbdd4000-7fd6bbfcc000 rw-p 03cf1000 fe:01 940394                     /opt/oracle-jdk-bin-1.8.0.162/jre/lib/amd64/libjfxwebkit.so
7fd6bbfcc000-7fd6bc000000 rw-p 00000000 00:00 0 
7fd6bc000000-7fd6bc021000 rw-p 00000000 00:00 0 
7fd6bc021000-7fd6c0000000 ---p 00000000 00:00 0 
7fd6c2000000-7fd6c2007000 rw-p 00000000 00:00 0 
7fd6c2007000-7fd6c200e000 ---p 00000000 00:00 0 
7fd6c200e000-7fd6c21f9000 rw-p 00000000 00:00 0 
7fd6c21f9000-7fd6c2200000 ---p 00000000 00:00 0 
7fd6c23ff000-7fd6c2400000 ---p 00000000 00:00 0 
7fd6c2400000-7fd6c2c05000 rw-p 00000000 00:00 0 
7fd6c2c05000-7fd6c2c0a000 ---p 00000000 00:00 0 
7fd6c2c0a000-7fd6c2dfb000 rw-p 00000000 00:00 0 
7fd6c2dfb000-7fd6c2e00000 ---p 00000000 00:00 0 
7fd6c3000000-7fd6c3008000 rw-p 00000000 00:00 0 
7fd6c3008000-7fd6c3010000 ---p 00000000 00:00 0 
7fd6c3010000-7fd6c31f8000 rw-p 00000000 00:00 0 
7fd6c31f8000-7fd6c3200000 ---p 00000000 00:00 0 
7fd6c3400000-7fd6c3406000 rw-p 00000000 00:00 0 
7fd6c3406000-7fd6c3408000 ---p 00000000 00:00 0 
7fd6c3408000-7fd6c35fe000 rw-p 00000000 00:00 0 
7fd6c35fe000-7fd6c3600000 ---p 00000000 00:00 0 
7fd6c3800000-7fd6c3808000 rw-p 00000000 00:00 0 
7fd6c3808000-7fd6c380c000 ---p 00000000 00:00 0 
7fd6c380c000-7fd6c39fc000 rw-p 00000000 00:00 0 
7fd6c39fc000-7fd6c3a00000 ---p 00000000 00:00 0 
7fd6c3aff000-7fd6c3b02000 ---p 00000000 00:00 0 
7fd6c3b02000-7fd6c4000000 rw-p 00000000 00:00 0 
7fd6c4000000-7fd6c4021000 rw-p 00000000 00:00 0 
7fd6c4021000-7fd6c8000000 ---p 00000000 00:00 0 
7fd6c8000000-7fd6c8021000 rw-p 00000000 00:00 0 
7fd6c8021000-7fd6cc000000 ---p 00000000 00:00 0 
7fd6cc000000-7fd6cc200000 rw-p 00000000 00:00 0 
7fd6cc200000-7fd6cc206000 rw-p 00000000 00:00 0 
7fd6cc206000-7fd6cc209000 ---p 00000000 00:00 0 
7fd6cc209000-7fd6cc3fd000 rw-p 00000000 00:00 0 
7fd6cc3fd000-7fd6cc400000 ---p 00000000 00:00 0 
7fd6cc4ff000-7fd6cc502000 ---p 00000000 00:00 0 
7fd6cc502000-7fd6cc605000 rw-p 00000000 00:00 0 
7fd6cc605000-7fd6cc606000 ---p 00000000 00:00 0 
7fd6cc606000-7fd6cc7ff000 rw-p 00000000 00:00 0 
7fd6cc7ff000-7fd6cc800000 ---p 00000000 00:00 0 
7fd6cc8a2000-7fd6cc8a5000 ---p 00000000 00:00 0 
7fd6cc8a5000-7fd6cc9a3000 rw-p 00000000 00:00 0 
7fd6cc9a3000-7fd6cc9a4000 ---p 00000000 00:00 0 
7fd6cc9a4000-7fd6cd1a4000 rw-p 00000000 00:00 0 
7fd6cd1a4000-7fd6ceb4c000 r-xp 00000000 fe:01 792609                     /usr/lib64/libicudata.so.60.2
7fd6ceb4c000-7fd6ced4b000 ---p 019a8000 fe:01 792609                     /usr/lib64/libicudata.so.60.2
7fd6ced4b000-7fd6ced4c000 r--p 019a7000 fe:01 792609                     /usr/lib64/libicudata.so.60.2
7fd6ced4c000-7fd6ced4d000 rw-p 019a8000 fe:01 792609                     /usr/lib64/libicudata.so.60.2
7fd6ced4d000-7fd6ceeef000 r-xp 00000000 fe:01 792595                     /usr/lib64/libicuuc.so.60.2
7fd6ceeef000-7fd6cf0ef000 ---p 001a2000 fe:01 792595                     /usr/lib64/libicuuc.so.60.2
7fd6cf0ef000-7fd6cf101000 r--p 001a2000 fe:01 792595                     /usr/lib64/libicuuc.so.60.2
7fd6cf101000-7fd6cf102000 rw-p 001b4000 fe:01 792595                     /usr/lib64/libicuuc.so.60.2
7fd6cf102000-7fd6cf103000 rw-p 00000000 00:00 0 
7fd6cf103000-7fd6cf13d000 r-xp 00000000 fe:01 441317                     /usr/lib64/libxslt.so.1.1.30
7fd6cf13d000-7fd6cf33c000 ---p 0003a000 fe:01 441317                     /usr/lib64/libxslt.so.1.1.30
7fd6cf33c000-7fd6cf33d000 r--p 00039000 fe:01 441317                     /usr/lib64/libxslt.so.1.1.30
7fd6cf33d000-7fd6cf33e000 rw-p 0003a000 fe:01 441317                     /usr/lib64/libxslt.so.1.1.30
7fd6cf33e000-7fd6cf33f000 rw-p 00000000 00:00 0 
7fd6cf33f000-7fd6cf496000 r-xp 00000000 fe:01 806153                     /usr/lib64/libxml2.so.2.9.7
7fd6cf496000-7fd6cf696000 ---p 00157000 fe:01 806153                     /usr/lib64/libxml2.so.2.9.7
7fd6cf696000-7fd6cf69e000 r--p 00157000 fe:01 806153                     /usr/lib64/libxml2.so.2.9.7
7fd6cf69e000-7fd6cf6a0000 rw-p 0015f000 fe:01 806153                     /usr/lib64/libxml2.so.2.9.7
7fd6cf6a0000-7fd6cf8a1000 rw-p 00000000 00:00 0 
7fd6cf8a1000-7fd6cf8a4000 ---p 00000000 00:00 0 
7fd6cf8a4000-7fd6cfba2000 rw-p 00000000 00:00 0 
7fd6cfba2000-7fd6cfbd4000 r-xp 00000000 fe:01 940333                     /opt/oracle-jdk-bin-1.8.0.162/jre/lib/amd64/libsunec.so
7fd6cfbd4000-7fd6cfdd3000 ---p 00032000 fe:01 940333                     /opt/oracle-jdk-bin-1.8.0.162/jre/lib/amd64/libsunec.so
7fd6cfdd3000-7fd6cfdd9000 rw-p 00031000 fe:01 940333                     /opt/oracle-jdk-bin-1.8.0.162/jre/lib/amd64/libsunec.so
7fd6cfdd9000-7fd6cfde9000 rw-p 00000000 00:00 0 
7fd6cfde9000-7fd6cfdff000 r-xp 00000000 fe:01 940502                     /opt/oracle-jdk-bin-1.8.0.162/jre/lib/amd64/libnet.so
7fd6cfdff000-7fd6cffff000 ---p 00016000 fe:01 940502                     /opt/oracle-jdk-bin-1.8.0.162/jre/lib/amd64/libnet.so
7fd6cffff000-7fd6d0000000 rw-p 00016000 fe:01 940502                     /opt/oracle-jdk-bin-1.8.0.162/jre/lib/amd64/libnet.so
7fd6d0000000-7fd6d0ec0000 rw-p 00000000 00:00 0 
7fd6d0ec0000-7fd6d4000000 ---p 00000000 00:00 0 
7fd6d4000000-7fd6d4021000 rw-p 00000000 00:00 0 
7fd6d4021000-7fd6d8000000 ---p 00000000 00:00 0 
7fd6d8000000-7fd6d8021000 rw-p 00000000 00:00 0 
7fd6d8021000-7fd6dc000000 ---p 00000000 00:00 0 
7fd6dc02c000-7fd6dc030000 rw-p 00000000 00:00 0 
7fd6dc030000-7fd6dc08d000 r--p 00000000 fe:01 455277                     /usr/share/fonts/dejavu/DejaVuSerif.ttf
7fd6dc08d000-7fd6dc092000 rw-p 00000000 00:00 0 
7fd6dc092000-7fd6dc0b5000 r--p 00000000 00:24 5830986                    /tmp/+JXF7033934674344818170.tmp
7fd6dc0b5000-7fd6dc0b8000 ---p 00000000 00:00 0 
7fd6dc0b8000-7fd6dc1b6000 rw-p 00000000 00:00 0 
7fd6dc1b6000-7fd6dc1c0000 r--s 00116000 fe:01 939203                     /opt/oracle-jdk-bin-1.8.0.162/jre/lib/ext/localedata.jar
7fd6dc1c0000-7fd6dc1dc000 r--s 00393000 fe:01 939158                     /opt/oracle-jdk-bin-1.8.0.162/jre/lib/ext/cldrdata.jar
7fd6dc1dc000-7fd6dc1e2000 r--s 0003e000 fe:01 939206                     /opt/oracle-jdk-bin-1.8.0.162/jre/lib/ext/sunjce_provider.jar
7fd6dc1e2000-7fd6dc1f3000 r-xp 00000000 fe:01 940508                     /opt/oracle-jdk-bin-1.8.0.162/jre/lib/amd64/libnio.so
7fd6dc1f3000-7fd6dc3f2000 ---p 00011000 fe:01 940508                     /opt/oracle-jdk-bin-1.8.0.162/jre/lib/amd64/libnio.so
7fd6dc3f2000-7fd6dc3f3000 rw-p 00010000 fe:01 940508                     /opt/oracle-jdk-bin-1.8.0.162/jre/lib/amd64/libnio.so
7fd6dc3f3000-7fd6dc5f3000 rw-p 00000000 00:00 0 
7fd6dc5f3000-7fd6dc5f7000 r--s 0003a000 fe:01 939184                     /opt/oracle-jdk-bin-1.8.0.162/jre/lib/ext/sunpkcs11.jar
7fd6dc5f7000-7fd6dc5fa000 r--s 0001a000 fe:01 940552                     /opt/oracle-jdk-bin-1.8.0.162/jre/lib/jce.jar
7fd6dc5fa000-7fd6dc7fa000 rw-p 00000000 00:00 0 
7fd6dc7fa000-7fd6dc80a000 rw-s 00000000 00:05 5824922                    /drm mm object (deleted)
7fd6dc80a000-7fd6dc81a000 rw-s 00000000 00:05 5824919                    /drm mm object (deleted)
7fd6dc81a000-7fd6dc82a000 rw-s 00000000 00:05 5824916                    /drm mm object (deleted)
7fd6dc82a000-7fd6dc9ea000 rw-s 10b5f4000 00:06 2143                      /dev/dri/card0
7fd6dc9ea000-7fd6dcbaa000 rw-s 00000000 00:05 5824908                    /drm mm object (deleted)
7fd6dcbaa000-7fd6dcbba000 rw-s 00000000 00:05 5824913                    /drm mm object (deleted)
7fd6dcbba000-7fd6dcbbe000 rw-s 00000000 00:05 5824912                    /drm mm object (deleted)
7fd6dcbbe000-7fd6dcbc3000 rw-s 00000000 00:05 5824911                    /drm mm object (deleted)
7fd6dcbc3000-7fd6dcbd3000 rw-s 00000000 00:05 5824910                    /drm mm object (deleted)
7fd6dcbd3000-7fd6dcbdf000 rw-s 00000000 00:05 5824901                    /drm mm object (deleted)
7fd6dcbdf000-7fd6dcbf2000 r--s 00345000 fe:01 939030                     /opt/oracle-jdk-bin-1.8.0.162/jre/lib/resources.jar
7fd6dcbf2000-7fd6dcdf2000 rw-p 00000000 00:00 0 
7fd6dcdf2000-7fd6dcdf5000 ---p 00000000 00:00 0 
7fd6dcdf5000-7fd6dcef3000 rw-p 00000000 00:00 0 
7fd6dcef3000-7fd6dcfac000 r--p 00000000 fe:01 455269                     /usr/share/fonts/dejavu/DejaVuSans.ttf
7fd6dcfac000-7fd6dd057000 r--p 00000000 fe:01 938580                     /opt/oracle-jdk-bin-1.8.0.162/jre/lib/fonts/LucidaSansRegular.ttf
7fd6dd057000-7fd6dd091000 r--p 00000000 fe:01 938588                     /opt/oracle-jdk-bin-1.8.0.162/jre/lib/fonts/LucidaTypewriterBold.ttf
7fd6dd091000-7fd6dd0df000 r--p 00000000 fe:01 938582                     /opt/oracle-jdk-bin-1.8.0.162/jre/lib/fonts/LucidaSansDemiBold.ttf
7fd6dd0df000-7fd6dd0f2000 r--p 00000000 fe:01 938584                     /opt/oracle-jdk-bin-1.8.0.162/jre/lib/fonts/LucidaBrightDemiItalic.ttf
7fd6dd0f2000-7fd6dd105000 r--p 00000000 fe:01 938589                     /opt/oracle-jdk-bin-1.8.0.162/jre/lib/fonts/LucidaBrightDemiBold.ttf
7fd6dd105000-7fd6dd119000 r--p 00000000 fe:01 938579                     /opt/oracle-jdk-bin-1.8.0.162/jre/lib/fonts/LucidaBrightItalic.ttf
7fd6dd119000-7fd6dd155000 r--p 00000000 fe:01 938587                     /opt/oracle-jdk-bin-1.8.0.162/jre/lib/fonts/LucidaTypewriterRegular.ttf
7fd6dd155000-7fd6dd1aa000 r--p 00000000 fe:01 938581                     /opt/oracle-jdk-bin-1.8.0.162/jre/lib/fonts/LucidaBrightRegular.ttf
7fd6dd1aa000-7fd6dd1ae000 r-xp 00000000 fe:01 940331                     /opt/oracle-jdk-bin-1.8.0.162/jre/lib/amd64/libjavafx_font_pango.so
7fd6dd1ae000-7fd6dd3ad000 ---p 00004000 fe:01 940331                     /opt/oracle-jdk-bin-1.8.0.162/jre/lib/amd64/libjavafx_font_pango.so
7fd6dd3ad000-7fd6dd3ae000 rw-p 00003000 fe:01 940331                     /opt/oracle-jdk-bin-1.8.0.162/jre/lib/amd64/libjavafx_font_pango.so
7fd6dd3ae000-7fd6dd3b3000 r--s 00084000 fe:01 938565                     /opt/oracle-jdk-bin-1.8.0.162/jre/lib/jfr.jar
7fd6dd3b3000-7fd6dd3bd000 r-xp 00000000 fe:01 139442                     /usr/lib64/gtk-2.0/2.10.0/engines/libpixmap.so
7fd6dd3bd000-7fd6dd5bc000 ---p 0000a000 fe:01 139442                     /usr/lib64/gtk-2.0/2.10.0/engines/libpixmap.so
7fd6dd5bc000-7fd6dd5bd000 r--p 00009000 fe:01 139442                     /usr/lib64/gtk-2.0/2.10.0/engines/libpixmap.so
7fd6dd5bd000-7fd6dd5be000 rw-p 0000a000 fe:01 139442                     /usr/lib64/gtk-2.0/2.10.0/engines/libpixmap.so
7fd6dd5be000-7fd6dd5c0000 r-xp 00000000 fe:01 723962                     /usr/lib64/gtk-2.0/2.10.0/engines/libadwaita.so
7fd6dd5c0000-7fd6dd7c0000 ---p 00002000 fe:01 723962                     /usr/lib64/gtk-2.0/2.10.0/engines/libadwaita.so
7fd6dd7c0000-7fd6dd7c1000 r--p 00002000 fe:01 723962                     /usr/lib64/gtk-2.0/2.10.0/engines/libadwaita.so
7fd6dd7c1000-7fd6dd7c2000 rw-p 00003000 fe:01 723962                     /usr/lib64/gtk-2.0/2.10.0/engines/libadwaita.so
7fd6dd7c2000-7fd6dd7c7000 r--s 0009d000 fe:01 939137                     /opt/oracle-jdk-bin-1.8.0.162/jre/lib/jsse.jar
7fd6dd7c7000-7fd6dd9c7000 rw-p 00000000 00:00 0 
7fd6dd9c7000-7fd6dda09000 r--s 00000000 fe:01 695164                     /var/cache/fontconfig/923e285e415b1073c8df160bee08820f-le64.cache-7
7fd6dda09000-7fd6dda0e000 r-xp 00000000 fe:01 940335                     /opt/oracle-jdk-bin-1.8.0.162/jre/lib/amd64/libjavafx_font_freetype.so
7fd6dda0e000-7fd6ddc0d000 ---p 00005000 fe:01 940335                     /opt/oracle-jdk-bin-1.8.0.162/jre/lib/amd64/libjavafx_font_freetype.so
7fd6ddc0d000-7fd6ddc0e000 rw-p 00004000 fe:01 940335                     /opt/oracle-jdk-bin-1.8.0.162/jre/lib/amd64/libjavafx_font_freetype.so
7fd6ddc0e000-7fd6ddc11000 r-xp 00000000 fe:01 940504                     /opt/oracle-jdk-bin-1.8.0.162/jre/lib/amd64/libjavafx_font.so
7fd6ddc11000-7fd6dde10000 ---p 00003000 fe:01 940504                     /opt/oracle-jdk-bin-1.8.0.162/jre/lib/amd64/libjavafx_font.so
7fd6dde10000-7fd6dde11000 rw-p 00002000 fe:01 940504                     /opt/oracle-jdk-bin-1.8.0.162/jre/lib/amd64/libjavafx_font.so
7fd6dde11000-7fd6de011000 rw-p 00000000 00:00 0 
7fd6de011000-7fd6de014000 ---p 00000000 00:00 0 
7fd6de014000-7fd6de112000 rw-p 00000000 00:00 0 
7fd6de112000-7fd6de115000 ---p 00000000 00:00 0 
7fd6de115000-7fd6de213000 rw-p 00000000 00:00 0 
7fd6de213000-7fd6de216000 ---p 00000000 00:00 0 
7fd6de216000-7fd6de314000 rw-p 00000000 00:00 0 
7fd6de314000-7fd6de33d000 r-xp 00000000 fe:01 940384                     /opt/oracle-jdk-bin-1.8.0.162/jre/lib/amd64/libglass.so
7fd6de33d000-7fd6de53c000 ---p 00029000 fe:01 940384                     /opt/oracle-jdk-bin-1.8.0.162/jre/lib/amd64/libglass.so
7fd6de53c000-7fd6de53f000 rw-p 00028000 fe:01 940384                     /opt/oracle-jdk-bin-1.8.0.162/jre/lib/amd64/libglass.so
7fd6de53f000-7fd6deca5000 r-xp 00000000 fe:01 791538                     /usr/lib64/mesa/i965_dri.so
7fd6deca5000-7fd6deea4000 ---p 00766000 fe:01 791538                     /usr/lib64/mesa/i965_dri.so
7fd6deea4000-7fd6deef3000 r--p 00765000 fe:01 791538                     /usr/lib64/mesa/i965_dri.so
7fd6deef3000-7fd6deefa000 rw-p 007b4000 fe:01 791538                     /usr/lib64/mesa/i965_dri.so
7fd6deefa000-7fd6def61000 rw-p 00000000 00:00 0 
7fd6def61000-7fd6def74000 r-xp 00000000 fe:01 696744                     /usr/lib64/libbsd.so.0.8.6
7fd6def74000-7fd6df173000 ---p 00013000 fe:01 696744                     /usr/lib64/libbsd.so.0.8.6
7fd6df173000-7fd6df174000 r--p 00012000 fe:01 696744                     /usr/lib64/libbsd.so.0.8.6
7fd6df174000-7fd6df175000 rw-p 00013000 fe:01 696744                     /usr/lib64/libbsd.so.0.8.6
7fd6df175000-7fd6df176000 rw-p 00000000 00:00 0 
7fd6df176000-7fd6df17a000 r-xp 00000000 fe:01 983312                     /lib64/libuuid.so.1.3.0
7fd6df17a000-7fd6df379000 ---p 00004000 fe:01 983312                     /lib64/libuuid.so.1.3.0
7fd6df379000-7fd6df37a000 r--p 00003000 fe:01 983312                     /lib64/libuuid.so.1.3.0
7fd6df37a000-7fd6df37b000 rw-p 00004000 fe:01 983312                     /lib64/libuuid.so.1.3.0
7fd6df37b000-7fd6df380000 r-xp 00000000 fe:01 919078                     /usr/lib64/libXdmcp.so.6.0.0
7fd6df380000-7fd6df57f000 ---p 00005000 fe:01 919078                     /usr/lib64/libXdmcp.so.6.0.0
7fd6df57f000-7fd6df580000 r--p 00004000 fe:01 919078                     /usr/lib64/libXdmcp.so.6.0.0
7fd6df580000-7fd6df581000 rw-p 00005000 fe:01 919078                     /usr/lib64/libXdmcp.so.6.0.0
7fd6df581000-7fd6df583000 r-xp 00000000 fe:01 919031                     /usr/lib64/libXau.so.6.0.0
7fd6df583000-7fd6df783000 ---p 00002000 fe:01 919031                     /usr/lib64/libXau.so.6.0.0
7fd6df783000-7fd6df784000 r--p 00002000 fe:01 919031                     /usr/lib64/libXau.so.6.0.0
7fd6df784000-7fd6df785000 rw-p 00003000 fe:01 919031                     /usr/lib64/libXau.so.6.0.0
7fd6df785000-7fd6df796000 r-xp 00000000 fe:01 10495                      /usr/lib64/libwayland-server.so.0.1.0
7fd6df796000-7fd6df995000 ---p 00011000 fe:01 10495                      /usr/lib64/libwayland-server.so.0.1.0
7fd6df995000-7fd6df997000 r--p 00010000 fe:01 10495                      /usr/lib64/libwayland-server.so.0.1.0
7fd6df997000-7fd6df998000 rw-p 00012000 fe:01 10495                      /usr/lib64/libwayland-server.so.0.1.0
7fd6df998000-7fd6df9a5000 r-xp 00000000 fe:01 791547                     /usr/lib64/libgbm.so.1.0.0
7fd6df9a5000-7fd6dfba5000 ---p 0000d000 fe:01 791547                     /usr/lib64/libgbm.so.1.0.0
7fd6dfba5000-7fd6dfba6000 r--p 0000d000 fe:01 791547                     /usr/lib64/libgbm.so.1.0.0
7fd6dfba6000-7fd6dfba7000 rw-p 0000e000 fe:01 791547                     /usr/lib64/libgbm.so.1.0.0
7fd6dfba7000-7fd6dfbb4000 r-xp 00000000 fe:01 10541                      /usr/lib64/libwayland-client.so.0.3.0
7fd6dfbb4000-7fd6dfdb3000 ---p 0000d000 fe:01 10541                      /usr/lib64/libwayland-client.so.0.3.0
7fd6dfdb3000-7fd6dfdb5000 r--p 0000c000 fe:01 10541                      /usr/lib64/libwayland-client.so.0.3.0
7fd6dfdb5000-7fd6dfdb6000 rw-p 0000e000 fe:01 10541                      /usr/lib64/libwayland-client.so.0.3.0
7fd6dfdb6000-7fd6dfdfb000 r-xp 00000000 fe:01 982786                     /lib64/libblkid.so.1.1.0
7fd6dfdfb000-7fd6dfffa000 ---p 00045000 fe:01 982786                     /lib64/libblkid.so.1.1.0
7fd6dfffa000-7fd6dfffe000 r--p 00044000 fe:01 982786                     /lib64/libblkid.so.1.1.0
7fd6dfffe000-7fd6dffff000 rw-p 00048000 fe:01 982786                     /lib64/libblkid.so.1.1.0
7fd6dffff000-7fd6e0000000 rw-p 00000000 00:00 0 
7fd6e0000000-7fd6e1e9a000 rw-p 00000000 00:00 0 
7fd6e1e9a000-7fd6e4000000 ---p 00000000 00:00 0 
7fd6e4000000-7fd6e4002000 r--s 00009000 fe:01 939146                     /opt/oracle-jdk-bin-1.8.0.162/jre/lib/ext/sunec.jar
7fd6e4002000-7fd6e4006000 r--s 00000000 fe:01 695171                     /var/cache/fontconfig/6d2376a383715d59725915647ddb0428-le64.cache-7
7fd6e4006000-7fd6e4030000 r-xp 00000000 fe:01 714026                     /usr/lib64/libgraphite2.so.3.0.1
7fd6e4030000-7fd6e4230000 ---p 0002a000 fe:01 714026                     /usr/lib64/libgraphite2.so.3.0.1
7fd6e4230000-7fd6e4232000 r--p 0002a000 fe:01 714026                     /usr/lib64/libgraphite2.so.3.0.1
7fd6e4232000-7fd6e4233000 rw-p 0002c000 fe:01 714026                     /usr/lib64/libgraphite2.so.3.0.1
7fd6e4233000-7fd6e4244000 r-xp 00000000 fe:01 843703                     /usr/lib64/libdrm.so.2.4.0
7fd6e4244000-7fd6e4443000 ---p 00011000 fe:01 843703                     /usr/lib64/libdrm.so.2.4.0
7fd6e4443000-7fd6e4444000 r--p 00010000 fe:01 843703                     /usr/lib64/libdrm.so.2.4.0
7fd6e4444000-7fd6e4445000 rw-p 00011000 fe:01 843703                     /usr/lib64/libdrm.so.2.4.0
7fd6e4445000-7fd6e4449000 r-xp 00000000 fe:01 765863                     /usr/lib64/libxcb-dri2.so.0.0.0
7fd6e4449000-7fd6e4648000 ---p 00004000 fe:01 765863                     /usr/lib64/libxcb-dri2.so.0.0.0
7fd6e4648000-7fd6e4649000 r--p 00003000 fe:01 765863                     /usr/lib64/libxcb-dri2.so.0.0.0
7fd6e4649000-7fd6e464a000 rw-p 00004000 fe:01 765863                     /usr/lib64/libxcb-dri2.so.0.0.0
7fd6e464a000-7fd6e4663000 r-xp 00000000 fe:01 765819                     /usr/lib64/libxcb-glx.so.0.0.0
7fd6e4663000-7fd6e4863000 ---p 00019000 fe:01 765819                     /usr/lib64/libxcb-glx.so.0.0.0
7fd6e4863000-7fd6e4865000 r--p 00019000 fe:01 765819                     /usr/lib64/libxcb-glx.so.0.0.0
7fd6e4865000-7fd6e4866000 rw-p 0001b000 fe:01 765819                     /usr/lib64/libxcb-glx.so.0.0.0
7fd6e4866000-7fd6e4867000 r-xp 00000000 fe:01 53990                      /usr/lib64/libX11-xcb.so.1.0.0
7fd6e4867000-7fd6e4a66000 ---p 00001000 fe:01 53990                      /usr/lib64/libX11-xcb.so.1.0.0
7fd6e4a66000-7fd6e4a67000 r--p 00000000 fe:01 53990                      /usr/lib64/libX11-xcb.so.1.0.0
7fd6e4a67000-7fd6e4a68000 rw-p 00001000 fe:01 53990                      /usr/lib64/libX11-xcb.so.1.0.0
7fd6e4a68000-7fd6e4a94000 r-xp 00000000 fe:01 791508                     /usr/lib64/libglapi.so.0.0.0
7fd6e4a94000-7fd6e4c93000 ---p 0002c000 fe:01 791508                     /usr/lib64/libglapi.so.0.0.0
7fd6e4c93000-7fd6e4c97000 r--p 0002b000 fe:01 791508                     /usr/lib64/libglapi.so.0.0.0
7fd6e4c97000-7fd6e4c98000 rw-p 0002f000 fe:01 791508                     /usr/lib64/libglapi.so.0.0.0
7fd6e4c98000-7fd6e4c99000 rw-p 00000000 00:00 0 
7fd6e4c99000-7fd6e4c9a000 r-xp 00000000 fe:01 918980                     /usr/lib64/libxshmfence.so.1.0.0
7fd6e4c9a000-7fd6e4e99000 ---p 00001000 fe:01 918980                     /usr/lib64/libxshmfence.so.1.0.0
7fd6e4e99000-7fd6e4e9a000 r--p 00000000 fe:01 918980                     /usr/lib64/libxshmfence.so.1.0.0
7fd6e4e9a000-7fd6e4e9b000 rw-p 00001000 fe:01 918980                     /usr/lib64/libxshmfence.so.1.0.0
7fd6e4e9b000-7fd6e4ea1000 r-xp 00000000 fe:01 765912                     /usr/lib64/libxcb-sync.so.1.0.0
7fd6e4ea1000-7fd6e50a0000 ---p 00006000 fe:01 765912                     /usr/lib64/libxcb-sync.so.1.0.0
7fd6e50a0000-7fd6e50a1000 r--p 00005000 fe:01 765912                     /usr/lib64/libxcb-sync.so.1.0.0
7fd6e50a1000-7fd6e50a2000 rw-p 00006000 fe:01 765912                     /usr/lib64/libxcb-sync.so.1.0.0
7fd6e50a2000-7fd6e50a4000 r-xp 00000000 fe:01 765882                     /usr/lib64/libxcb-present.so.0.0.0
7fd6e50a4000-7fd6e52a3000 ---p 00002000 fe:01 765882                     /usr/lib64/libxcb-present.so.0.0.0
7fd6e52a3000-7fd6e52a4000 r--p 00001000 fe:01 765882                     /usr/lib64/libxcb-present.so.0.0.0
7fd6e52a4000-7fd6e52a5000 rw-p 00002000 fe:01 765882                     /usr/lib64/libxcb-present.so.0.0.0
7fd6e52a5000-7fd6e52ac000 r-xp 00000000 fe:01 765922                     /usr/lib64/libxcb-xfixes.so.0.0.0
7fd6e52ac000-7fd6e54ab000 ---p 00007000 fe:01 765922                     /usr/lib64/libxcb-xfixes.so.0.0.0
7fd6e54ab000-7fd6e54ac000 r--p 00006000 fe:01 765922                     /usr/lib64/libxcb-xfixes.so.0.0.0
7fd6e54ac000-7fd6e54ad000 rw-p 00007000 fe:01 765922                     /usr/lib64/libxcb-xfixes.so.0.0.0
7fd6e54ad000-7fd6e54af000 r-xp 00000000 fe:01 765814                     /usr/lib64/libxcb-dri3.so.0.0.0
7fd6e54af000-7fd6e56ae000 ---p 00002000 fe:01 765814                     /usr/lib64/libxcb-dri3.so.0.0.0
7fd6e56ae000-7fd6e56af000 r--p 00001000 fe:01 765814                     /usr/lib64/libxcb-dri3.so.0.0.0
7fd6e56af000-7fd6e56b0000 rw-p 00002000 fe:01 765814                     /usr/lib64/libxcb-dri3.so.0.0.0
7fd6e56b0000-7fd6e5721000 r-xp 00000000 fe:01 920752                     /lib64/libpcre.so.1.2.9
7fd6e5721000-7fd6e5920000 ---p 00071000 fe:01 920752                     /lib64/libpcre.so.1.2.9
7fd6e5920000-7fd6e5921000 r--p 00070000 fe:01 920752                     /lib64/libpcre.so.1.2.9
7fd6e5921000-7fd6e5922000 rw-p 00071000 fe:01 920752                     /lib64/libpcre.so.1.2.9
7fd6e5922000-7fd6e5929000 r-xp 00000000 fe:01 49617                      /usr/lib64/libffi.so.6.0.4
7fd6e5929000-7fd6e5b29000 ---p 00007000 fe:01 49617                      /usr/lib64/libffi.so.6.0.4
7fd6e5b29000-7fd6e5b2a000 r--p 00007000 fe:01 49617                      /usr/lib64/libffi.so.6.0.4
7fd6e5b2a000-7fd6e5b2b000 rw-p 00008000 fe:01 49617                      /usr/lib64/libffi.so.6.0.4
7fd6e5b2b000-7fd6e5b52000 r-xp 00000000 fe:01 49184                      /usr/lib64/libexpat.so.1.6.7
7fd6e5b52000-7fd6e5d52000 ---p 00027000 fe:01 49184                      /usr/lib64/libexpat.so.1.6.7
7fd6e5d52000-7fd6e5d54000 r--p 00027000 fe:01 49184                      /usr/lib64/libexpat.so.1.6.7
7fd6e5d54000-7fd6e5d55000 rw-p 00029000 fe:01 49184                      /usr/lib64/libexpat.so.1.6.7
7fd6e5d55000-7fd6e5d64000 r-xp 00000000 fe:01 480410                     /lib64/libbz2.so.1.0.6
7fd6e5d64000-7fd6e5f64000 ---p 0000f000 fe:01 480410                     /lib64/libbz2.so.1.0.6
7fd6e5f64000-7fd6e5f65000 r--p 0000f000 fe:01 480410                     /lib64/libbz2.so.1.0.6
7fd6e5f65000-7fd6e5f66000 rw-p 00010000 fe:01 480410                     /lib64/libbz2.so.1.0.6
7fd6e5f66000-7fd6e5f73000 r-xp 00000000 fe:01 765877                     /usr/lib64/libxcb-render.so.0.0.0
7fd6e5f73000-7fd6e6172000 ---p 0000d000 fe:01 765877                     /usr/lib64/libxcb-render.so.0.0.0
7fd6e6172000-7fd6e6173000 r--p 0000c000 fe:01 765877                     /usr/lib64/libxcb-render.so.0.0.0
7fd6e6173000-7fd6e6174000 rw-p 0000d000 fe:01 765877                     /usr/lib64/libxcb-render.so.0.0.0
7fd6e6174000-7fd6e619c000 r-xp 00000000 fe:01 765809                     /usr/lib64/libxcb.so.1.1.0
7fd6e619c000-7fd6e639b000 ---p 00028000 fe:01 765809                     /usr/lib64/libxcb.so.1.1.0
7fd6e639b000-7fd6e639c000 r--p 00027000 fe:01 765809                     /usr/lib64/libxcb.so.1.1.0
7fd6e639c000-7fd6e639d000 rw-p 00028000 fe:01 765809                     /usr/lib64/libxcb.so.1.1.0
7fd6e639d000-7fd6e639f000 r-xp 00000000 fe:01 765907                     /usr/lib64/libxcb-shm.so.0.0.0
7fd6e639f000-7fd6e659f000 ---p 00002000 fe:01 765907                     /usr/lib64/libxcb-shm.so.0.0.0
7fd6e659f000-7fd6e65a0000 r--p 00002000 fe:01 765907                     /usr/lib64/libxcb-shm.so.0.0.0
7fd6e65a0000-7fd6e65a1000 rw-p 00003000 fe:01 765907                     /usr/lib64/libxcb-shm.so.0.0.0
7fd6e65a1000-7fd6e65d5000 r-xp 00000000 fe:01 171148                     /usr/lib64/libpng16.so.16.29.0
7fd6e65d5000-7fd6e67d4000 ---p 00034000 fe:01 171148                     /usr/lib64/libpng16.so.16.29.0
7fd6e67d4000-7fd6e67d5000 r--p 00033000 fe:01 171148                     /usr/lib64/libpng16.so.16.29.0
7fd6e67d5000-7fd6e67d6000 rw-p 00034000 fe:01 171148                     /usr/lib64/libpng16.so.16.29.0
7fd6e67d6000-7fd6e680c000 r-xp 00000000 fe:01 791549                     /usr/lib64/libEGL.so.1.0.0
7fd6e680c000-7fd6e6a0b000 ---p 00036000 fe:01 791549                     /usr/lib64/libEGL.so.1.0.0
7fd6e6a0b000-7fd6e6a0d000 r--p 00035000 fe:01 791549                     /usr/lib64/libEGL.so.1.0.0
7fd6e6a0d000-7fd6e6a0e000 rw-p 00037000 fe:01 791549                     /usr/lib64/libEGL.so.1.0.0
7fd6e6a0e000-7fd6e6aa5000 r-xp 00000000 fe:01 710732                     /usr/lib64/libpixman-1.so.0.34.0
7fd6e6aa5000-7fd6e6ca4000 ---p 00097000 fe:01 710732                     /usr/lib64/libpixman-1.so.0.34.0
7fd6e6ca4000-7fd6e6cac000 r--p 00096000 fe:01 710732                     /usr/lib64/libpixman-1.so.0.34.0
7fd6e6cac000-7fd6e6cad000 rw-p 0009e000 fe:01 710732                     /usr/lib64/libpixman-1.so.0.34.0
7fd6e6cad000-7fd6e6d48000 r-xp 00000000 fe:01 841776                     /usr/lib64/libharfbuzz.so.0.10702.0
7fd6e6d48000-7fd6e6f48000 ---p 0009b000 fe:01 841776                     /usr/lib64/libharfbuzz.so.0.10702.0
7fd6e6f48000-7fd6e6f49000 r--p 0009b000 fe:01 841776                     /usr/lib64/libharfbuzz.so.0.10702.0
7fd6e6f49000-7fd6e6f4a000 rw-p 0009c000 fe:01 841776                     /usr/lib64/libharfbuzz.so.0.10702.0
7fd6e6f4a000-7fd6e6f9a000 r-xp 00000000 fe:01 982959                     /lib64/libmount.so.1.1.0
7fd6e6f9a000-7fd6e719a000 ---p 00050000 fe:01 982959                     /lib64/libmount.so.1.1.0
7fd6e719a000-7fd6e719c000 r--p 00050000 fe:01 982959                     /lib64/libmount.so.1.1.0
7fd6e719c000-7fd6e719d000 rw-p 00052000 fe:01 982959                     /lib64/libmount.so.1.1.0
7fd6e719d000-7fd6e719f000 rw-p 00000000 00:00 0 
7fd6e719f000-7fd6e71b2000 r-xp 00000000 fe:01 417827                     /lib64/libresolv-2.25.so
7fd6e71b2000-7fd6e73b2000 ---p 00013000 fe:01 417827                     /lib64/libresolv-2.25.so
7fd6e73b2000-7fd6e73b3000 r--p 00013000 fe:01 417827                     /lib64/libresolv-2.25.so
7fd6e73b3000-7fd6e73b4000 rw-p 00014000 fe:01 417827                     /lib64/libresolv-2.25.so
7fd6e73b4000-7fd6e73b6000 rw-p 00000000 00:00 0 
7fd6e73b6000-7fd6e73cc000 r-xp 00000000 fe:01 49105                      /lib64/libz.so.1.2.11
7fd6e73cc000-7fd6e75cb000 ---p 00016000 fe:01 49105                      /lib64/libz.so.1.2.11
7fd6e75cb000-7fd6e75cc000 r--p 00015000 fe:01 49105                      /lib64/libz.so.1.2.11
7fd6e75cc000-7fd6e75cd000 rw-p 00016000 fe:01 49105                      /lib64/libz.so.1.2.11
7fd6e75cd000-7fd6e75de000 r-xp 00000000 fe:01 167633                     /usr/lib64/libXext.so.6.4.0
7fd6e75de000-7fd6e77dd000 ---p 00011000 fe:01 167633                     /usr/lib64/libXext.so.6.4.0
7fd6e77dd000-7fd6e77de000 r--p 00010000 fe:01 167633                     /usr/lib64/libXext.so.6.4.0
7fd6e77de000-7fd6e77df000 rw-p 00011000 fe:01 167633                     /usr/lib64/libXext.so.6.4.0
7fd6e77df000-7fd6e77e1000 r-xp 00000000 fe:01 167360                     /usr/lib64/libXdamage.so.1.1.0
7fd6e77e1000-7fd6e79e0000 ---p 00002000 fe:01 167360                     /usr/lib64/libXdamage.so.1.1.0
7fd6e79e0000-7fd6e79e1000 r--p 00001000 fe:01 167360                     /usr/lib64/libXdamage.so.1.1.0
7fd6e79e1000-7fd6e79e2000 rw-p 00002000 fe:01 167360                     /usr/lib64/libXdamage.so.1.1.0
7fd6e79e2000-7fd6e79e4000 r-xp 00000000 fe:01 167425                     /usr/lib64/libXcomposite.so.1.0.0
7fd6e79e4000-7fd6e7be3000 ---p 00002000 fe:01 167425                     /usr/lib64/libXcomposite.so.1.0.0
7fd6e7be3000-7fd6e7be4000 r--p 00001000 fe:01 167425                     /usr/lib64/libXcomposite.so.1.0.0
7fd6e7be4000-7fd6e7be5000 rw-p 00002000 fe:01 167425                     /usr/lib64/libXcomposite.so.1.0.0
7fd6e7be5000-7fd6e7bef000 r-xp 00000000 fe:01 167439                     /usr/lib64/libXcursor.so.1.0.2
7fd6e7bef000-7fd6e7dee000 ---p 0000a000 fe:01 167439                     /usr/lib64/libXcursor.so.1.0.2
7fd6e7dee000-7fd6e7def000 r--p 00009000 fe:01 167439                     /usr/lib64/libXcursor.so.1.0.2
7fd6e7def000-7fd6e7df0000 rw-p 0000a000 fe:01 167439                     /usr/lib64/libXcursor.so.1.0.2
7fd6e7df0000-7fd6e7dff000 r-xp 00000000 fe:01 168023                     /usr/lib64/libXi.so.6.1.0
7fd6e7dff000-7fd6e7ffe000 ---p 0000f000 fe:01 168023                     /usr/lib64/libXi.so.6.1.0
7fd6e7ffe000-7fd6e7fff000 r--p 0000e000 fe:01 168023                     /usr/lib64/libXi.so.6.1.0
7fd6e7fff000-7fd6e8000000 rw-p 0000f000 fe:01 168023                     /usr/lib64/libXi.so.6.1.0
7fd6e8000000-7fd6e8021000 rw-p 00000000 00:00 0 
7fd6e8021000-7fd6ec000000 ---p 00000000 00:00 0 
7fd6ec000000-7fd6ec021000 rw-p 00000000 00:00 0 
7fd6ec021000-7fd6f0000000 ---p 00000000 00:00 0 
7fd6f0000000-7fd6f04ec000 rw-p 00000000 00:00 0 
7fd6f04ec000-7fd6f4000000 ---p 00000000 00:00 0 
7fd6f4000000-7fd6f4525000 rw-p 00000000 00:00 0 
7fd6f4525000-7fd6f8000000 ---p 00000000 00:00 0 
7fd6f8000000-7fd6f8396000 rw-p 00000000 00:00 0 
7fd6f8396000-7fd6fc000000 ---p 00000000 00:00 0 
7fd6fc000000-7fd6fc6b3000 rw-p 00000000 00:00 0 
7fd6fc6b3000-7fd700000000 ---p 00000000 00:00 0 
7fd700000000-7fd700021000 rw-p 00000000 00:00 0 
7fd700021000-7fd704000000 ---p 00000000 00:00 0 
7fd704001000-7fd70400b000 r-xp 00000000 fe:01 167398                     /usr/lib64/libXrandr.so.2.2.0
7fd70400b000-7fd70420a000 ---p 0000a000 fe:01 167398                     /usr/lib64/libXrandr.so.2.2.0
7fd70420a000-7fd70420b000 r--p 00009000 fe:01 167398                     /usr/lib64/libXrandr.so.2.2.0
7fd70420b000-7fd70420c000 rw-p 0000a000 fe:01 167398                     /usr/lib64/libXrandr.so.2.2.0
7fd70420c000-7fd704215000 r-xp 00000000 fe:01 167246                     /usr/lib64/libXrender.so.1.3.0
7fd704215000-7fd704414000 ---p 00009000 fe:01 167246                     /usr/lib64/libXrender.so.1.3.0
7fd704414000-7fd704415000 r--p 00008000 fe:01 167246                     /usr/lib64/libXrender.so.1.3.0
7fd704415000-7fd704416000 rw-p 00009000 fe:01 167246                     /usr/lib64/libXrender.so.1.3.0
7fd704416000-7fd70441b000 r-xp 00000000 fe:01 167055                     /usr/lib64/libXfixes.so.3.1.0
7fd70441b000-7fd70461a000 ---p 00005000 fe:01 167055                     /usr/lib64/libXfixes.so.3.1.0
7fd70461a000-7fd70461b000 r--p 00004000 fe:01 167055                     /usr/lib64/libXfixes.so.3.1.0
7fd70461b000-7fd70461c000 rw-p 00005000 fe:01 167055                     /usr/lib64/libXfixes.so.3.1.0
7fd70461c000-7fd704631000 r-xp 00000000 fe:01 795847                     /usr/lib64/gcc/x86_64-pc-linux-gnu/6.4.0/libgcc_s.so.1
7fd704631000-7fd704830000 ---p 00015000 fe:01 795847                     /usr/lib64/gcc/x86_64-pc-linux-gnu/6.4.0/libgcc_s.so.1
7fd704830000-7fd704831000 r--p 00014000 fe:01 795847                     /usr/lib64/gcc/x86_64-pc-linux-gnu/6.4.0/libgcc_s.so.1
7fd704831000-7fd704832000 rw-p 00015000 fe:01 795847                     /usr/lib64/gcc/x86_64-pc-linux-gnu/6.4.0/libgcc_s.so.1
7fd704832000-7fd704a1e000 r-xp 00000000 fe:01 796245                     /usr/lib64/gcc/x86_64-pc-linux-gnu/6.4.0/libstdc++.so.6.0.22
7fd704a1e000-7fd704c1d000 ---p 001ec000 fe:01 796245                     /usr/lib64/gcc/x86_64-pc-linux-gnu/6.4.0/libstdc++.so.6.0.22
7fd704c1d000-7fd704c2a000 r--p 001eb000 fe:01 796245                     /usr/lib64/gcc/x86_64-pc-linux-gnu/6.4.0/libstdc++.so.6.0.22
7fd704c2a000-7fd704c2e000 rw-p 001f8000 fe:01 796245                     /usr/lib64/gcc/x86_64-pc-linux-gnu/6.4.0/libstdc++.so.6.0.22
7fd704c2e000-7fd704c31000 rw-p 00000000 00:00 0 
7fd704c31000-7fd704ca0000 r-xp 00000000 fe:01 791548                     /usr/lib64/libGL.so.1.2.0
7fd704ca0000-7fd704e9f000 ---p 0006f000 fe:01 791548                     /usr/lib64/libGL.so.1.2.0
7fd704e9f000-7fd704ea2000 r--p 0006e000 fe:01 791548                     /usr/lib64/libGL.so.1.2.0
7fd704ea2000-7fd704ea3000 rw-p 00071000 fe:01 791548                     /usr/lib64/libGL.so.1.2.0
7fd704ea3000-7fd704ea4000 rw-p 00000000 00:00 0 
7fd704ea4000-7fd704ea9000 r-xp 00000000 fe:01 167540                     /usr/lib64/libXxf86vm.so.1.0.0
7fd704ea9000-7fd7050a8000 ---p 00005000 fe:01 167540                     /usr/lib64/libXxf86vm.so.1.0.0
7fd7050a8000-7fd7050a9000 r--p 00004000 fe:01 167540                     /usr/lib64/libXxf86vm.so.1.0.0
7fd7050a9000-7fd7050aa000 rw-p 00005000 fe:01 167540                     /usr/lib64/libXxf86vm.so.1.0.0
7fd7050aa000-7fd7051e1000 r-xp 00000000 fe:01 53971                      /usr/lib64/libX11.so.6.3.0
7fd7051e1000-7fd7053e1000 ---p 00137000 fe:01 53971                      /usr/lib64/libX11.so.6.3.0
7fd7053e1000-7fd7053e2000 r--p 00137000 fe:01 53971                      /usr/lib64/libX11.so.6.3.0
7fd7053e2000-7fd7053e7000 rw-p 00138000 fe:01 53971                      /usr/lib64/libX11.so.6.3.0
7fd7053e7000-7fd70c000000 r--p 00000000 fe:01 791694                     /usr/lib64/locale/locale-archive
7fd70c000000-7fd70c021000 rw-p 00000000 00:00 0 
7fd70c021000-7fd710000000 ---p 00000000 00:00 0 
7fd710000000-7fd710021000 rw-p 00000000 00:00 0 
7fd710021000-7fd714000000 ---p 00000000 00:00 0 
7fd714000000-7fd714021000 rw-p 00000000 00:00 0 
7fd714021000-7fd718000000 ---p 00000000 00:00 0 
7fd718000000-7fd718003000 r--s 00000000 fe:01 695174                     /var/cache/fontconfig/0b1bcc92b4d25cc154d77dafe3bceaa0-le64.cache-7
7fd718003000-7fd71800e000 r--s 00000000 fe:01 695169                     /var/cache/fontconfig/acc285bc1956c3c4bc7afb41d537a85a-le64.cache-7
7fd71800e000-7fd718020000 r--s 00000000 fe:01 695165                     /var/cache/fontconfig/f2e43df3287529323e79e7929dc44cc9-le64.cache-7
7fd718020000-7fd718037000 r--s 00000000 fe:01 695162                     /var/cache/fontconfig/8d4af663993b81a124ee82e610bb31f9-le64.cache-7
7fd718037000-7fd71806d000 r--s 00000000 fe:02 11406661                   /home/aesophor/.cache/fontconfig/9085acacfd3ed2f69daa65cfe81525f4-le64.cache-7
7fd71806d000-7fd71817e000 r-xp 00000000 fe:01 1073213                    /usr/lib64/libglib-2.0.so.0.5200.3
7fd71817e000-7fd71837d000 ---p 00111000 fe:01 1073213                    /usr/lib64/libglib-2.0.so.0.5200.3
7fd71837d000-7fd71837e000 r--p 00110000 fe:01 1073213                    /usr/lib64/libglib-2.0.so.0.5200.3
7fd71837e000-7fd71837f000 rw-p 00111000 fe:01 1073213                    /usr/lib64/libglib-2.0.so.0.5200.3
7fd71837f000-7fd720000000 rw-p 00000000 00:00 0 
7fd720000000-7fd720021000 rw-p 00000000 00:00 0 
7fd720021000-7fd724000000 ---p 00000000 00:00 0 
7fd724000000-7fd724021000 rw-p 00000000 00:00 0 
7fd724021000-7fd728000000 ---p 00000000 00:00 0 
7fd728000000-7fd728021000 rw-p 00000000 00:00 0 
7fd728021000-7fd72c000000 ---p 00000000 00:00 0 
7fd72c000000-7fd72c00c000 r--s 00000000 fe:01 695167                     /var/cache/fontconfig/a0663135713e7191a842fe22e0157189-le64.cache-7
7fd72c00c000-7fd72c011000 r-xp 00000000 fe:01 706443                     /usr/lib64/libXtst.so.6.1.0
7fd72c011000-7fd72c210000 ---p 00005000 fe:01 706443                     /usr/lib64/libXtst.so.6.1.0
7fd72c210000-7fd72c211000 r--p 00004000 fe:01 706443                     /usr/lib64/libXtst.so.6.1.0
7fd72c211000-7fd72c212000 rw-p 00005000 fe:01 706443                     /usr/lib64/libXtst.so.6.1.0
7fd72c212000-7fd72c213000 r-xp 00000000 fe:01 1073304                    /usr/lib64/libgthread-2.0.so.0.5200.3
7fd72c213000-7fd72c412000 ---p 00001000 fe:01 1073304                    /usr/lib64/libgthread-2.0.so.0.5200.3
7fd72c412000-7fd72c413000 r--p 00000000 fe:01 1073304                    /usr/lib64/libgthread-2.0.so.0.5200.3
7fd72c413000-7fd72c414000 rw-p 00001000 fe:01 1073304                    /usr/lib64/libgthread-2.0.so.0.5200.3
7fd72c414000-7fd72c417000 r-xp 00000000 fe:01 1073219                    /usr/lib64/libgmodule-2.0.so.0.5200.3
7fd72c417000-7fd72c616000 ---p 00003000 fe:01 1073219                    /usr/lib64/libgmodule-2.0.so.0.5200.3
7fd72c616000-7fd72c617000 r--p 00002000 fe:01 1073219                    /usr/lib64/libgmodule-2.0.so.0.5200.3
7fd72c617000-7fd72c618000 rw-p 00003000 fe:01 1073219                    /usr/lib64/libgmodule-2.0.so.0.5200.3
7fd72c618000-7fd72c66a000 r-xp 00000000 fe:01 1073305                    /usr/lib64/libgobject-2.0.so.0.5200.3
7fd72c66a000-7fd72c869000 ---p 00052000 fe:01 1073305                    /usr/lib64/libgobject-2.0.so.0.5200.3
7fd72c869000-7fd72c86a000 r--p 00051000 fe:01 1073305                    /usr/lib64/libgobject-2.0.so.0.5200.3
7fd72c86a000-7fd72c86b000 rw-p 00052000 fe:01 1073305                    /usr/lib64/libgobject-2.0.so.0.5200.3
7fd72c86b000-7fd72c8aa000 r-xp 00000000 fe:01 841248                     /usr/lib64/libfontconfig.so.1.10.1
7fd72c8aa000-7fd72caa9000 ---p 0003f000 fe:01 841248                     /usr/lib64/libfontconfig.so.1.10.1
7fd72caa9000-7fd72caab000 r--p 0003e000 fe:01 841248                     /usr/lib64/libfontconfig.so.1.10.1
7fd72caab000-7fd72cab0000 rw-p 00040000 fe:01 841248                     /usr/lib64/libfontconfig.so.1.10.1
7fd72cab0000-7fd72cb6d000 r-xp 00000000 fe:01 166697                     /usr/lib64/libfreetype.so.6.14.0
7fd72cb6d000-7fd72cd6d000 ---p 000bd000 fe:01 166697                     /usr/lib64/libfreetype.so.6.14.0
7fd72cd6d000-7fd72cd74000 r--p 000bd000 fe:01 166697                     /usr/lib64/libfreetype.so.6.14.0
7fd72cd74000-7fd72cd75000 rw-p 000c4000 fe:01 166697                     /usr/lib64/libfreetype.so.6.14.0
7fd72cd75000-7fd72cdc0000 r-xp 00000000 fe:01 848061                     /usr/lib64/libpango-1.0.so.0.4000.14
7fd72cdc0000-7fd72cfc0000 ---p 0004b000 fe:01 848061                     /usr/lib64/libpango-1.0.so.0.4000.14
7fd72cfc0000-7fd72cfc2000 r--p 0004b000 fe:01 848061                     /usr/lib64/libpango-1.0.so.0.4000.14
7fd72cfc2000-7fd72cfc3000 rw-p 0004d000 fe:01 848061                     /usr/lib64/libpango-1.0.so.0.4000.14
7fd72cfc3000-7fd72d0e6000 r-xp 00000000 fe:01 776088                     /usr/lib64/libcairo.so.2.11400.12
7fd72d0e6000-7fd72d2e5000 ---p 00123000 fe:01 776088                     /usr/lib64/libcairo.so.2.11400.12
7fd72d2e5000-7fd72d2e8000 r--p 00122000 fe:01 776088                     /usr/lib64/libcairo.so.2.11400.12
7fd72d2e8000-7fd72d2ea000 rw-p 00125000 fe:01 776088                     /usr/lib64/libcairo.so.2.11400.12
7fd72d2ea000-7fd72d2eb000 rw-p 00000000 00:00 0 
7fd72d2eb000-7fd72d2f7000 r-xp 00000000 fe:01 848062                     /usr/lib64/libpangocairo-1.0.so.0.4000.14
7fd72d2f7000-7fd72d4f6000 ---p 0000c000 fe:01 848062                     /usr/lib64/libpangocairo-1.0.so.0.4000.14
7fd72d4f6000-7fd72d4f7000 r--p 0000b000 fe:01 848062                     /usr/lib64/libpangocairo-1.0.so.0.4000.14
7fd72d4f7000-7fd72d4f8000 rw-p 0000c000 fe:01 848062                     /usr/lib64/libpangocairo-1.0.so.0.4000.14
7fd72d4f8000-7fd72d51b000 r-xp 00000000 fe:01 657025                     /usr/lib64/libgdk_pixbuf-2.0.so.0.3611.0
7fd72d51b000-7fd72d71a000 ---p 00023000 fe:01 657025                     /usr/lib64/libgdk_pixbuf-2.0.so.0.3611.0
7fd72d71a000-7fd72d71b000 r--p 00022000 fe:01 657025                     /usr/lib64/libgdk_pixbuf-2.0.so.0.3611.0
7fd72d71b000-7fd72d71c000 rw-p 00023000 fe:01 657025                     /usr/lib64/libgdk_pixbuf-2.0.so.0.3611.0
7fd72d71c000-7fd72d730000 r-xp 00000000 fe:01 848051                     /usr/lib64/libpangoft2-1.0.so.0.4000.14
7fd72d730000-7fd72d92f000 ---p 00014000 fe:01 848051                     /usr/lib64/libpangoft2-1.0.so.0.4000.14
7fd72d92f000-7fd72d930000 r--p 00013000 fe:01 848051                     /usr/lib64/libpangoft2-1.0.so.0.4000.14
7fd72d930000-7fd72d931000 rw-p 00014000 fe:01 848051                     /usr/lib64/libpangoft2-1.0.so.0.4000.14
7fd72d931000-7fd72dac1000 r-xp 00000000 fe:01 1073306                    /usr/lib64/libgio-2.0.so.0.5200.3
7fd72dac1000-7fd72dcc1000 ---p 00190000 fe:01 1073306                    /usr/lib64/libgio-2.0.so.0.5200.3
7fd72dcc1000-7fd72dcc6000 r--p 00190000 fe:01 1073306                    /usr/lib64/libgio-2.0.so.0.5200.3
7fd72dcc6000-7fd72dcc8000 rw-p 00195000 fe:01 1073306                    /usr/lib64/libgio-2.0.so.0.5200.3
7fd72dcc8000-7fd72dcca000 rw-p 00000000 00:00 0 
7fd72dcca000-7fd72dced000 r-xp 00000000 fe:01 751145                     /usr/lib64/libatk-1.0.so.0.22409.1
7fd72dced000-7fd72deec000 ---p 00023000 fe:01 751145                     /usr/lib64/libatk-1.0.so.0.22409.1
7fd72deec000-7fd72deef000 r--p 00022000 fe:01 751145                     /usr/lib64/libatk-1.0.so.0.22409.1
7fd72deef000-7fd72def0000 rw-p 00025000 fe:01 751145                     /usr/lib64/libatk-1.0.so.0.22409.1
7fd72def0000-7fd72dfa0000 r-xp 00000000 fe:01 139436                     /usr/lib64/libgdk-x11-2.0.so.0.2400.31
7fd72dfa0000-7fd72e19f000 ---p 000b0000 fe:01 139436                     /usr/lib64/libgdk-x11-2.0.so.0.2400.31
7fd72e19f000-7fd72e1a3000 r--p 000af000 fe:01 139436                     /usr/lib64/libgdk-x11-2.0.so.0.2400.31
7fd72e1a3000-7fd72e1a5000 rw-p 000b3000 fe:01 139436                     /usr/lib64/libgdk-x11-2.0.so.0.2400.31
7fd72e1a5000-7fd72e5d7000 r-xp 00000000 fe:01 139437                     /usr/lib64/libgtk-x11-2.0.so.0.2400.31
7fd72e5d7000-7fd72e7d6000 ---p 00432000 fe:01 139437                     /usr/lib64/libgtk-x11-2.0.so.0.2400.31
7fd72e7d6000-7fd72e7dd000 r--p 00431000 fe:01 139437                     /usr/lib64/libgtk-x11-2.0.so.0.2400.31
7fd72e7dd000-7fd72e7e1000 rw-p 00438000 fe:01 139437                     /usr/lib64/libgtk-x11-2.0.so.0.2400.31
7fd72e7e1000-7fd72e7e4000 rw-p 00000000 00:00 0 
7fd72e7e4000-7fd72e7ea000 r--s 00000000 fe:01 695168                     /var/cache/fontconfig/4460665c0f3e88acdd4c85aa2f409b99-le64.cache-7
7fd72e7ea000-7fd72e7eb000 r--s 00000000 fe:01 695166                     /var/cache/fontconfig/25555864a5ce4c4354a06a3e87d97c32-le64.cache-7
7fd72e7eb000-7fd72e7ec000 r--s 00000000 fe:01 695163                     /var/cache/fontconfig/e7ea9e40c2cc607a8d34d89a9fc88e57-le64.cache-7
7fd72e7ec000-7fd72e7ee000 r--s 00000000 fe:01 695161                     /var/cache/fontconfig/19fedb3e2210915f7a739b6fd7a52ad4-le64.cache-7
7fd72e7ee000-7fd72e7f1000 r--s 00000000 fe:01 695160                     /var/cache/fontconfig/019629eead7fd8624feacc17e1c76e56-le64.cache-7
7fd72e7f1000-7fd72e7fc000 r--s 00000000 fe:01 695157                     /var/cache/fontconfig/12b26b760a24f8b4feb03ad48a333a72-le64.cache-7
7fd72e7fc000-7fd72e801000 r--s 00000000 fe:01 695152                     /var/cache/fontconfig/1649608eb9b8f94c6b3224be69857e3b-le64.cache-7
7fd72e801000-7fd72e802000 r--s 00000000 fe:01 695151                     /var/cache/fontconfig/82f0ed23f50806d756be74166fc21c9c-le64.cache-7
7fd72e802000-7fd72e804000 r--s 00000000 fe:01 695150                     /var/cache/fontconfig/6ba42ae0000f58711b5caaf10d690066-le64.cache-7
7fd72e804000-7fd72e808000 r--s 00000000 fe:01 695149                     /var/cache/fontconfig/f6b893a7224233d96cb72fd88691c0b4-le64.cache-7
7fd72e808000-7fd72e811000 r--s 00000000 fe:01 695146                     /var/cache/fontconfig/df311e82a1a24c41a75c2c930223552e-le64.cache-7
7fd72e811000-7fd72e816000 rw-s 00000000 00:05 5824899                    /drm mm object (deleted)
7fd72e816000-7fd72e817000 rw-p 00000000 00:00 0 
7fd72e817000-7fd72e81b000 rw-s 00000000 00:05 5824891                    /drm mm object (deleted)
7fd72e81b000-7fd72e827000 r-xp 00000000 fe:01 940511                     /opt/oracle-jdk-bin-1.8.0.162/jre/lib/amd64/libprism_es2.so
7fd72e827000-7fd72ea26000 ---p 0000c000 fe:01 940511                     /opt/oracle-jdk-bin-1.8.0.162/jre/lib/amd64/libprism_es2.so
7fd72ea26000-7fd72ea27000 rw-p 0000b000 fe:01 940511                     /opt/oracle-jdk-bin-1.8.0.162/jre/lib/amd64/libprism_es2.so
7fd72ea27000-7fd72ea2a000 ---p 00000000 00:00 0 
7fd72ea2a000-7fd72eb28000 rw-p 00000000 00:00 0 
7fd72eb28000-7fd72eb56000 r--s 00475000 fe:02 11665602                   /home/aesophor/Code/Java/NetBeansProjects/Hacklympics/Hacklympics/libs/terminalfx-1.0.5.jar
7fd72eb56000-7fd72ebec000 r--s 0110a000 fe:01 939165                     /opt/oracle-jdk-bin-1.8.0.162/jre/lib/ext/jfxrt.jar
7fd72ebec000-7fd72ebed000 ---p 00000000 00:00 0 
7fd72ebed000-7fd72eced000 rw-p 00000000 00:00 0 
7fd72eced000-7fd72ecf0000 ---p 00000000 00:00 0 
7fd72ecf0000-7fd72edee000 rw-p 00000000 00:00 0 
7fd72edee000-7fd72edf1000 ---p 00000000 00:00 0 
7fd72edf1000-7fd72eeef000 rw-p 00000000 00:00 0 
7fd72eeef000-7fd72eef2000 ---p 00000000 00:00 0 
7fd72eef2000-7fd72eff0000 rw-p 00000000 00:00 0 
7fd72eff0000-7fd72eff3000 ---p 00000000 00:00 0 
7fd72eff3000-7fd72f0f1000 rw-p 00000000 00:00 0 
7fd72f0f1000-7fd72f0f4000 ---p 00000000 00:00 0 
7fd72f0f4000-7fd72f1f2000 rw-p 00000000 00:00 0 
7fd72f1f2000-7fd72f1f5000 ---p 00000000 00:00 0 
7fd72f1f5000-7fd72f2f3000 rw-p 00000000 00:00 0 
7fd72f2f3000-7fd72f2f6000 ---p 00000000 00:00 0 
7fd72f2f6000-7fd72f3f4000 rw-p 00000000 00:00 0 
7fd72f3f4000-7fd72f3f7000 ---p 00000000 00:00 0 
7fd72f3f7000-7fd72f4f5000 rw-p 00000000 00:00 0 
7fd72f4f5000-7fd72f4f6000 ---p 00000000 00:00 0 
7fd72f4f6000-7fd730000000 rw-p 00000000 00:00 0 
7fd730000000-7fd730021000 rw-p 00000000 00:00 0 
7fd730021000-7fd734000000 ---p 00000000 00:00 0 
7fd734000000-7fd734021000 rw-p 00000000 00:00 0 
7fd734021000-7fd738000000 ---p 00000000 00:00 0 
7fd738000000-7fd738021000 rw-p 00000000 00:00 0 
7fd738021000-7fd73c000000 ---p 00000000 00:00 0 
7fd73c000000-7fd73c021000 rw-p 00000000 00:00 0 
7fd73c021000-7fd740000000 ---p 00000000 00:00 0 
7fd740000000-7fd740021000 rw-p 00000000 00:00 0 
7fd740021000-7fd744000000 ---p 00000000 00:00 0 
7fd744000000-7fd744005000 rw-s 00000000 00:05 5824887                    /drm mm object (deleted)
7fd744005000-7fd74400a000 rw-s 00000000 00:05 5826895                    /drm mm object (deleted)
7fd74400a000-7fd745000000 rw-p 00000000 00:00 0 
7fd745000000-7fd745a00000 rwxp 00000000 00:00 0 
7fd745a00000-7fd754000000 ---p 00000000 00:00 0 
7fd754000000-7fd7544d7000 rw-p 00000000 00:00 0 
7fd7544d7000-7fd758000000 ---p 00000000 00:00 0 
7fd758000000-7fd758015000 r--s 00237000 fe:02 11665599                   /home/aesophor/Code/Java/NetBeansProjects/Hacklympics/Hacklympics/libs/jfoenix-8.0.1.jar
7fd758015000-7fd7582a8000 rw-p 00000000 00:00 0 
7fd7582a8000-7fd758482000 r--s 03d64000 fe:01 940577                     /opt/oracle-jdk-bin-1.8.0.162/jre/lib/rt.jar
7fd758482000-7fd7594c0000 rw-p 00000000 00:00 0 
7fd7594c0000-7fd7594c1000 ---p 00000000 00:00 0 
7fd7594c1000-7fd7595c1000 rw-p 00000000 00:00 0 
7fd7595c1000-7fd7595c2000 ---p 00000000 00:00 0 
7fd7595c2000-7fd7596c2000 rw-p 00000000 00:00 0 
7fd7596c2000-7fd7596c3000 ---p 00000000 00:00 0 
7fd7596c3000-7fd7597c3000 rw-p 00000000 00:00 0 
7fd7597c3000-7fd7597c4000 ---p 00000000 00:00 0 
7fd7597c4000-7fd7598c4000 rw-p 00000000 00:00 0 
7fd7598c4000-7fd7598c5000 ---p 00000000 00:00 0 
7fd7598c5000-7fd7599c5000 rw-p 00000000 00:00 0 
7fd7599c5000-7fd7599c6000 ---p 00000000 00:00 0 
7fd7599c6000-7fd759ac6000 rw-p 00000000 00:00 0 
7fd759ac6000-7fd759ac7000 ---p 00000000 00:00 0 
7fd759ac7000-7fd759bc7000 rw-p 00000000 00:00 0 
7fd759bc7000-7fd759bc8000 ---p 00000000 00:00 0 
7fd759bc8000-7fd759ced000 rw-p 00000000 00:00 0 
7fd759ced000-7fd75a1f8000 ---p 00000000 00:00 0 
7fd75a1f8000-7fd75a21d000 rw-p 00000000 00:00 0 
7fd75a21d000-7fd75a728000 ---p 00000000 00:00 0 
7fd75a728000-7fd75a752000 rw-p 00000000 00:00 0 
7fd75a752000-7fd75a9c0000 ---p 00000000 00:00 0 
7fd75a9c0000-7fd75a9e9000 rw-p 00000000 00:00 0 
7fd75a9e9000-7fd75ad81000 ---p 00000000 00:00 0 
7fd75ad81000-7fd75ad9c000 r-xp 00000000 fe:01 940492                     /opt/oracle-jdk-bin-1.8.0.162/jre/lib/amd64/libzip.so
7fd75ad9c000-7fd75af9c000 ---p 0001b000 fe:01 940492                     /opt/oracle-jdk-bin-1.8.0.162/jre/lib/amd64/libzip.so
7fd75af9c000-7fd75af9d000 rw-p 0001b000 fe:01 940492                     /opt/oracle-jdk-bin-1.8.0.162/jre/lib/amd64/libzip.so
7fd75af9d000-7fd75afa8000 r-xp 00000000 fe:01 417840                     /lib64/libnss_files-2.25.so
7fd75afa8000-7fd75b1a7000 ---p 0000b000 fe:01 417840                     /lib64/libnss_files-2.25.so
7fd75b1a7000-7fd75b1a8000 r--p 0000a000 fe:01 417840                     /lib64/libnss_files-2.25.so
7fd75b1a8000-7fd75b1a9000 rw-p 0000b000 fe:01 417840                     /lib64/libnss_files-2.25.so
7fd75b1a9000-7fd75b1b4000 r-xp 00000000 fe:01 417845                     /lib64/libnss_nis-2.25.so
7fd75b1b4000-7fd75b3b3000 ---p 0000b000 fe:01 417845                     /lib64/libnss_nis-2.25.so
7fd75b3b3000-7fd75b3b4000 r--p 0000a000 fe:01 417845                     /lib64/libnss_nis-2.25.so
7fd75b3b4000-7fd75b3b5000 rw-p 0000b000 fe:01 417845                     /lib64/libnss_nis-2.25.so
7fd75b3b5000-7fd75b3cb000 r-xp 00000000 fe:01 417819                     /lib64/libnsl-2.25.so
7fd75b3cb000-7fd75b5ca000 ---p 00016000 fe:01 417819                     /lib64/libnsl-2.25.so
7fd75b5ca000-7fd75b5cb000 r--p 00015000 fe:01 417819                     /lib64/libnsl-2.25.so
7fd75b5cb000-7fd75b5cc000 rw-p 00016000 fe:01 417819                     /lib64/libnsl-2.25.so
7fd75b5cc000-7fd75b5ce000 rw-p 00000000 00:00 0 
7fd75b5ce000-7fd75b5d5000 r-xp 00000000 fe:01 417831                     /lib64/libnss_compat-2.25.so
7fd75b5d5000-7fd75b7d5000 ---p 00007000 fe:01 417831                     /lib64/libnss_compat-2.25.so
7fd75b7d5000-7fd75b7d6000 r--p 00007000 fe:01 417831                     /lib64/libnss_compat-2.25.so
7fd75b7d6000-7fd75b7d7000 rw-p 00008000 fe:01 417831                     /lib64/libnss_compat-2.25.so
7fd75b7d7000-7fd75b802000 r-xp 00000000 fe:01 940450                     /opt/oracle-jdk-bin-1.8.0.162/jre/lib/amd64/libjava.so
7fd75b802000-7fd75ba01000 ---p 0002b000 fe:01 940450                     /opt/oracle-jdk-bin-1.8.0.162/jre/lib/amd64/libjava.so
7fd75ba01000-7fd75ba03000 rw-p 0002a000 fe:01 940450                     /opt/oracle-jdk-bin-1.8.0.162/jre/lib/amd64/libjava.so
7fd75ba03000-7fd75ba10000 r-xp 00000000 fe:01 940489                     /opt/oracle-jdk-bin-1.8.0.162/jre/lib/amd64/libverify.so
7fd75ba10000-7fd75bc10000 ---p 0000d000 fe:01 940489                     /opt/oracle-jdk-bin-1.8.0.162/jre/lib/amd64/libverify.so
7fd75bc10000-7fd75bc12000 rw-p 0000d000 fe:01 940489                     /opt/oracle-jdk-bin-1.8.0.162/jre/lib/amd64/libverify.so
7fd75bc12000-7fd75bc19000 r-xp 00000000 fe:01 417810                     /lib64/librt-2.25.so
7fd75bc19000-7fd75be18000 ---p 00007000 fe:01 417810                     /lib64/librt-2.25.so
7fd75be18000-7fd75be19000 r--p 00006000 fe:01 417810                     /lib64/librt-2.25.so
7fd75be19000-7fd75be1a000 rw-p 00007000 fe:01 417810                     /lib64/librt-2.25.so
7fd75be1a000-7fd75bf20000 r-xp 00000000 fe:01 417833                     /lib64/libm-2.25.so
7fd75bf20000-7fd75c120000 ---p 00106000 fe:01 417833                     /lib64/libm-2.25.so
7fd75c120000-7fd75c121000 r--p 00106000 fe:01 417833                     /lib64/libm-2.25.so
7fd75c121000-7fd75c122000 rw-p 00107000 fe:01 417833                     /lib64/libm-2.25.so
7fd75c122000-7fd75cdfb000 r-xp 00000000 fe:01 940375                     /opt/oracle-jdk-bin-1.8.0.162/jre/lib/amd64/server/libjvm.so
7fd75cdfb000-7fd75cffa000 ---p 00cd9000 fe:01 940375                     /opt/oracle-jdk-bin-1.8.0.162/jre/lib/amd64/server/libjvm.so
7fd75cffa000-7fd75d0d4000 rw-p 00cd8000 fe:01 940375                     /opt/oracle-jdk-bin-1.8.0.162/jre/lib/amd64/server/libjvm.so
7fd75d0d4000-7fd75d11f000 rw-p 00000000 00:00 0 
7fd75d11f000-7fd75d2c5000 r-xp 00000000 fe:01 417825                     /lib64/libc-2.25.so
7fd75d2c5000-7fd75d4c4000 ---p 001a6000 fe:01 417825                     /lib64/libc-2.25.so
7fd75d4c4000-7fd75d4c8000 r--p 001a5000 fe:01 417825                     /lib64/libc-2.25.so
7fd75d4c8000-7fd75d4ca000 rw-p 001a9000 fe:01 417825                     /lib64/libc-2.25.so
7fd75d4ca000-7fd75d4ce000 rw-p 00000000 00:00 0 
7fd75d4ce000-7fd75d4d1000 r-xp 00000000 fe:01 417834                     /lib64/libdl-2.25.so
7fd75d4d1000-7fd75d6d0000 ---p 00003000 fe:01 417834                     /lib64/libdl-2.25.so
7fd75d6d0000-7fd75d6d1000 r--p 00002000 fe:01 417834                     /lib64/libdl-2.25.so
7fd75d6d1000-7fd75d6d2000 rw-p 00003000 fe:01 417834                     /lib64/libdl-2.25.so
7fd75d6d2000-7fd75d6e8000 r-xp 00000000 fe:01 951919                     /opt/oracle-jdk-bin-1.8.0.162/lib/amd64/jli/libjli.so
7fd75d6e8000-7fd75d8e7000 ---p 00016000 fe:01 951919                     /opt/oracle-jdk-bin-1.8.0.162/lib/amd64/jli/libjli.so
7fd75d8e7000-7fd75d8e8000 rw-p 00015000 fe:01 951919                     /opt/oracle-jdk-bin-1.8.0.162/lib/amd64/jli/libjli.so
7fd75d8e8000-7fd75d902000 r-xp 00000000 fe:01 417822                     /lib64/libpthread-2.25.so
7fd75d902000-7fd75db02000 ---p 0001a000 fe:01 417822                     /lib64/libpthread-2.25.so
7fd75db02000-7fd75db03000 r--p 0001a000 fe:01 417822                     /lib64/libpthread-2.25.so
7fd75db03000-7fd75db04000 rw-p 0001b000 fe:01 417822                     /lib64/libpthread-2.25.so
7fd75db04000-7fd75db08000 rw-p 00000000 00:00 0 
7fd75db08000-7fd75db2b000 r-xp 00000000 fe:01 417836                     /lib64/ld-2.25.so
7fd75db2b000-7fd75db2f000 rw-s 00000000 00:05 5824900                    /drm mm object (deleted)
7fd75db2f000-7fd75db3d000 r--s 000bf000 fe:02 1048679                    /home/aesophor/Code/Java/NetBeansProjects/Hacklympics/Hacklympics/libs/richtextfx-fat-0.9.0.jar
7fd75db3d000-7fd75db3f000 r--s 0008a000 fe:02 11666047                   /home/aesophor/Code/Java/NetBeansProjects/Hacklympics/Hacklympics/libs/fontawesomefx-8.9.jar
7fd75db3f000-7fd75db40000 r--s 00014000 fe:02 11666046                   /home/aesophor/Code/Java/NetBeansProjects/Hacklympics/Hacklympics/libs/okio-1.14.0.jar
7fd75db40000-7fd75db45000 r--s 00060000 fe:02 11665724                   /home/aesophor/Code/Java/NetBeansProjects/Hacklympics/Hacklympics/libs/okhttp-3.10.0.jar
7fd75db45000-7fd75dbee000 rw-p 00000000 00:00 0 
7fd75dbee000-7fd75dbf1000 ---p 00000000 00:00 0 
7fd75dbf1000-7fd75dcf1000 rw-p 00000000 00:00 0 
7fd75dcf1000-7fd75dcf6000 r--s 00034000 fe:02 11665721                   /home/aesophor/Code/Java/NetBeansProjects/Hacklympics/Hacklympics/libs/gson-2.8.2.jar
7fd75dcf6000-7fd75dd1e000 rw-p 00000000 00:00 0 
7fd75dd1e000-7fd75dd26000 rw-s 00000000 00:24 5826890                    /tmp/hsperfdata_aesophor/8681
7fd75dd26000-7fd75dd27000 rw-p 00000000 00:00 0 
7fd75dd27000-7fd75dd28000 r--p 00000000 00:00 0 
7fd75dd28000-7fd75dd2a000 rw-p 00000000 00:00 0 
7fd75dd2a000-7fd75dd2b000 r--p 00022000 fe:01 417836                     /lib64/ld-2.25.so
7fd75dd2b000-7fd75dd2c000 rw-p 00023000 fe:01 417836                     /lib64/ld-2.25.so
7fd75dd2c000-7fd75dd2d000 rw-p 00000000 00:00 0 
7ffe35d81000-7ffe35da3000 rw-p 00000000 00:00 0                          [stack]
7ffe35dfa000-7ffe35dfc000 r--p 00000000 00:00 0                          [vvar]
7ffe35dfc000-7ffe35dfe000 r-xp 00000000 00:00 0                          [vdso]
ffffffffff600000-ffffffffff601000 r-xp 00000000 00:00 0                  [vsyscall]

VM Arguments:
jvm_args: -Dfile.encoding=UTF-8 
java_command: hacklympics.login.Main
java_class_path (initial): /home/aesophor/Code/Java/NetBeansProjects/Hacklympics/HacklympicsAPI/build/classes:/home/aesophor/Code/Java/NetBeansProjects/Hacklympics/Hacklympics/libs/gson-2.8.2.jar:/home/aesophor/Code/Java/NetBeansProjects/Hacklympics/Hacklympics/libs/okhttp-3.10.0.jar:/home/aesophor/Code/Java/NetBeansProjects/Hacklympics/Hacklympics/libs/okio-1.14.0.jar:/home/aesophor/Code/Java/NetBeansProjects/Hacklympics/Hacklympics/libs/jfoenix-8.0.1.jar:/home/aesophor/Code/Java/NetBeansProjects/Hacklympics/Hacklympics/libs/fontawesomefx-8.9.jar:/home/aesophor/Code/Java/NetBeansProjects/Hacklympics/Hacklympics/libs/terminalfx-1.0.5.jar:/home/aesophor/Code/Java/NetBeansProjects/Hacklympics/Hacklympics/libs/richtextfx-fat-0.9.0.jar:/home/aesophor/Code/Java/NetBeansProjects/Hacklympics/Hacklympics/build/classes
Launcher Type: SUN_STANDARD

Environment Variables:
JAVA_HOME=/etc/java-config-2/current-system-vm
PATH=/usr/x86_64-pc-linux-gnu/gcc-bin/6.4.0:/usr/lib/llvm/5/bin:/usr/local/bin:/usr/bin:/bin:/opt/bin:/home/aesophor/.local/bin/games:/home/aesophor/.local/bin/__pycache__:/home/aesophor/.local/bin/scripts:/home/aesophor/.local/bin/software:/home/aesophor/.local/bin/pip3.5:/home/aesophor/.local/bin/asm:/home/aesophor/.local/bin/bdflib-embolden:/home/aesophor/.local/bin/bdflib-fill:/home/aesophor/.local/bin/bdflib-merge:/home/aesophor/.local/bin/bdflib-passthrough:/home/aesophor/.local/bin/checksec:/home/aesophor/.local/bin/common:/home/aesophor/.local/bin/constgrep:/home/aesophor/.local/bin/cyclic:/home/aesophor/.local/bin/disasm:/home/aesophor/.local/bin/elfdiff:/home/aesophor/.local/bin/elfpatch:/home/aesophor/.local/bin/errno:/home/aesophor/.local/bin/hex:/home/aesophor/.local/bin/mako-render:/home/aesophor/.local/bin/phd:/home/aesophor/.local/bin/pip:/home/aesophor/.local/bin/pip3:/home/aesophor/.local/bin/pwnstrip:/home/aesophor/.local/bin/ROPgadget:/home/aesophor/.local/bin/scramble:/home/aesophor/.local/bin/shellcraft:/home/aesophor/.local/bin/tox:/home/aesophor/.local/bin/tox-quickstart:/home/aesophor/.local/bin/unhex:/home/aesophor/.local/bin/virtualenv:/home/aesophor/.local/bin/wheel:/home/aesophor/.local/bin/miniterm.py:/home/aesophor/.local/bin/miniterm.pyc
LD_LIBRARY_PATH=/opt/oracle-jdk-bin-1.8.0.162/jre/lib/amd64:/opt/oracle-jdk-bin-1.8.0.162/jre/lib/i386:
SHELL=/bin/zsh
DISPLAY=:0

Signal Handlers:
SIGSEGV: [libjvm.so+0xad03c0], sa_mask[0]=11111111011111111101111111111110, sa_flags=SA_RESTART|SA_SIGINFO
SIGBUS: [libjvm.so+0xad03c0], sa_mask[0]=11111111011111111101111111111110, sa_flags=SA_RESTART|SA_SIGINFO
SIGFPE: [libjvm.so+0x928210], sa_mask[0]=11111111011111111101111111111110, sa_flags=SA_RESTART|SA_SIGINFO
SIGPIPE: SIG_IGN, sa_mask[0]=00000000000010000000000000000000, sa_flags=SA_RESTART
SIGXFSZ: [libjvm.so+0x928210], sa_mask[0]=11111111011111111101111111111110, sa_flags=SA_RESTART|SA_SIGINFO
SIGILL: [libjvm.so+0x928210], sa_mask[0]=11111111011111111101111111111110, sa_flags=SA_RESTART|SA_SIGINFO
SIGUSR1: SIG_DFL, sa_mask[0]=00000000000000000000000000000000, sa_flags=none
SIGUSR2: [libjfxwebkit.so+0x13c2ff0], sa_mask[0]=00000000000100000000000000000000, sa_flags=SA_RESTART|SA_SIGINFO
SIGHUP: [libjvm.so+0x92ae70], sa_mask[0]=11111111011111111101111111111110, sa_flags=SA_RESTART|SA_SIGINFO
SIGINT: SIG_IGN, sa_mask[0]=00000000000000000000000000000000, sa_flags=none
SIGTERM: [libjvm.so+0x92ae70], sa_mask[0]=11111111011111111101111111111110, sa_flags=SA_RESTART|SA_SIGINFO
SIGQUIT: [libjvm.so+0x92ae70], sa_mask[0]=11111111011111111101111111111110, sa_flags=SA_RESTART|SA_SIGINFO


---------------  S Y S T E M  ---------------

OS:DISTRIB_ID="Gentoo"

uname:Linux 4.9.76-gentoo-r1 #3 SMP Wed Mar 28 16:48:24 CST 2018 x86_64
libc:glibc 2.25 NPTL 2.25 
rlimit: STACK 8192k, CORE infinity, NPROC 62907, NOFILE 4096, AS infinity
load average:1.39 1.04 0.60

/proc/meminfo:
MemTotal:       16317064 kB
MemFree:         9386760 kB
MemAvailable:   13631768 kB
Buffers:          900984 kB
Cached:          3327228 kB
SwapCached:            0 kB
Active:          4346852 kB
Inactive:        1873564 kB
Active(anon):    1997012 kB
Inactive(anon):   327380 kB
Active(file):    2349840 kB
Inactive(file):  1546184 kB
Unevictable:           0 kB
Mlocked:               0 kB
SwapTotal:             0 kB
SwapFree:              0 kB
Dirty:              1480 kB
Writeback:             4 kB
AnonPages:       1992332 kB
Mapped:           519128 kB
Shmem:            332196 kB
Slab:             582016 kB
SReclaimable:     534656 kB
SUnreclaim:        47360 kB
KernelStack:       10656 kB
PageTables:        42780 kB
NFS_Unstable:          0 kB
Bounce:                0 kB
WritebackTmp:          0 kB
CommitLimit:     8158532 kB
Committed_AS:    5873276 kB
VmallocTotal:   34359738367 kB
VmallocUsed:           0 kB
VmallocChunk:          0 kB
HugePages_Total:       0
HugePages_Free:        0
HugePages_Rsvd:        0
HugePages_Surp:        0
Hugepagesize:       2048 kB
DirectMap4k:       14984 kB
DirectMap2M:     3037184 kB
DirectMap1G:    13631488 kB


CPU:total 8 (initial active 8) (4 cores per cpu, 2 threads per core) family 6 model 70 stepping 1, cmov, cx8, fxsr, mmx, sse, sse2, sse3, ssse3, sse4.1, sse4.2, popcnt, avx, avx2, aes, clmul, erms, lzcnt, ht, tsc, tscinvbit, bmi1, bmi2

/proc/cpuinfo:
processor	: 0
vendor_id	: GenuineIntel
cpu family	: 6
model		: 70
model name	: Intel(R) Core(TM) i7-4770HQ CPU @ 2.20GHz
stepping	: 1
microcode	: 0xf
cpu MHz		: 1300.000
cache size	: 6144 KB
physical id	: 0
siblings	: 8
core id		: 0
cpu cores	: 4
apicid		: 0
initial apicid	: 0
fpu		: yes
fpu_exception	: yes
cpuid level	: 13
wp		: yes
flags		: fpu vme de pse tsc msr pae mce cx8 apic sep mtrr pge mca cmov pat pse36 clflush dts acpi mmx fxsr sse sse2 ss ht tm pbe syscall nx pdpe1gb rdtscp lm constant_tsc arch_perfmon pebs bts rep_good nopl xtopology nonstop_tsc aperfmperf eagerfpu pni pclmulqdq dtes64 monitor ds_cpl vmx est tm2 ssse3 sdbg fma cx16 xtpr pdcm pcid sse4_1 sse4_2 x2apic movbe popcnt tsc_deadline_timer aes xsave avx f16c rdrand lahf_lm abm epb invpcid_single kaiser tpr_shadow vnmi flexpriority ept vpid fsgsbase tsc_adjust bmi1 avx2 smep bmi2 erms invpcid xsaveopt dtherm ida arat pln pts
bugs		:
bogomips	: 4390.16
clflush size	: 64
cache_alignment	: 64
address sizes	: 39 bits physical, 48 bits virtual
power management:

processor	: 1
vendor_id	: GenuineIntel
cpu family	: 6
model		: 70
model name	: Intel(R) Core(TM) i7-4770HQ CPU @ 2.20GHz
stepping	: 1
microcode	: 0xf
cpu MHz		: 1100.000
cache size	: 6144 KB
physical id	: 0
siblings	: 8
core id		: 1
cpu cores	: 4
apicid		: 2
initial apicid	: 2
fpu		: yes
fpu_exception	: yes
cpuid level	: 13
wp		: yes
flags		: fpu vme de pse tsc msr pae mce cx8 apic sep mtrr pge mca cmov pat pse36 clflush dts acpi mmx fxsr sse sse2 ss ht tm pbe syscall nx pdpe1gb rdtscp lm constant_tsc arch_perfmon pebs bts rep_good nopl xtopology nonstop_tsc aperfmperf eagerfpu pni pclmulqdq dtes64 monitor ds_cpl vmx est tm2 ssse3 sdbg fma cx16 xtpr pdcm pcid sse4_1 sse4_2 x2apic movbe popcnt tsc_deadline_timer aes xsave avx f16c rdrand lahf_lm abm epb invpcid_single kaiser tpr_shadow vnmi flexpriority ept vpid fsgsbase tsc_adjust bmi1 avx2 smep bmi2 erms invpcid xsaveopt dtherm ida arat pln pts
bugs		:
bogomips	: 4390.16
clflush size	: 64
cache_alignment	: 64
address sizes	: 39 bits physical, 48 bits virtual
power management:

processor	: 2
vendor_id	: GenuineIntel
cpu family	: 6
model		: 70
model name	: Intel(R) Core(TM) i7-4770HQ CPU @ 2.20GHz
stepping	: 1
microcode	: 0xf
cpu MHz		: 2000.000
cache size	: 6144 KB
physical id	: 0
siblings	: 8
core id		: 2
cpu cores	: 4
apicid		: 4
initial apicid	: 4
fpu		: yes
fpu_exception	: yes
cpuid level	: 13
wp		: yes
flags		: fpu vme de pse tsc msr pae mce cx8 apic sep mtrr pge mca cmov pat pse36 clflush dts acpi mmx fxsr sse sse2 ss ht tm pbe syscall nx pdpe1gb rdtscp lm constant_tsc arch_perfmon pebs bts rep_good nopl xtopology nonstop_tsc aperfmperf eagerfpu pni pclmulqdq dtes64 monitor ds_cpl vmx est tm2 ssse3 sdbg fma cx16 xtpr pdcm pcid sse4_1 sse4_2 x2apic movbe popcnt tsc_deadline_timer aes xsave avx f16c rdrand lahf_lm abm epb invpcid_single kaiser tpr_shadow vnmi flexpriority ept vpid fsgsbase tsc_adjust bmi1 avx2 smep bmi2 erms invpcid xsaveopt dtherm ida arat pln pts
bugs		:
bogomips	: 4390.16
clflush size	: 64
cache_alignment	: 64
address sizes	: 39 bits physical, 48 bits virtual
power management:

processor	: 3
vendor_id	: GenuineIntel
cpu family	: 6
model		: 70
model name	: Intel(R) Core(TM) i7-4770HQ CPU @ 2.20GHz
stepping	: 1
microcode	: 0xf
cpu MHz		: 1800.000
cache size	: 6144 KB
physical id	: 0
siblings	: 8
core id		: 3
cpu cores	: 4
apicid		: 6
initial apicid	: 6
fpu		: yes
fpu_exception	: yes
cpuid level	: 13
wp		: yes
flags		: fpu vme de pse tsc msr pae mce cx8 apic sep mtrr pge mca cmov pat pse36 clflush dts acpi mmx fxsr sse sse2 ss ht tm pbe syscall nx pdpe1gb rdtscp lm constant_tsc arch_perfmon pebs bts rep_good nopl xtopology nonstop_tsc aperfmperf eagerfpu pni pclmulqdq dtes64 monitor ds_cpl vmx est tm2 ssse3 sdbg fma cx16 xtpr pdcm pcid sse4_1 sse4_2 x2apic movbe popcnt tsc_deadline_timer aes xsave avx f16c rdrand lahf_lm abm epb invpcid_single kaiser tpr_shadow vnmi flexpriority ept vpid fsgsbase tsc_adjust bmi1 avx2 smep bmi2 erms invpcid xsaveopt dtherm ida arat pln pts
bugs		:
bogomips	: 4390.16
clflush size	: 64
cache_alignment	: 64
address sizes	: 39 bits physical, 48 bits virtual
power management:

processor	: 4
vendor_id	: GenuineIntel
cpu family	: 6
model		: 70
model name	: Intel(R) Core(TM) i7-4770HQ CPU @ 2.20GHz
stepping	: 1
microcode	: 0xf
cpu MHz		: 2201.000
cache size	: 6144 KB
physical id	: 0
siblings	: 8
core id		: 0
cpu cores	: 4
apicid		: 1
initial apicid	: 1
fpu		: yes
fpu_exception	: yes
cpuid level	: 13
wp		: yes
flags		: fpu vme de pse tsc msr pae mce cx8 apic sep mtrr pge mca cmov pat pse36 clflush dts acpi mmx fxsr sse sse2 ss ht tm pbe syscall nx pdpe1gb rdtscp lm constant_tsc arch_perfmon pebs bts rep_good nopl xtopology nonstop_tsc aperfmperf eagerfpu pni pclmulqdq dtes64 monitor ds_cpl vmx est tm2 ssse3 sdbg fma cx16 xtpr pdcm pcid sse4_1 sse4_2 x2apic movbe popcnt tsc_deadline_timer aes xsave avx f16c rdrand lahf_lm abm epb invpcid_single kaiser tpr_shadow vnmi flexpriority ept vpid fsgsbase tsc_adjust bmi1 avx2 smep bmi2 erms invpcid xsaveopt dtherm ida arat pln pts
bugs		:
bogomips	: 4390.16
clflush size	: 64
cache_alignment	: 64
address sizes	: 39 bits physical, 48 bits virtual
power management:

processor	: 5
vendor_id	: GenuineIntel
cpu family	: 6
model		: 70
model name	: Intel(R) Core(TM) i7-4770HQ CPU @ 2.20GHz
stepping	: 1
microcode	: 0xf
cpu MHz		: 2201.000
cache size	: 6144 KB
physical id	: 0
siblings	: 8
core id		: 1
cpu cores	: 4
apicid		: 3
initial apicid	: 3
fpu		: yes
fpu_exception	: yes
cpuid level	: 13
wp		: yes
flags		: fpu vme de pse tsc msr pae mce cx8 apic sep mtrr pge mca cmov pat pse36 clflush dts acpi mmx fxsr sse sse2 ss ht tm pbe syscall nx pdpe1gb rdtscp lm constant_tsc arch_perfmon pebs bts rep_good nopl xtopology nonstop_tsc aperfmperf eagerfpu pni pclmulqdq dtes64 monitor ds_cpl vmx est tm2 ssse3 sdbg fma cx16 xtpr pdcm pcid sse4_1 sse4_2 x2apic movbe popcnt tsc_deadline_timer aes xsave avx f16c rdrand lahf_lm abm epb invpcid_single kaiser tpr_shadow vnmi flexpriority ept vpid fsgsbase tsc_adjust bmi1 avx2 smep bmi2 erms invpcid xsaveopt dtherm ida arat pln pts
bugs		:
bogomips	: 4390.16
clflush size	: 64
cache_alignment	: 64
address sizes	: 39 bits physical, 48 bits virtual
power management:

processor	: 6
vendor_id	: GenuineIntel
cpu family	: 6
model		: 70
model name	: Intel(R) Core(TM) i7-4770HQ CPU @ 2.20GHz
stepping	: 1
microcode	: 0xf
cpu MHz		: 800.000
cache size	: 6144 KB
physical id	: 0
siblings	: 8
core id		: 2
cpu cores	: 4
apicid		: 5
initial apicid	: 5
fpu		: yes
fpu_exception	: yes
cpuid level	: 13
wp		: yes
flags		: fpu vme de pse tsc msr pae mce cx8 apic sep mtrr pge mca cmov pat pse36 clflush dts acpi mmx fxsr sse sse2 ss ht tm pbe syscall nx pdpe1gb rdtscp lm constant_tsc arch_perfmon pebs bts rep_good nopl xtopology nonstop_tsc aperfmperf eagerfpu pni pclmulqdq dtes64 monitor ds_cpl vmx est tm2 ssse3 sdbg fma cx16 xtpr pdcm pcid sse4_1 sse4_2 x2apic movbe popcnt tsc_deadline_timer aes xsave avx f16c rdrand lahf_lm abm epb invpcid_single kaiser tpr_shadow vnmi flexpriority ept vpid fsgsbase tsc_adjust bmi1 avx2 smep bmi2 erms invpcid xsaveopt dtherm ida arat pln pts
bugs		:
bogomips	: 4390.16
clflush size	: 64
cache_alignment	: 64
address sizes	: 39 bits physical, 48 bits virtual
power management:

processor	: 7
vendor_id	: GenuineIntel
cpu family	: 6
model		: 70
model name	: Intel(R) Core(TM) i7-4770HQ CPU @ 2.20GHz
stepping	: 1
microcode	: 0xf
cpu MHz		: 900.000
cache size	: 6144 KB
physical id	: 0
siblings	: 8
core id		: 3
cpu cores	: 4
apicid		: 7
initial apicid	: 7
fpu		: yes
fpu_exception	: yes
cpuid level	: 13
wp		: yes
flags		: fpu vme de pse tsc msr pae mce cx8 apic sep mtrr pge mca cmov pat pse36 clflush dts acpi mmx fxsr sse sse2 ss ht tm pbe syscall nx pdpe1gb rdtscp lm constant_tsc arch_perfmon pebs bts rep_good nopl xtopology nonstop_tsc aperfmperf eagerfpu pni pclmulqdq dtes64 monitor ds_cpl vmx est tm2 ssse3 sdbg fma cx16 xtpr pdcm pcid sse4_1 sse4_2 x2apic movbe popcnt tsc_deadline_timer aes xsave avx f16c rdrand lahf_lm abm epb invpcid_single kaiser tpr_shadow vnmi flexpriority ept vpid fsgsbase tsc_adjust bmi1 avx2 smep bmi2 erms invpcid xsaveopt dtherm ida arat pln pts
bugs		:
bogomips	: 4390.16
clflush size	: 64
cache_alignment	: 64
address sizes	: 39 bits physical, 48 bits virtual
power management:



Memory: 4k page, physical 16317064k(9386760k free), swap 0k(0k free)

vm_info: Java HotSpot(TM) 64-Bit Server VM (25.162-b12) for linux-amd64 JRE (1.8.0_162-b12), built on Dec 19 2017 21:15:48 by "java_re" with gcc 4.3.0 20080428 (Red Hat 4.3.0-8)

time: Tue May  8 19:38:04 2018
elapsed time: 7 seconds (0d 0h 0m 7s)

