#
# A fatal error has been detected by the Java Runtime Environment:
#
#  SIGSEGV (0xb) at pc=0x00007faba2202216, pid=11929, tid=0x00007fab88125700
#
# JRE version: Java(TM) SE Runtime Environment (8.0_162-b12) (build 1.8.0_162-b12)
# Java VM: Java HotSpot(TM) 64-Bit Server VM (25.162-b12 mixed mode linux-amd64 compressed oops)
# Problematic frame:
# V  [libjvm.so+0x6d8216]  jni_invoke_nonstatic(JNIEnv_*, JavaValue*, _jobject*, JNICallType, _jmethodID*, JNI_ArgumentPusher*, Thread*)+0xa26
#
# Core dump written. Default location: /home/aesophor/Code/Java/NetBeansProjects/Hacklympics/Hacklympics/core or core.11929
#
# If you would like to submit a bug report, please visit:
#   http://bugreport.java.com/bugreport/crash.jsp
#

---------------  T H R E A D  ---------------

Current thread (0x00007fab9c2b5800):  JavaThread "JavaFX Application Thread" [_thread_in_vm, id=11956, stack(0x00007fab88025000,0x00007fab88126000)]

siginfo: si_signo: 11 (SIGSEGV), si_code: 1 (SEGV_MAPERR), si_addr: 0x0000007d4991ad11

Registers:
RAX=0x00007faba2ac6680, RBX=0x0000000000000005, RCX=0x0000000000000001, RDX=0x00007fab8b32cc48
RSP=0x00007fab88123f90, RBP=0x00007fab88124110, RSI=0x00000007c00a0028, RDI=0x00007fab9c2b59f8
R8 =0x0000000000000042, R9 =0x00007fab88124140, R10=0x00007fab14000be0, R11=0x00007fab8d67f540
R12=0x0000007d4991ad09, R13=0x00007fab9c279e88, R14=0x0000000000000000, R15=0x00007fab9c2b4f48
RIP=0x00007faba2202216, EFLAGS=0x0000000000010202, CSGSFS=0x002b000000000033, ERR=0x0000000000000004
  TRAPNO=0x000000000000000e

Top of Stack: (sp=0x00007fab88123f90)
0x00007fab88123f90:   00007fab88124690 00007fab881242b0
0x00007fab88123fa0:   00007fab88123ff0 00007fab88124070
0x00007fab88123fb0:   00007fab88124140 00007fab881241a0
0x00007fab88123fc0:   00007fab9c2b59f8 00007faba2221330
0x00007fab88123fd0:   00007fab38000a30 00007fab38000a40
0x00007fab88123fe0:   00007fab38000e18 00000000000003d8
0x00007fab88123ff0:   0000000000000000 000000076e93e0e8
0x00007fab88124000:   00007fab0000006f 00007fab0000000a
0x00007fab88124010:   000000076f67e770 0000000000000000
0x00007fab88124020:   0000000000000000 0000000000000000
0x00007fab88124030:   00007fab8b322b00 0000000100000100
0x00007fab88124040:   0000000000000000 00007fab88123ff8
0x00007fab88124050:   00007fab88124039 0000000800000005
0x00007fab88124060:   0000000000000000 00007fab9c2b5020
0x00007fab88124070:   00007faba2a951f0 00007faba3553720
0x00007fab88124080:   000000009c2b4eb0 00007fab9c2b5800
0x00007fab88124090:   0000000000000000 00007faba2201bfb
0x00007fab881240a0:   00007fab8b32cc48 00007fab9c2b5800
0x00007fab881240b0:   00007fab8b32cc48 00007fab9c2b5800
0x00007fab881240c0:   00007fab88124250 00007fab8b32cc48
0x00007fab881240d0:   00007fab8b32cc48 00007fab8b32cc48
0x00007fab881240e0:   00007fab38000a30 00007fab88124140
0x00007fab881240f0:   00007fab9c2b5800 00007fab88124180
0x00007fab88124100:   00007fab9c279e88 00007fab9c2b59f8
0x00007fab88124110:   00007fab88124200 00007faba2205fcf
0x00007fab88124120:   00007fab9c2b5800 00007fab6015e794
0x00007fab88124130:   00007fab88124218 00000006c7017410
0x00007fab88124140:   00007faba2a95e70 00007faba3553720
0x00007fab88124150:   0000000000000000 00007fab00000063
0x00007fab88124160:   0000000000000000 0000003000000018
0x00007fab88124170:   00007fab881242f0 00007fab88124230
0x00007fab88124180:   00007fab9c2b5800 0000000000000000 

Instructions: (pc=0x00007faba2202216)
0x00007faba22021f6:   48 8b 70 08 e8 71 be 03 00 48 8b 95 a8 fe ff ff
0x00007faba2202206:   48 89 42 08 e9 8c fd ff ff 48 8b 05 9a 52 8a 00
0x00007faba2202216:   41 8b 54 24 08 8b 48 08 48 d3 e2 48 03 10 e9 fe
0x00007faba2202226:   fe ff ff 48 8b 7b 18 48 85 ff 0f 84 55 fc ff ff 

Register to memory mapping:

RAX=0x00007faba2ac6680: <offset 0xf9c680> in /opt/oracle-jdk-bin-1.8.0.162/jre/lib/amd64/server/libjvm.so at 0x00007faba1b2a000
RBX=0x0000000000000005 is an unknown value
RCX=0x0000000000000001 is an unknown value
RDX={method} {0x00007fab8b32cc48} 'notifyKey' '(II[CI)V' in 'com/sun/glass/ui/View'
RSP=0x00007fab88123f90 is pointing into the stack for thread: 0x00007fab9c2b5800
RBP=0x00007fab88124110 is pointing into the stack for thread: 0x00007fab9c2b5800
RSI=0x00000007c00a0028 is pointing into metadata
RDI=0x00007fab9c2b59f8 is an unknown value
R8 =0x0000000000000042 is an unknown value
R9 =0x00007fab88124140 is pointing into the stack for thread: 0x00007fab9c2b5800
R10=0x00007fab14000be0 is an unknown value
R11=0x00007fab8d67f540 is at entry_point+32 in (nmethod*)0x00007fab8d67f3d0
R12=0x0000007d4991ad09 is an unknown value
R13=0x00007fab9c279e88 is an unknown value
R14=0x0000000000000000 is an unknown value
R15=0x00007fab9c2b4f48 is an unknown value


Stack: [0x00007fab88025000,0x00007fab88126000],  sp=0x00007fab88123f90,  free space=1019k
Native frames: (J=compiled Java code, j=interpreted, Vv=VM code, C=native code)
V  [libjvm.so+0x6d8216]  jni_invoke_nonstatic(JNIEnv_*, JavaValue*, _jobject*, JNICallType, _jmethodID*, JNI_ArgumentPusher*, Thread*)+0xa26
V  [libjvm.so+0x6dbfcf]  jni_CallVoidMethodV+0x10f
C  [libglass.so+0x18641]  JNIEnv_::CallVoidMethod(_jobject*, _jmethodID*, ...)+0x81
C  [libglass.so+0x14f0f]  WindowContextBase::process_key(_GdkEventKey*)+0x20f
C  [libglass.so+0x19f60]  WindowContextBase::im_filter_keypress(_GdkEventKey*)+0x1c0
C  [libglass.so+0x1a91c]  process_events(_GdkEvent*, void*)+0x22c
C  [libgdk-x11-2.0.so.0+0x5b41c]

Java frames: (J=compiled Java code, j=interpreted, Vv=VM code)
j  com.sun.glass.ui.gtk.GtkApplication._runLoop(Ljava/lang/Runnable;Z)V+0
j  com.sun.glass.ui.gtk.GtkApplication.lambda$null$48(Ljava/lang/Runnable;Z)V+7
j  com.sun.glass.ui.gtk.GtkApplication$$Lambda$41.run()V+12
j  java.lang.Thread.run()V+11
v  ~StubRoutines::call_stub

---------------  P R O C E S S  ---------------

Java Threads: ( => current thread )
  0x00007fab14939000 JavaThread "pool-3-thread-1" [_thread_in_native, id=11998, stack(0x00007fab08cff000,0x00007fab08e00000)]
  0x00007fab14535000 JavaThread "URL-Loader-1" daemon [_thread_blocked, id=11997, stack(0x00007fab202ff000,0x00007fab20400000)]
  0x00007fab14525800 JavaThread "Disposer" daemon [_thread_blocked, id=11996, stack(0x00007fab2064b000,0x00007fab2074c000)]
  0x00007fab1441e800 JavaThread "Okio Watchdog" daemon [_thread_blocked, id=11990, stack(0x00007fab21357000,0x00007fab21458000)]
  0x00007fab1441c000 JavaThread "OkHttp ConnectionPool" daemon [_thread_blocked, id=11989, stack(0x00007fab21458000,0x00007fab21559000)]
  0x00007fab14350800 JavaThread "Prism Font Disposer" daemon [_thread_blocked, id=11958, stack(0x00007fab227c8000,0x00007fab228c9000)]
  0x00007fab9c2b9000 JavaThread "JavaFX-Launcher" [_thread_blocked, id=11957, stack(0x00007fab4c0a2000,0x00007fab4c1a3000)]
=>0x00007fab9c2b5800 JavaThread "JavaFX Application Thread" [_thread_in_vm, id=11956, stack(0x00007fab88025000,0x00007fab88126000)]
  0x00007fab9c2b1800 JavaThread "Thread-1" daemon [_thread_blocked, id=11955, stack(0x00007fab88126000,0x00007fab88227000)]
  0x00007fab9c262000 JavaThread "QuantumRenderer-0" daemon [_thread_blocked, id=11954, stack(0x00007fab88438000,0x00007fab88539000)]
  0x00007fab9c0e6800 JavaThread "Service Thread" daemon [_thread_blocked, id=11952, stack(0x00007fab88713000,0x00007fab88814000)]
  0x00007fab9c0c9800 JavaThread "C1 CompilerThread3" daemon [_thread_blocked, id=11951, stack(0x00007fab88814000,0x00007fab88915000)]
  0x00007fab9c0c7800 JavaThread "C2 CompilerThread2" daemon [_thread_in_vm, id=11950, stack(0x00007fab88915000,0x00007fab88a16000)]
  0x00007fab9c0c5800 JavaThread "C2 CompilerThread1" daemon [_thread_in_native, id=11949, stack(0x00007fab88a16000,0x00007fab88b17000)]
  0x00007fab9c0c2800 JavaThread "C2 CompilerThread0" daemon [_thread_in_native, id=11948, stack(0x00007fab88b17000,0x00007fab88c18000)]
  0x00007fab9c0c1000 JavaThread "Signal Dispatcher" daemon [_thread_blocked, id=11947, stack(0x00007fab88c18000,0x00007fab88d19000)]
  0x00007fab9c08d000 JavaThread "Finalizer" daemon [_thread_blocked, id=11945, stack(0x00007fab88d19000,0x00007fab88e1a000)]
  0x00007fab9c088800 JavaThread "Reference Handler" daemon [_thread_blocked, id=11944, stack(0x00007fab88e1a000,0x00007fab88f1b000)]
  0x00007fab9c00b000 JavaThread "main" [_thread_blocked, id=11933, stack(0x00007faba35f6000,0x00007faba36f7000)]

Other Threads:
  0x00007fab9c081000 VMThread [stack: 0x00007fab88f1b000,0x00007fab8901c000] [id=11942]
  0x00007fab9c0e9000 WatcherThread [stack: 0x00007fab88612000,0x00007fab88713000] [id=11953]

VM state:not at safepoint (normal execution)

VM Mutex/Monitor currently owned by a thread: None

Heap:
 PSYoungGen      total 74752K, used 43854K [0x000000076d000000, 0x0000000772300000, 0x00000007c0000000)
  eden space 64512K, 67% used [0x000000076d000000,0x000000076fad3840,0x0000000770f00000)
  from space 10240K, 0% used [0x0000000770f00000,0x0000000770f00000,0x0000000771900000)
  to   space 10240K, 0% used [0x0000000771900000,0x0000000771900000,0x0000000772300000)
 ParOldGen       total 74752K, used 9760K [0x00000006c7000000, 0x00000006cb900000, 0x000000076d000000)
  object space 74752K, 13% used [0x00000006c7000000,0x00000006c7988218,0x00000006cb900000)
 Metaspace       used 29062K, capacity 31580K, committed 31744K, reserved 1077248K
  class space    used 4318K, capacity 4814K, committed 4864K, reserved 1048576K

Card table byte_map: [0x00007fab8c837000,0x00007fab8d000000] byte_map_base: 0x00007fab891ff000

Marking Bits: (ParMarkBitMap*) 0x00007faba2af9ca0
 Begin Bits: [0x00007fab60380000, 0x00007fab641c0000)
 End Bits:   [0x00007fab641c0000, 0x00007fab68000000)

Polling page: 0x00007faba372f000

CodeCache: size=245760Kb used=10641Kb max_used=10655Kb free=235118Kb
 bounds [0x00007fab8d000000, 0x00007fab8da70000, 0x00007fab9c000000]
 total_blobs=4186 nmethods=3413 adapters=684
 compilation: enabled

Compilation events (10 events):
Event: 7.865 Thread 0x00007fab9c0c9800 3414       3       sun.util.logging.PlatformLogger$JavaLoggerProxy::isLoggable (12 bytes)
Event: 7.865 Thread 0x00007fab9c0c9800 nmethod 3414 0x00007fab8da60910 code [0x00007fab8da60ac0, 0x00007fab8da61150]
Event: 7.865 Thread 0x00007fab9c0c9800 3417       3       com.sun.javafx.event.EventHandlerManager::dispatchBubblingEvent (34 bytes)
Event: 7.866 Thread 0x00007fab9c0c9800 nmethod 3417 0x00007fab8da613d0 code [0x00007fab8da61580, 0x00007fab8da61c98]
Event: 7.866 Thread 0x00007fab9c0c9800 3415       3       sun.util.logging.LoggingSupport::isLoggable (14 bytes)
Event: 7.866 Thread 0x00007fab9c0c9800 nmethod 3415 0x00007fab8da61e90 code [0x00007fab8da62020, 0x00007fab8da62610]
Event: 7.866 Thread 0x00007fab9c0c9800 3407       1       javafx.scene.control.SkinBase::getChildren (5 bytes)
Event: 7.866 Thread 0x00007fab9c0c9800 nmethod 3407 0x00007fab8da47e10 code [0x00007fab8da47f60, 0x00007fab8da48070]
Event: 7.866 Thread 0x00007fab9c0c9800 3416       1       javafx.scene.layout.Region::computeMaxHeight (4 bytes)
Event: 7.866 Thread 0x00007fab9c0c9800 nmethod 3416 0x00007fab8da48e10 code [0x00007fab8da48f80, 0x00007fab8da49090]

GC Heap History (4 events):
Event: 7.139 GC heap before
{Heap before GC invocations=1 (full 0):
 PSYoungGen      total 74752K, used 51971K [0x000000076d000000, 0x0000000772300000, 0x00000007c0000000)
  eden space 64512K, 80% used [0x000000076d000000,0x00000007702c0dd8,0x0000000770f00000)
  from space 10240K, 0% used [0x0000000771900000,0x0000000771900000,0x0000000772300000)
  to   space 10240K, 0% used [0x0000000770f00000,0x0000000770f00000,0x0000000771900000)
 ParOldGen       total 171008K, used 0K [0x00000006c7000000, 0x00000006d1700000, 0x000000076d000000)
  object space 171008K, 0% used [0x00000006c7000000,0x00000006c7000000,0x00000006d1700000)
 Metaspace       used 20393K, capacity 21036K, committed 21248K, reserved 1067008K
  class space    used 2781K, capacity 2946K, committed 3072K, reserved 1048576K
Event: 7.146 GC heap after
Heap after GC invocations=1 (full 0):
 PSYoungGen      total 74752K, used 9970K [0x000000076d000000, 0x0000000772300000, 0x00000007c0000000)
  eden space 64512K, 0% used [0x000000076d000000,0x000000076d000000,0x0000000770f00000)
  from space 10240K, 97% used [0x0000000770f00000,0x00000007718bcb80,0x0000000771900000)
  to   space 10240K, 0% used [0x0000000771900000,0x0000000771900000,0x0000000772300000)
 ParOldGen       total 171008K, used 88K [0x00000006c7000000, 0x00000006d1700000, 0x000000076d000000)
  object space 171008K, 0% used [0x00000006c7000000,0x00000006c7016010,0x00000006d1700000)
 Metaspace       used 20393K, capacity 21036K, committed 21248K, reserved 1067008K
  class space    used 2781K, capacity 2946K, committed 3072K, reserved 1048576K
}
Event: 7.146 GC heap before
{Heap before GC invocations=2 (full 1):
 PSYoungGen      total 74752K, used 9970K [0x000000076d000000, 0x0000000772300000, 0x00000007c0000000)
  eden space 64512K, 0% used [0x000000076d000000,0x000000076d000000,0x0000000770f00000)
  from space 10240K, 97% used [0x0000000770f00000,0x00000007718bcb80,0x0000000771900000)
  to   space 10240K, 0% used [0x0000000771900000,0x0000000771900000,0x0000000772300000)
 ParOldGen       total 171008K, used 88K [0x00000006c7000000, 0x00000006d1700000, 0x000000076d000000)
  object space 171008K, 0% used [0x00000006c7000000,0x00000006c7016010,0x00000006d1700000)
 Metaspace       used 20393K, capacity 21036K, committed 21248K, reserved 1067008K
  class space    used 2781K, capacity 2946K, committed 3072K, reserved 1048576K
Event: 7.176 GC heap after
Heap after GC invocations=2 (full 1):
 PSYoungGen      total 74752K, used 0K [0x000000076d000000, 0x0000000772300000, 0x00000007c0000000)
  eden space 64512K, 0% used [0x000000076d000000,0x000000076d000000,0x0000000770f00000)
  from space 10240K, 0% used [0x0000000770f00000,0x0000000770f00000,0x0000000771900000)
  to   space 10240K, 0% used [0x0000000771900000,0x0000000771900000,0x0000000772300000)
 ParOldGen       total 74752K, used 9760K [0x00000006c7000000, 0x00000006cb900000, 0x000000076d000000)
  object space 74752K, 13% used [0x00000006c7000000,0x00000006c7988218,0x00000006cb900000)
 Metaspace       used 20393K, capacity 21036K, committed 21248K, reserved 1067008K
  class space    used 2781K, capacity 2946K, committed 3072K, reserved 1048576K
}

Deoptimization events (10 events):
Event: 7.332 Thread 0x00007fab9c2b5800 Uncommon trap: reason=class_check action=maybe_recompile pc=0x00007fab8d33f420 method=com.sun.javafx.css.parser.CSSLexer.readChar()I @ 4
Event: 7.464 Thread 0x00007fab9c2b5800 Uncommon trap: reason=unstable_if action=reinterpret pc=0x00007fab8d704138 method=java.lang.CharacterDataLatin1.digit(II)I @ 60
Event: 7.465 Thread 0x00007fab9c2b5800 Uncommon trap: reason=unstable_if action=reinterpret pc=0x00007fab8d37678c method=java.lang.String.indexOf([CII[CIII)I @ 27
Event: 7.551 Thread 0x00007fab9c2b5800 Uncommon trap: reason=unstable_if action=reinterpret pc=0x00007fab8d2b6f04 method=java.lang.AbstractStringBuilder.append(Ljava/lang/String;)Ljava/lang/AbstractStringBuilder; @ 1
Event: 7.558 Thread 0x00007fab9c2b5800 Uncommon trap: reason=unstable_if action=reinterpret pc=0x00007fab8d618668 method=javafx.scene.Node.updateLocalToParentTransform()V @ 337
Event: 7.559 Thread 0x00007fab14535000 Uncommon trap: reason=unstable_if action=reinterpret pc=0x00007fab8d22408c method=java.lang.AbstractStringBuilder.append(Ljava/lang/String;)Ljava/lang/AbstractStringBuilder; @ 1
Event: 7.637 Thread 0x00007fab9c2b5800 Uncommon trap: reason=unstable_if action=reinterpret pc=0x00007fab8d93e9a4 method=jdk.internal.org.objectweb.asm.Type.getArgumentsAndReturnSizes(Ljava/lang/String;)I @ 41
Event: 7.712 Thread 0x00007fab9c2b5800 Uncommon trap: reason=unstable_if action=reinterpret pc=0x00007fab8d91cdbc method=jdk.internal.org.objectweb.asm.Item.isEqualTo(Ljdk/internal/org/objectweb/asm/Item;)Z @ 331
Event: 7.801 Thread 0x00007fab9c2b5800 Uncommon trap: reason=unstable_if action=reinterpret pc=0x00007fab8d556238 method=java.lang.StrictMath.floorOrCeil(DDDD)D @ 38
Event: 7.855 Thread 0x00007fab9c2b5800 Uncommon trap: reason=unstable_if action=reinterpret pc=0x00007fab8da064bc method=com.sun.javafx.css.BitSet.addAll(Ljava/util/Collection;)Z @ 1

Classes redefined (0 events):
No events

Internal exceptions (10 events):
Event: 7.744 Thread 0x00007fab9c2b5800 Exception <a 'java/lang/NoSuchMethodError': java.lang.Object.lambda$mousePressed$5(Ljavafx/scene/input/MouseButton;Ljavafx/scene/input/MouseEvent;)Z> (0x000000076f14de70) thrown at [/HUDSON/workspace/8-2-build-linux-amd64/jdk8u162/10278/hotspot/src/share/
Event: 7.749 Thread 0x00007fab9c2b5800 Exception <a 'java/lang/NoSuchMethodError': java.lang.Object.lambda$static$0(Lorg/fxmisc/wellbehaved/event/InputMap$HandlerConsumer;)V> (0x000000076f19e8c0) thrown at [/HUDSON/workspace/8-2-build-linux-amd64/jdk8u162/10278/hotspot/src/share/vm/interpreter
Event: 7.762 Thread 0x00007fab9c2b5800 Exception <a 'java/lang/NoSuchMethodError': java.lang.Object.lambda$accumulate$14(Ljava/util/function/BiFunction;Ljava/lang/Object;Ljava/lang/Object;)Ljava/lang/Object;> (0x000000076f287ef0) thrown at [/HUDSON/workspace/8-2-build-linux-amd64/jdk8u162/1027
Event: 7.766 Thread 0x00007fab9c2b5800 Exception <a 'java/lang/NoSuchMethodError': java.lang.Object.lambda$conditionOn$5(Ljavafx/beans/value/ObservableValue;Ljava/lang/Boolean;)Ljavafx/beans/value/ObservableValue;> (0x000000076f2d5930) thrown at [/HUDSON/workspace/8-2-build-linux-amd64/jdk8u16
Event: 7.775 Thread 0x00007fab9c2b5800 Exception <a 'java/lang/NoSuchMethodError': java.lang.Object.lambda$pApply$0(Ljava/lang/Object;Ljava/lang/Object;Ljava/lang/Object;)Ljava/lang/Object;> (0x000000076f4adcb0) thrown at [/HUDSON/workspace/8-2-build-linux-amd64/jdk8u162/10278/hotspot/src/shar
Event: 7.781 Thread 0x00007fab9c2b5800 Exception <a 'java/lang/NoSuchMethodError': java.lang.Object.lambda$static$0()V> (0x000000076f4ff308) thrown at [/HUDSON/workspace/8-2-build-linux-amd64/jdk8u162/10278/hotspot/src/share/vm/interpreter/linkResolver.cpp, line 620]
Event: 7.785 Thread 0x00007fab9c2b5800 Exception <a 'java/lang/NoSuchMethodError': java.lang.Object.lambda$trim$0(Ljava/lang/Integer;Ljava/lang/Integer;)Lorg/reactfx/collection/MaterializedListModification;> (0x000000076f5274d0) thrown at [/HUDSON/workspace/8-2-build-linux-amd64/jdk8u162/10278
Event: 7.788 Thread 0x00007fab9c2b5800 Exception <a 'java/lang/NoSuchMethodError': java.lang.Object.lambda$null$0(Lorg/fxmisc/richtext/model/RichTextChange;)Z> (0x000000076f53f670) thrown at [/HUDSON/workspace/8-2-build-linux-amd64/jdk8u162/10278/hotspot/src/share/vm/interpreter/linkResolver.c
Event: 7.789 Thread 0x00007fab9c2b5800 Exception <a 'java/lang/NoSuchMethodError': java.lang.Object.lambda$null$1(I)[Lorg/fxmisc/richtext/model/PlainTextChange;> (0x000000076f545fb0) thrown at [/HUDSON/workspace/8-2-build-linux-amd64/jdk8u162/10278/hotspot/src/share/vm/interpreter/linkResolver
Event: 7.855 Thread 0x00007fab9c2b5800 Implicit null exception at 0x00007fab8da05f11 to 0x00007fab8da064a5

Events (10 events):
Event: 7.866 loading class com/sun/javafx/tk/quantum/WindowStage done
Event: 7.867 loading class com/hacklympics/api/event/EventListener
Event: 7.867 loading class com/hacklympics/api/event/EventListener done
Event: 7.868 Thread 0x00007fab14939000 Thread added: 0x00007fab14939000
Event: 7.868 Thread 0x00007fab9c2b5800 DEOPT PACKING pc=0x00007fab8d448824 sp=0x00007fab88121a90
Event: 7.868 Thread 0x00007fab9c2b5800 DEOPT UNPACKING pc=0x00007fab8d047784 sp=0x00007fab88121818 mode 0
Event: 7.868 Executing VM operation: RevokeBias
Event: 7.868 Executing VM operation: RevokeBias done
Event: 7.868 Thread 0x00007fab9c2b5800 DEOPT PACKING pc=0x00007fab8d448824 sp=0x00007fab881228c0
Event: 7.868 Thread 0x00007fab9c2b5800 DEOPT UNPACKING pc=0x00007fab8d047784 sp=0x00007fab88122648 mode 0


Dynamic libraries:
00400000-00401000 r-xp 00000000 fe:01 938495                             /opt/oracle-jdk-bin-1.8.0.162/bin/java
00600000-00601000 rw-p 00000000 fe:01 938495                             /opt/oracle-jdk-bin-1.8.0.162/bin/java
00601000-00622000 rw-p 00000000 00:00 0                                  [heap]
6c7000000-6cb900000 rw-p 00000000 00:00 0 
6cb900000-76d000000 ---p 00000000 00:00 0 
76d000000-772300000 rw-p 00000000 00:00 0 
772300000-7c0000000 ---p 00000000 00:00 0 
7c0000000-7c04c0000 rw-p 00000000 00:00 0 
7c04c0000-800000000 ---p 00000000 00:00 0 
7faaa8000000-7faaa8021000 rw-p 00000000 00:00 0 
7faaa8021000-7faaac000000 ---p 00000000 00:00 0 
7faab0000000-7faab0021000 rw-p 00000000 00:00 0 
7faab0021000-7faab4000000 ---p 00000000 00:00 0 
7faab4000000-7faab402d000 rw-p 00000000 00:00 0 
7faab402d000-7faab8000000 ---p 00000000 00:00 0 
7faab8000000-7faab8021000 rw-p 00000000 00:00 0 
7faab8021000-7faabc000000 ---p 00000000 00:00 0 
7faabfc00000-7faabfc07000 rw-p 00000000 00:00 0 
7faabfc07000-7faabfc0e000 ---p 00000000 00:00 0 
7faabfc0e000-7faabfdf9000 rw-p 00000000 00:00 0 
7faabfdf9000-7faabfe00000 ---p 00000000 00:00 0 
7faabfee1000-7faabfee2000 ---p 00000000 00:00 0 
7faabfee2000-7faabfee3000 rwxp 00000000 00:00 0 
7faabfee3000-7faaffee3000 ---p 00000000 00:00 0 
7faaffee3000-7fab03bd4000 r-xp 00000000 fe:01 940394                     /opt/oracle-jdk-bin-1.8.0.162/jre/lib/amd64/libjfxwebkit.so
7fab03bd4000-7fab03dd4000 ---p 03cf1000 fe:01 940394                     /opt/oracle-jdk-bin-1.8.0.162/jre/lib/amd64/libjfxwebkit.so
7fab03dd4000-7fab03fcc000 rw-p 03cf1000 fe:01 940394                     /opt/oracle-jdk-bin-1.8.0.162/jre/lib/amd64/libjfxwebkit.so
7fab03fcc000-7fab04000000 rw-p 00000000 00:00 0 
7fab04000000-7fab04021000 rw-p 00000000 00:00 0 
7fab04021000-7fab08000000 ---p 00000000 00:00 0 
7fab081ff000-7fab08200000 ---p 00000000 00:00 0 
7fab08200000-7fab08a05000 rw-p 00000000 00:00 0 
7fab08a05000-7fab08a0a000 ---p 00000000 00:00 0 
7fab08a0a000-7fab08bfb000 rw-p 00000000 00:00 0 
7fab08bfb000-7fab08c00000 ---p 00000000 00:00 0 
7fab08cff000-7fab08d02000 ---p 00000000 00:00 0 
7fab08d02000-7fab08e08000 rw-p 00000000 00:00 0 
7fab08e08000-7fab08e10000 ---p 00000000 00:00 0 
7fab08e10000-7fab08ff8000 rw-p 00000000 00:00 0 
7fab08ff8000-7fab09000000 ---p 00000000 00:00 0 
7fab09000000-7fab09040000 rw-p 00000000 00:00 0 
7fab09040000-7fab09200000 ---p 00000000 00:00 0 
7fab09200000-7fab09206000 rw-p 00000000 00:00 0 
7fab09206000-7fab09208000 ---p 00000000 00:00 0 
7fab09208000-7fab093fe000 rw-p 00000000 00:00 0 
7fab093fe000-7fab09400000 ---p 00000000 00:00 0 
7fab09400000-7fab09608000 rw-p 00000000 00:00 0 
7fab09608000-7fab0960c000 ---p 00000000 00:00 0 
7fab0960c000-7fab097fc000 rw-p 00000000 00:00 0 
7fab097fc000-7fab09800000 ---p 00000000 00:00 0 
7fab09800000-7fab09c00000 rw-p 00000000 00:00 0 
7fab09c56000-7fab09c57000 ---p 00000000 00:00 0 
7fab09c57000-7fab0a457000 rw-p 00000000 00:00 0 
7fab0a457000-7fab0bdff000 r-xp 00000000 fe:01 792609                     /usr/lib64/libicudata.so.60.2
7fab0bdff000-7fab0bffe000 ---p 019a8000 fe:01 792609                     /usr/lib64/libicudata.so.60.2
7fab0bffe000-7fab0bfff000 r--p 019a7000 fe:01 792609                     /usr/lib64/libicudata.so.60.2
7fab0bfff000-7fab0c000000 rw-p 019a8000 fe:01 792609                     /usr/lib64/libicudata.so.60.2
7fab0c000000-7fab0c021000 rw-p 00000000 00:00 0 
7fab0c021000-7fab10000000 ---p 00000000 00:00 0 
7fab10000000-7fab10021000 rw-p 00000000 00:00 0 
7fab10021000-7fab14000000 ---p 00000000 00:00 0 
7fab14000000-7fab14eef000 rw-p 00000000 00:00 0 
7fab14eef000-7fab18000000 ---p 00000000 00:00 0 
7fab18000000-7fab18021000 rw-p 00000000 00:00 0 
7fab18021000-7fab1c000000 ---p 00000000 00:00 0 
7fab1c000000-7fab1c021000 rw-p 00000000 00:00 0 
7fab1c021000-7fab20000000 ---p 00000000 00:00 0 
7fab20000000-7fab20006000 rw-p 00000000 00:00 0 
7fab20006000-7fab20009000 ---p 00000000 00:00 0 
7fab20009000-7fab201fd000 rw-p 00000000 00:00 0 
7fab201fd000-7fab20200000 ---p 00000000 00:00 0 
7fab202ff000-7fab20302000 ---p 00000000 00:00 0 
7fab20302000-7fab20405000 rw-p 00000000 00:00 0 
7fab20405000-7fab20406000 ---p 00000000 00:00 0 
7fab20406000-7fab205ff000 rw-p 00000000 00:00 0 
7fab205ff000-7fab20600000 ---p 00000000 00:00 0 
7fab2064b000-7fab2064e000 ---p 00000000 00:00 0 
7fab2064e000-7fab2074c000 rw-p 00000000 00:00 0 
7fab2074c000-7fab207a9000 r--p 00000000 fe:01 455277                     /usr/share/fonts/dejavu/DejaVuSerif.ttf
7fab207a9000-7fab2094b000 r-xp 00000000 fe:01 792595                     /usr/lib64/libicuuc.so.60.2
7fab2094b000-7fab20b4b000 ---p 001a2000 fe:01 792595                     /usr/lib64/libicuuc.so.60.2
7fab20b4b000-7fab20b5d000 r--p 001a2000 fe:01 792595                     /usr/lib64/libicuuc.so.60.2
7fab20b5d000-7fab20b5e000 rw-p 001b4000 fe:01 792595                     /usr/lib64/libicuuc.so.60.2
7fab20b5e000-7fab20b5f000 rw-p 00000000 00:00 0 
7fab20b5f000-7fab20b99000 r-xp 00000000 fe:01 441317                     /usr/lib64/libxslt.so.1.1.30
7fab20b99000-7fab20d98000 ---p 0003a000 fe:01 441317                     /usr/lib64/libxslt.so.1.1.30
7fab20d98000-7fab20d99000 r--p 00039000 fe:01 441317                     /usr/lib64/libxslt.so.1.1.30
7fab20d99000-7fab20d9a000 rw-p 0003a000 fe:01 441317                     /usr/lib64/libxslt.so.1.1.30
7fab20d9a000-7fab20d9b000 rw-p 00000000 00:00 0 
7fab20d9b000-7fab20ef2000 r-xp 00000000 fe:01 806153                     /usr/lib64/libxml2.so.2.9.7
7fab20ef2000-7fab210f2000 ---p 00157000 fe:01 806153                     /usr/lib64/libxml2.so.2.9.7
7fab210f2000-7fab210fa000 r--p 00157000 fe:01 806153                     /usr/lib64/libxml2.so.2.9.7
7fab210fa000-7fab210fc000 rw-p 0015f000 fe:01 806153                     /usr/lib64/libxml2.so.2.9.7
7fab210fc000-7fab210fd000 rw-p 00000000 00:00 0 
7fab2112a000-7fab21130000 rw-p 00000000 00:00 0 
7fab21131000-7fab21334000 rw-p 00000000 00:00 0 
7fab21334000-7fab21357000 r--p 00000000 00:24 5578927                    /tmp/+JXF144555614397120600.tmp
7fab21357000-7fab2135a000 ---p 00000000 00:00 0 
7fab2135a000-7fab21458000 rw-p 00000000 00:00 0 
7fab21458000-7fab2145b000 ---p 00000000 00:00 0 
7fab2145b000-7fab21759000 rw-p 00000000 00:00 0 
7fab21759000-7fab21763000 r--s 00116000 fe:01 939203                     /opt/oracle-jdk-bin-1.8.0.162/jre/lib/ext/localedata.jar
7fab21763000-7fab2177f000 r--s 00393000 fe:01 939158                     /opt/oracle-jdk-bin-1.8.0.162/jre/lib/ext/cldrdata.jar
7fab2177f000-7fab21785000 r--s 0003e000 fe:01 939206                     /opt/oracle-jdk-bin-1.8.0.162/jre/lib/ext/sunjce_provider.jar
7fab21785000-7fab217b7000 r-xp 00000000 fe:01 940333                     /opt/oracle-jdk-bin-1.8.0.162/jre/lib/amd64/libsunec.so
7fab217b7000-7fab219b6000 ---p 00032000 fe:01 940333                     /opt/oracle-jdk-bin-1.8.0.162/jre/lib/amd64/libsunec.so
7fab219b6000-7fab219bc000 rw-p 00031000 fe:01 940333                     /opt/oracle-jdk-bin-1.8.0.162/jre/lib/amd64/libsunec.so
7fab219bc000-7fab219cc000 rw-p 00000000 00:00 0 
7fab219cc000-7fab219e2000 r-xp 00000000 fe:01 940502                     /opt/oracle-jdk-bin-1.8.0.162/jre/lib/amd64/libnet.so
7fab219e2000-7fab21be2000 ---p 00016000 fe:01 940502                     /opt/oracle-jdk-bin-1.8.0.162/jre/lib/amd64/libnet.so
7fab21be2000-7fab21be3000 rw-p 00016000 fe:01 940502                     /opt/oracle-jdk-bin-1.8.0.162/jre/lib/amd64/libnet.so
7fab21be3000-7fab21bf4000 r-xp 00000000 fe:01 940508                     /opt/oracle-jdk-bin-1.8.0.162/jre/lib/amd64/libnio.so
7fab21bf4000-7fab21df3000 ---p 00011000 fe:01 940508                     /opt/oracle-jdk-bin-1.8.0.162/jre/lib/amd64/libnio.so
7fab21df3000-7fab21df4000 rw-p 00010000 fe:01 940508                     /opt/oracle-jdk-bin-1.8.0.162/jre/lib/amd64/libnio.so
7fab21df4000-7fab21ff4000 rw-p 00000000 00:00 0 
7fab21ff4000-7fab21ff6000 r--s 00009000 fe:01 939146                     /opt/oracle-jdk-bin-1.8.0.162/jre/lib/ext/sunec.jar
7fab21ff6000-7fab21ffa000 r--s 0003a000 fe:01 939184                     /opt/oracle-jdk-bin-1.8.0.162/jre/lib/ext/sunpkcs11.jar
7fab21ffa000-7fab21ffd000 r--s 0001a000 fe:01 940552                     /opt/oracle-jdk-bin-1.8.0.162/jre/lib/jce.jar
7fab21ffd000-7fab221fd000 rw-p 00000000 00:00 0 
7fab221fd000-7fab221ff000 rw-s 00000000 00:05 5578905                    /drm mm object (deleted)
7fab221ff000-7fab22204000 rw-s 00000000 00:05 5575108                    /drm mm object (deleted)
7fab22204000-7fab22214000 rw-s 00000000 00:05 5576426                    /drm mm object (deleted)
7fab22214000-7fab22224000 rw-s 00000000 00:05 5576423                    /drm mm object (deleted)
7fab22224000-7fab22234000 rw-s 00000000 00:05 5576420                    /drm mm object (deleted)
7fab22234000-7fab223f4000 rw-s 108406000 00:06 2143                      /dev/dri/card0
7fab223f4000-7fab225b4000 rw-s 00000000 00:05 5576412                    /drm mm object (deleted)
7fab225b4000-7fab225c4000 rw-s 00000000 00:05 5576417                    /drm mm object (deleted)
7fab225c4000-7fab225c8000 rw-s 00000000 00:05 5576416                    /drm mm object (deleted)
7fab225c8000-7fab227c8000 rw-p 00000000 00:00 0 
7fab227c8000-7fab227cb000 ---p 00000000 00:00 0 
7fab227cb000-7fab228c9000 rw-p 00000000 00:00 0 
7fab228c9000-7fab22982000 r--p 00000000 fe:01 455269                     /usr/share/fonts/dejavu/DejaVuSans.ttf
7fab22982000-7fab22a2d000 r--p 00000000 fe:01 938580                     /opt/oracle-jdk-bin-1.8.0.162/jre/lib/fonts/LucidaSansRegular.ttf
7fab22a2d000-7fab22a67000 r--p 00000000 fe:01 938588                     /opt/oracle-jdk-bin-1.8.0.162/jre/lib/fonts/LucidaTypewriterBold.ttf
7fab22a67000-7fab22ab5000 r--p 00000000 fe:01 938582                     /opt/oracle-jdk-bin-1.8.0.162/jre/lib/fonts/LucidaSansDemiBold.ttf
7fab22ab5000-7fab22af1000 r--p 00000000 fe:01 938587                     /opt/oracle-jdk-bin-1.8.0.162/jre/lib/fonts/LucidaTypewriterRegular.ttf
7fab22af1000-7fab22af5000 r-xp 00000000 fe:01 940331                     /opt/oracle-jdk-bin-1.8.0.162/jre/lib/amd64/libjavafx_font_pango.so
7fab22af5000-7fab22cf4000 ---p 00004000 fe:01 940331                     /opt/oracle-jdk-bin-1.8.0.162/jre/lib/amd64/libjavafx_font_pango.so
7fab22cf4000-7fab22cf5000 rw-p 00003000 fe:01 940331                     /opt/oracle-jdk-bin-1.8.0.162/jre/lib/amd64/libjavafx_font_pango.so
7fab22cf5000-7fab22cff000 r-xp 00000000 fe:01 139442                     /usr/lib64/gtk-2.0/2.10.0/engines/libpixmap.so
7fab22cff000-7fab22efe000 ---p 0000a000 fe:01 139442                     /usr/lib64/gtk-2.0/2.10.0/engines/libpixmap.so
7fab22efe000-7fab22eff000 r--p 00009000 fe:01 139442                     /usr/lib64/gtk-2.0/2.10.0/engines/libpixmap.so
7fab22eff000-7fab22f00000 rw-p 0000a000 fe:01 139442                     /usr/lib64/gtk-2.0/2.10.0/engines/libpixmap.so
7fab22f00000-7fab22f02000 r-xp 00000000 fe:01 723962                     /usr/lib64/gtk-2.0/2.10.0/engines/libadwaita.so
7fab22f02000-7fab23102000 ---p 00002000 fe:01 723962                     /usr/lib64/gtk-2.0/2.10.0/engines/libadwaita.so
7fab23102000-7fab23103000 r--p 00002000 fe:01 723962                     /usr/lib64/gtk-2.0/2.10.0/engines/libadwaita.so
7fab23103000-7fab23104000 rw-p 00003000 fe:01 723962                     /usr/lib64/gtk-2.0/2.10.0/engines/libadwaita.so
7fab23104000-7fab23304000 rw-p 00000000 00:00 0 
7fab23304000-7fab23309000 r-xp 00000000 fe:01 940335                     /opt/oracle-jdk-bin-1.8.0.162/jre/lib/amd64/libjavafx_font_freetype.so
7fab23309000-7fab23508000 ---p 00005000 fe:01 940335                     /opt/oracle-jdk-bin-1.8.0.162/jre/lib/amd64/libjavafx_font_freetype.so
7fab23508000-7fab23509000 rw-p 00004000 fe:01 940335                     /opt/oracle-jdk-bin-1.8.0.162/jre/lib/amd64/libjavafx_font_freetype.so
7fab23509000-7fab2350c000 r-xp 00000000 fe:01 940504                     /opt/oracle-jdk-bin-1.8.0.162/jre/lib/amd64/libjavafx_font.so
7fab2350c000-7fab2370b000 ---p 00003000 fe:01 940504                     /opt/oracle-jdk-bin-1.8.0.162/jre/lib/amd64/libjavafx_font.so
7fab2370b000-7fab2370c000 rw-p 00002000 fe:01 940504                     /opt/oracle-jdk-bin-1.8.0.162/jre/lib/amd64/libjavafx_font.so
7fab2370c000-7fab2390c000 rw-p 00000000 00:00 0 
7fab2390c000-7fab23935000 r-xp 00000000 fe:01 940384                     /opt/oracle-jdk-bin-1.8.0.162/jre/lib/amd64/libglass.so
7fab23935000-7fab23b34000 ---p 00029000 fe:01 940384                     /opt/oracle-jdk-bin-1.8.0.162/jre/lib/amd64/libglass.so
7fab23b34000-7fab23b37000 rw-p 00028000 fe:01 940384                     /opt/oracle-jdk-bin-1.8.0.162/jre/lib/amd64/libglass.so
7fab23b37000-7fab2429d000 r-xp 00000000 fe:01 791538                     /usr/lib64/mesa/i965_dri.so
7fab2429d000-7fab2449c000 ---p 00766000 fe:01 791538                     /usr/lib64/mesa/i965_dri.so
7fab2449c000-7fab244eb000 r--p 00765000 fe:01 791538                     /usr/lib64/mesa/i965_dri.so
7fab244eb000-7fab244f2000 rw-p 007b4000 fe:01 791538                     /usr/lib64/mesa/i965_dri.so
7fab244f2000-7fab24559000 rw-p 00000000 00:00 0 
7fab24559000-7fab2456c000 r-xp 00000000 fe:01 696744                     /usr/lib64/libbsd.so.0.8.6
7fab2456c000-7fab2476b000 ---p 00013000 fe:01 696744                     /usr/lib64/libbsd.so.0.8.6
7fab2476b000-7fab2476c000 r--p 00012000 fe:01 696744                     /usr/lib64/libbsd.so.0.8.6
7fab2476c000-7fab2476d000 rw-p 00013000 fe:01 696744                     /usr/lib64/libbsd.so.0.8.6
7fab2476d000-7fab2476e000 rw-p 00000000 00:00 0 
7fab2476e000-7fab24772000 r-xp 00000000 fe:01 983312                     /lib64/libuuid.so.1.3.0
7fab24772000-7fab24971000 ---p 00004000 fe:01 983312                     /lib64/libuuid.so.1.3.0
7fab24971000-7fab24972000 r--p 00003000 fe:01 983312                     /lib64/libuuid.so.1.3.0
7fab24972000-7fab24973000 rw-p 00004000 fe:01 983312                     /lib64/libuuid.so.1.3.0
7fab24973000-7fab24978000 r-xp 00000000 fe:01 919078                     /usr/lib64/libXdmcp.so.6.0.0
7fab24978000-7fab24b77000 ---p 00005000 fe:01 919078                     /usr/lib64/libXdmcp.so.6.0.0
7fab24b77000-7fab24b78000 r--p 00004000 fe:01 919078                     /usr/lib64/libXdmcp.so.6.0.0
7fab24b78000-7fab24b79000 rw-p 00005000 fe:01 919078                     /usr/lib64/libXdmcp.so.6.0.0
7fab24b79000-7fab24b7b000 r-xp 00000000 fe:01 919031                     /usr/lib64/libXau.so.6.0.0
7fab24b7b000-7fab24d7b000 ---p 00002000 fe:01 919031                     /usr/lib64/libXau.so.6.0.0
7fab24d7b000-7fab24d7c000 r--p 00002000 fe:01 919031                     /usr/lib64/libXau.so.6.0.0
7fab24d7c000-7fab24d7d000 rw-p 00003000 fe:01 919031                     /usr/lib64/libXau.so.6.0.0
7fab24d7d000-7fab24d8e000 r-xp 00000000 fe:01 10495                      /usr/lib64/libwayland-server.so.0.1.0
7fab24d8e000-7fab24f8d000 ---p 00011000 fe:01 10495                      /usr/lib64/libwayland-server.so.0.1.0
7fab24f8d000-7fab24f8f000 r--p 00010000 fe:01 10495                      /usr/lib64/libwayland-server.so.0.1.0
7fab24f8f000-7fab24f90000 rw-p 00012000 fe:01 10495                      /usr/lib64/libwayland-server.so.0.1.0
7fab24f90000-7fab24f9d000 r-xp 00000000 fe:01 791547                     /usr/lib64/libgbm.so.1.0.0
7fab24f9d000-7fab2519d000 ---p 0000d000 fe:01 791547                     /usr/lib64/libgbm.so.1.0.0
7fab2519d000-7fab2519e000 r--p 0000d000 fe:01 791547                     /usr/lib64/libgbm.so.1.0.0
7fab2519e000-7fab2519f000 rw-p 0000e000 fe:01 791547                     /usr/lib64/libgbm.so.1.0.0
7fab2519f000-7fab251ac000 r-xp 00000000 fe:01 10541                      /usr/lib64/libwayland-client.so.0.3.0
7fab251ac000-7fab253ab000 ---p 0000d000 fe:01 10541                      /usr/lib64/libwayland-client.so.0.3.0
7fab253ab000-7fab253ad000 r--p 0000c000 fe:01 10541                      /usr/lib64/libwayland-client.so.0.3.0
7fab253ad000-7fab253ae000 rw-p 0000e000 fe:01 10541                      /usr/lib64/libwayland-client.so.0.3.0
7fab253ae000-7fab253d8000 r-xp 00000000 fe:01 714026                     /usr/lib64/libgraphite2.so.3.0.1
7fab253d8000-7fab255d8000 ---p 0002a000 fe:01 714026                     /usr/lib64/libgraphite2.so.3.0.1
7fab255d8000-7fab255da000 r--p 0002a000 fe:01 714026                     /usr/lib64/libgraphite2.so.3.0.1
7fab255da000-7fab255db000 rw-p 0002c000 fe:01 714026                     /usr/lib64/libgraphite2.so.3.0.1
7fab255db000-7fab25620000 r-xp 00000000 fe:01 982786                     /lib64/libblkid.so.1.1.0
7fab25620000-7fab2581f000 ---p 00045000 fe:01 982786                     /lib64/libblkid.so.1.1.0
7fab2581f000-7fab25823000 r--p 00044000 fe:01 982786                     /lib64/libblkid.so.1.1.0
7fab25823000-7fab25824000 rw-p 00048000 fe:01 982786                     /lib64/libblkid.so.1.1.0
7fab25824000-7fab25825000 rw-p 00000000 00:00 0 
7fab25825000-7fab25836000 r-xp 00000000 fe:01 843703                     /usr/lib64/libdrm.so.2.4.0
7fab25836000-7fab25a35000 ---p 00011000 fe:01 843703                     /usr/lib64/libdrm.so.2.4.0
7fab25a35000-7fab25a36000 r--p 00010000 fe:01 843703                     /usr/lib64/libdrm.so.2.4.0
7fab25a36000-7fab25a37000 rw-p 00011000 fe:01 843703                     /usr/lib64/libdrm.so.2.4.0
7fab25a37000-7fab25a3b000 r-xp 00000000 fe:01 765863                     /usr/lib64/libxcb-dri2.so.0.0.0
7fab25a3b000-7fab25c3a000 ---p 00004000 fe:01 765863                     /usr/lib64/libxcb-dri2.so.0.0.0
7fab25c3a000-7fab25c3b000 r--p 00003000 fe:01 765863                     /usr/lib64/libxcb-dri2.so.0.0.0
7fab25c3b000-7fab25c3c000 rw-p 00004000 fe:01 765863                     /usr/lib64/libxcb-dri2.so.0.0.0
7fab25c3c000-7fab25c55000 r-xp 00000000 fe:01 765819                     /usr/lib64/libxcb-glx.so.0.0.0
7fab25c55000-7fab25e55000 ---p 00019000 fe:01 765819                     /usr/lib64/libxcb-glx.so.0.0.0
7fab25e55000-7fab25e57000 r--p 00019000 fe:01 765819                     /usr/lib64/libxcb-glx.so.0.0.0
7fab25e57000-7fab25e58000 rw-p 0001b000 fe:01 765819                     /usr/lib64/libxcb-glx.so.0.0.0
7fab25e58000-7fab25e59000 r-xp 00000000 fe:01 53990                      /usr/lib64/libX11-xcb.so.1.0.0
7fab25e59000-7fab26058000 ---p 00001000 fe:01 53990                      /usr/lib64/libX11-xcb.so.1.0.0
7fab26058000-7fab26059000 r--p 00000000 fe:01 53990                      /usr/lib64/libX11-xcb.so.1.0.0
7fab26059000-7fab2605a000 rw-p 00001000 fe:01 53990                      /usr/lib64/libX11-xcb.so.1.0.0
7fab2605a000-7fab26086000 r-xp 00000000 fe:01 791508                     /usr/lib64/libglapi.so.0.0.0
7fab26086000-7fab26285000 ---p 0002c000 fe:01 791508                     /usr/lib64/libglapi.so.0.0.0
7fab26285000-7fab26289000 r--p 0002b000 fe:01 791508                     /usr/lib64/libglapi.so.0.0.0
7fab26289000-7fab2628a000 rw-p 0002f000 fe:01 791508                     /usr/lib64/libglapi.so.0.0.0
7fab2628a000-7fab2628b000 rw-p 00000000 00:00 0 
7fab2628b000-7fab2628c000 r-xp 00000000 fe:01 918980                     /usr/lib64/libxshmfence.so.1.0.0
7fab2628c000-7fab2648b000 ---p 00001000 fe:01 918980                     /usr/lib64/libxshmfence.so.1.0.0
7fab2648b000-7fab2648c000 r--p 00000000 fe:01 918980                     /usr/lib64/libxshmfence.so.1.0.0
7fab2648c000-7fab2648d000 rw-p 00001000 fe:01 918980                     /usr/lib64/libxshmfence.so.1.0.0
7fab2648d000-7fab26493000 r-xp 00000000 fe:01 765912                     /usr/lib64/libxcb-sync.so.1.0.0
7fab26493000-7fab26692000 ---p 00006000 fe:01 765912                     /usr/lib64/libxcb-sync.so.1.0.0
7fab26692000-7fab26693000 r--p 00005000 fe:01 765912                     /usr/lib64/libxcb-sync.so.1.0.0
7fab26693000-7fab26694000 rw-p 00006000 fe:01 765912                     /usr/lib64/libxcb-sync.so.1.0.0
7fab26694000-7fab26696000 r-xp 00000000 fe:01 765882                     /usr/lib64/libxcb-present.so.0.0.0
7fab26696000-7fab26895000 ---p 00002000 fe:01 765882                     /usr/lib64/libxcb-present.so.0.0.0
7fab26895000-7fab26896000 r--p 00001000 fe:01 765882                     /usr/lib64/libxcb-present.so.0.0.0
7fab26896000-7fab26897000 rw-p 00002000 fe:01 765882                     /usr/lib64/libxcb-present.so.0.0.0
7fab26897000-7fab2689e000 r-xp 00000000 fe:01 765922                     /usr/lib64/libxcb-xfixes.so.0.0.0
7fab2689e000-7fab26a9d000 ---p 00007000 fe:01 765922                     /usr/lib64/libxcb-xfixes.so.0.0.0
7fab26a9d000-7fab26a9e000 r--p 00006000 fe:01 765922                     /usr/lib64/libxcb-xfixes.so.0.0.0
7fab26a9e000-7fab26a9f000 rw-p 00007000 fe:01 765922                     /usr/lib64/libxcb-xfixes.so.0.0.0
7fab26a9f000-7fab26aa1000 r-xp 00000000 fe:01 765814                     /usr/lib64/libxcb-dri3.so.0.0.0
7fab26aa1000-7fab26ca0000 ---p 00002000 fe:01 765814                     /usr/lib64/libxcb-dri3.so.0.0.0
7fab26ca0000-7fab26ca1000 r--p 00001000 fe:01 765814                     /usr/lib64/libxcb-dri3.so.0.0.0
7fab26ca1000-7fab26ca2000 rw-p 00002000 fe:01 765814                     /usr/lib64/libxcb-dri3.so.0.0.0
7fab26ca2000-7fab26d13000 r-xp 00000000 fe:01 920752                     /lib64/libpcre.so.1.2.9
7fab26d13000-7fab26f12000 ---p 00071000 fe:01 920752                     /lib64/libpcre.so.1.2.9
7fab26f12000-7fab26f13000 r--p 00070000 fe:01 920752                     /lib64/libpcre.so.1.2.9
7fab26f13000-7fab26f14000 rw-p 00071000 fe:01 920752                     /lib64/libpcre.so.1.2.9
7fab26f14000-7fab26f1b000 r-xp 00000000 fe:01 49617                      /usr/lib64/libffi.so.6.0.4
7fab26f1b000-7fab2711b000 ---p 00007000 fe:01 49617                      /usr/lib64/libffi.so.6.0.4
7fab2711b000-7fab2711c000 r--p 00007000 fe:01 49617                      /usr/lib64/libffi.so.6.0.4
7fab2711c000-7fab2711d000 rw-p 00008000 fe:01 49617                      /usr/lib64/libffi.so.6.0.4
7fab2711d000-7fab27144000 r-xp 00000000 fe:01 49184                      /usr/lib64/libexpat.so.1.6.7
7fab27144000-7fab27344000 ---p 00027000 fe:01 49184                      /usr/lib64/libexpat.so.1.6.7
7fab27344000-7fab27346000 r--p 00027000 fe:01 49184                      /usr/lib64/libexpat.so.1.6.7
7fab27346000-7fab27347000 rw-p 00029000 fe:01 49184                      /usr/lib64/libexpat.so.1.6.7
7fab27347000-7fab27356000 r-xp 00000000 fe:01 480410                     /lib64/libbz2.so.1.0.6
7fab27356000-7fab27556000 ---p 0000f000 fe:01 480410                     /lib64/libbz2.so.1.0.6
7fab27556000-7fab27557000 r--p 0000f000 fe:01 480410                     /lib64/libbz2.so.1.0.6
7fab27557000-7fab27558000 rw-p 00010000 fe:01 480410                     /lib64/libbz2.so.1.0.6
7fab27558000-7fab27565000 r-xp 00000000 fe:01 765877                     /usr/lib64/libxcb-render.so.0.0.0
7fab27565000-7fab27764000 ---p 0000d000 fe:01 765877                     /usr/lib64/libxcb-render.so.0.0.0
7fab27764000-7fab27765000 r--p 0000c000 fe:01 765877                     /usr/lib64/libxcb-render.so.0.0.0
7fab27765000-7fab27766000 rw-p 0000d000 fe:01 765877                     /usr/lib64/libxcb-render.so.0.0.0
7fab27766000-7fab2778e000 r-xp 00000000 fe:01 765809                     /usr/lib64/libxcb.so.1.1.0
7fab2778e000-7fab2798d000 ---p 00028000 fe:01 765809                     /usr/lib64/libxcb.so.1.1.0
7fab2798d000-7fab2798e000 r--p 00027000 fe:01 765809                     /usr/lib64/libxcb.so.1.1.0
7fab2798e000-7fab2798f000 rw-p 00028000 fe:01 765809                     /usr/lib64/libxcb.so.1.1.0
7fab2798f000-7fab27991000 r-xp 00000000 fe:01 765907                     /usr/lib64/libxcb-shm.so.0.0.0
7fab27991000-7fab27b91000 ---p 00002000 fe:01 765907                     /usr/lib64/libxcb-shm.so.0.0.0
7fab27b91000-7fab27b92000 r--p 00002000 fe:01 765907                     /usr/lib64/libxcb-shm.so.0.0.0
7fab27b92000-7fab27b93000 rw-p 00003000 fe:01 765907                     /usr/lib64/libxcb-shm.so.0.0.0
7fab27b93000-7fab27bc7000 r-xp 00000000 fe:01 171148                     /usr/lib64/libpng16.so.16.29.0
7fab27bc7000-7fab27dc6000 ---p 00034000 fe:01 171148                     /usr/lib64/libpng16.so.16.29.0
7fab27dc6000-7fab27dc7000 r--p 00033000 fe:01 171148                     /usr/lib64/libpng16.so.16.29.0
7fab27dc7000-7fab27dc8000 rw-p 00034000 fe:01 171148                     /usr/lib64/libpng16.so.16.29.0
7fab27dc8000-7fab27dfe000 r-xp 00000000 fe:01 791549                     /usr/lib64/libEGL.so.1.0.0
7fab27dfe000-7fab27ffd000 ---p 00036000 fe:01 791549                     /usr/lib64/libEGL.so.1.0.0
7fab27ffd000-7fab27fff000 r--p 00035000 fe:01 791549                     /usr/lib64/libEGL.so.1.0.0
7fab27fff000-7fab28000000 rw-p 00037000 fe:01 791549                     /usr/lib64/libEGL.so.1.0.0
7fab28000000-7fab29e9c000 rw-p 00000000 00:00 0 
7fab29e9c000-7fab2c000000 ---p 00000000 00:00 0 
7fab2c000000-7fab2c010000 rw-s 00000000 00:05 5576414                    /drm mm object (deleted)
7fab2c010000-7fab2c023000 r--s 00345000 fe:01 939030                     /opt/oracle-jdk-bin-1.8.0.162/jre/lib/resources.jar
7fab2c023000-7fab2c036000 r--p 00000000 fe:01 938584                     /opt/oracle-jdk-bin-1.8.0.162/jre/lib/fonts/LucidaBrightDemiItalic.ttf
7fab2c036000-7fab2c0cd000 r-xp 00000000 fe:01 710732                     /usr/lib64/libpixman-1.so.0.34.0
7fab2c0cd000-7fab2c2cc000 ---p 00097000 fe:01 710732                     /usr/lib64/libpixman-1.so.0.34.0
7fab2c2cc000-7fab2c2d4000 r--p 00096000 fe:01 710732                     /usr/lib64/libpixman-1.so.0.34.0
7fab2c2d4000-7fab2c2d5000 rw-p 0009e000 fe:01 710732                     /usr/lib64/libpixman-1.so.0.34.0
7fab2c2d5000-7fab2c370000 r-xp 00000000 fe:01 841776                     /usr/lib64/libharfbuzz.so.0.10702.0
7fab2c370000-7fab2c570000 ---p 0009b000 fe:01 841776                     /usr/lib64/libharfbuzz.so.0.10702.0
7fab2c570000-7fab2c571000 r--p 0009b000 fe:01 841776                     /usr/lib64/libharfbuzz.so.0.10702.0
7fab2c571000-7fab2c572000 rw-p 0009c000 fe:01 841776                     /usr/lib64/libharfbuzz.so.0.10702.0
7fab2c572000-7fab2c5c2000 r-xp 00000000 fe:01 982959                     /lib64/libmount.so.1.1.0
7fab2c5c2000-7fab2c7c2000 ---p 00050000 fe:01 982959                     /lib64/libmount.so.1.1.0
7fab2c7c2000-7fab2c7c4000 r--p 00050000 fe:01 982959                     /lib64/libmount.so.1.1.0
7fab2c7c4000-7fab2c7c5000 rw-p 00052000 fe:01 982959                     /lib64/libmount.so.1.1.0
7fab2c7c5000-7fab2c7c7000 rw-p 00000000 00:00 0 
7fab2c7c7000-7fab2c7da000 r-xp 00000000 fe:01 417827                     /lib64/libresolv-2.25.so
7fab2c7da000-7fab2c9da000 ---p 00013000 fe:01 417827                     /lib64/libresolv-2.25.so
7fab2c9da000-7fab2c9db000 r--p 00013000 fe:01 417827                     /lib64/libresolv-2.25.so
7fab2c9db000-7fab2c9dc000 rw-p 00014000 fe:01 417827                     /lib64/libresolv-2.25.so
7fab2c9dc000-7fab2c9de000 rw-p 00000000 00:00 0 
7fab2c9de000-7fab2c9f4000 r-xp 00000000 fe:01 49105                      /lib64/libz.so.1.2.11
7fab2c9f4000-7fab2cbf3000 ---p 00016000 fe:01 49105                      /lib64/libz.so.1.2.11
7fab2cbf3000-7fab2cbf4000 r--p 00015000 fe:01 49105                      /lib64/libz.so.1.2.11
7fab2cbf4000-7fab2cbf5000 rw-p 00016000 fe:01 49105                      /lib64/libz.so.1.2.11
7fab2cbf5000-7fab2cc06000 r-xp 00000000 fe:01 167633                     /usr/lib64/libXext.so.6.4.0
7fab2cc06000-7fab2ce05000 ---p 00011000 fe:01 167633                     /usr/lib64/libXext.so.6.4.0
7fab2ce05000-7fab2ce06000 r--p 00010000 fe:01 167633                     /usr/lib64/libXext.so.6.4.0
7fab2ce06000-7fab2ce07000 rw-p 00011000 fe:01 167633                     /usr/lib64/libXext.so.6.4.0
7fab2ce07000-7fab2ce09000 r-xp 00000000 fe:01 167360                     /usr/lib64/libXdamage.so.1.1.0
7fab2ce09000-7fab2d008000 ---p 00002000 fe:01 167360                     /usr/lib64/libXdamage.so.1.1.0
7fab2d008000-7fab2d009000 r--p 00001000 fe:01 167360                     /usr/lib64/libXdamage.so.1.1.0
7fab2d009000-7fab2d00a000 rw-p 00002000 fe:01 167360                     /usr/lib64/libXdamage.so.1.1.0
7fab2d00a000-7fab2d00c000 r-xp 00000000 fe:01 167425                     /usr/lib64/libXcomposite.so.1.0.0
7fab2d00c000-7fab2d20b000 ---p 00002000 fe:01 167425                     /usr/lib64/libXcomposite.so.1.0.0
7fab2d20b000-7fab2d20c000 r--p 00001000 fe:01 167425                     /usr/lib64/libXcomposite.so.1.0.0
7fab2d20c000-7fab2d20d000 rw-p 00002000 fe:01 167425                     /usr/lib64/libXcomposite.so.1.0.0
7fab2d20d000-7fab2d217000 r-xp 00000000 fe:01 167439                     /usr/lib64/libXcursor.so.1.0.2
7fab2d217000-7fab2d416000 ---p 0000a000 fe:01 167439                     /usr/lib64/libXcursor.so.1.0.2
7fab2d416000-7fab2d417000 r--p 00009000 fe:01 167439                     /usr/lib64/libXcursor.so.1.0.2
7fab2d417000-7fab2d418000 rw-p 0000a000 fe:01 167439                     /usr/lib64/libXcursor.so.1.0.2
7fab2d418000-7fab2d422000 r-xp 00000000 fe:01 167398                     /usr/lib64/libXrandr.so.2.2.0
7fab2d422000-7fab2d621000 ---p 0000a000 fe:01 167398                     /usr/lib64/libXrandr.so.2.2.0
7fab2d621000-7fab2d622000 r--p 00009000 fe:01 167398                     /usr/lib64/libXrandr.so.2.2.0
7fab2d622000-7fab2d623000 rw-p 0000a000 fe:01 167398                     /usr/lib64/libXrandr.so.2.2.0
7fab2d623000-7fab2d632000 r-xp 00000000 fe:01 168023                     /usr/lib64/libXi.so.6.1.0
7fab2d632000-7fab2d831000 ---p 0000f000 fe:01 168023                     /usr/lib64/libXi.so.6.1.0
7fab2d831000-7fab2d832000 r--p 0000e000 fe:01 168023                     /usr/lib64/libXi.so.6.1.0
7fab2d832000-7fab2d833000 rw-p 0000f000 fe:01 168023                     /usr/lib64/libXi.so.6.1.0
7fab2d833000-7fab2d83c000 r-xp 00000000 fe:01 167246                     /usr/lib64/libXrender.so.1.3.0
7fab2d83c000-7fab2da3b000 ---p 00009000 fe:01 167246                     /usr/lib64/libXrender.so.1.3.0
7fab2da3b000-7fab2da3c000 r--p 00008000 fe:01 167246                     /usr/lib64/libXrender.so.1.3.0
7fab2da3c000-7fab2da3d000 rw-p 00009000 fe:01 167246                     /usr/lib64/libXrender.so.1.3.0
7fab2da3d000-7fab2da42000 r-xp 00000000 fe:01 167055                     /usr/lib64/libXfixes.so.3.1.0
7fab2da42000-7fab2dc41000 ---p 00005000 fe:01 167055                     /usr/lib64/libXfixes.so.3.1.0
7fab2dc41000-7fab2dc42000 r--p 00004000 fe:01 167055                     /usr/lib64/libXfixes.so.3.1.0
7fab2dc42000-7fab2dc43000 rw-p 00005000 fe:01 167055                     /usr/lib64/libXfixes.so.3.1.0
7fab2dc43000-7fab2dc58000 r-xp 00000000 fe:01 795847                     /usr/lib64/gcc/x86_64-pc-linux-gnu/6.4.0/libgcc_s.so.1
7fab2dc58000-7fab2de57000 ---p 00015000 fe:01 795847                     /usr/lib64/gcc/x86_64-pc-linux-gnu/6.4.0/libgcc_s.so.1
7fab2de57000-7fab2de58000 r--p 00014000 fe:01 795847                     /usr/lib64/gcc/x86_64-pc-linux-gnu/6.4.0/libgcc_s.so.1
7fab2de58000-7fab2de59000 rw-p 00015000 fe:01 795847                     /usr/lib64/gcc/x86_64-pc-linux-gnu/6.4.0/libgcc_s.so.1
7fab2de59000-7fab2e045000 r-xp 00000000 fe:01 796245                     /usr/lib64/gcc/x86_64-pc-linux-gnu/6.4.0/libstdc++.so.6.0.22
7fab2e045000-7fab2e244000 ---p 001ec000 fe:01 796245                     /usr/lib64/gcc/x86_64-pc-linux-gnu/6.4.0/libstdc++.so.6.0.22
7fab2e244000-7fab2e251000 r--p 001eb000 fe:01 796245                     /usr/lib64/gcc/x86_64-pc-linux-gnu/6.4.0/libstdc++.so.6.0.22
7fab2e251000-7fab2e255000 rw-p 001f8000 fe:01 796245                     /usr/lib64/gcc/x86_64-pc-linux-gnu/6.4.0/libstdc++.so.6.0.22
7fab2e255000-7fab2e258000 rw-p 00000000 00:00 0 
7fab2e258000-7fab2e2c7000 r-xp 00000000 fe:01 791548                     /usr/lib64/libGL.so.1.2.0
7fab2e2c7000-7fab2e4c6000 ---p 0006f000 fe:01 791548                     /usr/lib64/libGL.so.1.2.0
7fab2e4c6000-7fab2e4c9000 r--p 0006e000 fe:01 791548                     /usr/lib64/libGL.so.1.2.0
7fab2e4c9000-7fab2e4ca000 rw-p 00071000 fe:01 791548                     /usr/lib64/libGL.so.1.2.0
7fab2e4ca000-7fab2e4cb000 rw-p 00000000 00:00 0 
7fab2e4cb000-7fab2e4d0000 r-xp 00000000 fe:01 167540                     /usr/lib64/libXxf86vm.so.1.0.0
7fab2e4d0000-7fab2e6cf000 ---p 00005000 fe:01 167540                     /usr/lib64/libXxf86vm.so.1.0.0
7fab2e6cf000-7fab2e6d0000 r--p 00004000 fe:01 167540                     /usr/lib64/libXxf86vm.so.1.0.0
7fab2e6d0000-7fab2e6d1000 rw-p 00005000 fe:01 167540                     /usr/lib64/libXxf86vm.so.1.0.0
7fab2e6d1000-7fab2e808000 r-xp 00000000 fe:01 53971                      /usr/lib64/libX11.so.6.3.0
7fab2e808000-7fab2ea08000 ---p 00137000 fe:01 53971                      /usr/lib64/libX11.so.6.3.0
7fab2ea08000-7fab2ea09000 r--p 00137000 fe:01 53971                      /usr/lib64/libX11.so.6.3.0
7fab2ea09000-7fab2ea0e000 rw-p 00138000 fe:01 53971                      /usr/lib64/libX11.so.6.3.0
7fab2ea0e000-7fab2ea13000 r-xp 00000000 fe:01 706443                     /usr/lib64/libXtst.so.6.1.0
7fab2ea13000-7fab2ec12000 ---p 00005000 fe:01 706443                     /usr/lib64/libXtst.so.6.1.0
7fab2ec12000-7fab2ec13000 r--p 00004000 fe:01 706443                     /usr/lib64/libXtst.so.6.1.0
7fab2ec13000-7fab2ec14000 rw-p 00005000 fe:01 706443                     /usr/lib64/libXtst.so.6.1.0
7fab2ec14000-7fab2ed25000 r-xp 00000000 fe:01 1073213                    /usr/lib64/libglib-2.0.so.0.5200.3
7fab2ed25000-7fab2ef24000 ---p 00111000 fe:01 1073213                    /usr/lib64/libglib-2.0.so.0.5200.3
7fab2ef24000-7fab2ef25000 r--p 00110000 fe:01 1073213                    /usr/lib64/libglib-2.0.so.0.5200.3
7fab2ef25000-7fab2ef26000 rw-p 00111000 fe:01 1073213                    /usr/lib64/libglib-2.0.so.0.5200.3
7fab2ef26000-7fab2ef27000 rw-p 00000000 00:00 0 
7fab2ef27000-7fab2ef28000 r-xp 00000000 fe:01 1073304                    /usr/lib64/libgthread-2.0.so.0.5200.3
7fab2ef28000-7fab2f127000 ---p 00001000 fe:01 1073304                    /usr/lib64/libgthread-2.0.so.0.5200.3
7fab2f127000-7fab2f128000 r--p 00000000 fe:01 1073304                    /usr/lib64/libgthread-2.0.so.0.5200.3
7fab2f128000-7fab2f129000 rw-p 00001000 fe:01 1073304                    /usr/lib64/libgthread-2.0.so.0.5200.3
7fab2f129000-7fab2f12c000 r-xp 00000000 fe:01 1073219                    /usr/lib64/libgmodule-2.0.so.0.5200.3
7fab2f12c000-7fab2f32b000 ---p 00003000 fe:01 1073219                    /usr/lib64/libgmodule-2.0.so.0.5200.3
7fab2f32b000-7fab2f32c000 r--p 00002000 fe:01 1073219                    /usr/lib64/libgmodule-2.0.so.0.5200.3
7fab2f32c000-7fab2f32d000 rw-p 00003000 fe:01 1073219                    /usr/lib64/libgmodule-2.0.so.0.5200.3
7fab2f32d000-7fab2f37f000 r-xp 00000000 fe:01 1073305                    /usr/lib64/libgobject-2.0.so.0.5200.3
7fab2f37f000-7fab2f57e000 ---p 00052000 fe:01 1073305                    /usr/lib64/libgobject-2.0.so.0.5200.3
7fab2f57e000-7fab2f57f000 r--p 00051000 fe:01 1073305                    /usr/lib64/libgobject-2.0.so.0.5200.3
7fab2f57f000-7fab2f580000 rw-p 00052000 fe:01 1073305                    /usr/lib64/libgobject-2.0.so.0.5200.3
7fab2f580000-7fab2f5bf000 r-xp 00000000 fe:01 841248                     /usr/lib64/libfontconfig.so.1.10.1
7fab2f5bf000-7fab2f7be000 ---p 0003f000 fe:01 841248                     /usr/lib64/libfontconfig.so.1.10.1
7fab2f7be000-7fab2f7c0000 r--p 0003e000 fe:01 841248                     /usr/lib64/libfontconfig.so.1.10.1
7fab2f7c0000-7fab2f7c5000 rw-p 00040000 fe:01 841248                     /usr/lib64/libfontconfig.so.1.10.1
7fab2f7c5000-7fab2f882000 r-xp 00000000 fe:01 166697                     /usr/lib64/libfreetype.so.6.14.0
7fab2f882000-7fab2fa82000 ---p 000bd000 fe:01 166697                     /usr/lib64/libfreetype.so.6.14.0
7fab2fa82000-7fab2fa89000 r--p 000bd000 fe:01 166697                     /usr/lib64/libfreetype.so.6.14.0
7fab2fa89000-7fab2fa8a000 rw-p 000c4000 fe:01 166697                     /usr/lib64/libfreetype.so.6.14.0
7fab2fa8a000-7fab2fad5000 r-xp 00000000 fe:01 848061                     /usr/lib64/libpango-1.0.so.0.4000.14
7fab2fad5000-7fab2fcd5000 ---p 0004b000 fe:01 848061                     /usr/lib64/libpango-1.0.so.0.4000.14
7fab2fcd5000-7fab2fcd7000 r--p 0004b000 fe:01 848061                     /usr/lib64/libpango-1.0.so.0.4000.14
7fab2fcd7000-7fab2fcd8000 rw-p 0004d000 fe:01 848061                     /usr/lib64/libpango-1.0.so.0.4000.14
7fab2fcd8000-7fab2fdfb000 r-xp 00000000 fe:01 776088                     /usr/lib64/libcairo.so.2.11400.12
7fab2fdfb000-7fab2fffa000 ---p 00123000 fe:01 776088                     /usr/lib64/libcairo.so.2.11400.12
7fab2fffa000-7fab2fffd000 r--p 00122000 fe:01 776088                     /usr/lib64/libcairo.so.2.11400.12
7fab2fffd000-7fab2ffff000 rw-p 00125000 fe:01 776088                     /usr/lib64/libcairo.so.2.11400.12
7fab2ffff000-7fab30000000 rw-p 00000000 00:00 0 
7fab30000000-7fab30021000 rw-p 00000000 00:00 0 
7fab30021000-7fab34000000 ---p 00000000 00:00 0 
7fab34000000-7fab34021000 rw-p 00000000 00:00 0 
7fab34021000-7fab38000000 ---p 00000000 00:00 0 
7fab38000000-7fab384cc000 rw-p 00000000 00:00 0 
7fab384cc000-7fab3c000000 ---p 00000000 00:00 0 
7fab3c000000-7fab3c51b000 rw-p 00000000 00:00 0 
7fab3c51b000-7fab40000000 ---p 00000000 00:00 0 
7fab40000000-7fab40592000 rw-p 00000000 00:00 0 
7fab40592000-7fab44000000 ---p 00000000 00:00 0 
7fab44000000-7fab443e7000 rw-p 00000000 00:00 0 
7fab443e7000-7fab48000000 ---p 00000000 00:00 0 
7fab48000000-7fab48021000 rw-p 00000000 00:00 0 
7fab48021000-7fab4c000000 ---p 00000000 00:00 0 
7fab4c000000-7fab4c005000 rw-s 00000000 00:05 5576415                    /drm mm object (deleted)
7fab4c005000-7fab4c011000 rw-s 00000000 00:05 5576405                    /drm mm object (deleted)
7fab4c011000-7fab4c024000 r--p 00000000 fe:01 938589                     /opt/oracle-jdk-bin-1.8.0.162/jre/lib/fonts/LucidaBrightDemiBold.ttf
7fab4c024000-7fab4c038000 r--p 00000000 fe:01 938579                     /opt/oracle-jdk-bin-1.8.0.162/jre/lib/fonts/LucidaBrightItalic.ttf
7fab4c038000-7fab4c08d000 r--p 00000000 fe:01 938581                     /opt/oracle-jdk-bin-1.8.0.162/jre/lib/fonts/LucidaBrightRegular.ttf
7fab4c08d000-7fab4c092000 r--s 00084000 fe:01 938565                     /opt/oracle-jdk-bin-1.8.0.162/jre/lib/jfr.jar
7fab4c092000-7fab4c097000 r--s 0009d000 fe:01 939137                     /opt/oracle-jdk-bin-1.8.0.162/jre/lib/jsse.jar
7fab4c097000-7fab4c0a2000 r--s 00000000 fe:01 695169                     /var/cache/fontconfig/acc285bc1956c3c4bc7afb41d537a85a-le64.cache-7
7fab4c0a2000-7fab4c0a5000 ---p 00000000 00:00 0 
7fab4c0a5000-7fab4c1a3000 rw-p 00000000 00:00 0 
7fab4c1a3000-7fab4c1af000 r-xp 00000000 fe:01 848062                     /usr/lib64/libpangocairo-1.0.so.0.4000.14
7fab4c1af000-7fab4c3ae000 ---p 0000c000 fe:01 848062                     /usr/lib64/libpangocairo-1.0.so.0.4000.14
7fab4c3ae000-7fab4c3af000 r--p 0000b000 fe:01 848062                     /usr/lib64/libpangocairo-1.0.so.0.4000.14
7fab4c3af000-7fab4c3b0000 rw-p 0000c000 fe:01 848062                     /usr/lib64/libpangocairo-1.0.so.0.4000.14
7fab4c3b0000-7fab4c3d3000 r-xp 00000000 fe:01 657025                     /usr/lib64/libgdk_pixbuf-2.0.so.0.3611.0
7fab4c3d3000-7fab4c5d2000 ---p 00023000 fe:01 657025                     /usr/lib64/libgdk_pixbuf-2.0.so.0.3611.0
7fab4c5d2000-7fab4c5d3000 r--p 00022000 fe:01 657025                     /usr/lib64/libgdk_pixbuf-2.0.so.0.3611.0
7fab4c5d3000-7fab4c5d4000 rw-p 00023000 fe:01 657025                     /usr/lib64/libgdk_pixbuf-2.0.so.0.3611.0
7fab4c5d4000-7fab4c5e8000 r-xp 00000000 fe:01 848051                     /usr/lib64/libpangoft2-1.0.so.0.4000.14
7fab4c5e8000-7fab4c7e7000 ---p 00014000 fe:01 848051                     /usr/lib64/libpangoft2-1.0.so.0.4000.14
7fab4c7e7000-7fab4c7e8000 r--p 00013000 fe:01 848051                     /usr/lib64/libpangoft2-1.0.so.0.4000.14
7fab4c7e8000-7fab4c7e9000 rw-p 00014000 fe:01 848051                     /usr/lib64/libpangoft2-1.0.so.0.4000.14
7fab4c7e9000-7fab4c979000 r-xp 00000000 fe:01 1073306                    /usr/lib64/libgio-2.0.so.0.5200.3
7fab4c979000-7fab4cb79000 ---p 00190000 fe:01 1073306                    /usr/lib64/libgio-2.0.so.0.5200.3
7fab4cb79000-7fab4cb7e000 r--p 00190000 fe:01 1073306                    /usr/lib64/libgio-2.0.so.0.5200.3
7fab4cb7e000-7fab4cb80000 rw-p 00195000 fe:01 1073306                    /usr/lib64/libgio-2.0.so.0.5200.3
7fab4cb80000-7fab4cb82000 rw-p 00000000 00:00 0 
7fab4cb82000-7fab4cba5000 r-xp 00000000 fe:01 751145                     /usr/lib64/libatk-1.0.so.0.22409.1
7fab4cba5000-7fab4cda4000 ---p 00023000 fe:01 751145                     /usr/lib64/libatk-1.0.so.0.22409.1
7fab4cda4000-7fab4cda7000 r--p 00022000 fe:01 751145                     /usr/lib64/libatk-1.0.so.0.22409.1
7fab4cda7000-7fab4cda8000 rw-p 00025000 fe:01 751145                     /usr/lib64/libatk-1.0.so.0.22409.1
7fab4cda8000-7fab4d1da000 r-xp 00000000 fe:01 139437                     /usr/lib64/libgtk-x11-2.0.so.0.2400.31
7fab4d1da000-7fab4d3d9000 ---p 00432000 fe:01 139437                     /usr/lib64/libgtk-x11-2.0.so.0.2400.31
7fab4d3d9000-7fab4d3e0000 r--p 00431000 fe:01 139437                     /usr/lib64/libgtk-x11-2.0.so.0.2400.31
7fab4d3e0000-7fab4d3e4000 rw-p 00438000 fe:01 139437                     /usr/lib64/libgtk-x11-2.0.so.0.2400.31
7fab4d3e4000-7fab4d3e7000 rw-p 00000000 00:00 0 
7fab4d3e7000-7fab54000000 r--p 00000000 fe:01 791694                     /usr/lib64/locale/locale-archive
7fab54000000-7fab54021000 rw-p 00000000 00:00 0 
7fab54021000-7fab58000000 ---p 00000000 00:00 0 
7fab58000000-7fab58021000 rw-p 00000000 00:00 0 
7fab58021000-7fab5c000000 ---p 00000000 00:00 0 
7fab5c000000-7fab5c021000 rw-p 00000000 00:00 0 
7fab5c021000-7fab60000000 ---p 00000000 00:00 0 
7fab60000000-7fab60001000 rw-s 00000000 00:05 5578904                    /drm mm object (deleted)
7fab60001000-7fab60004000 r--s 00000000 fe:01 695174                     /var/cache/fontconfig/0b1bcc92b4d25cc154d77dafe3bceaa0-le64.cache-7
7fab60004000-7fab60008000 r--s 00000000 fe:01 695171                     /var/cache/fontconfig/6d2376a383715d59725915647ddb0428-le64.cache-7
7fab60008000-7fab6000e000 r--s 00000000 fe:01 695168                     /var/cache/fontconfig/4460665c0f3e88acdd4c85aa2f409b99-le64.cache-7
7fab6000e000-7fab6001a000 r--s 00000000 fe:01 695167                     /var/cache/fontconfig/a0663135713e7191a842fe22e0157189-le64.cache-7
7fab6001a000-7fab6001b000 r--s 00000000 fe:01 695166                     /var/cache/fontconfig/25555864a5ce4c4354a06a3e87d97c32-le64.cache-7
7fab6001b000-7fab6002d000 r--s 00000000 fe:01 695165                     /var/cache/fontconfig/f2e43df3287529323e79e7929dc44cc9-le64.cache-7
7fab6002d000-7fab6006f000 r--s 00000000 fe:01 695164                     /var/cache/fontconfig/923e285e415b1073c8df160bee08820f-le64.cache-7
7fab6006f000-7fab60070000 r--s 00000000 fe:01 695163                     /var/cache/fontconfig/e7ea9e40c2cc607a8d34d89a9fc88e57-le64.cache-7
7fab60070000-7fab60087000 r--s 00000000 fe:01 695162                     /var/cache/fontconfig/8d4af663993b81a124ee82e610bb31f9-le64.cache-7
7fab60087000-7fab6008a000 r--s 00000000 fe:01 695160                     /var/cache/fontconfig/019629eead7fd8624feacc17e1c76e56-le64.cache-7
7fab6008a000-7fab60095000 r--s 00000000 fe:01 695157                     /var/cache/fontconfig/12b26b760a24f8b4feb03ad48a333a72-le64.cache-7
7fab60095000-7fab600cb000 r--s 00000000 fe:02 11406661                   /home/aesophor/.cache/fontconfig/9085acacfd3ed2f69daa65cfe81525f4-le64.cache-7
7fab600cb000-7fab6017b000 r-xp 00000000 fe:01 139436                     /usr/lib64/libgdk-x11-2.0.so.0.2400.31
7fab6017b000-7fab6037a000 ---p 000b0000 fe:01 139436                     /usr/lib64/libgdk-x11-2.0.so.0.2400.31
7fab6037a000-7fab6037e000 r--p 000af000 fe:01 139436                     /usr/lib64/libgdk-x11-2.0.so.0.2400.31
7fab6037e000-7fab60380000 rw-p 000b3000 fe:01 139436                     /usr/lib64/libgdk-x11-2.0.so.0.2400.31
7fab60380000-7fab68000000 rw-p 00000000 00:00 0 
7fab68000000-7fab68021000 rw-p 00000000 00:00 0 
7fab68021000-7fab6c000000 ---p 00000000 00:00 0 
7fab6c000000-7fab6c021000 rw-p 00000000 00:00 0 
7fab6c021000-7fab70000000 ---p 00000000 00:00 0 
7fab70000000-7fab70021000 rw-p 00000000 00:00 0 
7fab70021000-7fab74000000 ---p 00000000 00:00 0 
7fab74000000-7fab74021000 rw-p 00000000 00:00 0 
7fab74021000-7fab78000000 ---p 00000000 00:00 0 
7fab78000000-7fab78021000 rw-p 00000000 00:00 0 
7fab78021000-7fab7c000000 ---p 00000000 00:00 0 
7fab7c000000-7fab7c021000 rw-p 00000000 00:00 0 
7fab7c021000-7fab80000000 ---p 00000000 00:00 0 
7fab80000000-7fab80021000 rw-p 00000000 00:00 0 
7fab80021000-7fab84000000 ---p 00000000 00:00 0 
7fab84000000-7fab84021000 rw-p 00000000 00:00 0 
7fab84021000-7fab88000000 ---p 00000000 00:00 0 
7fab88000000-7fab88002000 r--s 00000000 fe:01 695161                     /var/cache/fontconfig/19fedb3e2210915f7a739b6fd7a52ad4-le64.cache-7
7fab88002000-7fab88007000 r--s 00000000 fe:01 695152                     /var/cache/fontconfig/1649608eb9b8f94c6b3224be69857e3b-le64.cache-7
7fab88007000-7fab88008000 r--s 00000000 fe:01 695151                     /var/cache/fontconfig/82f0ed23f50806d756be74166fc21c9c-le64.cache-7
7fab88008000-7fab8800a000 r--s 00000000 fe:01 695150                     /var/cache/fontconfig/6ba42ae0000f58711b5caaf10d690066-le64.cache-7
7fab8800a000-7fab8800e000 r--s 00000000 fe:01 695149                     /var/cache/fontconfig/f6b893a7224233d96cb72fd88691c0b4-le64.cache-7
7fab8800e000-7fab88017000 r--s 00000000 fe:01 695146                     /var/cache/fontconfig/df311e82a1a24c41a75c2c930223552e-le64.cache-7
7fab88017000-7fab8801c000 rw-s 00000000 00:05 5576403                    /drm mm object (deleted)
7fab8801c000-7fab88020000 rw-s 00000000 00:05 5574302                    /drm mm object (deleted)
7fab88020000-7fab88025000 rw-s 00000000 00:05 5574298                    /drm mm object (deleted)
7fab88025000-7fab88028000 ---p 00000000 00:00 0 
7fab88028000-7fab88126000 rw-p 00000000 00:00 0 
7fab88126000-7fab88129000 ---p 00000000 00:00 0 
7fab88129000-7fab88227000 rw-p 00000000 00:00 0 
7fab88227000-7fab8822c000 rw-s 00000000 00:05 5578851                    /drm mm object (deleted)
7fab8822c000-7fab88238000 r-xp 00000000 fe:01 940511                     /opt/oracle-jdk-bin-1.8.0.162/jre/lib/amd64/libprism_es2.so
7fab88238000-7fab88437000 ---p 0000c000 fe:01 940511                     /opt/oracle-jdk-bin-1.8.0.162/jre/lib/amd64/libprism_es2.so
7fab88437000-7fab88438000 rw-p 0000b000 fe:01 940511                     /opt/oracle-jdk-bin-1.8.0.162/jre/lib/amd64/libprism_es2.so
7fab88438000-7fab8843b000 ---p 00000000 00:00 0 
7fab8843b000-7fab88539000 rw-p 00000000 00:00 0 
7fab88539000-7fab88567000 r--s 00475000 fe:02 11665602                   /home/aesophor/Code/Java/NetBeansProjects/Hacklympics/Hacklympics/libs/terminalfx-1.0.5.jar
7fab88567000-7fab8857c000 r--s 00237000 fe:02 11665599                   /home/aesophor/Code/Java/NetBeansProjects/Hacklympics/Hacklympics/libs/jfoenix-8.0.1.jar
7fab8857c000-7fab88612000 r--s 0110a000 fe:01 939165                     /opt/oracle-jdk-bin-1.8.0.162/jre/lib/ext/jfxrt.jar
7fab88612000-7fab88613000 ---p 00000000 00:00 0 
7fab88613000-7fab88713000 rw-p 00000000 00:00 0 
7fab88713000-7fab88716000 ---p 00000000 00:00 0 
7fab88716000-7fab88814000 rw-p 00000000 00:00 0 
7fab88814000-7fab88817000 ---p 00000000 00:00 0 
7fab88817000-7fab88915000 rw-p 00000000 00:00 0 
7fab88915000-7fab88918000 ---p 00000000 00:00 0 
7fab88918000-7fab88a16000 rw-p 00000000 00:00 0 
7fab88a16000-7fab88a19000 ---p 00000000 00:00 0 
7fab88a19000-7fab88b17000 rw-p 00000000 00:00 0 
7fab88b17000-7fab88b1a000 ---p 00000000 00:00 0 
7fab88b1a000-7fab88c18000 rw-p 00000000 00:00 0 
7fab88c18000-7fab88c1b000 ---p 00000000 00:00 0 
7fab88c1b000-7fab88d19000 rw-p 00000000 00:00 0 
7fab88d19000-7fab88d1c000 ---p 00000000 00:00 0 
7fab88d1c000-7fab88e1a000 rw-p 00000000 00:00 0 
7fab88e1a000-7fab88e1d000 ---p 00000000 00:00 0 
7fab88e1d000-7fab88f1b000 rw-p 00000000 00:00 0 
7fab88f1b000-7fab88f1c000 ---p 00000000 00:00 0 
7fab88f1c000-7fab8ac60000 rw-p 00000000 00:00 0 
7fab8ac60000-7fab8ae3a000 r--s 03d64000 fe:01 940577                     /opt/oracle-jdk-bin-1.8.0.162/jre/lib/rt.jar
7fab8ae3a000-7fab8be02000 rw-p 00000000 00:00 0 
7fab8be02000-7fab8be03000 ---p 00000000 00:00 0 
7fab8be03000-7fab8bf03000 rw-p 00000000 00:00 0 
7fab8bf03000-7fab8bf04000 ---p 00000000 00:00 0 
7fab8bf04000-7fab8c004000 rw-p 00000000 00:00 0 
7fab8c004000-7fab8c005000 ---p 00000000 00:00 0 
7fab8c005000-7fab8c105000 rw-p 00000000 00:00 0 
7fab8c105000-7fab8c106000 ---p 00000000 00:00 0 
7fab8c106000-7fab8c206000 rw-p 00000000 00:00 0 
7fab8c206000-7fab8c207000 ---p 00000000 00:00 0 
7fab8c207000-7fab8c32c000 rw-p 00000000 00:00 0 
7fab8c32c000-7fab8c837000 ---p 00000000 00:00 0 
7fab8c837000-7fab8c85c000 rw-p 00000000 00:00 0 
7fab8c85c000-7fab8cd67000 ---p 00000000 00:00 0 
7fab8cd67000-7fab8cd91000 rw-p 00000000 00:00 0 
7fab8cd91000-7fab8cfff000 ---p 00000000 00:00 0 
7fab8cfff000-7fab8d000000 rw-p 00000000 00:00 0 
7fab8d000000-7fab8da80000 rwxp 00000000 00:00 0 
7fab8da80000-7fab9c000000 ---p 00000000 00:00 0 
7fab9c000000-7fab9c4af000 rw-p 00000000 00:00 0 
7fab9c4af000-7faba0000000 ---p 00000000 00:00 0 
7faba0000000-7faba00c6000 rw-p 00000000 00:00 0 
7faba00c6000-7faba00c7000 ---p 00000000 00:00 0 
7faba00c7000-7faba01c7000 rw-p 00000000 00:00 0 
7faba01c7000-7faba01c8000 ---p 00000000 00:00 0 
7faba01c8000-7faba02c8000 rw-p 00000000 00:00 0 
7faba02c8000-7faba02c9000 ---p 00000000 00:00 0 
7faba02c9000-7faba03f3000 rw-p 00000000 00:00 0 
7faba03f3000-7faba0789000 ---p 00000000 00:00 0 
7faba0789000-7faba07a4000 r-xp 00000000 fe:01 940492                     /opt/oracle-jdk-bin-1.8.0.162/jre/lib/amd64/libzip.so
7faba07a4000-7faba09a4000 ---p 0001b000 fe:01 940492                     /opt/oracle-jdk-bin-1.8.0.162/jre/lib/amd64/libzip.so
7faba09a4000-7faba09a5000 rw-p 0001b000 fe:01 940492                     /opt/oracle-jdk-bin-1.8.0.162/jre/lib/amd64/libzip.so
7faba09a5000-7faba09b0000 r-xp 00000000 fe:01 417840                     /lib64/libnss_files-2.25.so
7faba09b0000-7faba0baf000 ---p 0000b000 fe:01 417840                     /lib64/libnss_files-2.25.so
7faba0baf000-7faba0bb0000 r--p 0000a000 fe:01 417840                     /lib64/libnss_files-2.25.so
7faba0bb0000-7faba0bb1000 rw-p 0000b000 fe:01 417840                     /lib64/libnss_files-2.25.so
7faba0bb1000-7faba0bbc000 r-xp 00000000 fe:01 417845                     /lib64/libnss_nis-2.25.so
7faba0bbc000-7faba0dbb000 ---p 0000b000 fe:01 417845                     /lib64/libnss_nis-2.25.so
7faba0dbb000-7faba0dbc000 r--p 0000a000 fe:01 417845                     /lib64/libnss_nis-2.25.so
7faba0dbc000-7faba0dbd000 rw-p 0000b000 fe:01 417845                     /lib64/libnss_nis-2.25.so
7faba0dbd000-7faba0dd3000 r-xp 00000000 fe:01 417819                     /lib64/libnsl-2.25.so
7faba0dd3000-7faba0fd2000 ---p 00016000 fe:01 417819                     /lib64/libnsl-2.25.so
7faba0fd2000-7faba0fd3000 r--p 00015000 fe:01 417819                     /lib64/libnsl-2.25.so
7faba0fd3000-7faba0fd4000 rw-p 00016000 fe:01 417819                     /lib64/libnsl-2.25.so
7faba0fd4000-7faba0fd6000 rw-p 00000000 00:00 0 
7faba0fd6000-7faba0fdd000 r-xp 00000000 fe:01 417831                     /lib64/libnss_compat-2.25.so
7faba0fdd000-7faba11dd000 ---p 00007000 fe:01 417831                     /lib64/libnss_compat-2.25.so
7faba11dd000-7faba11de000 r--p 00007000 fe:01 417831                     /lib64/libnss_compat-2.25.so
7faba11de000-7faba11df000 rw-p 00008000 fe:01 417831                     /lib64/libnss_compat-2.25.so
7faba11df000-7faba120a000 r-xp 00000000 fe:01 940450                     /opt/oracle-jdk-bin-1.8.0.162/jre/lib/amd64/libjava.so
7faba120a000-7faba1409000 ---p 0002b000 fe:01 940450                     /opt/oracle-jdk-bin-1.8.0.162/jre/lib/amd64/libjava.so
7faba1409000-7faba140b000 rw-p 0002a000 fe:01 940450                     /opt/oracle-jdk-bin-1.8.0.162/jre/lib/amd64/libjava.so
7faba140b000-7faba1418000 r-xp 00000000 fe:01 940489                     /opt/oracle-jdk-bin-1.8.0.162/jre/lib/amd64/libverify.so
7faba1418000-7faba1618000 ---p 0000d000 fe:01 940489                     /opt/oracle-jdk-bin-1.8.0.162/jre/lib/amd64/libverify.so
7faba1618000-7faba161a000 rw-p 0000d000 fe:01 940489                     /opt/oracle-jdk-bin-1.8.0.162/jre/lib/amd64/libverify.so
7faba161a000-7faba1621000 r-xp 00000000 fe:01 417810                     /lib64/librt-2.25.so
7faba1621000-7faba1820000 ---p 00007000 fe:01 417810                     /lib64/librt-2.25.so
7faba1820000-7faba1821000 r--p 00006000 fe:01 417810                     /lib64/librt-2.25.so
7faba1821000-7faba1822000 rw-p 00007000 fe:01 417810                     /lib64/librt-2.25.so
7faba1822000-7faba1928000 r-xp 00000000 fe:01 417833                     /lib64/libm-2.25.so
7faba1928000-7faba1b28000 ---p 00106000 fe:01 417833                     /lib64/libm-2.25.so
7faba1b28000-7faba1b29000 r--p 00106000 fe:01 417833                     /lib64/libm-2.25.so
7faba1b29000-7faba1b2a000 rw-p 00107000 fe:01 417833                     /lib64/libm-2.25.so
7faba1b2a000-7faba2803000 r-xp 00000000 fe:01 940375                     /opt/oracle-jdk-bin-1.8.0.162/jre/lib/amd64/server/libjvm.so
7faba2803000-7faba2a02000 ---p 00cd9000 fe:01 940375                     /opt/oracle-jdk-bin-1.8.0.162/jre/lib/amd64/server/libjvm.so
7faba2a02000-7faba2adc000 rw-p 00cd8000 fe:01 940375                     /opt/oracle-jdk-bin-1.8.0.162/jre/lib/amd64/server/libjvm.so
7faba2adc000-7faba2b27000 rw-p 00000000 00:00 0 
7faba2b27000-7faba2ccd000 r-xp 00000000 fe:01 417825                     /lib64/libc-2.25.so
7faba2ccd000-7faba2ecc000 ---p 001a6000 fe:01 417825                     /lib64/libc-2.25.so
7faba2ecc000-7faba2ed0000 r--p 001a5000 fe:01 417825                     /lib64/libc-2.25.so
7faba2ed0000-7faba2ed2000 rw-p 001a9000 fe:01 417825                     /lib64/libc-2.25.so
7faba2ed2000-7faba2ed6000 rw-p 00000000 00:00 0 
7faba2ed6000-7faba2ed9000 r-xp 00000000 fe:01 417834                     /lib64/libdl-2.25.so
7faba2ed9000-7faba30d8000 ---p 00003000 fe:01 417834                     /lib64/libdl-2.25.so
7faba30d8000-7faba30d9000 r--p 00002000 fe:01 417834                     /lib64/libdl-2.25.so
7faba30d9000-7faba30da000 rw-p 00003000 fe:01 417834                     /lib64/libdl-2.25.so
7faba30da000-7faba30f0000 r-xp 00000000 fe:01 951919                     /opt/oracle-jdk-bin-1.8.0.162/lib/amd64/jli/libjli.so
7faba30f0000-7faba32ef000 ---p 00016000 fe:01 951919                     /opt/oracle-jdk-bin-1.8.0.162/lib/amd64/jli/libjli.so
7faba32ef000-7faba32f0000 rw-p 00015000 fe:01 951919                     /opt/oracle-jdk-bin-1.8.0.162/lib/amd64/jli/libjli.so
7faba32f0000-7faba330a000 r-xp 00000000 fe:01 417822                     /lib64/libpthread-2.25.so
7faba330a000-7faba350a000 ---p 0001a000 fe:01 417822                     /lib64/libpthread-2.25.so
7faba350a000-7faba350b000 r--p 0001a000 fe:01 417822                     /lib64/libpthread-2.25.so
7faba350b000-7faba350c000 rw-p 0001b000 fe:01 417822                     /lib64/libpthread-2.25.so
7faba350c000-7faba3510000 rw-p 00000000 00:00 0 
7faba3510000-7faba3533000 r-xp 00000000 fe:01 417836                     /lib64/ld-2.25.so
7faba3533000-7faba3537000 rw-s 00000000 00:05 5576404                    /drm mm object (deleted)
7faba3537000-7faba3545000 r--s 000bf000 fe:02 1048679                    /home/aesophor/Code/Java/NetBeansProjects/Hacklympics/Hacklympics/libs/richtextfx-fat-0.9.0.jar
7faba3545000-7faba3547000 r--s 0008a000 fe:02 11666047                   /home/aesophor/Code/Java/NetBeansProjects/Hacklympics/Hacklympics/libs/fontawesomefx-8.9.jar
7faba3547000-7faba3548000 r--s 00014000 fe:02 11666046                   /home/aesophor/Code/Java/NetBeansProjects/Hacklympics/Hacklympics/libs/okio-1.14.0.jar
7faba3548000-7faba354d000 r--s 00060000 fe:02 11665724                   /home/aesophor/Code/Java/NetBeansProjects/Hacklympics/Hacklympics/libs/okhttp-3.10.0.jar
7faba354d000-7faba35f6000 rw-p 00000000 00:00 0 
7faba35f6000-7faba35f9000 ---p 00000000 00:00 0 
7faba35f9000-7faba36f9000 rw-p 00000000 00:00 0 
7faba36f9000-7faba36fe000 r--s 00034000 fe:02 11665721                   /home/aesophor/Code/Java/NetBeansProjects/Hacklympics/Hacklympics/libs/gson-2.8.2.jar
7faba36fe000-7faba3726000 rw-p 00000000 00:00 0 
7faba3726000-7faba372e000 rw-s 00000000 00:24 5578600                    /tmp/hsperfdata_aesophor/11929
7faba372e000-7faba372f000 rw-p 00000000 00:00 0 
7faba372f000-7faba3730000 r--p 00000000 00:00 0 
7faba3730000-7faba3732000 rw-p 00000000 00:00 0 
7faba3732000-7faba3733000 r--p 00022000 fe:01 417836                     /lib64/ld-2.25.so
7faba3733000-7faba3734000 rw-p 00023000 fe:01 417836                     /lib64/ld-2.25.so
7faba3734000-7faba3735000 rw-p 00000000 00:00 0 
7ffee5e34000-7ffee5e56000 rw-p 00000000 00:00 0                          [stack]
7ffee5f86000-7ffee5f88000 r--p 00000000 00:00 0                          [vvar]
7ffee5f88000-7ffee5f8a000 r-xp 00000000 00:00 0                          [vdso]
ffffffffff600000-ffffffffff601000 r-xp 00000000 00:00 0                  [vsyscall]

VM Arguments:
jvm_args: -Dfile.encoding=UTF-8 
java_command: hacklympics.login.Main
java_class_path (initial): /home/aesophor/Code/Java/NetBeansProjects/Hacklympics/HacklympicsAPI/build/classes:/home/aesophor/Code/Java/NetBeansProjects/Hacklympics/Hacklympics/libs/gson-2.8.2.jar:/home/aesophor/Code/Java/NetBeansProjects/Hacklympics/Hacklympics/libs/okhttp-3.10.0.jar:/home/aesophor/Code/Java/NetBeansProjects/Hacklympics/Hacklympics/libs/okio-1.14.0.jar:/home/aesophor/Code/Java/NetBeansProjects/Hacklympics/Hacklympics/libs/jfoenix-8.0.1.jar:/home/aesophor/Code/Java/NetBeansProjects/Hacklympics/Hacklympics/libs/fontawesomefx-8.9.jar:/home/aesophor/Code/Java/NetBeansProjects/Hacklympics/Hacklympics/libs/terminalfx-1.0.5.jar:/home/aesophor/Code/Java/NetBeansProjects/Hacklympics/Hacklympics/libs/richtextfx-fat-0.9.0.jar:/home/aesophor/Code/Java/NetBeansProjects/Hacklympics/Hacklympics/build/classes
Launcher Type: SUN_STANDARD

Environment Variables:
JAVA_HOME=/etc/java-config-2/current-system-vm
PATH=/usr/x86_64-pc-linux-gnu/gcc-bin/6.4.0:/usr/lib/llvm/5/bin:/usr/local/bin:/usr/bin:/bin:/opt/bin:/home/aesophor/.local/bin/games:/home/aesophor/.local/bin/__pycache__:/home/aesophor/.local/bin/scripts:/home/aesophor/.local/bin/software:/home/aesophor/.local/bin/pip3.5:/home/aesophor/.local/bin/asm:/home/aesophor/.local/bin/bdflib-embolden:/home/aesophor/.local/bin/bdflib-fill:/home/aesophor/.local/bin/bdflib-merge:/home/aesophor/.local/bin/bdflib-passthrough:/home/aesophor/.local/bin/checksec:/home/aesophor/.local/bin/common:/home/aesophor/.local/bin/constgrep:/home/aesophor/.local/bin/cyclic:/home/aesophor/.local/bin/disasm:/home/aesophor/.local/bin/elfdiff:/home/aesophor/.local/bin/elfpatch:/home/aesophor/.local/bin/errno:/home/aesophor/.local/bin/hex:/home/aesophor/.local/bin/mako-render:/home/aesophor/.local/bin/phd:/home/aesophor/.local/bin/pip:/home/aesophor/.local/bin/pip3:/home/aesophor/.local/bin/pwnstrip:/home/aesophor/.local/bin/ROPgadget:/home/aesophor/.local/bin/scramble:/home/aesophor/.local/bin/shellcraft:/home/aesophor/.local/bin/tox:/home/aesophor/.local/bin/tox-quickstart:/home/aesophor/.local/bin/unhex:/home/aesophor/.local/bin/virtualenv:/home/aesophor/.local/bin/wheel:/home/aesophor/.local/bin/miniterm.py:/home/aesophor/.local/bin/miniterm.pyc
LD_LIBRARY_PATH=/opt/oracle-jdk-bin-1.8.0.162/jre/lib/amd64:/opt/oracle-jdk-bin-1.8.0.162/jre/lib/i386:
SHELL=/bin/zsh
DISPLAY=:0

Signal Handlers:
SIGSEGV: [libjvm.so+0xad03c0], sa_mask[0]=11111111011111111101111111111110, sa_flags=SA_RESTART|SA_SIGINFO
SIGBUS: [libjvm.so+0xad03c0], sa_mask[0]=11111111011111111101111111111110, sa_flags=SA_RESTART|SA_SIGINFO
SIGFPE: [libjvm.so+0x928210], sa_mask[0]=11111111011111111101111111111110, sa_flags=SA_RESTART|SA_SIGINFO
SIGPIPE: SIG_IGN, sa_mask[0]=00000000000010000000000000000000, sa_flags=SA_RESTART
SIGXFSZ: [libjvm.so+0x928210], sa_mask[0]=11111111011111111101111111111110, sa_flags=SA_RESTART|SA_SIGINFO
SIGILL: [libjvm.so+0x928210], sa_mask[0]=11111111011111111101111111111110, sa_flags=SA_RESTART|SA_SIGINFO
SIGUSR1: SIG_DFL, sa_mask[0]=00000000000000000000000000000000, sa_flags=none
SIGUSR2: [libjfxwebkit.so+0x13c2ff0], sa_mask[0]=00000000000100000000000000000000, sa_flags=SA_RESTART|SA_SIGINFO
SIGHUP: [libjvm.so+0x92ae70], sa_mask[0]=11111111011111111101111111111110, sa_flags=SA_RESTART|SA_SIGINFO
SIGINT: SIG_IGN, sa_mask[0]=00000000000000000000000000000000, sa_flags=none
SIGTERM: [libjvm.so+0x92ae70], sa_mask[0]=11111111011111111101111111111110, sa_flags=SA_RESTART|SA_SIGINFO
SIGQUIT: [libjvm.so+0x92ae70], sa_mask[0]=11111111011111111101111111111110, sa_flags=SA_RESTART|SA_SIGINFO


---------------  S Y S T E M  ---------------

OS:DISTRIB_ID="Gentoo"

uname:Linux 4.9.76-gentoo-r1 #3 SMP Wed Mar 28 16:48:24 CST 2018 x86_64
libc:glibc 2.25 NPTL 2.25 
rlimit: STACK 8192k, CORE infinity, NPROC 62907, NOFILE 4096, AS infinity
load average:0.53 0.28 0.21

/proc/meminfo:
MemTotal:       16317064 kB
MemFree:         9429148 kB
MemAvailable:   13456444 kB
Buffers:          870904 kB
Cached:          3139552 kB
SwapCached:            0 kB
Active:          4494520 kB
Inactive:        1695912 kB
Active(anon):    2184904 kB
Inactive(anon):   307360 kB
Active(file):    2309616 kB
Inactive(file):  1388552 kB
Unevictable:           0 kB
Mlocked:               0 kB
SwapTotal:             0 kB
SwapFree:              0 kB
Dirty:             10608 kB
Writeback:             0 kB
AnonPages:       2180100 kB
Mapped:           507976 kB
Shmem:            312296 kB
Slab:             562112 kB
SReclaimable:     514800 kB
SUnreclaim:        47312 kB
KernelStack:       11104 kB
PageTables:        47232 kB
NFS_Unstable:          0 kB
Bounce:                0 kB
WritebackTmp:          0 kB
CommitLimit:     8158532 kB
Committed_AS:    6214936 kB
VmallocTotal:   34359738367 kB
VmallocUsed:           0 kB
VmallocChunk:          0 kB
HugePages_Total:       0
HugePages_Free:        0
HugePages_Rsvd:        0
HugePages_Surp:        0
Hugepagesize:       2048 kB
DirectMap4k:       14984 kB
DirectMap2M:     3037184 kB
DirectMap1G:    13631488 kB


CPU:total 8 (initial active 8) (4 cores per cpu, 2 threads per core) family 6 model 70 stepping 1, cmov, cx8, fxsr, mmx, sse, sse2, sse3, ssse3, sse4.1, sse4.2, popcnt, avx, avx2, aes, clmul, erms, lzcnt, ht, tsc, tscinvbit, bmi1, bmi2

/proc/cpuinfo:
processor	: 0
vendor_id	: GenuineIntel
cpu family	: 6
model		: 70
model name	: Intel(R) Core(TM) i7-4770HQ CPU @ 2.20GHz
stepping	: 1
microcode	: 0xf
cpu MHz		: 1900.000
cache size	: 6144 KB
physical id	: 0
siblings	: 8
core id		: 0
cpu cores	: 4
apicid		: 0
initial apicid	: 0
fpu		: yes
fpu_exception	: yes
cpuid level	: 13
wp		: yes
flags		: fpu vme de pse tsc msr pae mce cx8 apic sep mtrr pge mca cmov pat pse36 clflush dts acpi mmx fxsr sse sse2 ss ht tm pbe syscall nx pdpe1gb rdtscp lm constant_tsc arch_perfmon pebs bts rep_good nopl xtopology nonstop_tsc aperfmperf eagerfpu pni pclmulqdq dtes64 monitor ds_cpl vmx est tm2 ssse3 sdbg fma cx16 xtpr pdcm pcid sse4_1 sse4_2 x2apic movbe popcnt tsc_deadline_timer aes xsave avx f16c rdrand lahf_lm abm epb invpcid_single kaiser tpr_shadow vnmi flexpriority ept vpid fsgsbase tsc_adjust bmi1 avx2 smep bmi2 erms invpcid xsaveopt dtherm ida arat pln pts
bugs		:
bogomips	: 4390.16
clflush size	: 64
cache_alignment	: 64
address sizes	: 39 bits physical, 48 bits virtual
power management:

processor	: 1
vendor_id	: GenuineIntel
cpu family	: 6
model		: 70
model name	: Intel(R) Core(TM) i7-4770HQ CPU @ 2.20GHz
stepping	: 1
microcode	: 0xf
cpu MHz		: 1400.000
cache size	: 6144 KB
physical id	: 0
siblings	: 8
core id		: 1
cpu cores	: 4
apicid		: 2
initial apicid	: 2
fpu		: yes
fpu_exception	: yes
cpuid level	: 13
wp		: yes
flags		: fpu vme de pse tsc msr pae mce cx8 apic sep mtrr pge mca cmov pat pse36 clflush dts acpi mmx fxsr sse sse2 ss ht tm pbe syscall nx pdpe1gb rdtscp lm constant_tsc arch_perfmon pebs bts rep_good nopl xtopology nonstop_tsc aperfmperf eagerfpu pni pclmulqdq dtes64 monitor ds_cpl vmx est tm2 ssse3 sdbg fma cx16 xtpr pdcm pcid sse4_1 sse4_2 x2apic movbe popcnt tsc_deadline_timer aes xsave avx f16c rdrand lahf_lm abm epb invpcid_single kaiser tpr_shadow vnmi flexpriority ept vpid fsgsbase tsc_adjust bmi1 avx2 smep bmi2 erms invpcid xsaveopt dtherm ida arat pln pts
bugs		:
bogomips	: 4390.16
clflush size	: 64
cache_alignment	: 64
address sizes	: 39 bits physical, 48 bits virtual
power management:

processor	: 2
vendor_id	: GenuineIntel
cpu family	: 6
model		: 70
model name	: Intel(R) Core(TM) i7-4770HQ CPU @ 2.20GHz
stepping	: 1
microcode	: 0xf
cpu MHz		: 900.000
cache size	: 6144 KB
physical id	: 0
siblings	: 8
core id		: 2
cpu cores	: 4
apicid		: 4
initial apicid	: 4
fpu		: yes
fpu_exception	: yes
cpuid level	: 13
wp		: yes
flags		: fpu vme de pse tsc msr pae mce cx8 apic sep mtrr pge mca cmov pat pse36 clflush dts acpi mmx fxsr sse sse2 ss ht tm pbe syscall nx pdpe1gb rdtscp lm constant_tsc arch_perfmon pebs bts rep_good nopl xtopology nonstop_tsc aperfmperf eagerfpu pni pclmulqdq dtes64 monitor ds_cpl vmx est tm2 ssse3 sdbg fma cx16 xtpr pdcm pcid sse4_1 sse4_2 x2apic movbe popcnt tsc_deadline_timer aes xsave avx f16c rdrand lahf_lm abm epb invpcid_single kaiser tpr_shadow vnmi flexpriority ept vpid fsgsbase tsc_adjust bmi1 avx2 smep bmi2 erms invpcid xsaveopt dtherm ida arat pln pts
bugs		:
bogomips	: 4390.16
clflush size	: 64
cache_alignment	: 64
address sizes	: 39 bits physical, 48 bits virtual
power management:

processor	: 3
vendor_id	: GenuineIntel
cpu family	: 6
model		: 70
model name	: Intel(R) Core(TM) i7-4770HQ CPU @ 2.20GHz
stepping	: 1
microcode	: 0xf
cpu MHz		: 2201.000
cache size	: 6144 KB
physical id	: 0
siblings	: 8
core id		: 3
cpu cores	: 4
apicid		: 6
initial apicid	: 6
fpu		: yes
fpu_exception	: yes
cpuid level	: 13
wp		: yes
flags		: fpu vme de pse tsc msr pae mce cx8 apic sep mtrr pge mca cmov pat pse36 clflush dts acpi mmx fxsr sse sse2 ss ht tm pbe syscall nx pdpe1gb rdtscp lm constant_tsc arch_perfmon pebs bts rep_good nopl xtopology nonstop_tsc aperfmperf eagerfpu pni pclmulqdq dtes64 monitor ds_cpl vmx est tm2 ssse3 sdbg fma cx16 xtpr pdcm pcid sse4_1 sse4_2 x2apic movbe popcnt tsc_deadline_timer aes xsave avx f16c rdrand lahf_lm abm epb invpcid_single kaiser tpr_shadow vnmi flexpriority ept vpid fsgsbase tsc_adjust bmi1 avx2 smep bmi2 erms invpcid xsaveopt dtherm ida arat pln pts
bugs		:
bogomips	: 4390.16
clflush size	: 64
cache_alignment	: 64
address sizes	: 39 bits physical, 48 bits virtual
power management:

processor	: 4
vendor_id	: GenuineIntel
cpu family	: 6
model		: 70
model name	: Intel(R) Core(TM) i7-4770HQ CPU @ 2.20GHz
stepping	: 1
microcode	: 0xf
cpu MHz		: 800.000
cache size	: 6144 KB
physical id	: 0
siblings	: 8
core id		: 0
cpu cores	: 4
apicid		: 1
initial apicid	: 1
fpu		: yes
fpu_exception	: yes
cpuid level	: 13
wp		: yes
flags		: fpu vme de pse tsc msr pae mce cx8 apic sep mtrr pge mca cmov pat pse36 clflush dts acpi mmx fxsr sse sse2 ss ht tm pbe syscall nx pdpe1gb rdtscp lm constant_tsc arch_perfmon pebs bts rep_good nopl xtopology nonstop_tsc aperfmperf eagerfpu pni pclmulqdq dtes64 monitor ds_cpl vmx est tm2 ssse3 sdbg fma cx16 xtpr pdcm pcid sse4_1 sse4_2 x2apic movbe popcnt tsc_deadline_timer aes xsave avx f16c rdrand lahf_lm abm epb invpcid_single kaiser tpr_shadow vnmi flexpriority ept vpid fsgsbase tsc_adjust bmi1 avx2 smep bmi2 erms invpcid xsaveopt dtherm ida arat pln pts
bugs		:
bogomips	: 4390.16
clflush size	: 64
cache_alignment	: 64
address sizes	: 39 bits physical, 48 bits virtual
power management:

processor	: 5
vendor_id	: GenuineIntel
cpu family	: 6
model		: 70
model name	: Intel(R) Core(TM) i7-4770HQ CPU @ 2.20GHz
stepping	: 1
microcode	: 0xf
cpu MHz		: 1200.000
cache size	: 6144 KB
physical id	: 0
siblings	: 8
core id		: 1
cpu cores	: 4
apicid		: 3
initial apicid	: 3
fpu		: yes
fpu_exception	: yes
cpuid level	: 13
wp		: yes
flags		: fpu vme de pse tsc msr pae mce cx8 apic sep mtrr pge mca cmov pat pse36 clflush dts acpi mmx fxsr sse sse2 ss ht tm pbe syscall nx pdpe1gb rdtscp lm constant_tsc arch_perfmon pebs bts rep_good nopl xtopology nonstop_tsc aperfmperf eagerfpu pni pclmulqdq dtes64 monitor ds_cpl vmx est tm2 ssse3 sdbg fma cx16 xtpr pdcm pcid sse4_1 sse4_2 x2apic movbe popcnt tsc_deadline_timer aes xsave avx f16c rdrand lahf_lm abm epb invpcid_single kaiser tpr_shadow vnmi flexpriority ept vpid fsgsbase tsc_adjust bmi1 avx2 smep bmi2 erms invpcid xsaveopt dtherm ida arat pln pts
bugs		:
bogomips	: 4390.16
clflush size	: 64
cache_alignment	: 64
address sizes	: 39 bits physical, 48 bits virtual
power management:

processor	: 6
vendor_id	: GenuineIntel
cpu family	: 6
model		: 70
model name	: Intel(R) Core(TM) i7-4770HQ CPU @ 2.20GHz
stepping	: 1
microcode	: 0xf
cpu MHz		: 2100.000
cache size	: 6144 KB
physical id	: 0
siblings	: 8
core id		: 2
cpu cores	: 4
apicid		: 5
initial apicid	: 5
fpu		: yes
fpu_exception	: yes
cpuid level	: 13
wp		: yes
flags		: fpu vme de pse tsc msr pae mce cx8 apic sep mtrr pge mca cmov pat pse36 clflush dts acpi mmx fxsr sse sse2 ss ht tm pbe syscall nx pdpe1gb rdtscp lm constant_tsc arch_perfmon pebs bts rep_good nopl xtopology nonstop_tsc aperfmperf eagerfpu pni pclmulqdq dtes64 monitor ds_cpl vmx est tm2 ssse3 sdbg fma cx16 xtpr pdcm pcid sse4_1 sse4_2 x2apic movbe popcnt tsc_deadline_timer aes xsave avx f16c rdrand lahf_lm abm epb invpcid_single kaiser tpr_shadow vnmi flexpriority ept vpid fsgsbase tsc_adjust bmi1 avx2 smep bmi2 erms invpcid xsaveopt dtherm ida arat pln pts
bugs		:
bogomips	: 4390.16
clflush size	: 64
cache_alignment	: 64
address sizes	: 39 bits physical, 48 bits virtual
power management:

processor	: 7
vendor_id	: GenuineIntel
cpu family	: 6
model		: 70
model name	: Intel(R) Core(TM) i7-4770HQ CPU @ 2.20GHz
stepping	: 1
microcode	: 0xf
cpu MHz		: 2201.000
cache size	: 6144 KB
physical id	: 0
siblings	: 8
core id		: 3
cpu cores	: 4
apicid		: 7
initial apicid	: 7
fpu		: yes
fpu_exception	: yes
cpuid level	: 13
wp		: yes
flags		: fpu vme de pse tsc msr pae mce cx8 apic sep mtrr pge mca cmov pat pse36 clflush dts acpi mmx fxsr sse sse2 ss ht tm pbe syscall nx pdpe1gb rdtscp lm constant_tsc arch_perfmon pebs bts rep_good nopl xtopology nonstop_tsc aperfmperf eagerfpu pni pclmulqdq dtes64 monitor ds_cpl vmx est tm2 ssse3 sdbg fma cx16 xtpr pdcm pcid sse4_1 sse4_2 x2apic movbe popcnt tsc_deadline_timer aes xsave avx f16c rdrand lahf_lm abm epb invpcid_single kaiser tpr_shadow vnmi flexpriority ept vpid fsgsbase tsc_adjust bmi1 avx2 smep bmi2 erms invpcid xsaveopt dtherm ida arat pln pts
bugs		:
bogomips	: 4390.16
clflush size	: 64
cache_alignment	: 64
address sizes	: 39 bits physical, 48 bits virtual
power management:



Memory: 4k page, physical 16317064k(9429148k free), swap 0k(0k free)

vm_info: Java HotSpot(TM) 64-Bit Server VM (25.162-b12) for linux-amd64 JRE (1.8.0_162-b12), built on Dec 19 2017 21:15:48 by "java_re" with gcc 4.3.0 20080428 (Red Hat 4.3.0-8)

time: Tue May  8 14:48:27 2018
elapsed time: 7 seconds (0d 0h 0m 7s)

