#
# A fatal error has been detected by the Java Runtime Environment:
#
#  SIGSEGV (0xb) at pc=0x00007fdab9ab6828, pid=28962, tid=0x00007fda81dd3700
#
# JRE version: Java(TM) SE Runtime Environment (8.0_162-b12) (build 1.8.0_162-b12)
# Java VM: Java HotSpot(TM) 64-Bit Server VM (25.162-b12 mixed mode linux-amd64 compressed oops)
# Problematic frame:
# V  [libjvm.so+0x6d7828]  jni_invoke_nonstatic(JNIEnv_*, JavaValue*, _jobject*, JNICallType, _jmethodID*, JNI_ArgumentPusher*, Thread*)+0x38
#
# Core dump written. Default location: /home/aesophor/Code/Java/NetBeansProjects/Hacklympics/Hacklympics/core or core.28962
#
# If you would like to submit a bug report, please visit:
#   http://bugreport.java.com/bugreport/crash.jsp
#

---------------  T H R E A D  ---------------

Current thread (0x00007fdab425e000):  JavaThread "JavaFX Application Thread" [_thread_in_vm, id=28988, stack(0x00007fda81cd3000,0x00007fda81dd4000)]

siginfo: si_signo: 11 (SIGSEGV), si_code: 128 (SI_KERNEL), si_addr: 0x0000000000000000

Registers:
RAX=0x00007fda81dd21b0, RBX=0x00007fda81dd20c0, RCX=0x0000000000000001, RDX=0x726f74616369646e
RSP=0x00007fda81dd1f10, RBP=0x00007fda81dd2090, RSI=0x00007fda81dd2120, RDI=0x00007fdab425e1f8
R8 =0x00007fdab4222838, R9 =0x00007fda81dd20c0, R10=0x00007fda2c000af8, R11=0x00007fdaa546b860
R12=0x00007fdab425e000, R13=0x00007fdab4222838, R14=0x0000000000000001, R15=0x00007fdab425e1f8
RIP=0x00007fdab9ab6828, EFLAGS=0x0000000000010202, CSGSFS=0x002b000000000033, ERR=0x0000000000000000
  TRAPNO=0x000000000000000d

Top of Stack: (sp=0x00007fda81dd1f10)
0x00007fda81dd1f10:   00007fda81dd2610 00007fda81dd2230
0x00007fda81dd1f20:   00007fda81dd1f70 00007fda81dd1ff0
0x00007fda81dd1f30:   00007fda81dd20c0 00007fda81dd2120
0x00007fda81dd1f40:   00007fdab425e1f8 00007fdab9ad6330
0x00007fda81dd1f50:   00007fda48189ba0 00007fda48189bb0
0x00007fda81dd1f60:   00007fda48189f88 00000000000003d8
0x00007fda81dd1f70:   0000000000000000 000000076e8ff420
0x00007fda81dd1f80:   00007fda0000006f 00007fda0000000a
0x00007fda81dd1f90:   000000076f3bf3b8 0000000000000000
0x00007fda81dd1fa0:   0000000000000000 0000000000000000
0x00007fda81dd1fb0:   00007fdaa2c5fb00 0000000100000100
0x00007fda81dd1fc0:   0000000000000000 00007fda81dd1f78
0x00007fda81dd1fd0:   00007fda81dd1fb9 0000000800000005
0x00007fda81dd1fe0:   0000000000000000 00007fdab425d920
0x00007fda81dd1ff0:   00007fdaba34a1f0 00007fdabae08720
0x00007fda81dd2000:   00000000b425d7b0 00007fdab425e000
0x00007fda81dd2010:   0000000000000000 00007fdab9ab6bfb
0x00007fda81dd2020:   00007fdaa2c69c48 00007fdab425e000
0x00007fda81dd2030:   00007fdaa2c69c48 00007fdab425e000
0x00007fda81dd2040:   00007fda81dd21d0 00007fdaa2c69c48
0x00007fda81dd2050:   00007fdaa2c69c48 00007fdaa2c69c48
0x00007fda81dd2060:   00007fda48189ba0 00007fda81dd20c0
0x00007fda81dd2070:   00007fdab425e000 00007fda81dd2100
0x00007fda81dd2080:   00007fdab4222838 00007fdab425e1f8
0x00007fda81dd2090:   00007fda81dd2180 00007fdab9abafcf
0x00007fda81dd20a0:   00007fdab425e000 00007fda9b259794
0x00007fda81dd20b0:   00007fda81dd2198 726f74616369646e
0x00007fda81dd20c0:   00007fdaba34ae70 00007fdabae08720
0x00007fda81dd20d0:   0000000000000000 00007fda00000063
0x00007fda81dd20e0:   0000000000000000 0000003000000018
0x00007fda81dd20f0:   00007fda81dd2270 00007fda81dd21b0
0x00007fda81dd2100:   00007fdab425e000 0000000000000000 

Instructions: (pc=0x00007fdab9ab6828)
0x00007fdab9ab6808:   00 00 48 85 d2 48 89 bd b0 fe ff ff 48 89 b5 a8
0x00007fdab9ab6818:   fe ff ff 4c 89 8d a0 fe ff ff 0f 84 78 09 00 00
0x00007fdab9ab6828:   4c 8b 22 4d 85 e4 0f 84 6c 09 00 00 48 8b 45 10
0x00007fdab9ab6838:   48 8b 98 38 01 00 00 48 83 7b 18 f7 0f 87 16 07 

Register to memory mapping:

RAX=0x00007fda81dd21b0 is pointing into the stack for thread: 0x00007fdab425e000
RBX=0x00007fda81dd20c0 is pointing into the stack for thread: 0x00007fdab425e000
RCX=0x0000000000000001 is an unknown value
RDX=0x726f74616369646e is an unknown value
RSP=0x00007fda81dd1f10 is pointing into the stack for thread: 0x00007fdab425e000
RBP=0x00007fda81dd2090 is pointing into the stack for thread: 0x00007fdab425e000
RSI=0x00007fda81dd2120 is pointing into the stack for thread: 0x00007fdab425e000
RDI=0x00007fdab425e1f8 is an unknown value
R8 =0x00007fdab4222838 is an unknown value
R9 =0x00007fda81dd20c0 is pointing into the stack for thread: 0x00007fdab425e000
R10=0x00007fda2c000af8 is an unknown value
R11=0x00007fdaa546b860 is at entry_point+32 in (nmethod*)0x00007fdaa546b6d0
R12=0x00007fdab425e000 is a thread
R13=0x00007fdab4222838 is an unknown value
R14=0x0000000000000001 is an unknown value
R15=0x00007fdab425e1f8 is an unknown value


Stack: [0x00007fda81cd3000,0x00007fda81dd4000],  sp=0x00007fda81dd1f10,  free space=1019k
Native frames: (J=compiled Java code, j=interpreted, Vv=VM code, C=native code)
V  [libjvm.so+0x6d7828]  jni_invoke_nonstatic(JNIEnv_*, JavaValue*, _jobject*, JNICallType, _jmethodID*, JNI_ArgumentPusher*, Thread*)+0x38
V  [libjvm.so+0x6dbfcf]  jni_CallVoidMethodV+0x10f
C  [libglass.so+0x18641]  JNIEnv_::CallVoidMethod(_jobject*, _jmethodID*, ...)+0x81
C  [libglass.so+0x14f0f]  WindowContextBase::process_key(_GdkEventKey*)+0x20f
C  [libglass.so+0x19f60]  WindowContextBase::im_filter_keypress(_GdkEventKey*)+0x1c0
C  [libglass.so+0x1a91c]  process_events(_GdkEvent*, void*)+0x22c
C  [libgdk-x11-2.0.so.0+0x5b41c]

Java frames: (J=compiled Java code, j=interpreted, Vv=VM code)
j  com.sun.glass.ui.gtk.GtkApplication._runLoop(Ljava/lang/Runnable;Z)V+0
j  com.sun.glass.ui.gtk.GtkApplication.lambda$null$48(Ljava/lang/Runnable;Z)V+7
j  com.sun.glass.ui.gtk.GtkApplication$$Lambda$41.run()V+12
j  java.lang.Thread.run()V+11
v  ~StubRoutines::call_stub

---------------  P R O C E S S  ---------------

Java Threads: ( => current thread )
  0x00007fda2c3e4000 JavaThread "Okio Watchdog" daemon [_thread_blocked, id=29052, stack(0x00007fda6c07f000,0x00007fda6c180000)]
  0x00007fda2c3e2000 JavaThread "OkHttp ConnectionPool" daemon [_thread_blocked, id=29051, stack(0x00007fda80051000,0x00007fda80152000)]
  0x00007fda2c28c800 JavaThread "Prism Font Disposer" daemon [_thread_blocked, id=28990, stack(0x00007fda80986000,0x00007fda80a87000)]
  0x00007fdab4261800 JavaThread "JavaFX-Launcher" [_thread_blocked, id=28989, stack(0x00007fda81bd2000,0x00007fda81cd3000)]
=>0x00007fdab425e000 JavaThread "JavaFX Application Thread" [_thread_in_vm, id=28988, stack(0x00007fda81cd3000,0x00007fda81dd4000)]
  0x00007fdab425a000 JavaThread "Thread-1" daemon [_thread_blocked, id=28987, stack(0x00007fda81dd4000,0x00007fda81ed5000)]
  0x00007fdab420a800 JavaThread "QuantumRenderer-0" daemon [_thread_blocked, id=28986, stack(0x00007fda9bcfd000,0x00007fda9bdfe000)]
  0x00007fdab40d4800 JavaThread "Service Thread" daemon [_thread_blocked, id=28984, stack(0x00007fda9beff000,0x00007fda9c000000)]
  0x00007fdab40c9800 JavaThread "C1 CompilerThread3" daemon [_thread_blocked, id=28983, stack(0x00007fdaa00ad000,0x00007fdaa01ae000)]
  0x00007fdab40c7000 JavaThread "C2 CompilerThread2" daemon [_thread_blocked, id=28982, stack(0x00007fdaa01ae000,0x00007fdaa02af000)]
  0x00007fdab40c5800 JavaThread "C2 CompilerThread1" daemon [_thread_in_native, id=28981, stack(0x00007fdaa02af000,0x00007fdaa03b0000)]
  0x00007fdab40c2800 JavaThread "C2 CompilerThread0" daemon [_thread_blocked, id=28980, stack(0x00007fdaa03b0000,0x00007fdaa04b1000)]
  0x00007fdab40c1000 JavaThread "Signal Dispatcher" daemon [_thread_blocked, id=28979, stack(0x00007fdaa04b1000,0x00007fdaa05b2000)]
  0x00007fdab408d000 JavaThread "Finalizer" daemon [_thread_blocked, id=28977, stack(0x00007fdaa05b2000,0x00007fdaa06b3000)]
  0x00007fdab4088800 JavaThread "Reference Handler" daemon [_thread_blocked, id=28976, stack(0x00007fdaa06b3000,0x00007fdaa07b4000)]
  0x00007fdab400b000 JavaThread "main" [_thread_blocked, id=28966, stack(0x00007fdabaeab000,0x00007fdabafac000)]

Other Threads:
  0x00007fdab4081000 VMThread [stack: 0x00007fdaa07b4000,0x00007fdaa08b5000] [id=28975]
  0x00007fdab40d7000 WatcherThread [stack: 0x00007fda9bdfe000,0x00007fda9beff000] [id=28985]

VM state:not at safepoint (normal execution)

VM Mutex/Monitor currently owned by a thread: None

Heap:
 PSYoungGen      total 74752K, used 9501K [0x000000076d000000, 0x0000000772300000, 0x00000007c0000000)
  eden space 64512K, 14% used [0x000000076d000000,0x000000076d9477f0,0x0000000770f00000)
  from space 10240K, 0% used [0x0000000770f00000,0x0000000770f00000,0x0000000771900000)
  to   space 10240K, 0% used [0x0000000771900000,0x0000000771900000,0x0000000772300000)
 ParOldGen       total 74240K, used 9595K [0x00000006c7000000, 0x00000006cb880000, 0x000000076d000000)
  object space 74240K, 12% used [0x00000006c7000000,0x00000006c795ef10,0x00000006cb880000)
 Metaspace       used 21852K, capacity 22632K, committed 22912K, reserved 1069056K
  class space    used 2944K, capacity 3160K, committed 3200K, reserved 1048576K

Card table byte_map: [0x00007fdaa4477000,0x00007fdaa4c40000] byte_map_base: 0x00007fdaa0e3f000

Marking Bits: (ParMarkBitMap*) 0x00007fdaba3aeca0
 Begin Bits: [0x00007fda6c380000, 0x00007fda701c0000)
 End Bits:   [0x00007fda701c0000, 0x00007fda74000000)

Polling page: 0x00007fdabafe4000

CodeCache: size=245760Kb used=9246Kb max_used=9246Kb free=236513Kb
 bounds [0x00007fdaa5000000, 0x00007fdaa5910000, 0x00007fdab4000000]
 total_blobs=3617 nmethods=2944 adapters=584
 compilation: enabled

Compilation events (10 events):
Event: 8.047 Thread 0x00007fdab40c9800 2938       1       java.util.Collections$1::hasNext (5 bytes)
Event: 8.047 Thread 0x00007fdab40c9800 nmethod 2938 0x00007fdaa59091d0 code [0x00007fdaa5909320, 0x00007fdaa5909430]
Event: 8.048 Thread 0x00007fdab40c5800 2939       4       com.sun.javafx.css.parser.CSSLexer::readChar (72 bytes)
Event: 8.048 Thread 0x00007fdab40c9800 2940       3       java.lang.AbstractStringBuilder::delete (80 bytes)
Event: 8.048 Thread 0x00007fdab40c9800 nmethod 2940 0x00007fdaa5909490 code [0x00007fdaa5909640, 0x00007fdaa5909a68]
Event: 8.048 Thread 0x00007fdab40c9800 2942       3       com.sun.javafx.css.parser.CSSLexer$$Lambda$119/1817213624::recognize (5 bytes)
Event: 8.048 Thread 0x00007fdab40c9800 nmethod 2942 0x00007fdaa5909bd0 code [0x00007fdaa5909d40, 0x00007fdaa5909f50]
Event: 8.048 Thread 0x00007fdab40c9800 2943       3       com.sun.javafx.css.parser.CSSLexer::lambda$new$228 (12 bytes)
Event: 8.048 Thread 0x00007fdab40c9800 nmethod 2943 0x00007fdaa590a010 code [0x00007fdaa590a180, 0x00007fdaa590a310]
Event: 8.048 Thread 0x00007fdab40c9800 2944       3       com.sun.javafx.css.parser.CSSLexer$$Lambda$111/527721498::recognize (5 bytes)

GC Heap History (4 events):
Event: 7.821 GC heap before
{Heap before GC invocations=1 (full 0):
 PSYoungGen      total 74752K, used 54435K [0x000000076d000000, 0x0000000772300000, 0x00000007c0000000)
  eden space 64512K, 84% used [0x000000076d000000,0x0000000770528e78,0x0000000770f00000)
  from space 10240K, 0% used [0x0000000771900000,0x0000000771900000,0x0000000772300000)
  to   space 10240K, 0% used [0x0000000770f00000,0x0000000770f00000,0x0000000771900000)
 ParOldGen       total 171008K, used 0K [0x00000006c7000000, 0x00000006d1700000, 0x000000076d000000)
  object space 171008K, 0% used [0x00000006c7000000,0x00000006c7000000,0x00000006d1700000)
 Metaspace       used 20381K, capacity 21086K, committed 21248K, reserved 1067008K
  class space    used 2772K, capacity 2981K, committed 3072K, reserved 1048576K
Event: 7.829 GC heap after
Heap after GC invocations=1 (full 0):
 PSYoungGen      total 74752K, used 9789K [0x000000076d000000, 0x0000000772300000, 0x00000007c0000000)
  eden space 64512K, 0% used [0x000000076d000000,0x000000076d000000,0x0000000770f00000)
  from space 10240K, 95% used [0x0000000770f00000,0x000000077188f488,0x0000000771900000)
  to   space 10240K, 0% used [0x0000000771900000,0x0000000771900000,0x0000000772300000)
 ParOldGen       total 171008K, used 96K [0x00000006c7000000, 0x00000006d1700000, 0x000000076d000000)
  object space 171008K, 0% used [0x00000006c7000000,0x00000006c7018010,0x00000006d1700000)
 Metaspace       used 20381K, capacity 21086K, committed 21248K, reserved 1067008K
  class space    used 2772K, capacity 2981K, committed 3072K, reserved 1048576K
}
Event: 7.829 GC heap before
{Heap before GC invocations=2 (full 1):
 PSYoungGen      total 74752K, used 9789K [0x000000076d000000, 0x0000000772300000, 0x00000007c0000000)
  eden space 64512K, 0% used [0x000000076d000000,0x000000076d000000,0x0000000770f00000)
  from space 10240K, 95% used [0x0000000770f00000,0x000000077188f488,0x0000000771900000)
  to   space 10240K, 0% used [0x0000000771900000,0x0000000771900000,0x0000000772300000)
 ParOldGen       total 171008K, used 96K [0x00000006c7000000, 0x00000006d1700000, 0x000000076d000000)
  object space 171008K, 0% used [0x00000006c7000000,0x00000006c7018010,0x00000006d1700000)
 Metaspace       used 20381K, capacity 21086K, committed 21248K, reserved 1067008K
  class space    used 2772K, capacity 2981K, committed 3072K, reserved 1048576K
Event: 7.852 GC heap after
Heap after GC invocations=2 (full 1):
 PSYoungGen      total 74752K, used 0K [0x000000076d000000, 0x0000000772300000, 0x00000007c0000000)
  eden space 64512K, 0% used [0x000000076d000000,0x000000076d000000,0x0000000770f00000)
  from space 10240K, 0% used [0x0000000770f00000,0x0000000770f00000,0x0000000771900000)
  to   space 10240K, 0% used [0x0000000771900000,0x0000000771900000,0x0000000772300000)
 ParOldGen       total 74240K, used 9595K [0x00000006c7000000, 0x00000006cb880000, 0x000000076d000000)
  object space 74240K, 12% used [0x00000006c7000000,0x00000006c795ef10,0x00000006cb880000)
 Metaspace       used 20381K, capacity 21086K, committed 21248K, reserved 1067008K
  class space    used 2772K, capacity 2981K, committed 3072K, reserved 1048576K
}

Deoptimization events (10 events):
Event: 7.924 Thread 0x00007fdab425e000 Uncommon trap: reason=class_check action=maybe_recompile pc=0x00007fdaa5814398 method=java.util.regex.Pattern$Curly.match(Ljava/util/regex/Matcher;ILjava/lang/CharSequence;)Z @ 19
Event: 7.924 Thread 0x00007fdab425e000 Uncommon trap: reason=class_check action=maybe_recompile pc=0x00007fdaa5814398 method=java.util.regex.Pattern$Curly.match(Ljava/util/regex/Matcher;ILjava/lang/CharSequence;)Z @ 19
Event: 7.957 Thread 0x00007fdab425e000 Uncommon trap: reason=unstable_if action=reinterpret pc=0x00007fdaa582d6a8 method=java.util.Arrays.equals([B[B)Z @ 2
Event: 7.968 Thread 0x00007fdab425e000 Uncommon trap: reason=bimorphic action=maybe_recompile pc=0x00007fdaa57ff950 method=java.util.HashMap.putVal(ILjava/lang/Object;Ljava/lang/Object;ZZ)Ljava/lang/Object; @ 203
Event: 8.010 Thread 0x00007fdab425e000 Uncommon trap: reason=unstable_if action=reinterpret pc=0x00007fdaa55810f8 method=java.lang.StrictMath.floorOrCeil(DDDD)D @ 38
Event: 8.010 Thread 0x00007fdab425e000 Uncommon trap: reason=unstable_if action=reinterpret pc=0x00007fdaa566f6bc method=javafx.scene.Node.impl_getPeer()Lcom/sun/javafx/sg/prism/NGNode; @ 41
Event: 8.010 Thread 0x00007fdab425e000 Uncommon trap: reason=unstable_if action=reinterpret pc=0x00007fdaa56aca48 method=javafx.scene.Node.updateLocalToParentTransform()V @ 337
Event: 8.029 Thread 0x00007fdab425e000 Uncommon trap: reason=unstable_if action=reinterpret pc=0x00007fdaa56bd55c method=java.lang.Double.compare(DD)I @ 11
Event: 8.042 Thread 0x00007fdab425e000 Uncommon trap: reason=class_check action=maybe_recompile pc=0x00007fdaa5814398 method=java.util.regex.Pattern$Curly.match(Ljava/util/regex/Matcher;ILjava/lang/CharSequence;)Z @ 19
Event: 8.042 Thread 0x00007fdab425e000 Uncommon trap: reason=class_check action=maybe_recompile pc=0x00007fdaa5814398 method=java.util.regex.Pattern$Curly.match(Ljava/util/regex/Matcher;ILjava/lang/CharSequence;)Z @ 19

Classes redefined (0 events):
No events

Internal exceptions (10 events):
Event: 0.447 Thread 0x00007fdab425e000 Exception <a 'java/lang/ArrayIndexOutOfBoundsException': 18> (0x000000076e3a4370) thrown at [/HUDSON/workspace/8-2-build-linux-amd64/jdk8u162/10278/hotspot/src/share/vm/interpreter/interpreterRuntime.cpp, line 366]
Event: 0.447 Thread 0x00007fdab425e000 Exception <a 'java/lang/ArrayIndexOutOfBoundsException': 86> (0x000000076e3a5718) thrown at [/HUDSON/workspace/8-2-build-linux-amd64/jdk8u162/10278/hotspot/src/share/vm/interpreter/interpreterRuntime.cpp, line 366]
Event: 0.449 Thread 0x00007fdab425e000 Exception <a 'java/lang/ArrayIndexOutOfBoundsException'> (0x000000076e3a9e78) thrown at [/HUDSON/workspace/8-2-build-linux-amd64/jdk8u162/10278/hotspot/src/share/vm/runtime/sharedRuntime.cpp, line 605]
Event: 0.500 Thread 0x00007fdab425e000 Exception <a 'java/lang/ArrayIndexOutOfBoundsException'> (0x000000076e5cfb50) thrown at [/HUDSON/workspace/8-2-build-linux-amd64/jdk8u162/10278/hotspot/src/share/vm/runtime/sharedRuntime.cpp, line 605]
Event: 0.516 Thread 0x00007fdab425e000 Exception <a 'java/io/FileNotFoundException'> (0x000000076e6bc7a8) thrown at [/HUDSON/workspace/8-2-build-linux-amd64/jdk8u162/10278/hotspot/src/share/vm/prims/jni.cpp, line 709]
Event: 0.650 Thread 0x00007fdab425e000 Implicit null exception at 0x00007fdaa52bf8b5 to 0x00007fdaa52bfaed
Event: 0.650 Thread 0x00007fdab425e000 Implicit null exception at 0x00007fdaa5335f3b to 0x00007fdaa5336771
Event: 0.651 Thread 0x00007fdab425e000 Implicit null exception at 0x00007fdaa527112f to 0x00007fdaa5271199
Event: 7.949 Thread 0x00007fdab425e000 Exception <a 'java/lang/ArrayIndexOutOfBoundsException'> (0x000000076d4123c8) thrown at [/HUDSON/workspace/8-2-build-linux-amd64/jdk8u162/10278/hotspot/src/share/vm/runtime/sharedRuntime.cpp, line 605]
Event: 7.949 Thread 0x00007fdab425e000 Exception <a 'java/lang/ArrayIndexOutOfBoundsException'> (0x000000076d413940) thrown at [/HUDSON/workspace/8-2-build-linux-amd64/jdk8u162/10278/hotspot/src/share/vm/runtime/sharedRuntime.cpp, line 605]

Events (10 events):
Event: 8.044 loading class hacklympics/teacher/pages/DashboardController
Event: 8.044 loading class hacklympics/teacher/pages/DashboardController done
Event: 8.045 loading class com/sun/javafx/fxml/builder/URLBuilder
Event: 8.045 loading class com/sun/javafx/fxml/builder/URLBuilder done
Event: 8.045 loading class java/io/UnsupportedEncodingException
Event: 8.045 loading class java/io/UnsupportedEncodingException done
Event: 8.045 loading class javafx/scene/control/ProgressIndicator$2
Event: 8.045 loading class javafx/scene/control/ProgressIndicator$2 done
Event: 8.046 loading class javafx/scene/control/ProgressIndicator$1
Event: 8.046 loading class javafx/scene/control/ProgressIndicator$1 done


Dynamic libraries:
00400000-00401000 r-xp 00000000 fe:01 938495                             /opt/oracle-jdk-bin-1.8.0.162/bin/java
00600000-00601000 rw-p 00000000 fe:01 938495                             /opt/oracle-jdk-bin-1.8.0.162/bin/java
00601000-00622000 rw-p 00000000 00:00 0                                  [heap]
6c7000000-6cb880000 rw-p 00000000 00:00 0 
6cb880000-76d000000 ---p 00000000 00:00 0 
76d000000-772300000 rw-p 00000000 00:00 0 
772300000-7c0000000 ---p 00000000 00:00 0 
7c0000000-7c0320000 rw-p 00000000 00:00 0 
7c0320000-800000000 ---p 00000000 00:00 0 
7fda1c000000-7fda1c021000 rw-p 00000000 00:00 0 
7fda1c021000-7fda20000000 ---p 00000000 00:00 0 
7fda24000000-7fda24021000 rw-p 00000000 00:00 0 
7fda24021000-7fda28000000 ---p 00000000 00:00 0 
7fda28000000-7fda28021000 rw-p 00000000 00:00 0 
7fda28021000-7fda2c000000 ---p 00000000 00:00 0 
7fda2c000000-7fda2c6e3000 rw-p 00000000 00:00 0 
7fda2c6e3000-7fda30000000 ---p 00000000 00:00 0 
7fda30000000-7fda30021000 rw-p 00000000 00:00 0 
7fda30021000-7fda34000000 ---p 00000000 00:00 0 
7fda34000000-7fda35e98000 rw-p 00000000 00:00 0 
7fda35e98000-7fda38000000 ---p 00000000 00:00 0 
7fda38000000-7fda38021000 rw-p 00000000 00:00 0 
7fda38021000-7fda3c000000 ---p 00000000 00:00 0 
7fda3c000000-7fda3c021000 rw-p 00000000 00:00 0 
7fda3c021000-7fda40000000 ---p 00000000 00:00 0 
7fda40000000-7fda40021000 rw-p 00000000 00:00 0 
7fda40021000-7fda44000000 ---p 00000000 00:00 0 
7fda44000000-7fda4431e000 rw-p 00000000 00:00 0 
7fda4431e000-7fda48000000 ---p 00000000 00:00 0 
7fda48000000-7fda48505000 rw-p 00000000 00:00 0 
7fda48505000-7fda4c000000 ---p 00000000 00:00 0 
7fda4c000000-7fda4c2e1000 rw-p 00000000 00:00 0 
7fda4c2e1000-7fda50000000 ---p 00000000 00:00 0 
7fda50000000-7fda5027c000 rw-p 00000000 00:00 0 
7fda5027c000-7fda54000000 ---p 00000000 00:00 0 
7fda54000000-7fda54021000 rw-p 00000000 00:00 0 
7fda54021000-7fda58000000 ---p 00000000 00:00 0 
7fda58b78000-7fda58cb8000 rw-p 00000000 00:00 0 
7fda58cb8000-7fda58d78000 ---p 00000000 00:00 0 
7fda58d78000-7fda58daa000 r-xp 00000000 fe:01 940333                     /opt/oracle-jdk-bin-1.8.0.162/jre/lib/amd64/libsunec.so
7fda58daa000-7fda58fa9000 ---p 00032000 fe:01 940333                     /opt/oracle-jdk-bin-1.8.0.162/jre/lib/amd64/libsunec.so
7fda58fa9000-7fda58faf000 rw-p 00031000 fe:01 940333                     /opt/oracle-jdk-bin-1.8.0.162/jre/lib/amd64/libsunec.so
7fda58faf000-7fda58fbf000 rw-p 00000000 00:00 0 
7fda58fbf000-7fda58fd5000 r-xp 00000000 fe:01 940502                     /opt/oracle-jdk-bin-1.8.0.162/jre/lib/amd64/libnet.so
7fda58fd5000-7fda591d5000 ---p 00016000 fe:01 940502                     /opt/oracle-jdk-bin-1.8.0.162/jre/lib/amd64/libnet.so
7fda591d5000-7fda591d6000 rw-p 00016000 fe:01 940502                     /opt/oracle-jdk-bin-1.8.0.162/jre/lib/amd64/libnet.so
7fda591d6000-7fda591e7000 r-xp 00000000 fe:01 940508                     /opt/oracle-jdk-bin-1.8.0.162/jre/lib/amd64/libnio.so
7fda591e7000-7fda593e6000 ---p 00011000 fe:01 940508                     /opt/oracle-jdk-bin-1.8.0.162/jre/lib/amd64/libnio.so
7fda593e6000-7fda593e7000 rw-p 00010000 fe:01 940508                     /opt/oracle-jdk-bin-1.8.0.162/jre/lib/amd64/libnio.so
7fda593e7000-7fda60000000 r--p 00000000 fe:01 791694                     /usr/lib64/locale/locale-archive
7fda60000000-7fda60021000 rw-p 00000000 00:00 0 
7fda60021000-7fda64000000 ---p 00000000 00:00 0 
7fda64000000-7fda64021000 rw-p 00000000 00:00 0 
7fda64021000-7fda68000000 ---p 00000000 00:00 0 
7fda68000000-7fda68021000 rw-p 00000000 00:00 0 
7fda68021000-7fda6c000000 ---p 00000000 00:00 0 
7fda6c07f000-7fda6c082000 ---p 00000000 00:00 0 
7fda6c082000-7fda6c380000 rw-p 00000000 00:00 0 
7fda6c380000-7fda74000000 rw-p 00000000 00:00 0 
7fda74000000-7fda74021000 rw-p 00000000 00:00 0 
7fda74021000-7fda78000000 ---p 00000000 00:00 0 
7fda78000000-7fda78021000 rw-p 00000000 00:00 0 
7fda78021000-7fda7c000000 ---p 00000000 00:00 0 
7fda7c000000-7fda7c021000 rw-p 00000000 00:00 0 
7fda7c021000-7fda80000000 ---p 00000000 00:00 0 
7fda8002e000-7fda80051000 r--p 00000000 00:24 4103836                    /tmp/+JXF4230106455171824216.tmp
7fda80051000-7fda80054000 ---p 00000000 00:00 0 
7fda80054000-7fda80152000 rw-p 00000000 00:00 0 
7fda80152000-7fda8015c000 r--s 00116000 fe:01 939203                     /opt/oracle-jdk-bin-1.8.0.162/jre/lib/ext/localedata.jar
7fda8015c000-7fda80178000 r--s 00393000 fe:01 939158                     /opt/oracle-jdk-bin-1.8.0.162/jre/lib/ext/cldrdata.jar
7fda80178000-7fda8017e000 r--s 0003e000 fe:01 939206                     /opt/oracle-jdk-bin-1.8.0.162/jre/lib/ext/sunjce_provider.jar
7fda8017e000-7fda80180000 r--s 00009000 fe:01 939146                     /opt/oracle-jdk-bin-1.8.0.162/jre/lib/ext/sunec.jar
7fda80180000-7fda80184000 r--s 0003a000 fe:01 939184                     /opt/oracle-jdk-bin-1.8.0.162/jre/lib/ext/sunpkcs11.jar
7fda80184000-7fda80187000 r--s 0001a000 fe:01 940552                     /opt/oracle-jdk-bin-1.8.0.162/jre/lib/jce.jar
7fda80187000-7fda8018c000 rw-s 00000000 00:05 4104573                    /drm mm object (deleted)
7fda8018c000-7fda8038c000 rw-p 00000000 00:00 0 
7fda8038c000-7fda8038e000 rw-s 00000000 00:05 4105330                    /drm mm object (deleted)
7fda8038e000-7fda8039e000 rw-s 00000000 00:05 4103782                    /drm mm object (deleted)
7fda8039e000-7fda803ae000 rw-s 00000000 00:05 4101099                    /drm mm object (deleted)
7fda803ae000-7fda803be000 rw-s 00000000 00:05 4099979                    /drm mm object (deleted)
7fda803be000-7fda8057e000 rw-s 1129b3000 00:06 2143                      /dev/dri/card0
7fda8057e000-7fda8073e000 rw-s 00000000 00:05 4099971                    /drm mm object (deleted)
7fda8073e000-7fda8074e000 rw-s 00000000 00:05 4099976                    /drm mm object (deleted)
7fda8074e000-7fda80752000 rw-s 00000000 00:05 4099975                    /drm mm object (deleted)
7fda80752000-7fda80757000 rw-s 00000000 00:05 4107458                    /drm mm object (deleted)
7fda80757000-7fda80767000 rw-s 00000000 00:05 4099973                    /drm mm object (deleted)
7fda80767000-7fda80773000 rw-s 00000000 00:05 4099951                    /drm mm object (deleted)
7fda80773000-7fda80786000 r--s 00345000 fe:01 939030                     /opt/oracle-jdk-bin-1.8.0.162/jre/lib/resources.jar
7fda80786000-7fda80986000 rw-p 00000000 00:00 0 
7fda80986000-7fda80989000 ---p 00000000 00:00 0 
7fda80989000-7fda80a87000 rw-p 00000000 00:00 0 
7fda80a87000-7fda80b40000 r--p 00000000 fe:01 455269                     /usr/share/fonts/dejavu/DejaVuSans.ttf
7fda80b40000-7fda80beb000 r--p 00000000 fe:01 938580                     /opt/oracle-jdk-bin-1.8.0.162/jre/lib/fonts/LucidaSansRegular.ttf
7fda80beb000-7fda80c25000 r--p 00000000 fe:01 938588                     /opt/oracle-jdk-bin-1.8.0.162/jre/lib/fonts/LucidaTypewriterBold.ttf
7fda80c25000-7fda80c73000 r--p 00000000 fe:01 938582                     /opt/oracle-jdk-bin-1.8.0.162/jre/lib/fonts/LucidaSansDemiBold.ttf
7fda80c73000-7fda80c86000 r--p 00000000 fe:01 938584                     /opt/oracle-jdk-bin-1.8.0.162/jre/lib/fonts/LucidaBrightDemiItalic.ttf
7fda80c86000-7fda80c99000 r--p 00000000 fe:01 938589                     /opt/oracle-jdk-bin-1.8.0.162/jre/lib/fonts/LucidaBrightDemiBold.ttf
7fda80c99000-7fda80cad000 r--p 00000000 fe:01 938579                     /opt/oracle-jdk-bin-1.8.0.162/jre/lib/fonts/LucidaBrightItalic.ttf
7fda80cad000-7fda80ce9000 r--p 00000000 fe:01 938587                     /opt/oracle-jdk-bin-1.8.0.162/jre/lib/fonts/LucidaTypewriterRegular.ttf
7fda80ce9000-7fda80d3e000 r--p 00000000 fe:01 938581                     /opt/oracle-jdk-bin-1.8.0.162/jre/lib/fonts/LucidaBrightRegular.ttf
7fda80d3e000-7fda80d42000 r-xp 00000000 fe:01 940331                     /opt/oracle-jdk-bin-1.8.0.162/jre/lib/amd64/libjavafx_font_pango.so
7fda80d42000-7fda80f41000 ---p 00004000 fe:01 940331                     /opt/oracle-jdk-bin-1.8.0.162/jre/lib/amd64/libjavafx_font_pango.so
7fda80f41000-7fda80f42000 rw-p 00003000 fe:01 940331                     /opt/oracle-jdk-bin-1.8.0.162/jre/lib/amd64/libjavafx_font_pango.so
7fda80f42000-7fda80f47000 r--s 00084000 fe:01 938565                     /opt/oracle-jdk-bin-1.8.0.162/jre/lib/jfr.jar
7fda80f47000-7fda80f51000 r-xp 00000000 fe:01 139442                     /usr/lib64/gtk-2.0/2.10.0/engines/libpixmap.so
7fda80f51000-7fda81150000 ---p 0000a000 fe:01 139442                     /usr/lib64/gtk-2.0/2.10.0/engines/libpixmap.so
7fda81150000-7fda81151000 r--p 00009000 fe:01 139442                     /usr/lib64/gtk-2.0/2.10.0/engines/libpixmap.so
7fda81151000-7fda81152000 rw-p 0000a000 fe:01 139442                     /usr/lib64/gtk-2.0/2.10.0/engines/libpixmap.so
7fda81152000-7fda81154000 r-xp 00000000 fe:01 723962                     /usr/lib64/gtk-2.0/2.10.0/engines/libadwaita.so
7fda81154000-7fda81354000 ---p 00002000 fe:01 723962                     /usr/lib64/gtk-2.0/2.10.0/engines/libadwaita.so
7fda81354000-7fda81355000 r--p 00002000 fe:01 723962                     /usr/lib64/gtk-2.0/2.10.0/engines/libadwaita.so
7fda81355000-7fda81356000 rw-p 00003000 fe:01 723962                     /usr/lib64/gtk-2.0/2.10.0/engines/libadwaita.so
7fda81356000-7fda8135b000 r--s 0009d000 fe:01 939137                     /opt/oracle-jdk-bin-1.8.0.162/jre/lib/jsse.jar
7fda8135b000-7fda8155b000 rw-p 00000000 00:00 0 
7fda8155b000-7fda8155f000 r--s 00000000 fe:01 709976                     /var/cache/fontconfig/6d2376a383715d59725915647ddb0428-le64.cache-7
7fda8155f000-7fda8156a000 r--s 00000000 fe:01 709974                     /var/cache/fontconfig/acc285bc1956c3c4bc7afb41d537a85a-le64.cache-7
7fda8156a000-7fda81576000 r--s 00000000 fe:01 709972                     /var/cache/fontconfig/a0663135713e7191a842fe22e0157189-le64.cache-7
7fda81576000-7fda81588000 r--s 00000000 fe:01 709970                     /var/cache/fontconfig/f2e43df3287529323e79e7929dc44cc9-le64.cache-7
7fda81588000-7fda815ca000 r--s 00000000 fe:01 709969                     /var/cache/fontconfig/923e285e415b1073c8df160bee08820f-le64.cache-7
7fda815ca000-7fda815cf000 r-xp 00000000 fe:01 940335                     /opt/oracle-jdk-bin-1.8.0.162/jre/lib/amd64/libjavafx_font_freetype.so
7fda815cf000-7fda817ce000 ---p 00005000 fe:01 940335                     /opt/oracle-jdk-bin-1.8.0.162/jre/lib/amd64/libjavafx_font_freetype.so
7fda817ce000-7fda817cf000 rw-p 00004000 fe:01 940335                     /opt/oracle-jdk-bin-1.8.0.162/jre/lib/amd64/libjavafx_font_freetype.so
7fda817cf000-7fda817d2000 r-xp 00000000 fe:01 940504                     /opt/oracle-jdk-bin-1.8.0.162/jre/lib/amd64/libjavafx_font.so
7fda817d2000-7fda819d1000 ---p 00003000 fe:01 940504                     /opt/oracle-jdk-bin-1.8.0.162/jre/lib/amd64/libjavafx_font.so
7fda819d1000-7fda819d2000 rw-p 00002000 fe:01 940504                     /opt/oracle-jdk-bin-1.8.0.162/jre/lib/amd64/libjavafx_font.so
7fda819d2000-7fda81bd2000 rw-p 00000000 00:00 0 
7fda81bd2000-7fda81bd5000 ---p 00000000 00:00 0 
7fda81bd5000-7fda81cd3000 rw-p 00000000 00:00 0 
7fda81cd3000-7fda81cd6000 ---p 00000000 00:00 0 
7fda81cd6000-7fda81dd4000 rw-p 00000000 00:00 0 
7fda81dd4000-7fda81dd7000 ---p 00000000 00:00 0 
7fda81dd7000-7fda81ed5000 rw-p 00000000 00:00 0 
7fda81ed5000-7fda81efe000 r-xp 00000000 fe:01 940384                     /opt/oracle-jdk-bin-1.8.0.162/jre/lib/amd64/libglass.so
7fda81efe000-7fda820fd000 ---p 00029000 fe:01 940384                     /opt/oracle-jdk-bin-1.8.0.162/jre/lib/amd64/libglass.so
7fda820fd000-7fda82100000 rw-p 00028000 fe:01 940384                     /opt/oracle-jdk-bin-1.8.0.162/jre/lib/amd64/libglass.so
7fda82100000-7fda82866000 r-xp 00000000 fe:01 791538                     /usr/lib64/mesa/i965_dri.so
7fda82866000-7fda82a65000 ---p 00766000 fe:01 791538                     /usr/lib64/mesa/i965_dri.so
7fda82a65000-7fda82ab4000 r--p 00765000 fe:01 791538                     /usr/lib64/mesa/i965_dri.so
7fda82ab4000-7fda82abb000 rw-p 007b4000 fe:01 791538                     /usr/lib64/mesa/i965_dri.so
7fda82abb000-7fda82b22000 rw-p 00000000 00:00 0 
7fda82b22000-7fda82b35000 r-xp 00000000 fe:01 696744                     /usr/lib64/libbsd.so.0.8.6
7fda82b35000-7fda82d34000 ---p 00013000 fe:01 696744                     /usr/lib64/libbsd.so.0.8.6
7fda82d34000-7fda82d35000 r--p 00012000 fe:01 696744                     /usr/lib64/libbsd.so.0.8.6
7fda82d35000-7fda82d36000 rw-p 00013000 fe:01 696744                     /usr/lib64/libbsd.so.0.8.6
7fda82d36000-7fda82d37000 rw-p 00000000 00:00 0 
7fda82d37000-7fda82d3b000 r-xp 00000000 fe:01 983312                     /lib64/libuuid.so.1.3.0
7fda82d3b000-7fda82f3a000 ---p 00004000 fe:01 983312                     /lib64/libuuid.so.1.3.0
7fda82f3a000-7fda82f3b000 r--p 00003000 fe:01 983312                     /lib64/libuuid.so.1.3.0
7fda82f3b000-7fda82f3c000 rw-p 00004000 fe:01 983312                     /lib64/libuuid.so.1.3.0
7fda82f3c000-7fda82f41000 r-xp 00000000 fe:01 919078                     /usr/lib64/libXdmcp.so.6.0.0
7fda82f41000-7fda83140000 ---p 00005000 fe:01 919078                     /usr/lib64/libXdmcp.so.6.0.0
7fda83140000-7fda83141000 r--p 00004000 fe:01 919078                     /usr/lib64/libXdmcp.so.6.0.0
7fda83141000-7fda83142000 rw-p 00005000 fe:01 919078                     /usr/lib64/libXdmcp.so.6.0.0
7fda83142000-7fda83144000 r-xp 00000000 fe:01 919031                     /usr/lib64/libXau.so.6.0.0
7fda83144000-7fda83344000 ---p 00002000 fe:01 919031                     /usr/lib64/libXau.so.6.0.0
7fda83344000-7fda83345000 r--p 00002000 fe:01 919031                     /usr/lib64/libXau.so.6.0.0
7fda83345000-7fda83346000 rw-p 00003000 fe:01 919031                     /usr/lib64/libXau.so.6.0.0
7fda83346000-7fda83357000 r-xp 00000000 fe:01 10495                      /usr/lib64/libwayland-server.so.0.1.0
7fda83357000-7fda83556000 ---p 00011000 fe:01 10495                      /usr/lib64/libwayland-server.so.0.1.0
7fda83556000-7fda83558000 r--p 00010000 fe:01 10495                      /usr/lib64/libwayland-server.so.0.1.0
7fda83558000-7fda83559000 rw-p 00012000 fe:01 10495                      /usr/lib64/libwayland-server.so.0.1.0
7fda83559000-7fda83566000 r-xp 00000000 fe:01 791547                     /usr/lib64/libgbm.so.1.0.0
7fda83566000-7fda83766000 ---p 0000d000 fe:01 791547                     /usr/lib64/libgbm.so.1.0.0
7fda83766000-7fda83767000 r--p 0000d000 fe:01 791547                     /usr/lib64/libgbm.so.1.0.0
7fda83767000-7fda83768000 rw-p 0000e000 fe:01 791547                     /usr/lib64/libgbm.so.1.0.0
7fda83768000-7fda83775000 r-xp 00000000 fe:01 10541                      /usr/lib64/libwayland-client.so.0.3.0
7fda83775000-7fda83974000 ---p 0000d000 fe:01 10541                      /usr/lib64/libwayland-client.so.0.3.0
7fda83974000-7fda83976000 r--p 0000c000 fe:01 10541                      /usr/lib64/libwayland-client.so.0.3.0
7fda83976000-7fda83977000 rw-p 0000e000 fe:01 10541                      /usr/lib64/libwayland-client.so.0.3.0
7fda83977000-7fda839a1000 r-xp 00000000 fe:01 714026                     /usr/lib64/libgraphite2.so.3.0.1
7fda839a1000-7fda83ba1000 ---p 0002a000 fe:01 714026                     /usr/lib64/libgraphite2.so.3.0.1
7fda83ba1000-7fda83ba3000 r--p 0002a000 fe:01 714026                     /usr/lib64/libgraphite2.so.3.0.1
7fda83ba3000-7fda83ba4000 rw-p 0002c000 fe:01 714026                     /usr/lib64/libgraphite2.so.3.0.1
7fda83ba4000-7fda83be9000 r-xp 00000000 fe:01 982786                     /lib64/libblkid.so.1.1.0
7fda83be9000-7fda83de8000 ---p 00045000 fe:01 982786                     /lib64/libblkid.so.1.1.0
7fda83de8000-7fda83dec000 r--p 00044000 fe:01 982786                     /lib64/libblkid.so.1.1.0
7fda83dec000-7fda83ded000 rw-p 00048000 fe:01 982786                     /lib64/libblkid.so.1.1.0
7fda83ded000-7fda83dee000 rw-p 00000000 00:00 0 
7fda83dee000-7fda83dff000 r-xp 00000000 fe:01 843703                     /usr/lib64/libdrm.so.2.4.0
7fda83dff000-7fda83ffe000 ---p 00011000 fe:01 843703                     /usr/lib64/libdrm.so.2.4.0
7fda83ffe000-7fda83fff000 r--p 00010000 fe:01 843703                     /usr/lib64/libdrm.so.2.4.0
7fda83fff000-7fda84000000 rw-p 00011000 fe:01 843703                     /usr/lib64/libdrm.so.2.4.0
7fda84000000-7fda84021000 rw-p 00000000 00:00 0 
7fda84021000-7fda88000000 ---p 00000000 00:00 0 
7fda88000000-7fda88021000 rw-p 00000000 00:00 0 
7fda88021000-7fda8c000000 ---p 00000000 00:00 0 
7fda8c000000-7fda8c021000 rw-p 00000000 00:00 0 
7fda8c021000-7fda90000000 ---p 00000000 00:00 0 
7fda90000000-7fda90003000 r--s 00000000 fe:01 709977                     /var/cache/fontconfig/0b1bcc92b4d25cc154d77dafe3bceaa0-le64.cache-7
7fda90003000-7fda90009000 r--s 00000000 fe:01 709973                     /var/cache/fontconfig/4460665c0f3e88acdd4c85aa2f409b99-le64.cache-7
7fda90009000-7fda90020000 r--s 00000000 fe:01 709968                     /var/cache/fontconfig/8d4af663993b81a124ee82e610bb31f9-le64.cache-7
7fda90020000-7fda90022000 r--s 00000000 fe:01 709967                     /var/cache/fontconfig/19fedb3e2210915f7a739b6fd7a52ad4-le64.cache-7
7fda90022000-7fda9002d000 r--s 00000000 fe:01 709930                     /var/cache/fontconfig/12b26b760a24f8b4feb03ad48a333a72-le64.cache-7
7fda9002d000-7fda90031000 r-xp 00000000 fe:01 765863                     /usr/lib64/libxcb-dri2.so.0.0.0
7fda90031000-7fda90230000 ---p 00004000 fe:01 765863                     /usr/lib64/libxcb-dri2.so.0.0.0
7fda90230000-7fda90231000 r--p 00003000 fe:01 765863                     /usr/lib64/libxcb-dri2.so.0.0.0
7fda90231000-7fda90232000 rw-p 00004000 fe:01 765863                     /usr/lib64/libxcb-dri2.so.0.0.0
7fda90232000-7fda9024b000 r-xp 00000000 fe:01 765819                     /usr/lib64/libxcb-glx.so.0.0.0
7fda9024b000-7fda9044b000 ---p 00019000 fe:01 765819                     /usr/lib64/libxcb-glx.so.0.0.0
7fda9044b000-7fda9044d000 r--p 00019000 fe:01 765819                     /usr/lib64/libxcb-glx.so.0.0.0
7fda9044d000-7fda9044e000 rw-p 0001b000 fe:01 765819                     /usr/lib64/libxcb-glx.so.0.0.0
7fda9044e000-7fda9044f000 r-xp 00000000 fe:01 53990                      /usr/lib64/libX11-xcb.so.1.0.0
7fda9044f000-7fda9064e000 ---p 00001000 fe:01 53990                      /usr/lib64/libX11-xcb.so.1.0.0
7fda9064e000-7fda9064f000 r--p 00000000 fe:01 53990                      /usr/lib64/libX11-xcb.so.1.0.0
7fda9064f000-7fda90650000 rw-p 00001000 fe:01 53990                      /usr/lib64/libX11-xcb.so.1.0.0
7fda90650000-7fda9067c000 r-xp 00000000 fe:01 791508                     /usr/lib64/libglapi.so.0.0.0
7fda9067c000-7fda9087b000 ---p 0002c000 fe:01 791508                     /usr/lib64/libglapi.so.0.0.0
7fda9087b000-7fda9087f000 r--p 0002b000 fe:01 791508                     /usr/lib64/libglapi.so.0.0.0
7fda9087f000-7fda90880000 rw-p 0002f000 fe:01 791508                     /usr/lib64/libglapi.so.0.0.0
7fda90880000-7fda90881000 rw-p 00000000 00:00 0 
7fda90881000-7fda90882000 r-xp 00000000 fe:01 918980                     /usr/lib64/libxshmfence.so.1.0.0
7fda90882000-7fda90a81000 ---p 00001000 fe:01 918980                     /usr/lib64/libxshmfence.so.1.0.0
7fda90a81000-7fda90a82000 r--p 00000000 fe:01 918980                     /usr/lib64/libxshmfence.so.1.0.0
7fda90a82000-7fda90a83000 rw-p 00001000 fe:01 918980                     /usr/lib64/libxshmfence.so.1.0.0
7fda90a83000-7fda90a89000 r-xp 00000000 fe:01 765912                     /usr/lib64/libxcb-sync.so.1.0.0
7fda90a89000-7fda90c88000 ---p 00006000 fe:01 765912                     /usr/lib64/libxcb-sync.so.1.0.0
7fda90c88000-7fda90c89000 r--p 00005000 fe:01 765912                     /usr/lib64/libxcb-sync.so.1.0.0
7fda90c89000-7fda90c8a000 rw-p 00006000 fe:01 765912                     /usr/lib64/libxcb-sync.so.1.0.0
7fda90c8a000-7fda90c8c000 r-xp 00000000 fe:01 765882                     /usr/lib64/libxcb-present.so.0.0.0
7fda90c8c000-7fda90e8b000 ---p 00002000 fe:01 765882                     /usr/lib64/libxcb-present.so.0.0.0
7fda90e8b000-7fda90e8c000 r--p 00001000 fe:01 765882                     /usr/lib64/libxcb-present.so.0.0.0
7fda90e8c000-7fda90e8d000 rw-p 00002000 fe:01 765882                     /usr/lib64/libxcb-present.so.0.0.0
7fda90e8d000-7fda90e94000 r-xp 00000000 fe:01 765922                     /usr/lib64/libxcb-xfixes.so.0.0.0
7fda90e94000-7fda91093000 ---p 00007000 fe:01 765922                     /usr/lib64/libxcb-xfixes.so.0.0.0
7fda91093000-7fda91094000 r--p 00006000 fe:01 765922                     /usr/lib64/libxcb-xfixes.so.0.0.0
7fda91094000-7fda91095000 rw-p 00007000 fe:01 765922                     /usr/lib64/libxcb-xfixes.so.0.0.0
7fda91095000-7fda91097000 r-xp 00000000 fe:01 765814                     /usr/lib64/libxcb-dri3.so.0.0.0
7fda91097000-7fda91296000 ---p 00002000 fe:01 765814                     /usr/lib64/libxcb-dri3.so.0.0.0
7fda91296000-7fda91297000 r--p 00001000 fe:01 765814                     /usr/lib64/libxcb-dri3.so.0.0.0
7fda91297000-7fda91298000 rw-p 00002000 fe:01 765814                     /usr/lib64/libxcb-dri3.so.0.0.0
7fda91298000-7fda91309000 r-xp 00000000 fe:01 920752                     /lib64/libpcre.so.1.2.9
7fda91309000-7fda91508000 ---p 00071000 fe:01 920752                     /lib64/libpcre.so.1.2.9
7fda91508000-7fda91509000 r--p 00070000 fe:01 920752                     /lib64/libpcre.so.1.2.9
7fda91509000-7fda9150a000 rw-p 00071000 fe:01 920752                     /lib64/libpcre.so.1.2.9
7fda9150a000-7fda91511000 r-xp 00000000 fe:01 49617                      /usr/lib64/libffi.so.6.0.4
7fda91511000-7fda91711000 ---p 00007000 fe:01 49617                      /usr/lib64/libffi.so.6.0.4
7fda91711000-7fda91712000 r--p 00007000 fe:01 49617                      /usr/lib64/libffi.so.6.0.4
7fda91712000-7fda91713000 rw-p 00008000 fe:01 49617                      /usr/lib64/libffi.so.6.0.4
7fda91713000-7fda9173a000 r-xp 00000000 fe:01 49184                      /usr/lib64/libexpat.so.1.6.7
7fda9173a000-7fda9193a000 ---p 00027000 fe:01 49184                      /usr/lib64/libexpat.so.1.6.7
7fda9193a000-7fda9193c000 r--p 00027000 fe:01 49184                      /usr/lib64/libexpat.so.1.6.7
7fda9193c000-7fda9193d000 rw-p 00029000 fe:01 49184                      /usr/lib64/libexpat.so.1.6.7
7fda9193d000-7fda9194c000 r-xp 00000000 fe:01 480410                     /lib64/libbz2.so.1.0.6
7fda9194c000-7fda91b4c000 ---p 0000f000 fe:01 480410                     /lib64/libbz2.so.1.0.6
7fda91b4c000-7fda91b4d000 r--p 0000f000 fe:01 480410                     /lib64/libbz2.so.1.0.6
7fda91b4d000-7fda91b4e000 rw-p 00010000 fe:01 480410                     /lib64/libbz2.so.1.0.6
7fda91b4e000-7fda91b5b000 r-xp 00000000 fe:01 765877                     /usr/lib64/libxcb-render.so.0.0.0
7fda91b5b000-7fda91d5a000 ---p 0000d000 fe:01 765877                     /usr/lib64/libxcb-render.so.0.0.0
7fda91d5a000-7fda91d5b000 r--p 0000c000 fe:01 765877                     /usr/lib64/libxcb-render.so.0.0.0
7fda91d5b000-7fda91d5c000 rw-p 0000d000 fe:01 765877                     /usr/lib64/libxcb-render.so.0.0.0
7fda91d5c000-7fda91d84000 r-xp 00000000 fe:01 765809                     /usr/lib64/libxcb.so.1.1.0
7fda91d84000-7fda91f83000 ---p 00028000 fe:01 765809                     /usr/lib64/libxcb.so.1.1.0
7fda91f83000-7fda91f84000 r--p 00027000 fe:01 765809                     /usr/lib64/libxcb.so.1.1.0
7fda91f84000-7fda91f85000 rw-p 00028000 fe:01 765809                     /usr/lib64/libxcb.so.1.1.0
7fda91f85000-7fda91f87000 r-xp 00000000 fe:01 765907                     /usr/lib64/libxcb-shm.so.0.0.0
7fda91f87000-7fda92187000 ---p 00002000 fe:01 765907                     /usr/lib64/libxcb-shm.so.0.0.0
7fda92187000-7fda92188000 r--p 00002000 fe:01 765907                     /usr/lib64/libxcb-shm.so.0.0.0
7fda92188000-7fda92189000 rw-p 00003000 fe:01 765907                     /usr/lib64/libxcb-shm.so.0.0.0
7fda92189000-7fda921bd000 r-xp 00000000 fe:01 171148                     /usr/lib64/libpng16.so.16.29.0
7fda921bd000-7fda923bc000 ---p 00034000 fe:01 171148                     /usr/lib64/libpng16.so.16.29.0
7fda923bc000-7fda923bd000 r--p 00033000 fe:01 171148                     /usr/lib64/libpng16.so.16.29.0
7fda923bd000-7fda923be000 rw-p 00034000 fe:01 171148                     /usr/lib64/libpng16.so.16.29.0
7fda923be000-7fda923f4000 r-xp 00000000 fe:01 791549                     /usr/lib64/libEGL.so.1.0.0
7fda923f4000-7fda925f3000 ---p 00036000 fe:01 791549                     /usr/lib64/libEGL.so.1.0.0
7fda925f3000-7fda925f5000 r--p 00035000 fe:01 791549                     /usr/lib64/libEGL.so.1.0.0
7fda925f5000-7fda925f6000 rw-p 00037000 fe:01 791549                     /usr/lib64/libEGL.so.1.0.0
7fda925f6000-7fda9268d000 r-xp 00000000 fe:01 710732                     /usr/lib64/libpixman-1.so.0.34.0
7fda9268d000-7fda9288c000 ---p 00097000 fe:01 710732                     /usr/lib64/libpixman-1.so.0.34.0
7fda9288c000-7fda92894000 r--p 00096000 fe:01 710732                     /usr/lib64/libpixman-1.so.0.34.0
7fda92894000-7fda92895000 rw-p 0009e000 fe:01 710732                     /usr/lib64/libpixman-1.so.0.34.0
7fda92895000-7fda92930000 r-xp 00000000 fe:01 841776                     /usr/lib64/libharfbuzz.so.0.10702.0
7fda92930000-7fda92b30000 ---p 0009b000 fe:01 841776                     /usr/lib64/libharfbuzz.so.0.10702.0
7fda92b30000-7fda92b31000 r--p 0009b000 fe:01 841776                     /usr/lib64/libharfbuzz.so.0.10702.0
7fda92b31000-7fda92b32000 rw-p 0009c000 fe:01 841776                     /usr/lib64/libharfbuzz.so.0.10702.0
7fda92b32000-7fda92b82000 r-xp 00000000 fe:01 982959                     /lib64/libmount.so.1.1.0
7fda92b82000-7fda92d82000 ---p 00050000 fe:01 982959                     /lib64/libmount.so.1.1.0
7fda92d82000-7fda92d84000 r--p 00050000 fe:01 982959                     /lib64/libmount.so.1.1.0
7fda92d84000-7fda92d85000 rw-p 00052000 fe:01 982959                     /lib64/libmount.so.1.1.0
7fda92d85000-7fda92d87000 rw-p 00000000 00:00 0 
7fda92d87000-7fda92d9a000 r-xp 00000000 fe:01 417827                     /lib64/libresolv-2.25.so
7fda92d9a000-7fda92f9a000 ---p 00013000 fe:01 417827                     /lib64/libresolv-2.25.so
7fda92f9a000-7fda92f9b000 r--p 00013000 fe:01 417827                     /lib64/libresolv-2.25.so
7fda92f9b000-7fda92f9c000 rw-p 00014000 fe:01 417827                     /lib64/libresolv-2.25.so
7fda92f9c000-7fda92f9e000 rw-p 00000000 00:00 0 
7fda92f9e000-7fda92fb4000 r-xp 00000000 fe:01 49105                      /lib64/libz.so.1.2.11
7fda92fb4000-7fda931b3000 ---p 00016000 fe:01 49105                      /lib64/libz.so.1.2.11
7fda931b3000-7fda931b4000 r--p 00015000 fe:01 49105                      /lib64/libz.so.1.2.11
7fda931b4000-7fda931b5000 rw-p 00016000 fe:01 49105                      /lib64/libz.so.1.2.11
7fda931b5000-7fda931c6000 r-xp 00000000 fe:01 167633                     /usr/lib64/libXext.so.6.4.0
7fda931c6000-7fda933c5000 ---p 00011000 fe:01 167633                     /usr/lib64/libXext.so.6.4.0
7fda933c5000-7fda933c6000 r--p 00010000 fe:01 167633                     /usr/lib64/libXext.so.6.4.0
7fda933c6000-7fda933c7000 rw-p 00011000 fe:01 167633                     /usr/lib64/libXext.so.6.4.0
7fda933c7000-7fda933c9000 r-xp 00000000 fe:01 167360                     /usr/lib64/libXdamage.so.1.1.0
7fda933c9000-7fda935c8000 ---p 00002000 fe:01 167360                     /usr/lib64/libXdamage.so.1.1.0
7fda935c8000-7fda935c9000 r--p 00001000 fe:01 167360                     /usr/lib64/libXdamage.so.1.1.0
7fda935c9000-7fda935ca000 rw-p 00002000 fe:01 167360                     /usr/lib64/libXdamage.so.1.1.0
7fda935ca000-7fda935d4000 r-xp 00000000 fe:01 167439                     /usr/lib64/libXcursor.so.1.0.2
7fda935d4000-7fda937d3000 ---p 0000a000 fe:01 167439                     /usr/lib64/libXcursor.so.1.0.2
7fda937d3000-7fda937d4000 r--p 00009000 fe:01 167439                     /usr/lib64/libXcursor.so.1.0.2
7fda937d4000-7fda937d5000 rw-p 0000a000 fe:01 167439                     /usr/lib64/libXcursor.so.1.0.2
7fda937d5000-7fda937df000 r-xp 00000000 fe:01 167398                     /usr/lib64/libXrandr.so.2.2.0
7fda937df000-7fda939de000 ---p 0000a000 fe:01 167398                     /usr/lib64/libXrandr.so.2.2.0
7fda939de000-7fda939df000 r--p 00009000 fe:01 167398                     /usr/lib64/libXrandr.so.2.2.0
7fda939df000-7fda939e0000 rw-p 0000a000 fe:01 167398                     /usr/lib64/libXrandr.so.2.2.0
7fda939e0000-7fda939ef000 r-xp 00000000 fe:01 168023                     /usr/lib64/libXi.so.6.1.0
7fda939ef000-7fda93bee000 ---p 0000f000 fe:01 168023                     /usr/lib64/libXi.so.6.1.0
7fda93bee000-7fda93bef000 r--p 0000e000 fe:01 168023                     /usr/lib64/libXi.so.6.1.0
7fda93bef000-7fda93bf0000 rw-p 0000f000 fe:01 168023                     /usr/lib64/libXi.so.6.1.0
7fda93bf0000-7fda93bf9000 r-xp 00000000 fe:01 167246                     /usr/lib64/libXrender.so.1.3.0
7fda93bf9000-7fda93df8000 ---p 00009000 fe:01 167246                     /usr/lib64/libXrender.so.1.3.0
7fda93df8000-7fda93df9000 r--p 00008000 fe:01 167246                     /usr/lib64/libXrender.so.1.3.0
7fda93df9000-7fda93dfa000 rw-p 00009000 fe:01 167246                     /usr/lib64/libXrender.so.1.3.0
7fda93dfa000-7fda93dff000 r-xp 00000000 fe:01 167055                     /usr/lib64/libXfixes.so.3.1.0
7fda93dff000-7fda93ffe000 ---p 00005000 fe:01 167055                     /usr/lib64/libXfixes.so.3.1.0
7fda93ffe000-7fda93fff000 r--p 00004000 fe:01 167055                     /usr/lib64/libXfixes.so.3.1.0
7fda93fff000-7fda94000000 rw-p 00005000 fe:01 167055                     /usr/lib64/libXfixes.so.3.1.0
7fda94000000-7fda94021000 rw-p 00000000 00:00 0 
7fda94021000-7fda98000000 ---p 00000000 00:00 0 
7fda98001000-7fda98003000 r-xp 00000000 fe:01 167425                     /usr/lib64/libXcomposite.so.1.0.0
7fda98003000-7fda98202000 ---p 00002000 fe:01 167425                     /usr/lib64/libXcomposite.so.1.0.0
7fda98202000-7fda98203000 r--p 00001000 fe:01 167425                     /usr/lib64/libXcomposite.so.1.0.0
7fda98203000-7fda98204000 rw-p 00002000 fe:01 167425                     /usr/lib64/libXcomposite.so.1.0.0
7fda98204000-7fda98219000 r-xp 00000000 fe:01 795847                     /usr/lib64/gcc/x86_64-pc-linux-gnu/6.4.0/libgcc_s.so.1
7fda98219000-7fda98418000 ---p 00015000 fe:01 795847                     /usr/lib64/gcc/x86_64-pc-linux-gnu/6.4.0/libgcc_s.so.1
7fda98418000-7fda98419000 r--p 00014000 fe:01 795847                     /usr/lib64/gcc/x86_64-pc-linux-gnu/6.4.0/libgcc_s.so.1
7fda98419000-7fda9841a000 rw-p 00015000 fe:01 795847                     /usr/lib64/gcc/x86_64-pc-linux-gnu/6.4.0/libgcc_s.so.1
7fda9841a000-7fda98606000 r-xp 00000000 fe:01 796245                     /usr/lib64/gcc/x86_64-pc-linux-gnu/6.4.0/libstdc++.so.6.0.22
7fda98606000-7fda98805000 ---p 001ec000 fe:01 796245                     /usr/lib64/gcc/x86_64-pc-linux-gnu/6.4.0/libstdc++.so.6.0.22
7fda98805000-7fda98812000 r--p 001eb000 fe:01 796245                     /usr/lib64/gcc/x86_64-pc-linux-gnu/6.4.0/libstdc++.so.6.0.22
7fda98812000-7fda98816000 rw-p 001f8000 fe:01 796245                     /usr/lib64/gcc/x86_64-pc-linux-gnu/6.4.0/libstdc++.so.6.0.22
7fda98816000-7fda98819000 rw-p 00000000 00:00 0 
7fda98819000-7fda98888000 r-xp 00000000 fe:01 791548                     /usr/lib64/libGL.so.1.2.0
7fda98888000-7fda98a87000 ---p 0006f000 fe:01 791548                     /usr/lib64/libGL.so.1.2.0
7fda98a87000-7fda98a8a000 r--p 0006e000 fe:01 791548                     /usr/lib64/libGL.so.1.2.0
7fda98a8a000-7fda98a8b000 rw-p 00071000 fe:01 791548                     /usr/lib64/libGL.so.1.2.0
7fda98a8b000-7fda98a8c000 rw-p 00000000 00:00 0 
7fda98a8c000-7fda98a91000 r-xp 00000000 fe:01 167540                     /usr/lib64/libXxf86vm.so.1.0.0
7fda98a91000-7fda98c90000 ---p 00005000 fe:01 167540                     /usr/lib64/libXxf86vm.so.1.0.0
7fda98c90000-7fda98c91000 r--p 00004000 fe:01 167540                     /usr/lib64/libXxf86vm.so.1.0.0
7fda98c91000-7fda98c92000 rw-p 00005000 fe:01 167540                     /usr/lib64/libXxf86vm.so.1.0.0
7fda98c92000-7fda98dc9000 r-xp 00000000 fe:01 53971                      /usr/lib64/libX11.so.6.3.0
7fda98dc9000-7fda98fc9000 ---p 00137000 fe:01 53971                      /usr/lib64/libX11.so.6.3.0
7fda98fc9000-7fda98fca000 r--p 00137000 fe:01 53971                      /usr/lib64/libX11.so.6.3.0
7fda98fca000-7fda98fcf000 rw-p 00138000 fe:01 53971                      /usr/lib64/libX11.so.6.3.0
7fda98fcf000-7fda98fd4000 r-xp 00000000 fe:01 706443                     /usr/lib64/libXtst.so.6.1.0
7fda98fd4000-7fda991d3000 ---p 00005000 fe:01 706443                     /usr/lib64/libXtst.so.6.1.0
7fda991d3000-7fda991d4000 r--p 00004000 fe:01 706443                     /usr/lib64/libXtst.so.6.1.0
7fda991d4000-7fda991d5000 rw-p 00005000 fe:01 706443                     /usr/lib64/libXtst.so.6.1.0
7fda991d5000-7fda992e6000 r-xp 00000000 fe:01 1073213                    /usr/lib64/libglib-2.0.so.0.5200.3
7fda992e6000-7fda994e5000 ---p 00111000 fe:01 1073213                    /usr/lib64/libglib-2.0.so.0.5200.3
7fda994e5000-7fda994e6000 r--p 00110000 fe:01 1073213                    /usr/lib64/libglib-2.0.so.0.5200.3
7fda994e6000-7fda994e7000 rw-p 00111000 fe:01 1073213                    /usr/lib64/libglib-2.0.so.0.5200.3
7fda994e7000-7fda994e8000 rw-p 00000000 00:00 0 
7fda994e8000-7fda994e9000 r-xp 00000000 fe:01 1073304                    /usr/lib64/libgthread-2.0.so.0.5200.3
7fda994e9000-7fda996e8000 ---p 00001000 fe:01 1073304                    /usr/lib64/libgthread-2.0.so.0.5200.3
7fda996e8000-7fda996e9000 r--p 00000000 fe:01 1073304                    /usr/lib64/libgthread-2.0.so.0.5200.3
7fda996e9000-7fda996ea000 rw-p 00001000 fe:01 1073304                    /usr/lib64/libgthread-2.0.so.0.5200.3
7fda996ea000-7fda996ed000 r-xp 00000000 fe:01 1073219                    /usr/lib64/libgmodule-2.0.so.0.5200.3
7fda996ed000-7fda998ec000 ---p 00003000 fe:01 1073219                    /usr/lib64/libgmodule-2.0.so.0.5200.3
7fda998ec000-7fda998ed000 r--p 00002000 fe:01 1073219                    /usr/lib64/libgmodule-2.0.so.0.5200.3
7fda998ed000-7fda998ee000 rw-p 00003000 fe:01 1073219                    /usr/lib64/libgmodule-2.0.so.0.5200.3
7fda998ee000-7fda99940000 r-xp 00000000 fe:01 1073305                    /usr/lib64/libgobject-2.0.so.0.5200.3
7fda99940000-7fda99b3f000 ---p 00052000 fe:01 1073305                    /usr/lib64/libgobject-2.0.so.0.5200.3
7fda99b3f000-7fda99b40000 r--p 00051000 fe:01 1073305                    /usr/lib64/libgobject-2.0.so.0.5200.3
7fda99b40000-7fda99b41000 rw-p 00052000 fe:01 1073305                    /usr/lib64/libgobject-2.0.so.0.5200.3
7fda99b41000-7fda99b80000 r-xp 00000000 fe:01 841248                     /usr/lib64/libfontconfig.so.1.10.1
7fda99b80000-7fda99d7f000 ---p 0003f000 fe:01 841248                     /usr/lib64/libfontconfig.so.1.10.1
7fda99d7f000-7fda99d81000 r--p 0003e000 fe:01 841248                     /usr/lib64/libfontconfig.so.1.10.1
7fda99d81000-7fda99d86000 rw-p 00040000 fe:01 841248                     /usr/lib64/libfontconfig.so.1.10.1
7fda99d86000-7fda99e43000 r-xp 00000000 fe:01 166697                     /usr/lib64/libfreetype.so.6.14.0
7fda99e43000-7fda9a043000 ---p 000bd000 fe:01 166697                     /usr/lib64/libfreetype.so.6.14.0
7fda9a043000-7fda9a04a000 r--p 000bd000 fe:01 166697                     /usr/lib64/libfreetype.so.6.14.0
7fda9a04a000-7fda9a04b000 rw-p 000c4000 fe:01 166697                     /usr/lib64/libfreetype.so.6.14.0
7fda9a04b000-7fda9a096000 r-xp 00000000 fe:01 848061                     /usr/lib64/libpango-1.0.so.0.4000.14
7fda9a096000-7fda9a296000 ---p 0004b000 fe:01 848061                     /usr/lib64/libpango-1.0.so.0.4000.14
7fda9a296000-7fda9a298000 r--p 0004b000 fe:01 848061                     /usr/lib64/libpango-1.0.so.0.4000.14
7fda9a298000-7fda9a299000 rw-p 0004d000 fe:01 848061                     /usr/lib64/libpango-1.0.so.0.4000.14
7fda9a299000-7fda9a3bc000 r-xp 00000000 fe:01 776088                     /usr/lib64/libcairo.so.2.11400.12
7fda9a3bc000-7fda9a5bb000 ---p 00123000 fe:01 776088                     /usr/lib64/libcairo.so.2.11400.12
7fda9a5bb000-7fda9a5be000 r--p 00122000 fe:01 776088                     /usr/lib64/libcairo.so.2.11400.12
7fda9a5be000-7fda9a5c0000 rw-p 00125000 fe:01 776088                     /usr/lib64/libcairo.so.2.11400.12
7fda9a5c0000-7fda9a5c1000 rw-p 00000000 00:00 0 
7fda9a5c1000-7fda9a5cd000 r-xp 00000000 fe:01 848062                     /usr/lib64/libpangocairo-1.0.so.0.4000.14
7fda9a5cd000-7fda9a7cc000 ---p 0000c000 fe:01 848062                     /usr/lib64/libpangocairo-1.0.so.0.4000.14
7fda9a7cc000-7fda9a7cd000 r--p 0000b000 fe:01 848062                     /usr/lib64/libpangocairo-1.0.so.0.4000.14
7fda9a7cd000-7fda9a7ce000 rw-p 0000c000 fe:01 848062                     /usr/lib64/libpangocairo-1.0.so.0.4000.14
7fda9a7ce000-7fda9a7f1000 r-xp 00000000 fe:01 657025                     /usr/lib64/libgdk_pixbuf-2.0.so.0.3611.0
7fda9a7f1000-7fda9a9f0000 ---p 00023000 fe:01 657025                     /usr/lib64/libgdk_pixbuf-2.0.so.0.3611.0
7fda9a9f0000-7fda9a9f1000 r--p 00022000 fe:01 657025                     /usr/lib64/libgdk_pixbuf-2.0.so.0.3611.0
7fda9a9f1000-7fda9a9f2000 rw-p 00023000 fe:01 657025                     /usr/lib64/libgdk_pixbuf-2.0.so.0.3611.0
7fda9a9f2000-7fda9aa06000 r-xp 00000000 fe:01 848051                     /usr/lib64/libpangoft2-1.0.so.0.4000.14
7fda9aa06000-7fda9ac05000 ---p 00014000 fe:01 848051                     /usr/lib64/libpangoft2-1.0.so.0.4000.14
7fda9ac05000-7fda9ac06000 r--p 00013000 fe:01 848051                     /usr/lib64/libpangoft2-1.0.so.0.4000.14
7fda9ac06000-7fda9ac07000 rw-p 00014000 fe:01 848051                     /usr/lib64/libpangoft2-1.0.so.0.4000.14
7fda9ac07000-7fda9ad97000 r-xp 00000000 fe:01 1073306                    /usr/lib64/libgio-2.0.so.0.5200.3
7fda9ad97000-7fda9af97000 ---p 00190000 fe:01 1073306                    /usr/lib64/libgio-2.0.so.0.5200.3
7fda9af97000-7fda9af9c000 r--p 00190000 fe:01 1073306                    /usr/lib64/libgio-2.0.so.0.5200.3
7fda9af9c000-7fda9af9e000 rw-p 00195000 fe:01 1073306                    /usr/lib64/libgio-2.0.so.0.5200.3
7fda9af9e000-7fda9afa0000 rw-p 00000000 00:00 0 
7fda9afa0000-7fda9afc3000 r-xp 00000000 fe:01 751145                     /usr/lib64/libatk-1.0.so.0.22409.1
7fda9afc3000-7fda9b1c2000 ---p 00023000 fe:01 751145                     /usr/lib64/libatk-1.0.so.0.22409.1
7fda9b1c2000-7fda9b1c5000 r--p 00022000 fe:01 751145                     /usr/lib64/libatk-1.0.so.0.22409.1
7fda9b1c5000-7fda9b1c6000 rw-p 00025000 fe:01 751145                     /usr/lib64/libatk-1.0.so.0.22409.1
7fda9b1c6000-7fda9b276000 r-xp 00000000 fe:01 139436                     /usr/lib64/libgdk-x11-2.0.so.0.2400.31
7fda9b276000-7fda9b475000 ---p 000b0000 fe:01 139436                     /usr/lib64/libgdk-x11-2.0.so.0.2400.31
7fda9b475000-7fda9b479000 r--p 000af000 fe:01 139436                     /usr/lib64/libgdk-x11-2.0.so.0.2400.31
7fda9b479000-7fda9b47b000 rw-p 000b3000 fe:01 139436                     /usr/lib64/libgdk-x11-2.0.so.0.2400.31
7fda9b47b000-7fda9b8ad000 r-xp 00000000 fe:01 139437                     /usr/lib64/libgtk-x11-2.0.so.0.2400.31
7fda9b8ad000-7fda9baac000 ---p 00432000 fe:01 139437                     /usr/lib64/libgtk-x11-2.0.so.0.2400.31
7fda9baac000-7fda9bab3000 r--p 00431000 fe:01 139437                     /usr/lib64/libgtk-x11-2.0.so.0.2400.31
7fda9bab3000-7fda9bab7000 rw-p 00438000 fe:01 139437                     /usr/lib64/libgtk-x11-2.0.so.0.2400.31
7fda9bab7000-7fda9baba000 rw-p 00000000 00:00 0 
7fda9baba000-7fda9babb000 rw-s 00000000 00:05 4105329                    /drm mm object (deleted)
7fda9babb000-7fda9baf1000 r--s 00000000 fe:02 11411188                   /home/aesophor/.cache/fontconfig/9085acacfd3ed2f69daa65cfe81525f4-le64.cache-7
7fda9baf1000-7fda9bafd000 r-xp 00000000 fe:01 940511                     /opt/oracle-jdk-bin-1.8.0.162/jre/lib/amd64/libprism_es2.so
7fda9bafd000-7fda9bcfc000 ---p 0000c000 fe:01 940511                     /opt/oracle-jdk-bin-1.8.0.162/jre/lib/amd64/libprism_es2.so
7fda9bcfc000-7fda9bcfd000 rw-p 0000b000 fe:01 940511                     /opt/oracle-jdk-bin-1.8.0.162/jre/lib/amd64/libprism_es2.so
7fda9bcfd000-7fda9bd00000 ---p 00000000 00:00 0 
7fda9bd00000-7fda9bdfe000 rw-p 00000000 00:00 0 
7fda9bdfe000-7fda9bdff000 ---p 00000000 00:00 0 
7fda9bdff000-7fda9beff000 rw-p 00000000 00:00 0 
7fda9beff000-7fda9bf02000 ---p 00000000 00:00 0 
7fda9bf02000-7fda9c000000 rw-p 00000000 00:00 0 
7fda9c000000-7fda9c021000 rw-p 00000000 00:00 0 
7fda9c021000-7fdaa0000000 ---p 00000000 00:00 0 
7fdaa0000000-7fdaa0001000 r--s 00000000 fe:01 709971                     /var/cache/fontconfig/25555864a5ce4c4354a06a3e87d97c32-le64.cache-7
7fdaa0001000-7fdaa0004000 r--s 00000000 fe:01 661022                     /var/cache/fontconfig/019629eead7fd8624feacc17e1c76e56-le64.cache-7
7fdaa0004000-7fdaa0009000 r--s 00000000 fe:01 709964                     /var/cache/fontconfig/1649608eb9b8f94c6b3224be69857e3b-le64.cache-7
7fdaa0009000-7fdaa000a000 r--s 00000000 fe:01 709963                     /var/cache/fontconfig/82f0ed23f50806d756be74166fc21c9c-le64.cache-7
7fdaa000a000-7fdaa000e000 r--s 00000000 fe:01 709925                     /var/cache/fontconfig/f6b893a7224233d96cb72fd88691c0b4-le64.cache-7
7fdaa000e000-7fdaa0017000 r--s 00000000 fe:01 661008                     /var/cache/fontconfig/df311e82a1a24c41a75c2c930223552e-le64.cache-7
7fdaa0017000-7fdaa00ad000 r--s 0110a000 fe:01 939165                     /opt/oracle-jdk-bin-1.8.0.162/jre/lib/ext/jfxrt.jar
7fdaa00ad000-7fdaa00b0000 ---p 00000000 00:00 0 
7fdaa00b0000-7fdaa01ae000 rw-p 00000000 00:00 0 
7fdaa01ae000-7fdaa01b1000 ---p 00000000 00:00 0 
7fdaa01b1000-7fdaa02af000 rw-p 00000000 00:00 0 
7fdaa02af000-7fdaa02b2000 ---p 00000000 00:00 0 
7fdaa02b2000-7fdaa03b0000 rw-p 00000000 00:00 0 
7fdaa03b0000-7fdaa03b3000 ---p 00000000 00:00 0 
7fdaa03b3000-7fdaa04b1000 rw-p 00000000 00:00 0 
7fdaa04b1000-7fdaa04b4000 ---p 00000000 00:00 0 
7fdaa04b4000-7fdaa05b2000 rw-p 00000000 00:00 0 
7fdaa05b2000-7fdaa05b5000 ---p 00000000 00:00 0 
7fdaa05b5000-7fdaa06b3000 rw-p 00000000 00:00 0 
7fdaa06b3000-7fdaa06b6000 ---p 00000000 00:00 0 
7fdaa06b6000-7fdaa07b4000 rw-p 00000000 00:00 0 
7fdaa07b4000-7fdaa07b5000 ---p 00000000 00:00 0 
7fdaa07b5000-7fdaa2527000 rw-p 00000000 00:00 0 
7fdaa2527000-7fdaa2701000 r--s 03d64000 fe:01 940577                     /opt/oracle-jdk-bin-1.8.0.162/jre/lib/rt.jar
7fdaa2701000-7fdaa373f000 rw-p 00000000 00:00 0 
7fdaa373f000-7fdaa3740000 ---p 00000000 00:00 0 
7fdaa3740000-7fdaa3840000 rw-p 00000000 00:00 0 
7fdaa3840000-7fdaa3841000 ---p 00000000 00:00 0 
7fdaa3841000-7fdaa3941000 rw-p 00000000 00:00 0 
7fdaa3941000-7fdaa3942000 ---p 00000000 00:00 0 
7fdaa3942000-7fdaa3a42000 rw-p 00000000 00:00 0 
7fdaa3a42000-7fdaa3a43000 ---p 00000000 00:00 0 
7fdaa3a43000-7fdaa3b43000 rw-p 00000000 00:00 0 
7fdaa3b43000-7fdaa3b44000 ---p 00000000 00:00 0 
7fdaa3b44000-7fdaa3c44000 rw-p 00000000 00:00 0 
7fdaa3c44000-7fdaa3c45000 ---p 00000000 00:00 0 
7fdaa3c45000-7fdaa3d45000 rw-p 00000000 00:00 0 
7fdaa3d45000-7fdaa3d46000 ---p 00000000 00:00 0 
7fdaa3d46000-7fdaa3e46000 rw-p 00000000 00:00 0 
7fdaa3e46000-7fdaa3e47000 ---p 00000000 00:00 0 
7fdaa3e47000-7fdaa3f6c000 rw-p 00000000 00:00 0 
7fdaa3f6c000-7fdaa4477000 ---p 00000000 00:00 0 
7fdaa4477000-7fdaa449c000 rw-p 00000000 00:00 0 
7fdaa449c000-7fdaa49a7000 ---p 00000000 00:00 0 
7fdaa49a7000-7fdaa49d1000 rw-p 00000000 00:00 0 
7fdaa49d1000-7fdaa4c3f000 ---p 00000000 00:00 0 
7fdaa4c3f000-7fdaa4c65000 rw-p 00000000 00:00 0 
7fdaa4c65000-7fdaa5000000 ---p 00000000 00:00 0 
7fdaa5000000-7fdaa5910000 rwxp 00000000 00:00 0 
7fdaa5910000-7fdab4000000 ---p 00000000 00:00 0 
7fdab4000000-7fdab4458000 rw-p 00000000 00:00 0 
7fdab4458000-7fdab8000000 ---p 00000000 00:00 0 
7fdab8000000-7fdab8002000 r--s 00000000 fe:01 709933                     /var/cache/fontconfig/6ba42ae0000f58711b5caaf10d690066-le64.cache-7
7fdab8002000-7fdab8007000 rw-s 00000000 00:05 4099949                    /drm mm object (deleted)
7fdab8008000-7fdab801d000 r--s 00237000 fe:02 11665599                   /home/aesophor/Code/Java/NetBeansProjects/Hacklympics/Hacklympics/libs/jfoenix-8.0.1.jar
7fdab801d000-7fdab803e000 rw-p 00000000 00:00 0 
7fdab803e000-7fdab8059000 r-xp 00000000 fe:01 940492                     /opt/oracle-jdk-bin-1.8.0.162/jre/lib/amd64/libzip.so
7fdab8059000-7fdab8259000 ---p 0001b000 fe:01 940492                     /opt/oracle-jdk-bin-1.8.0.162/jre/lib/amd64/libzip.so
7fdab8259000-7fdab825a000 rw-p 0001b000 fe:01 940492                     /opt/oracle-jdk-bin-1.8.0.162/jre/lib/amd64/libzip.so
7fdab825a000-7fdab8265000 r-xp 00000000 fe:01 417840                     /lib64/libnss_files-2.25.so
7fdab8265000-7fdab8464000 ---p 0000b000 fe:01 417840                     /lib64/libnss_files-2.25.so
7fdab8464000-7fdab8465000 r--p 0000a000 fe:01 417840                     /lib64/libnss_files-2.25.so
7fdab8465000-7fdab8466000 rw-p 0000b000 fe:01 417840                     /lib64/libnss_files-2.25.so
7fdab8466000-7fdab8471000 r-xp 00000000 fe:01 417845                     /lib64/libnss_nis-2.25.so
7fdab8471000-7fdab8670000 ---p 0000b000 fe:01 417845                     /lib64/libnss_nis-2.25.so
7fdab8670000-7fdab8671000 r--p 0000a000 fe:01 417845                     /lib64/libnss_nis-2.25.so
7fdab8671000-7fdab8672000 rw-p 0000b000 fe:01 417845                     /lib64/libnss_nis-2.25.so
7fdab8672000-7fdab8688000 r-xp 00000000 fe:01 417819                     /lib64/libnsl-2.25.so
7fdab8688000-7fdab8887000 ---p 00016000 fe:01 417819                     /lib64/libnsl-2.25.so
7fdab8887000-7fdab8888000 r--p 00015000 fe:01 417819                     /lib64/libnsl-2.25.so
7fdab8888000-7fdab8889000 rw-p 00016000 fe:01 417819                     /lib64/libnsl-2.25.so
7fdab8889000-7fdab888b000 rw-p 00000000 00:00 0 
7fdab888b000-7fdab8892000 r-xp 00000000 fe:01 417831                     /lib64/libnss_compat-2.25.so
7fdab8892000-7fdab8a92000 ---p 00007000 fe:01 417831                     /lib64/libnss_compat-2.25.so
7fdab8a92000-7fdab8a93000 r--p 00007000 fe:01 417831                     /lib64/libnss_compat-2.25.so
7fdab8a93000-7fdab8a94000 rw-p 00008000 fe:01 417831                     /lib64/libnss_compat-2.25.so
7fdab8a94000-7fdab8abf000 r-xp 00000000 fe:01 940450                     /opt/oracle-jdk-bin-1.8.0.162/jre/lib/amd64/libjava.so
7fdab8abf000-7fdab8cbe000 ---p 0002b000 fe:01 940450                     /opt/oracle-jdk-bin-1.8.0.162/jre/lib/amd64/libjava.so
7fdab8cbe000-7fdab8cc0000 rw-p 0002a000 fe:01 940450                     /opt/oracle-jdk-bin-1.8.0.162/jre/lib/amd64/libjava.so
7fdab8cc0000-7fdab8ccd000 r-xp 00000000 fe:01 940489                     /opt/oracle-jdk-bin-1.8.0.162/jre/lib/amd64/libverify.so
7fdab8ccd000-7fdab8ecd000 ---p 0000d000 fe:01 940489                     /opt/oracle-jdk-bin-1.8.0.162/jre/lib/amd64/libverify.so
7fdab8ecd000-7fdab8ecf000 rw-p 0000d000 fe:01 940489                     /opt/oracle-jdk-bin-1.8.0.162/jre/lib/amd64/libverify.so
7fdab8ecf000-7fdab8ed6000 r-xp 00000000 fe:01 417810                     /lib64/librt-2.25.so
7fdab8ed6000-7fdab90d5000 ---p 00007000 fe:01 417810                     /lib64/librt-2.25.so
7fdab90d5000-7fdab90d6000 r--p 00006000 fe:01 417810                     /lib64/librt-2.25.so
7fdab90d6000-7fdab90d7000 rw-p 00007000 fe:01 417810                     /lib64/librt-2.25.so
7fdab90d7000-7fdab91dd000 r-xp 00000000 fe:01 417833                     /lib64/libm-2.25.so
7fdab91dd000-7fdab93dd000 ---p 00106000 fe:01 417833                     /lib64/libm-2.25.so
7fdab93dd000-7fdab93de000 r--p 00106000 fe:01 417833                     /lib64/libm-2.25.so
7fdab93de000-7fdab93df000 rw-p 00107000 fe:01 417833                     /lib64/libm-2.25.so
7fdab93df000-7fdaba0b8000 r-xp 00000000 fe:01 940375                     /opt/oracle-jdk-bin-1.8.0.162/jre/lib/amd64/server/libjvm.so
7fdaba0b8000-7fdaba2b7000 ---p 00cd9000 fe:01 940375                     /opt/oracle-jdk-bin-1.8.0.162/jre/lib/amd64/server/libjvm.so
7fdaba2b7000-7fdaba391000 rw-p 00cd8000 fe:01 940375                     /opt/oracle-jdk-bin-1.8.0.162/jre/lib/amd64/server/libjvm.so
7fdaba391000-7fdaba3dc000 rw-p 00000000 00:00 0 
7fdaba3dc000-7fdaba582000 r-xp 00000000 fe:01 417825                     /lib64/libc-2.25.so
7fdaba582000-7fdaba781000 ---p 001a6000 fe:01 417825                     /lib64/libc-2.25.so
7fdaba781000-7fdaba785000 r--p 001a5000 fe:01 417825                     /lib64/libc-2.25.so
7fdaba785000-7fdaba787000 rw-p 001a9000 fe:01 417825                     /lib64/libc-2.25.so
7fdaba787000-7fdaba78b000 rw-p 00000000 00:00 0 
7fdaba78b000-7fdaba78e000 r-xp 00000000 fe:01 417834                     /lib64/libdl-2.25.so
7fdaba78e000-7fdaba98d000 ---p 00003000 fe:01 417834                     /lib64/libdl-2.25.so
7fdaba98d000-7fdaba98e000 r--p 00002000 fe:01 417834                     /lib64/libdl-2.25.so
7fdaba98e000-7fdaba98f000 rw-p 00003000 fe:01 417834                     /lib64/libdl-2.25.so
7fdaba98f000-7fdaba9a5000 r-xp 00000000 fe:01 951919                     /opt/oracle-jdk-bin-1.8.0.162/lib/amd64/jli/libjli.so
7fdaba9a5000-7fdababa4000 ---p 00016000 fe:01 951919                     /opt/oracle-jdk-bin-1.8.0.162/lib/amd64/jli/libjli.so
7fdababa4000-7fdababa5000 rw-p 00015000 fe:01 951919                     /opt/oracle-jdk-bin-1.8.0.162/lib/amd64/jli/libjli.so
7fdababa5000-7fdababbf000 r-xp 00000000 fe:01 417822                     /lib64/libpthread-2.25.so
7fdababbf000-7fdabadbf000 ---p 0001a000 fe:01 417822                     /lib64/libpthread-2.25.so
7fdabadbf000-7fdabadc0000 r--p 0001a000 fe:01 417822                     /lib64/libpthread-2.25.so
7fdabadc0000-7fdabadc1000 rw-p 0001b000 fe:01 417822                     /lib64/libpthread-2.25.so
7fdabadc1000-7fdabadc5000 rw-p 00000000 00:00 0 
7fdabadc5000-7fdabade8000 r-xp 00000000 fe:01 417836                     /lib64/ld-2.25.so
7fdabade8000-7fdabadec000 rw-s 00000000 00:05 4103717                    /drm mm object (deleted)
7fdabadec000-7fdabadf0000 rw-s 00000000 00:05 4105434                    /drm mm object (deleted)
7fdabadf0000-7fdabadf5000 rw-s 00000000 00:05 4105433                    /drm mm object (deleted)
7fdabadf5000-7fdabadfa000 rw-s 00000000 00:05 4104539                    /drm mm object (deleted)
7fdabadfa000-7fdabadfc000 r--s 0008a000 fe:02 11666047                   /home/aesophor/Code/Java/NetBeansProjects/Hacklympics/Hacklympics/libs/fontawesomefx-8.9.jar
7fdabadfc000-7fdabadfd000 r--s 00014000 fe:02 11666046                   /home/aesophor/Code/Java/NetBeansProjects/Hacklympics/Hacklympics/libs/okio-1.14.0.jar
7fdabadfd000-7fdabae02000 r--s 00060000 fe:02 11665724                   /home/aesophor/Code/Java/NetBeansProjects/Hacklympics/Hacklympics/libs/okhttp-3.10.0.jar
7fdabae02000-7fdabaeab000 rw-p 00000000 00:00 0 
7fdabaeab000-7fdabaeae000 ---p 00000000 00:00 0 
7fdabaeae000-7fdabafae000 rw-p 00000000 00:00 0 
7fdabafae000-7fdabafb3000 r--s 00034000 fe:02 11665721                   /home/aesophor/Code/Java/NetBeansProjects/Hacklympics/Hacklympics/libs/gson-2.8.2.jar
7fdabafb3000-7fdabafdb000 rw-p 00000000 00:00 0 
7fdabafdb000-7fdabafe3000 rw-s 00000000 00:24 4104534                    /tmp/hsperfdata_aesophor/28962
7fdabafe3000-7fdabafe4000 rw-p 00000000 00:00 0 
7fdabafe4000-7fdabafe5000 r--p 00000000 00:00 0 
7fdabafe5000-7fdabafe7000 rw-p 00000000 00:00 0 
7fdabafe7000-7fdabafe8000 r--p 00022000 fe:01 417836                     /lib64/ld-2.25.so
7fdabafe8000-7fdabafe9000 rw-p 00023000 fe:01 417836                     /lib64/ld-2.25.so
7fdabafe9000-7fdabafea000 rw-p 00000000 00:00 0 
7ffd9853b000-7ffd9855d000 rw-p 00000000 00:00 0                          [stack]
7ffd98594000-7ffd98596000 r--p 00000000 00:00 0                          [vvar]
7ffd98596000-7ffd98598000 r-xp 00000000 00:00 0                          [vdso]
ffffffffff600000-ffffffffff601000 r-xp 00000000 00:00 0                  [vsyscall]

VM Arguments:
jvm_args: -Dfile.encoding=UTF-8 
java_command: hacklympics.login.Main
java_class_path (initial): /home/aesophor/Code/Java/NetBeansProjects/Hacklympics/HacklympicsAPI/build/classes:/home/aesophor/Code/Java/NetBeansProjects/Hacklympics/Hacklympics/libs/gson-2.8.2.jar:/home/aesophor/Code/Java/NetBeansProjects/Hacklympics/Hacklympics/libs/okhttp-3.10.0.jar:/home/aesophor/Code/Java/NetBeansProjects/Hacklympics/Hacklympics/libs/okio-1.14.0.jar:/home/aesophor/Code/Java/NetBeansProjects/Hacklympics/Hacklympics/libs/jfoenix-8.0.1.jar:/home/aesophor/Code/Java/NetBeansProjects/Hacklympics/Hacklympics/libs/fontawesomefx-8.9.jar:/home/aesophor/Code/Java/NetBeansProjects/Hacklympics/Hacklympics/build/classes
Launcher Type: SUN_STANDARD

Environment Variables:
JAVA_HOME=/etc/java-config-2/current-system-vm
PATH=/usr/x86_64-pc-linux-gnu/gcc-bin/6.4.0:/usr/lib/llvm/5/bin:/usr/local/bin:/usr/bin:/bin:/opt/bin:/home/aesophor/.local/bin/games:/home/aesophor/.local/bin/scripts:/home/aesophor/.local/bin/software
LD_LIBRARY_PATH=/opt/oracle-jdk-bin-1.8.0.162/jre/lib/amd64:/opt/oracle-jdk-bin-1.8.0.162/jre/lib/i386:
SHELL=/bin/zsh
DISPLAY=:0

Signal Handlers:
SIGSEGV: [libjvm.so+0xad03c0], sa_mask[0]=11111111011111111101111111111110, sa_flags=SA_RESTART|SA_SIGINFO
SIGBUS: [libjvm.so+0xad03c0], sa_mask[0]=11111111011111111101111111111110, sa_flags=SA_RESTART|SA_SIGINFO
SIGFPE: [libjvm.so+0x928210], sa_mask[0]=11111111011111111101111111111110, sa_flags=SA_RESTART|SA_SIGINFO
SIGPIPE: SIG_IGN, sa_mask[0]=00000000000010000000000000000000, sa_flags=SA_RESTART
SIGXFSZ: [libjvm.so+0x928210], sa_mask[0]=11111111011111111101111111111110, sa_flags=SA_RESTART|SA_SIGINFO
SIGILL: [libjvm.so+0x928210], sa_mask[0]=11111111011111111101111111111110, sa_flags=SA_RESTART|SA_SIGINFO
SIGUSR1: SIG_DFL, sa_mask[0]=00000000000000000000000000000000, sa_flags=none
SIGUSR2: [libjvm.so+0x929a70], sa_mask[0]=00100000000000000000000000000000, sa_flags=SA_RESTART|SA_SIGINFO
SIGHUP: [libjvm.so+0x92ae70], sa_mask[0]=11111111011111111101111111111110, sa_flags=SA_RESTART|SA_SIGINFO
SIGINT: SIG_IGN, sa_mask[0]=00000000000000000000000000000000, sa_flags=none
SIGTERM: [libjvm.so+0x92ae70], sa_mask[0]=11111111011111111101111111111110, sa_flags=SA_RESTART|SA_SIGINFO
SIGQUIT: [libjvm.so+0x92ae70], sa_mask[0]=11111111011111111101111111111110, sa_flags=SA_RESTART|SA_SIGINFO


---------------  S Y S T E M  ---------------

OS:DISTRIB_ID="Gentoo"

uname:Linux 4.9.76-gentoo-r1 #3 SMP Wed Mar 28 16:48:24 CST 2018 x86_64
libc:glibc 2.25 NPTL 2.25 
rlimit: STACK 8192k, CORE infinity, NPROC 62907, NOFILE 4096, AS infinity
load average:0.83 0.74 0.59

/proc/meminfo:
MemTotal:       16317064 kB
MemFree:         9684596 kB
MemAvailable:   12988464 kB
Buffers:          754188 kB
Cached:          2806152 kB
SwapCached:            0 kB
Active:          4555168 kB
Inactive:        1642232 kB
Active(anon):    2645544 kB
Inactive(anon):   316792 kB
Active(file):    1909624 kB
Inactive(file):  1325440 kB
Unevictable:           0 kB
Mlocked:               0 kB
SwapTotal:             0 kB
SwapFree:              0 kB
Dirty:             11280 kB
Writeback:            16 kB
AnonPages:       2636968 kB
Mapped:           490852 kB
Shmem:            325292 kB
Slab:             299896 kB
SReclaimable:     254476 kB
SUnreclaim:        45420 kB
KernelStack:       11280 kB
PageTables:        47228 kB
NFS_Unstable:          0 kB
Bounce:                0 kB
WritebackTmp:          0 kB
CommitLimit:     8158532 kB
Committed_AS:    6814664 kB
VmallocTotal:   34359738367 kB
VmallocUsed:           0 kB
VmallocChunk:          0 kB
HugePages_Total:       0
HugePages_Free:        0
HugePages_Rsvd:        0
HugePages_Surp:        0
Hugepagesize:       2048 kB
DirectMap4k:       14984 kB
DirectMap2M:     3037184 kB
DirectMap1G:    13631488 kB


CPU:total 8 (initial active 8) (4 cores per cpu, 2 threads per core) family 6 model 70 stepping 1, cmov, cx8, fxsr, mmx, sse, sse2, sse3, ssse3, sse4.1, sse4.2, popcnt, avx, avx2, aes, clmul, erms, lzcnt, ht, tsc, tscinvbit, bmi1, bmi2

/proc/cpuinfo:
processor	: 0
vendor_id	: GenuineIntel
cpu family	: 6
model		: 70
model name	: Intel(R) Core(TM) i7-4770HQ CPU @ 2.20GHz
stepping	: 1
microcode	: 0xf
cpu MHz		: 1400.000
cache size	: 6144 KB
physical id	: 0
siblings	: 8
core id		: 0
cpu cores	: 4
apicid		: 0
initial apicid	: 0
fpu		: yes
fpu_exception	: yes
cpuid level	: 13
wp		: yes
flags		: fpu vme de pse tsc msr pae mce cx8 apic sep mtrr pge mca cmov pat pse36 clflush dts acpi mmx fxsr sse sse2 ss ht tm pbe syscall nx pdpe1gb rdtscp lm constant_tsc arch_perfmon pebs bts rep_good nopl xtopology nonstop_tsc aperfmperf eagerfpu pni pclmulqdq dtes64 monitor ds_cpl vmx est tm2 ssse3 sdbg fma cx16 xtpr pdcm pcid sse4_1 sse4_2 x2apic movbe popcnt tsc_deadline_timer aes xsave avx f16c rdrand lahf_lm abm epb invpcid_single kaiser tpr_shadow vnmi flexpriority ept vpid fsgsbase tsc_adjust bmi1 avx2 smep bmi2 erms invpcid xsaveopt dtherm ida arat pln pts
bugs		:
bogomips	: 4389.83
clflush size	: 64
cache_alignment	: 64
address sizes	: 39 bits physical, 48 bits virtual
power management:

processor	: 1
vendor_id	: GenuineIntel
cpu family	: 6
model		: 70
model name	: Intel(R) Core(TM) i7-4770HQ CPU @ 2.20GHz
stepping	: 1
microcode	: 0xf
cpu MHz		: 1300.000
cache size	: 6144 KB
physical id	: 0
siblings	: 8
core id		: 1
cpu cores	: 4
apicid		: 2
initial apicid	: 2
fpu		: yes
fpu_exception	: yes
cpuid level	: 13
wp		: yes
flags		: fpu vme de pse tsc msr pae mce cx8 apic sep mtrr pge mca cmov pat pse36 clflush dts acpi mmx fxsr sse sse2 ss ht tm pbe syscall nx pdpe1gb rdtscp lm constant_tsc arch_perfmon pebs bts rep_good nopl xtopology nonstop_tsc aperfmperf eagerfpu pni pclmulqdq dtes64 monitor ds_cpl vmx est tm2 ssse3 sdbg fma cx16 xtpr pdcm pcid sse4_1 sse4_2 x2apic movbe popcnt tsc_deadline_timer aes xsave avx f16c rdrand lahf_lm abm epb invpcid_single kaiser tpr_shadow vnmi flexpriority ept vpid fsgsbase tsc_adjust bmi1 avx2 smep bmi2 erms invpcid xsaveopt dtherm ida arat pln pts
bugs		:
bogomips	: 4389.83
clflush size	: 64
cache_alignment	: 64
address sizes	: 39 bits physical, 48 bits virtual
power management:

processor	: 2
vendor_id	: GenuineIntel
cpu family	: 6
model		: 70
model name	: Intel(R) Core(TM) i7-4770HQ CPU @ 2.20GHz
stepping	: 1
microcode	: 0xf
cpu MHz		: 1600.000
cache size	: 6144 KB
physical id	: 0
siblings	: 8
core id		: 2
cpu cores	: 4
apicid		: 4
initial apicid	: 4
fpu		: yes
fpu_exception	: yes
cpuid level	: 13
wp		: yes
flags		: fpu vme de pse tsc msr pae mce cx8 apic sep mtrr pge mca cmov pat pse36 clflush dts acpi mmx fxsr sse sse2 ss ht tm pbe syscall nx pdpe1gb rdtscp lm constant_tsc arch_perfmon pebs bts rep_good nopl xtopology nonstop_tsc aperfmperf eagerfpu pni pclmulqdq dtes64 monitor ds_cpl vmx est tm2 ssse3 sdbg fma cx16 xtpr pdcm pcid sse4_1 sse4_2 x2apic movbe popcnt tsc_deadline_timer aes xsave avx f16c rdrand lahf_lm abm epb invpcid_single kaiser tpr_shadow vnmi flexpriority ept vpid fsgsbase tsc_adjust bmi1 avx2 smep bmi2 erms invpcid xsaveopt dtherm ida arat pln pts
bugs		:
bogomips	: 4389.83
clflush size	: 64
cache_alignment	: 64
address sizes	: 39 bits physical, 48 bits virtual
power management:

processor	: 3
vendor_id	: GenuineIntel
cpu family	: 6
model		: 70
model name	: Intel(R) Core(TM) i7-4770HQ CPU @ 2.20GHz
stepping	: 1
microcode	: 0xf
cpu MHz		: 1400.000
cache size	: 6144 KB
physical id	: 0
siblings	: 8
core id		: 3
cpu cores	: 4
apicid		: 6
initial apicid	: 6
fpu		: yes
fpu_exception	: yes
cpuid level	: 13
wp		: yes
flags		: fpu vme de pse tsc msr pae mce cx8 apic sep mtrr pge mca cmov pat pse36 clflush dts acpi mmx fxsr sse sse2 ss ht tm pbe syscall nx pdpe1gb rdtscp lm constant_tsc arch_perfmon pebs bts rep_good nopl xtopology nonstop_tsc aperfmperf eagerfpu pni pclmulqdq dtes64 monitor ds_cpl vmx est tm2 ssse3 sdbg fma cx16 xtpr pdcm pcid sse4_1 sse4_2 x2apic movbe popcnt tsc_deadline_timer aes xsave avx f16c rdrand lahf_lm abm epb invpcid_single kaiser tpr_shadow vnmi flexpriority ept vpid fsgsbase tsc_adjust bmi1 avx2 smep bmi2 erms invpcid xsaveopt dtherm ida arat pln pts
bugs		:
bogomips	: 4389.83
clflush size	: 64
cache_alignment	: 64
address sizes	: 39 bits physical, 48 bits virtual
power management:

processor	: 4
vendor_id	: GenuineIntel
cpu family	: 6
model		: 70
model name	: Intel(R) Core(TM) i7-4770HQ CPU @ 2.20GHz
stepping	: 1
microcode	: 0xf
cpu MHz		: 900.000
cache size	: 6144 KB
physical id	: 0
siblings	: 8
core id		: 0
cpu cores	: 4
apicid		: 1
initial apicid	: 1
fpu		: yes
fpu_exception	: yes
cpuid level	: 13
wp		: yes
flags		: fpu vme de pse tsc msr pae mce cx8 apic sep mtrr pge mca cmov pat pse36 clflush dts acpi mmx fxsr sse sse2 ss ht tm pbe syscall nx pdpe1gb rdtscp lm constant_tsc arch_perfmon pebs bts rep_good nopl xtopology nonstop_tsc aperfmperf eagerfpu pni pclmulqdq dtes64 monitor ds_cpl vmx est tm2 ssse3 sdbg fma cx16 xtpr pdcm pcid sse4_1 sse4_2 x2apic movbe popcnt tsc_deadline_timer aes xsave avx f16c rdrand lahf_lm abm epb invpcid_single kaiser tpr_shadow vnmi flexpriority ept vpid fsgsbase tsc_adjust bmi1 avx2 smep bmi2 erms invpcid xsaveopt dtherm ida arat pln pts
bugs		:
bogomips	: 4389.83
clflush size	: 64
cache_alignment	: 64
address sizes	: 39 bits physical, 48 bits virtual
power management:

processor	: 5
vendor_id	: GenuineIntel
cpu family	: 6
model		: 70
model name	: Intel(R) Core(TM) i7-4770HQ CPU @ 2.20GHz
stepping	: 1
microcode	: 0xf
cpu MHz		: 2000.000
cache size	: 6144 KB
physical id	: 0
siblings	: 8
core id		: 1
cpu cores	: 4
apicid		: 3
initial apicid	: 3
fpu		: yes
fpu_exception	: yes
cpuid level	: 13
wp		: yes
flags		: fpu vme de pse tsc msr pae mce cx8 apic sep mtrr pge mca cmov pat pse36 clflush dts acpi mmx fxsr sse sse2 ss ht tm pbe syscall nx pdpe1gb rdtscp lm constant_tsc arch_perfmon pebs bts rep_good nopl xtopology nonstop_tsc aperfmperf eagerfpu pni pclmulqdq dtes64 monitor ds_cpl vmx est tm2 ssse3 sdbg fma cx16 xtpr pdcm pcid sse4_1 sse4_2 x2apic movbe popcnt tsc_deadline_timer aes xsave avx f16c rdrand lahf_lm abm epb invpcid_single kaiser tpr_shadow vnmi flexpriority ept vpid fsgsbase tsc_adjust bmi1 avx2 smep bmi2 erms invpcid xsaveopt dtherm ida arat pln pts
bugs		:
bogomips	: 4389.83
clflush size	: 64
cache_alignment	: 64
address sizes	: 39 bits physical, 48 bits virtual
power management:

processor	: 6
vendor_id	: GenuineIntel
cpu family	: 6
model		: 70
model name	: Intel(R) Core(TM) i7-4770HQ CPU @ 2.20GHz
stepping	: 1
microcode	: 0xf
cpu MHz		: 1400.000
cache size	: 6144 KB
physical id	: 0
siblings	: 8
core id		: 2
cpu cores	: 4
apicid		: 5
initial apicid	: 5
fpu		: yes
fpu_exception	: yes
cpuid level	: 13
wp		: yes
flags		: fpu vme de pse tsc msr pae mce cx8 apic sep mtrr pge mca cmov pat pse36 clflush dts acpi mmx fxsr sse sse2 ss ht tm pbe syscall nx pdpe1gb rdtscp lm constant_tsc arch_perfmon pebs bts rep_good nopl xtopology nonstop_tsc aperfmperf eagerfpu pni pclmulqdq dtes64 monitor ds_cpl vmx est tm2 ssse3 sdbg fma cx16 xtpr pdcm pcid sse4_1 sse4_2 x2apic movbe popcnt tsc_deadline_timer aes xsave avx f16c rdrand lahf_lm abm epb invpcid_single kaiser tpr_shadow vnmi flexpriority ept vpid fsgsbase tsc_adjust bmi1 avx2 smep bmi2 erms invpcid xsaveopt dtherm ida arat pln pts
bugs		:
bogomips	: 4389.83
clflush size	: 64
cache_alignment	: 64
address sizes	: 39 bits physical, 48 bits virtual
power management:

processor	: 7
vendor_id	: GenuineIntel
cpu family	: 6
model		: 70
model name	: Intel(R) Core(TM) i7-4770HQ CPU @ 2.20GHz
stepping	: 1
microcode	: 0xf
cpu MHz		: 1300.000
cache size	: 6144 KB
physical id	: 0
siblings	: 8
core id		: 3
cpu cores	: 4
apicid		: 7
initial apicid	: 7
fpu		: yes
fpu_exception	: yes
cpuid level	: 13
wp		: yes
flags		: fpu vme de pse tsc msr pae mce cx8 apic sep mtrr pge mca cmov pat pse36 clflush dts acpi mmx fxsr sse sse2 ss ht tm pbe syscall nx pdpe1gb rdtscp lm constant_tsc arch_perfmon pebs bts rep_good nopl xtopology nonstop_tsc aperfmperf eagerfpu pni pclmulqdq dtes64 monitor ds_cpl vmx est tm2 ssse3 sdbg fma cx16 xtpr pdcm pcid sse4_1 sse4_2 x2apic movbe popcnt tsc_deadline_timer aes xsave avx f16c rdrand lahf_lm abm epb invpcid_single kaiser tpr_shadow vnmi flexpriority ept vpid fsgsbase tsc_adjust bmi1 avx2 smep bmi2 erms invpcid xsaveopt dtherm ida arat pln pts
bugs		:
bogomips	: 4389.83
clflush size	: 64
cache_alignment	: 64
address sizes	: 39 bits physical, 48 bits virtual
power management:



Memory: 4k page, physical 16317064k(9684596k free), swap 0k(0k free)

vm_info: Java HotSpot(TM) 64-Bit Server VM (25.162-b12) for linux-amd64 JRE (1.8.0_162-b12), built on Dec 19 2017 21:15:48 by "java_re" with gcc 4.3.0 20080428 (Red Hat 4.3.0-8)

time: Mon Apr 16 19:53:56 2018
elapsed time: 8 seconds (0d 0h 0m 8s)

