#
# A fatal error has been detected by the Java Runtime Environment:
#
#  SIGSEGV (0xb) at pc=0x00007f0fa0a0212a, pid=22175, tid=0x00007f0f5817c700
#
# JRE version: Java(TM) SE Runtime Environment (8.0_162-b12) (build 1.8.0_162-b12)
# Java VM: Java HotSpot(TM) 64-Bit Server VM (25.162-b12 mixed mode linux-amd64 compressed oops)
# Problematic frame:
# V  [libjvm.so+0x6d812a]  jni_invoke_nonstatic(JNIEnv_*, JavaValue*, _jobject*, JNICallType, _jmethodID*, JNI_ArgumentPusher*, Thread*)+0x93a
#
# Core dump written. Default location: /home/aesophor/Code/Java/NetBeansProjects/Hacklympics/Hacklympics/core or core.22175
#
# If you would like to submit a bug report, please visit:
#   http://bugreport.java.com/bugreport/crash.jsp
#

---------------  T H R E A D  ---------------

Current thread (0x00007f0f9c2a5800):  JavaThread "JavaFX Application Thread" [_thread_in_vm, id=22202, stack(0x00007f0f5807c000,0x00007f0f5817d000)]

siginfo: si_signo: 11 (SIGSEGV), si_code: 1 (SEGV_MAPERR), si_addr: 0x0000000504138150

Registers:
RAX=0x0000000000000033, RBX=0x0000000000000005, RCX=0x0000000000000003, RDX=0x0000000504137e00
RSP=0x00007f0f5817b090, RBP=0x00007f0f5817b210, RSI=0x00000007c00a0028, RDI=0x00007f0f9c2a59f8
R8 =0x0000000000000033, R9 =0x00007f0f5817b240, R10=0x00007f0f14000ba0, R11=0x00007f0f8c40e520
R12=0x00007f0fa129a5d0, R13=0x00007f0f9c261238, R14=0x0000000000000000, R15=0x00007f0f9c2a4dd8
RIP=0x00007f0fa0a0212a, EFLAGS=0x0000000000010206, CSGSFS=0x002b000000000033, ERR=0x0000000000000004
  TRAPNO=0x000000000000000e

Top of Stack: (sp=0x00007f0f5817b090)
0x00007f0f5817b090:   00007f0f5817b790 00007f0f5817b3b0
0x00007f0f5817b0a0:   00007f0f5817b0f0 00007f0f5817b170
0x00007f0f5817b0b0:   00007f0f5817b240 00007f0f5817b2a0
0x00007f0f5817b0c0:   00007f0f9c2a59f8 00007f0fa0a21330
0x00007f0f5817b0d0:   00007f0f38011e50 00007f0f38011e60
0x00007f0f5817b0e0:   00007f0f38012238 00000000000003d8
0x00007f0f5817b0f0:   0000000000000000 000000076e93e0e8
0x00007f0f5817b100:   00007f0f0000006f 00007f0f0000000a
0x00007f0f5817b110:   000000076f2924d8 0000000000000000
0x00007f0f5817b120:   0000000000000000 0000000000000000
0x00007f0f5817b130:   00007f0f89bc8348 0000000100000100
0x00007f0f5817b140:   0000000000000000 00007f0f5817b0f8
0x00007f0f5817b150:   00007f0f5817b139 0000000800000005
0x00007f0f5817b160:   0000000000000000 00007f0f9c2a4eb0
0x00007f0f5817b170:   00007f0fa12951f0 00007f0fa1d53720
0x00007f0f5817b180:   000000009c2a4d40 00007f0f9c2a5800
0x00007f0f5817b190:   0000000000000000 00007f0fa0a01bfb
0x00007f0f5817b1a0:   00007f0f89bd2490 00007f0f9c2a5800
0x00007f0f5817b1b0:   00007f0f89bd2490 00007f0f9c2a5800
0x00007f0f5817b1c0:   00007f0f5817b350 00007f0f89bd2490
0x00007f0f5817b1d0:   00007f0f89bd2490 00007f0f89bd2490
0x00007f0f5817b1e0:   00007f0f38011e50 00007f0f5817b240
0x00007f0f5817b1f0:   00007f0f9c2a5800 00007f0f5817b280
0x00007f0f5817b200:   00007f0f9c261238 00007f0f9c2a59f8
0x00007f0f5817b210:   00007f0f5817b300 00007f0fa0a05fcf
0x00007f0f5817b220:   00007f0f9c2a5800 00007f0f76185794
0x00007f0f5817b230:   00007f0f5817b318 00007f0f896e4e40
0x00007f0f5817b240:   00007f0fa1295e70 00007f0fa1d53720
0x00007f0f5817b250:   0000000000000000 00007f0f00000063
0x00007f0f5817b260:   0000000000000000 0000003000000018
0x00007f0f5817b270:   00007f0f5817b3f0 00007f0f5817b330
0x00007f0f5817b280:   00007f0f9c2a5800 0000000000000000 

Instructions: (pc=0x00007f0fa0a0212a)
0x00007f0fa0a0210a:   f8 fe 0f 84 72 f7 ff ff 48 8b 05 6f 79 8a 00 80
0x00007f0fa0a0211a:   38 00 0f 85 ed 00 00 00 49 8b 54 24 08 49 63 c0
0x00007f0fa0a0212a:   4c 8b ac c2 b8 01 00 00 e9 50 f7 ff ff 66 0f 1f
0x00007f0fa0a0213a:   84 00 00 00 00 00 e8 7b d5 1d 00 89 c0 48 8d 14 

Register to memory mapping:

RAX=0x0000000000000033 is an unknown value
RBX=0x0000000000000005 is an unknown value
RCX=0x0000000000000003 is an unknown value
RDX=0x0000000504137e00 is an unknown value
RSP=0x00007f0f5817b090 is pointing into the stack for thread: 0x00007f0f9c2a5800
RBP=0x00007f0f5817b210 is pointing into the stack for thread: 0x00007f0f9c2a5800
RSI=0x00000007c00a0028 is pointing into metadata
RDI=0x00007f0f9c2a59f8 is an unknown value
R8 =0x0000000000000033 is an unknown value
R9 =0x00007f0f5817b240 is pointing into the stack for thread: 0x00007f0f9c2a5800
R10=0x00007f0f14000ba0 is an unknown value
R11=0x00007f0f8c40e520 is at entry_point+32 in (nmethod*)0x00007f0f8c40e390
R12=0x00007f0fa129a5d0: <offset 0xf705d0> in /opt/oracle-jdk-bin-1.8.0.162/jre/lib/amd64/server/libjvm.so at 0x00007f0fa032a000
R13=0x00007f0f9c261238 is an unknown value
R14=0x0000000000000000 is an unknown value
R15=0x00007f0f9c2a4dd8 is an unknown value


Stack: [0x00007f0f5807c000,0x00007f0f5817d000],  sp=0x00007f0f5817b090,  free space=1020k
Native frames: (J=compiled Java code, j=interpreted, Vv=VM code, C=native code)
V  [libjvm.so+0x6d812a]  jni_invoke_nonstatic(JNIEnv_*, JavaValue*, _jobject*, JNICallType, _jmethodID*, JNI_ArgumentPusher*, Thread*)+0x93a
V  [libjvm.so+0x6dbfcf]  jni_CallVoidMethodV+0x10f
C  [libglass.so+0x18641]  JNIEnv_::CallVoidMethod(_jobject*, _jmethodID*, ...)+0x81
C  [libglass.so+0x14f0f]  WindowContextBase::process_key(_GdkEventKey*)+0x20f
C  [libglass.so+0x19f60]  WindowContextBase::im_filter_keypress(_GdkEventKey*)+0x1c0
C  [libglass.so+0x1a91c]  process_events(_GdkEvent*, void*)+0x22c
C  [libgdk-x11-2.0.so.0+0x5b41c]

Java frames: (J=compiled Java code, j=interpreted, Vv=VM code)
j  com.sun.glass.ui.gtk.GtkApplication._runLoop(Ljava/lang/Runnable;Z)V+0
j  com.sun.glass.ui.gtk.GtkApplication.lambda$null$48(Ljava/lang/Runnable;Z)V+7
j  com.sun.glass.ui.gtk.GtkApplication$$Lambda$41.run()V+12
j  java.lang.Thread.run()V+11
v  ~StubRoutines::call_stub

---------------  P R O C E S S  ---------------

Java Threads: ( => current thread )
  0x00007f0f1485b000 JavaThread "pool-3-thread-1" [_thread_in_native, id=22274, stack(0x00007f0f07aff000,0x00007f0f07c00000)]
  0x00007f0f14523000 JavaThread "URL-Loader-1" daemon [_thread_blocked, id=22259, stack(0x00007f0f106ff000,0x00007f0f10800000)]
  0x00007f0f14515800 JavaThread "Disposer" daemon [_thread_blocked, id=22258, stack(0x00007f0f10ab9000,0x00007f0f10bba000)]
  0x00007f0f14426800 JavaThread "Okio Watchdog" daemon [_thread_blocked, id=22251, stack(0x00007f0f13ab8000,0x00007f0f13bb9000)]
  0x00007f0f14424000 JavaThread "OkHttp ConnectionPool" daemon [_thread_blocked, id=22250, stack(0x00007f0f2409e000,0x00007f0f2419f000)]
  0x00007f0f14268000 JavaThread "Prism Font Disposer" daemon [_thread_blocked, id=22218, stack(0x00007f0f24fdf000,0x00007f0f250e0000)]
  0x00007f0f9c2a9000 JavaThread "JavaFX-Launcher" [_thread_blocked, id=22203, stack(0x00007f0f4406c000,0x00007f0f4416d000)]
=>0x00007f0f9c2a5800 JavaThread "JavaFX Application Thread" [_thread_in_vm, id=22202, stack(0x00007f0f5807c000,0x00007f0f5817d000)]
  0x00007f0f9c2a1000 JavaThread "Thread-1" daemon [_thread_blocked, id=22201, stack(0x00007f0f74000000,0x00007f0f74101000)]
  0x00007f0f9c251800 JavaThread "QuantumRenderer-0" daemon [_thread_blocked, id=22200, stack(0x00007f0f76c29000,0x00007f0f76d2a000)]
  0x00007f0f9c0d4800 JavaThread "Service Thread" daemon [_thread_blocked, id=22198, stack(0x00007f0f76eef000,0x00007f0f76ff0000)]
  0x00007f0f9c0c9800 JavaThread "C1 CompilerThread3" daemon [_thread_blocked, id=22197, stack(0x00007f0f76ff0000,0x00007f0f770f1000)]
  0x00007f0f9c0c7800 JavaThread "C2 CompilerThread2" daemon [_thread_blocked, id=22196, stack(0x00007f0f770f1000,0x00007f0f771f2000)]
  0x00007f0f9c0c5800 JavaThread "C2 CompilerThread1" daemon [_thread_blocked, id=22195, stack(0x00007f0f771f2000,0x00007f0f772f3000)]
  0x00007f0f9c0c2800 JavaThread "C2 CompilerThread0" daemon [_thread_in_native, id=22194, stack(0x00007f0f772f3000,0x00007f0f773f4000)]
  0x00007f0f9c0c1000 JavaThread "Signal Dispatcher" daemon [_thread_blocked, id=22193, stack(0x00007f0f773f4000,0x00007f0f774f5000)]
  0x00007f0f9c08d000 JavaThread "Finalizer" daemon [_thread_blocked, id=22192, stack(0x00007f0f774f5000,0x00007f0f775f6000)]
  0x00007f0f9c088800 JavaThread "Reference Handler" daemon [_thread_blocked, id=22191, stack(0x00007f0f775f6000,0x00007f0f776f7000)]
  0x00007f0f9c00b000 JavaThread "main" [_thread_blocked, id=22180, stack(0x00007f0fa1df6000,0x00007f0fa1ef7000)]

Other Threads:
  0x00007f0f9c081000 VMThread [stack: 0x00007f0f776f7000,0x00007f0f777f8000] [id=22189]
  0x00007f0f9c0d7000 WatcherThread [stack: 0x00007f0f76dee000,0x00007f0f76eef000] [id=22199]

VM state:not at safepoint (normal execution)

VM Mutex/Monitor currently owned by a thread: None

Heap:
 PSYoungGen      total 74752K, used 40875K [0x000000076d000000, 0x0000000772300000, 0x00000007c0000000)
  eden space 64512K, 63% used [0x000000076d000000,0x000000076f7eae48,0x0000000770f00000)
  from space 10240K, 0% used [0x0000000770f00000,0x0000000770f00000,0x0000000771900000)
  to   space 10240K, 0% used [0x0000000771900000,0x0000000771900000,0x0000000772300000)
 ParOldGen       total 126976K, used 9973K [0x00000006c7000000, 0x00000006cec00000, 0x000000076d000000)
  object space 126976K, 7% used [0x00000006c7000000,0x00000006c79bd7b0,0x00000006cec00000)
 Metaspace       used 28779K, capacity 31260K, committed 31488K, reserved 1075200K
  class space    used 4318K, capacity 4814K, committed 4864K, reserved 1048576K

Card table byte_map: [0x00007f0f8b3de000,0x00007f0f8bba7000] byte_map_base: 0x00007f0f87da6000

Marking Bits: (ParMarkBitMap*) 0x00007f0fa12f9ca0
 Begin Bits: [0x00007f0f58380000, 0x00007f0f5c1c0000)
 End Bits:   [0x00007f0f5c1c0000, 0x00007f0f60000000)

Polling page: 0x00007f0fa1f2f000

CodeCache: size=245760Kb used=9557Kb max_used=9557Kb free=236202Kb
 bounds [0x00007f0f8bf67000, 0x00007f0f8c8c7000, 0x00007f0f9af67000]
 total_blobs=3858 nmethods=3087 adapters=684
 compilation: enabled

Compilation events (10 events):
Event: 12.238 Thread 0x00007f0f9c0c2800 3090   !   4       java.util.concurrent.ConcurrentHashMap::transfer (832 bytes)
Event: 12.258 Thread 0x00007f0f9c0c5800 nmethod 3007 0x00007f0f8c8a6a10 code [0x00007f0f8c8a6d20, 0x00007f0f8c8a86b8]
Event: 12.271 Thread 0x00007f0f9c0c9800 nmethod 3082 0x00007f0f8c8a9f50 code [0x00007f0f8c8aaa80, 0x00007f0f8c8b4878]
Event: 12.271 Thread 0x00007f0f9c0c9800 3089       3       com.sun.javafx.event.EventHandlerManager::dispatchCapturingEvent (34 bytes)
Event: 12.272 Thread 0x00007f0f9c0c9800 nmethod 3089 0x00007f0f8c899510 code [0x00007f0f8c8996c0, 0x00007f0f8c899dd8]
Event: 12.272 Thread 0x00007f0f9c0c9800 3088       3       com.sun.javafx.event.EventHandlerManager::dispatchBubblingEvent (34 bytes)
Event: 12.274 Thread 0x00007f0f9c0c9800 nmethod 3088 0x00007f0f8c898a50 code [0x00007f0f8c898c00, 0x00007f0f8c899318]
Event: 12.274 Thread 0x00007f0f9c0c9800 3086       3       javafx.scene.CssStyleHelper::createStyleHelper (290 bytes)
Event: 12.279 Thread 0x00007f0f9c0c9800 nmethod 3086 0x00007f0f8c8a4090 code [0x00007f0f8c8a43c0, 0x00007f0f8c8a5c58]
Event: 12.279 Thread 0x00007f0f9c0c9800 3083       3       javafx.scene.layout.Region$InsetsProperty::get (123 bytes)

GC Heap History (4 events):
Event: 9.776 GC heap before
{Heap before GC invocations=1 (full 0):
 PSYoungGen      total 74752K, used 54561K [0x000000076d000000, 0x0000000772300000, 0x00000007c0000000)
  eden space 64512K, 84% used [0x000000076d000000,0x00000007705484d8,0x0000000770f00000)
  from space 10240K, 0% used [0x0000000771900000,0x0000000771900000,0x0000000772300000)
  to   space 10240K, 0% used [0x0000000770f00000,0x0000000770f00000,0x0000000771900000)
 ParOldGen       total 171008K, used 0K [0x00000006c7000000, 0x00000006d1700000, 0x000000076d000000)
  object space 171008K, 0% used [0x00000006c7000000,0x00000006c7000000,0x00000006d1700000)
 Metaspace       used 20381K, capacity 21112K, committed 21248K, reserved 1067008K
  class space    used 2813K, capacity 3012K, committed 3072K, reserved 1048576K
Event: 9.798 GC heap after
Heap after GC invocations=1 (full 0):
 PSYoungGen      total 74752K, used 10134K [0x000000076d000000, 0x0000000772300000, 0x00000007c0000000)
  eden space 64512K, 0% used [0x000000076d000000,0x000000076d000000,0x0000000770f00000)
  from space 10240K, 98% used [0x0000000770f00000,0x00000007718e5bc0,0x0000000771900000)
  to   space 10240K, 0% used [0x0000000771900000,0x0000000771900000,0x0000000772300000)
 ParOldGen       total 171008K, used 88K [0x00000006c7000000, 0x00000006d1700000, 0x000000076d000000)
  object space 171008K, 0% used [0x00000006c7000000,0x00000006c7016010,0x00000006d1700000)
 Metaspace       used 20381K, capacity 21112K, committed 21248K, reserved 1067008K
  class space    used 2813K, capacity 3012K, committed 3072K, reserved 1048576K
}
Event: 9.798 GC heap before
{Heap before GC invocations=2 (full 1):
 PSYoungGen      total 74752K, used 10134K [0x000000076d000000, 0x0000000772300000, 0x00000007c0000000)
  eden space 64512K, 0% used [0x000000076d000000,0x000000076d000000,0x0000000770f00000)
  from space 10240K, 98% used [0x0000000770f00000,0x00000007718e5bc0,0x0000000771900000)
  to   space 10240K, 0% used [0x0000000771900000,0x0000000771900000,0x0000000772300000)
 ParOldGen       total 171008K, used 88K [0x00000006c7000000, 0x00000006d1700000, 0x000000076d000000)
  object space 171008K, 0% used [0x00000006c7000000,0x00000006c7016010,0x00000006d1700000)
 Metaspace       used 20381K, capacity 21112K, committed 21248K, reserved 1067008K
  class space    used 2813K, capacity 3012K, committed 3072K, reserved 1048576K
Event: 9.884 GC heap after
Heap after GC invocations=2 (full 1):
 PSYoungGen      total 74752K, used 0K [0x000000076d000000, 0x0000000772300000, 0x00000007c0000000)
  eden space 64512K, 0% used [0x000000076d000000,0x000000076d000000,0x0000000770f00000)
  from space 10240K, 0% used [0x0000000770f00000,0x0000000770f00000,0x0000000771900000)
  to   space 10240K, 0% used [0x0000000771900000,0x0000000771900000,0x0000000772300000)
 ParOldGen       total 126976K, used 9973K [0x00000006c7000000, 0x00000006cec00000, 0x000000076d000000)
  object space 126976K, 7% used [0x00000006c7000000,0x00000006c79bd7b0,0x00000006cec00000)
 Metaspace       used 20381K, capacity 21112K, committed 21248K, reserved 1067008K
  class space    used 2813K, capacity 3012K, committed 3072K, reserved 1048576K
}

Deoptimization events (10 events):
Event: 10.710 Thread 0x00007f0f9c2a5800 Uncommon trap: reason=unstable_if action=reinterpret pc=0x00007f0f8c2cfd8c method=java.lang.String.indexOf([CII[CIII)I @ 27
Event: 11.006 Thread 0x00007f0f9c2a5800 Uncommon trap: reason=unstable_if action=reinterpret pc=0x00007f0f8c21c3c4 method=java.lang.AbstractStringBuilder.append(Ljava/lang/String;)Ljava/lang/AbstractStringBuilder; @ 1
Event: 11.037 Thread 0x00007f0f14523000 Uncommon trap: reason=unstable_if action=reinterpret pc=0x00007f0f8c18038c method=java.lang.AbstractStringBuilder.append(Ljava/lang/String;)Ljava/lang/AbstractStringBuilder; @ 1
Event: 11.383 Thread 0x00007f0f9c2a5800 Uncommon trap: reason=unstable_if action=reinterpret pc=0x00007f0f8c7770a4 method=jdk.internal.org.objectweb.asm.Type.getArgumentsAndReturnSizes(Ljava/lang/String;)I @ 41
Event: 11.631 Thread 0x00007f0f9c2a5800 Uncommon trap: reason=unstable_if action=reinterpret pc=0x00007f0f8c75adbc method=jdk.internal.org.objectweb.asm.Item.isEqualTo(Ljdk/internal/org/objectweb/asm/Item;)Z @ 331
Event: 12.178 Thread 0x00007f0f9c2a5800 Uncommon trap: reason=unstable_if action=reinterpret pc=0x00007f0f8c82d57c method=com.sun.javafx.css.BitSet.addAll(Ljava/util/Collection;)Z @ 1
Event: 12.193 Thread 0x00007f0f9c2a5800 Uncommon trap: reason=array_check action=maybe_recompile pc=0x00007f0f8c88c7f8 method=com.sun.javafx.css.SimpleSelector.applies(Ljavafx/css/Styleable;[Ljava/util/Set;I)Z @ 37
Event: 12.193 Thread 0x00007f0f9c2a5800 Uncommon trap: reason=array_check action=maybe_recompile pc=0x00007f0f8c88c7f8 method=com.sun.javafx.css.SimpleSelector.applies(Ljavafx/css/Styleable;[Ljava/util/Set;I)Z @ 37
Event: 12.193 Thread 0x00007f0f9c2a5800 Uncommon trap: reason=array_check action=maybe_recompile pc=0x00007f0f8c88c7f8 method=com.sun.javafx.css.SimpleSelector.applies(Ljavafx/css/Styleable;[Ljava/util/Set;I)Z @ 37
Event: 12.193 Thread 0x00007f0f9c2a5800 Uncommon trap: reason=array_check action=maybe_recompile pc=0x00007f0f8c88c7f8 method=com.sun.javafx.css.SimpleSelector.applies(Ljavafx/css/Styleable;[Ljava/util/Set;I)Z @ 37

Classes redefined (0 events):
No events

Internal exceptions (10 events):
Event: 11.752 Thread 0x00007f0f9c2a5800 Exception <a 'java/lang/NoSuchMethodError': java.lang.Object.lambda$mousePressed$5(Ljavafx/scene/input/MouseButton;Ljavafx/scene/input/MouseEvent;)Z> (0x000000076eeb22f0) thrown at [/HUDSON/workspace/8-2-build-linux-amd64/jdk8u162/10278/hotspot/src/share/
Event: 11.773 Thread 0x00007f0f9c2a5800 Exception <a 'java/lang/NoSuchMethodError': java.lang.Object.lambda$static$0(Lorg/fxmisc/wellbehaved/event/InputMap$HandlerConsumer;)V> (0x000000076ef02d40) thrown at [/HUDSON/workspace/8-2-build-linux-amd64/jdk8u162/10278/hotspot/src/share/vm/interpreter
Event: 11.818 Thread 0x00007f0f9c2a5800 Exception <a 'java/lang/NoSuchMethodError': java.lang.Object.lambda$accumulate$14(Ljava/util/function/BiFunction;Ljava/lang/Object;Ljava/lang/Object;)Ljava/lang/Object;> (0x000000076efec348) thrown at [/HUDSON/workspace/8-2-build-linux-amd64/jdk8u162/1027
Event: 11.834 Thread 0x00007f0f9c2a5800 Exception <a 'java/lang/NoSuchMethodError': java.lang.Object.lambda$conditionOn$5(Ljavafx/beans/value/ObservableValue;Ljava/lang/Boolean;)Ljavafx/beans/value/ObservableValue;> (0x000000076f039d88) thrown at [/HUDSON/workspace/8-2-build-linux-amd64/jdk8u16
Event: 11.864 Thread 0x00007f0f9c2a5800 Exception <a 'java/lang/NoSuchMethodError': java.lang.Object.lambda$pApply$0(Ljava/lang/Object;Ljava/lang/Object;Ljava/lang/Object;)Ljava/lang/Object;> (0x000000076f2120e8) thrown at [/HUDSON/workspace/8-2-build-linux-amd64/jdk8u162/10278/hotspot/src/shar
Event: 11.882 Thread 0x00007f0f9c2a5800 Exception <a 'java/lang/NoSuchMethodError': java.lang.Object.lambda$static$0()V> (0x000000076f263740) thrown at [/HUDSON/workspace/8-2-build-linux-amd64/jdk8u162/10278/hotspot/src/share/vm/interpreter/linkResolver.cpp, line 620]
Event: 11.891 Thread 0x00007f0f9c2a5800 Exception <a 'java/lang/NoSuchMethodError': java.lang.Object.lambda$trim$0(Ljava/lang/Integer;Ljava/lang/Integer;)Lorg/reactfx/collection/MaterializedListModification;> (0x000000076f28b908) thrown at [/HUDSON/workspace/8-2-build-linux-amd64/jdk8u162/10278
Event: 11.900 Thread 0x00007f0f9c2a5800 Exception <a 'java/lang/NoSuchMethodError': java.lang.Object.lambda$null$0(Lorg/fxmisc/richtext/model/RichTextChange;)Z> (0x000000076f2a4108) thrown at [/HUDSON/workspace/8-2-build-linux-amd64/jdk8u162/10278/hotspot/src/share/vm/interpreter/linkResolver.c
Event: 11.901 Thread 0x00007f0f9c2a5800 Exception <a 'java/lang/NoSuchMethodError': java.lang.Object.lambda$null$1(I)[Lorg/fxmisc/richtext/model/PlainTextChange;> (0x000000076f2aaa48) thrown at [/HUDSON/workspace/8-2-build-linux-amd64/jdk8u162/10278/hotspot/src/share/vm/interpreter/linkResolver
Event: 12.178 Thread 0x00007f0f9c2a5800 Implicit null exception at 0x00007f0f8c82cfd1 to 0x00007f0f8c82d565

Events (10 events):
Event: 12.238 loading class com/sun/javafx/tk/quantum/ViewScene done
Event: 12.240 loading class com/sun/javafx/tk/quantum/WindowStage
Event: 12.240 loading class com/sun/javafx/tk/quantum/WindowStage done
Event: 12.279 loading class com/hacklympics/api/event/EventListener
Event: 12.279 loading class com/hacklympics/api/event/EventListener done
Event: 12.281 Thread 0x00007f0f1485b000 Thread added: 0x00007f0f1485b000
Event: 12.281 Thread 0x00007f0f9c2a5800 DEOPT PACKING pc=0x00007f0f8c3a57a4 sp=0x00007f0f58178b90
Event: 12.281 Thread 0x00007f0f9c2a5800 DEOPT UNPACKING pc=0x00007f0f8bfae784 sp=0x00007f0f58178918 mode 0
Event: 12.281 Thread 0x00007f0f9c2a5800 DEOPT PACKING pc=0x00007f0f8c3a57a4 sp=0x00007f0f581799c0
Event: 12.281 Thread 0x00007f0f9c2a5800 DEOPT UNPACKING pc=0x00007f0f8bfae784 sp=0x00007f0f58179748 mode 0


Dynamic libraries:
00400000-00401000 r-xp 00000000 fe:01 938495                             /opt/oracle-jdk-bin-1.8.0.162/bin/java
00600000-00601000 rw-p 00000000 fe:01 938495                             /opt/oracle-jdk-bin-1.8.0.162/bin/java
00601000-00622000 rw-p 00000000 00:00 0                                  [heap]
6c7000000-6cec00000 rw-p 00000000 00:00 0 
6cec00000-76d000000 ---p 00000000 00:00 0 
76d000000-772300000 rw-p 00000000 00:00 0 
772300000-7c0000000 ---p 00000000 00:00 0 
7c0000000-7c04c0000 rw-p 00000000 00:00 0 
7c04c0000-800000000 ---p 00000000 00:00 0 
7f0ea4000000-7f0ea4021000 rw-p 00000000 00:00 0 
7f0ea4021000-7f0ea8000000 ---p 00000000 00:00 0 
7f0eac000000-7f0eac021000 rw-p 00000000 00:00 0 
7f0eac021000-7f0eb0000000 ---p 00000000 00:00 0 
7f0eb0000000-7f0eb0032000 rw-p 00000000 00:00 0 
7f0eb0032000-7f0eb4000000 ---p 00000000 00:00 0 
7f0eb4000000-7f0eb4021000 rw-p 00000000 00:00 0 
7f0eb4021000-7f0eb8000000 ---p 00000000 00:00 0 
7f0ebbee1000-7f0ebbee2000 ---p 00000000 00:00 0 
7f0ebbee2000-7f0ebbee3000 rwxp 00000000 00:00 0 
7f0ebbee3000-7f0efbee3000 ---p 00000000 00:00 0 
7f0efbee3000-7f0effbd4000 r-xp 00000000 fe:01 940394                     /opt/oracle-jdk-bin-1.8.0.162/jre/lib/amd64/libjfxwebkit.so
7f0effbd4000-7f0effdd4000 ---p 03cf1000 fe:01 940394                     /opt/oracle-jdk-bin-1.8.0.162/jre/lib/amd64/libjfxwebkit.so
7f0effdd4000-7f0efffcc000 rw-p 03cf1000 fe:01 940394                     /opt/oracle-jdk-bin-1.8.0.162/jre/lib/amd64/libjfxwebkit.so
7f0efffcc000-7f0f00000000 rw-p 00000000 00:00 0 
7f0f00000000-7f0f00021000 rw-p 00000000 00:00 0 
7f0f00021000-7f0f04000000 ---p 00000000 00:00 0 
7f0f06400000-7f0f06407000 rw-p 00000000 00:00 0 
7f0f06407000-7f0f0640e000 ---p 00000000 00:00 0 
7f0f0640e000-7f0f065f9000 rw-p 00000000 00:00 0 
7f0f065f9000-7f0f06600000 ---p 00000000 00:00 0 
7f0f067ff000-7f0f06800000 ---p 00000000 00:00 0 
7f0f06800000-7f0f07005000 rw-p 00000000 00:00 0 
7f0f07005000-7f0f0700a000 ---p 00000000 00:00 0 
7f0f0700a000-7f0f071fb000 rw-p 00000000 00:00 0 
7f0f071fb000-7f0f07200000 ---p 00000000 00:00 0 
7f0f07400000-7f0f07408000 rw-p 00000000 00:00 0 
7f0f07408000-7f0f07410000 ---p 00000000 00:00 0 
7f0f07410000-7f0f075f8000 rw-p 00000000 00:00 0 
7f0f075f8000-7f0f07600000 ---p 00000000 00:00 0 
7f0f07800000-7f0f07806000 rw-p 00000000 00:00 0 
7f0f07806000-7f0f07808000 ---p 00000000 00:00 0 
7f0f07808000-7f0f079fe000 rw-p 00000000 00:00 0 
7f0f079fe000-7f0f07a00000 ---p 00000000 00:00 0 
7f0f07aff000-7f0f07b02000 ---p 00000000 00:00 0 
7f0f07b02000-7f0f07c08000 rw-p 00000000 00:00 0 
7f0f07c08000-7f0f07c0c000 ---p 00000000 00:00 0 
7f0f07c0c000-7f0f07dfc000 rw-p 00000000 00:00 0 
7f0f07dfc000-7f0f07e00000 ---p 00000000 00:00 0 
7f0f07e00000-7f0f08000000 rw-p 00000000 00:00 0 
7f0f08000000-7f0f08021000 rw-p 00000000 00:00 0 
7f0f08021000-7f0f0c000000 ---p 00000000 00:00 0 
7f0f0c000000-7f0f0c021000 rw-p 00000000 00:00 0 
7f0f0c021000-7f0f10000000 ---p 00000000 00:00 0 
7f0f10000000-7f0f10406000 rw-p 00000000 00:00 0 
7f0f10406000-7f0f10409000 ---p 00000000 00:00 0 
7f0f10409000-7f0f105fd000 rw-p 00000000 00:00 0 
7f0f105fd000-7f0f10600000 ---p 00000000 00:00 0 
7f0f106ff000-7f0f10702000 ---p 00000000 00:00 0 
7f0f10702000-7f0f10805000 rw-p 00000000 00:00 0 
7f0f10805000-7f0f10806000 ---p 00000000 00:00 0 
7f0f10806000-7f0f109ff000 rw-p 00000000 00:00 0 
7f0f109ff000-7f0f10a00000 ---p 00000000 00:00 0 
7f0f10ab9000-7f0f10abc000 ---p 00000000 00:00 0 
7f0f10abc000-7f0f10bba000 rw-p 00000000 00:00 0 
7f0f10bba000-7f0f10bbb000 ---p 00000000 00:00 0 
7f0f10bbb000-7f0f113bb000 rw-p 00000000 00:00 0 
7f0f113bb000-7f0f12d63000 r-xp 00000000 fe:01 792609                     /usr/lib64/libicudata.so.60.2
7f0f12d63000-7f0f12f62000 ---p 019a8000 fe:01 792609                     /usr/lib64/libicudata.so.60.2
7f0f12f62000-7f0f12f63000 r--p 019a7000 fe:01 792609                     /usr/lib64/libicudata.so.60.2
7f0f12f63000-7f0f12f64000 rw-p 019a8000 fe:01 792609                     /usr/lib64/libicudata.so.60.2
7f0f12f64000-7f0f13106000 r-xp 00000000 fe:01 792595                     /usr/lib64/libicuuc.so.60.2
7f0f13106000-7f0f13306000 ---p 001a2000 fe:01 792595                     /usr/lib64/libicuuc.so.60.2
7f0f13306000-7f0f13318000 r--p 001a2000 fe:01 792595                     /usr/lib64/libicuuc.so.60.2
7f0f13318000-7f0f13319000 rw-p 001b4000 fe:01 792595                     /usr/lib64/libicuuc.so.60.2
7f0f13319000-7f0f1331a000 rw-p 00000000 00:00 0 
7f0f1331a000-7f0f13354000 r-xp 00000000 fe:01 441317                     /usr/lib64/libxslt.so.1.1.30
7f0f13354000-7f0f13553000 ---p 0003a000 fe:01 441317                     /usr/lib64/libxslt.so.1.1.30
7f0f13553000-7f0f13554000 r--p 00039000 fe:01 441317                     /usr/lib64/libxslt.so.1.1.30
7f0f13554000-7f0f13555000 rw-p 0003a000 fe:01 441317                     /usr/lib64/libxslt.so.1.1.30
7f0f13555000-7f0f13556000 rw-p 00000000 00:00 0 
7f0f13556000-7f0f136ad000 r-xp 00000000 fe:01 806153                     /usr/lib64/libxml2.so.2.9.7
7f0f136ad000-7f0f138ad000 ---p 00157000 fe:01 806153                     /usr/lib64/libxml2.so.2.9.7
7f0f138ad000-7f0f138b5000 r--p 00157000 fe:01 806153                     /usr/lib64/libxml2.so.2.9.7
7f0f138b5000-7f0f138b7000 rw-p 0015f000 fe:01 806153                     /usr/lib64/libxml2.so.2.9.7
7f0f138b7000-7f0f13ab8000 rw-p 00000000 00:00 0 
7f0f13ab8000-7f0f13abb000 ---p 00000000 00:00 0 
7f0f13abb000-7f0f13db9000 rw-p 00000000 00:00 0 
7f0f13db9000-7f0f13deb000 r-xp 00000000 fe:01 940333                     /opt/oracle-jdk-bin-1.8.0.162/jre/lib/amd64/libsunec.so
7f0f13deb000-7f0f13fea000 ---p 00032000 fe:01 940333                     /opt/oracle-jdk-bin-1.8.0.162/jre/lib/amd64/libsunec.so
7f0f13fea000-7f0f13ff0000 rw-p 00031000 fe:01 940333                     /opt/oracle-jdk-bin-1.8.0.162/jre/lib/amd64/libsunec.so
7f0f13ff0000-7f0f14000000 rw-p 00000000 00:00 0 
7f0f14000000-7f0f14edf000 rw-p 00000000 00:00 0 
7f0f14edf000-7f0f18000000 ---p 00000000 00:00 0 
7f0f18000000-7f0f18021000 rw-p 00000000 00:00 0 
7f0f18021000-7f0f1c000000 ---p 00000000 00:00 0 
7f0f1c000000-7f0f1c021000 rw-p 00000000 00:00 0 
7f0f1c021000-7f0f20000000 ---p 00000000 00:00 0 
7f0f20000000-7f0f21e9c000 rw-p 00000000 00:00 0 
7f0f21e9c000-7f0f24000000 ---p 00000000 00:00 0 
7f0f24015000-7f0f24019000 rw-p 00000000 00:00 0 
7f0f24019000-7f0f24076000 r--p 00000000 fe:01 455277                     /usr/share/fonts/dejavu/DejaVuSerif.ttf
7f0f24076000-7f0f2407b000 rw-p 00000000 00:00 0 
7f0f2407b000-7f0f2409e000 r--p 00000000 00:24 5359228                    /tmp/+JXF411528464913392404.tmp
7f0f2409e000-7f0f240a1000 ---p 00000000 00:00 0 
7f0f240a1000-7f0f2419f000 rw-p 00000000 00:00 0 
7f0f2419f000-7f0f241a9000 r--s 00116000 fe:01 939203                     /opt/oracle-jdk-bin-1.8.0.162/jre/lib/ext/localedata.jar
7f0f241a9000-7f0f241c5000 r--s 00393000 fe:01 939158                     /opt/oracle-jdk-bin-1.8.0.162/jre/lib/ext/cldrdata.jar
7f0f241c5000-7f0f241cb000 r--s 0003e000 fe:01 939206                     /opt/oracle-jdk-bin-1.8.0.162/jre/lib/ext/sunjce_provider.jar
7f0f241cb000-7f0f241e1000 r-xp 00000000 fe:01 940502                     /opt/oracle-jdk-bin-1.8.0.162/jre/lib/amd64/libnet.so
7f0f241e1000-7f0f243e1000 ---p 00016000 fe:01 940502                     /opt/oracle-jdk-bin-1.8.0.162/jre/lib/amd64/libnet.so
7f0f243e1000-7f0f243e2000 rw-p 00016000 fe:01 940502                     /opt/oracle-jdk-bin-1.8.0.162/jre/lib/amd64/libnet.so
7f0f243e2000-7f0f243f3000 r-xp 00000000 fe:01 940508                     /opt/oracle-jdk-bin-1.8.0.162/jre/lib/amd64/libnio.so
7f0f243f3000-7f0f245f2000 ---p 00011000 fe:01 940508                     /opt/oracle-jdk-bin-1.8.0.162/jre/lib/amd64/libnio.so
7f0f245f2000-7f0f245f3000 rw-p 00010000 fe:01 940508                     /opt/oracle-jdk-bin-1.8.0.162/jre/lib/amd64/libnio.so
7f0f245f3000-7f0f247f3000 rw-p 00000000 00:00 0 
7f0f247f3000-7f0f247f5000 r--s 00009000 fe:01 939146                     /opt/oracle-jdk-bin-1.8.0.162/jre/lib/ext/sunec.jar
7f0f247f5000-7f0f247f9000 r--s 0003a000 fe:01 939184                     /opt/oracle-jdk-bin-1.8.0.162/jre/lib/ext/sunpkcs11.jar
7f0f247f9000-7f0f247fc000 r--s 0001a000 fe:01 940552                     /opt/oracle-jdk-bin-1.8.0.162/jre/lib/jce.jar
7f0f247fc000-7f0f249fc000 rw-p 00000000 00:00 0 
7f0f249fc000-7f0f249fe000 rw-s 00000000 00:05 5364331                    /drm mm object (deleted)
7f0f249fe000-7f0f24a03000 rw-s 00000000 00:05 5364300                    /drm mm object (deleted)
7f0f24a03000-7f0f24a13000 rw-s 00000000 00:05 5363691                    /drm mm object (deleted)
7f0f24a13000-7f0f24a23000 rw-s 00000000 00:05 5363688                    /drm mm object (deleted)
7f0f24a23000-7f0f24a33000 rw-s 00000000 00:05 5364297                    /drm mm object (deleted)
7f0f24a33000-7f0f24bf3000 rw-s 10b948000 00:06 2143                      /dev/dri/card0
7f0f24bf3000-7f0f24db3000 rw-s 00000000 00:05 5364292                    /drm mm object (deleted)
7f0f24db3000-7f0f24dc3000 rw-s 00000000 00:05 5360124                    /drm mm object (deleted)
7f0f24dc3000-7f0f24dd3000 rw-s 00000000 00:05 5364294                    /drm mm object (deleted)
7f0f24dd3000-7f0f24ddf000 rw-s 00000000 00:05 5364285                    /drm mm object (deleted)
7f0f24ddf000-7f0f24fdf000 rw-p 00000000 00:00 0 
7f0f24fdf000-7f0f24fe2000 ---p 00000000 00:00 0 
7f0f24fe2000-7f0f250e0000 rw-p 00000000 00:00 0 
7f0f250e0000-7f0f25199000 r--p 00000000 fe:01 455269                     /usr/share/fonts/dejavu/DejaVuSans.ttf
7f0f25199000-7f0f25244000 r--p 00000000 fe:01 938580                     /opt/oracle-jdk-bin-1.8.0.162/jre/lib/fonts/LucidaSansRegular.ttf
7f0f25244000-7f0f2527e000 r--p 00000000 fe:01 938588                     /opt/oracle-jdk-bin-1.8.0.162/jre/lib/fonts/LucidaTypewriterBold.ttf
7f0f2527e000-7f0f252cc000 r--p 00000000 fe:01 938582                     /opt/oracle-jdk-bin-1.8.0.162/jre/lib/fonts/LucidaSansDemiBold.ttf
7f0f252cc000-7f0f252d0000 r-xp 00000000 fe:01 940331                     /opt/oracle-jdk-bin-1.8.0.162/jre/lib/amd64/libjavafx_font_pango.so
7f0f252d0000-7f0f254cf000 ---p 00004000 fe:01 940331                     /opt/oracle-jdk-bin-1.8.0.162/jre/lib/amd64/libjavafx_font_pango.so
7f0f254cf000-7f0f254d0000 rw-p 00003000 fe:01 940331                     /opt/oracle-jdk-bin-1.8.0.162/jre/lib/amd64/libjavafx_font_pango.so
7f0f254d0000-7f0f254da000 r-xp 00000000 fe:01 139442                     /usr/lib64/gtk-2.0/2.10.0/engines/libpixmap.so
7f0f254da000-7f0f256d9000 ---p 0000a000 fe:01 139442                     /usr/lib64/gtk-2.0/2.10.0/engines/libpixmap.so
7f0f256d9000-7f0f256da000 r--p 00009000 fe:01 139442                     /usr/lib64/gtk-2.0/2.10.0/engines/libpixmap.so
7f0f256da000-7f0f256db000 rw-p 0000a000 fe:01 139442                     /usr/lib64/gtk-2.0/2.10.0/engines/libpixmap.so
7f0f256db000-7f0f256dd000 r-xp 00000000 fe:01 723962                     /usr/lib64/gtk-2.0/2.10.0/engines/libadwaita.so
7f0f256dd000-7f0f258dd000 ---p 00002000 fe:01 723962                     /usr/lib64/gtk-2.0/2.10.0/engines/libadwaita.so
7f0f258dd000-7f0f258de000 r--p 00002000 fe:01 723962                     /usr/lib64/gtk-2.0/2.10.0/engines/libadwaita.so
7f0f258de000-7f0f258df000 rw-p 00003000 fe:01 723962                     /usr/lib64/gtk-2.0/2.10.0/engines/libadwaita.so
7f0f258df000-7f0f25adf000 rw-p 00000000 00:00 0 
7f0f25adf000-7f0f25ae4000 r-xp 00000000 fe:01 940335                     /opt/oracle-jdk-bin-1.8.0.162/jre/lib/amd64/libjavafx_font_freetype.so
7f0f25ae4000-7f0f25ce3000 ---p 00005000 fe:01 940335                     /opt/oracle-jdk-bin-1.8.0.162/jre/lib/amd64/libjavafx_font_freetype.so
7f0f25ce3000-7f0f25ce4000 rw-p 00004000 fe:01 940335                     /opt/oracle-jdk-bin-1.8.0.162/jre/lib/amd64/libjavafx_font_freetype.so
7f0f25ce4000-7f0f25ce7000 r-xp 00000000 fe:01 940504                     /opt/oracle-jdk-bin-1.8.0.162/jre/lib/amd64/libjavafx_font.so
7f0f25ce7000-7f0f25ee6000 ---p 00003000 fe:01 940504                     /opt/oracle-jdk-bin-1.8.0.162/jre/lib/amd64/libjavafx_font.so
7f0f25ee6000-7f0f25ee7000 rw-p 00002000 fe:01 940504                     /opt/oracle-jdk-bin-1.8.0.162/jre/lib/amd64/libjavafx_font.so
7f0f25ee7000-7f0f260e7000 rw-p 00000000 00:00 0 
7f0f260e7000-7f0f26110000 r-xp 00000000 fe:01 940384                     /opt/oracle-jdk-bin-1.8.0.162/jre/lib/amd64/libglass.so
7f0f26110000-7f0f2630f000 ---p 00029000 fe:01 940384                     /opt/oracle-jdk-bin-1.8.0.162/jre/lib/amd64/libglass.so
7f0f2630f000-7f0f26312000 rw-p 00028000 fe:01 940384                     /opt/oracle-jdk-bin-1.8.0.162/jre/lib/amd64/libglass.so
7f0f26312000-7f0f26a78000 r-xp 00000000 fe:01 791538                     /usr/lib64/mesa/i965_dri.so
7f0f26a78000-7f0f26c77000 ---p 00766000 fe:01 791538                     /usr/lib64/mesa/i965_dri.so
7f0f26c77000-7f0f26cc6000 r--p 00765000 fe:01 791538                     /usr/lib64/mesa/i965_dri.so
7f0f26cc6000-7f0f26ccd000 rw-p 007b4000 fe:01 791538                     /usr/lib64/mesa/i965_dri.so
7f0f26ccd000-7f0f26d34000 rw-p 00000000 00:00 0 
7f0f26d34000-7f0f26d47000 r-xp 00000000 fe:01 696744                     /usr/lib64/libbsd.so.0.8.6
7f0f26d47000-7f0f26f46000 ---p 00013000 fe:01 696744                     /usr/lib64/libbsd.so.0.8.6
7f0f26f46000-7f0f26f47000 r--p 00012000 fe:01 696744                     /usr/lib64/libbsd.so.0.8.6
7f0f26f47000-7f0f26f48000 rw-p 00013000 fe:01 696744                     /usr/lib64/libbsd.so.0.8.6
7f0f26f48000-7f0f26f49000 rw-p 00000000 00:00 0 
7f0f26f49000-7f0f26f4d000 r-xp 00000000 fe:01 983312                     /lib64/libuuid.so.1.3.0
7f0f26f4d000-7f0f2714c000 ---p 00004000 fe:01 983312                     /lib64/libuuid.so.1.3.0
7f0f2714c000-7f0f2714d000 r--p 00003000 fe:01 983312                     /lib64/libuuid.so.1.3.0
7f0f2714d000-7f0f2714e000 rw-p 00004000 fe:01 983312                     /lib64/libuuid.so.1.3.0
7f0f2714e000-7f0f27153000 r-xp 00000000 fe:01 919078                     /usr/lib64/libXdmcp.so.6.0.0
7f0f27153000-7f0f27352000 ---p 00005000 fe:01 919078                     /usr/lib64/libXdmcp.so.6.0.0
7f0f27352000-7f0f27353000 r--p 00004000 fe:01 919078                     /usr/lib64/libXdmcp.so.6.0.0
7f0f27353000-7f0f27354000 rw-p 00005000 fe:01 919078                     /usr/lib64/libXdmcp.so.6.0.0
7f0f27354000-7f0f27356000 r-xp 00000000 fe:01 919031                     /usr/lib64/libXau.so.6.0.0
7f0f27356000-7f0f27556000 ---p 00002000 fe:01 919031                     /usr/lib64/libXau.so.6.0.0
7f0f27556000-7f0f27557000 r--p 00002000 fe:01 919031                     /usr/lib64/libXau.so.6.0.0
7f0f27557000-7f0f27558000 rw-p 00003000 fe:01 919031                     /usr/lib64/libXau.so.6.0.0
7f0f27558000-7f0f27569000 r-xp 00000000 fe:01 10495                      /usr/lib64/libwayland-server.so.0.1.0
7f0f27569000-7f0f27768000 ---p 00011000 fe:01 10495                      /usr/lib64/libwayland-server.so.0.1.0
7f0f27768000-7f0f2776a000 r--p 00010000 fe:01 10495                      /usr/lib64/libwayland-server.so.0.1.0
7f0f2776a000-7f0f2776b000 rw-p 00012000 fe:01 10495                      /usr/lib64/libwayland-server.so.0.1.0
7f0f2776b000-7f0f27778000 r-xp 00000000 fe:01 791547                     /usr/lib64/libgbm.so.1.0.0
7f0f27778000-7f0f27978000 ---p 0000d000 fe:01 791547                     /usr/lib64/libgbm.so.1.0.0
7f0f27978000-7f0f27979000 r--p 0000d000 fe:01 791547                     /usr/lib64/libgbm.so.1.0.0
7f0f27979000-7f0f2797a000 rw-p 0000e000 fe:01 791547                     /usr/lib64/libgbm.so.1.0.0
7f0f2797a000-7f0f27987000 r-xp 00000000 fe:01 10541                      /usr/lib64/libwayland-client.so.0.3.0
7f0f27987000-7f0f27b86000 ---p 0000d000 fe:01 10541                      /usr/lib64/libwayland-client.so.0.3.0
7f0f27b86000-7f0f27b88000 r--p 0000c000 fe:01 10541                      /usr/lib64/libwayland-client.so.0.3.0
7f0f27b88000-7f0f27b89000 rw-p 0000e000 fe:01 10541                      /usr/lib64/libwayland-client.so.0.3.0
7f0f27b89000-7f0f27bb3000 r-xp 00000000 fe:01 714026                     /usr/lib64/libgraphite2.so.3.0.1
7f0f27bb3000-7f0f27db3000 ---p 0002a000 fe:01 714026                     /usr/lib64/libgraphite2.so.3.0.1
7f0f27db3000-7f0f27db5000 r--p 0002a000 fe:01 714026                     /usr/lib64/libgraphite2.so.3.0.1
7f0f27db5000-7f0f27db6000 rw-p 0002c000 fe:01 714026                     /usr/lib64/libgraphite2.so.3.0.1
7f0f27db6000-7f0f27dfb000 r-xp 00000000 fe:01 982786                     /lib64/libblkid.so.1.1.0
7f0f27dfb000-7f0f27ffa000 ---p 00045000 fe:01 982786                     /lib64/libblkid.so.1.1.0
7f0f27ffa000-7f0f27ffe000 r--p 00044000 fe:01 982786                     /lib64/libblkid.so.1.1.0
7f0f27ffe000-7f0f27fff000 rw-p 00048000 fe:01 982786                     /lib64/libblkid.so.1.1.0
7f0f27fff000-7f0f28000000 rw-p 00000000 00:00 0 
7f0f28000000-7f0f28021000 rw-p 00000000 00:00 0 
7f0f28021000-7f0f2c000000 ---p 00000000 00:00 0 
7f0f2c000000-7f0f2c021000 rw-p 00000000 00:00 0 
7f0f2c021000-7f0f30000000 ---p 00000000 00:00 0 
7f0f30000000-7f0f30470000 rw-p 00000000 00:00 0 
7f0f30470000-7f0f34000000 ---p 00000000 00:00 0 
7f0f34000000-7f0f3454e000 rw-p 00000000 00:00 0 
7f0f3454e000-7f0f38000000 ---p 00000000 00:00 0 
7f0f38000000-7f0f382d9000 rw-p 00000000 00:00 0 
7f0f382d9000-7f0f3c000000 ---p 00000000 00:00 0 
7f0f3c000000-7f0f3c484000 rw-p 00000000 00:00 0 
7f0f3c484000-7f0f40000000 ---p 00000000 00:00 0 
7f0f40000000-7f0f40021000 rw-p 00000000 00:00 0 
7f0f40021000-7f0f44000000 ---p 00000000 00:00 0 
7f0f44001000-7f0f44005000 rw-s 00000000 00:05 5364296                    /drm mm object (deleted)
7f0f44005000-7f0f4400a000 rw-s 00000000 00:05 5364295                    /drm mm object (deleted)
7f0f4400a000-7f0f4401d000 r--s 00345000 fe:01 939030                     /opt/oracle-jdk-bin-1.8.0.162/jre/lib/resources.jar
7f0f4401d000-7f0f44030000 r--p 00000000 fe:01 938584                     /opt/oracle-jdk-bin-1.8.0.162/jre/lib/fonts/LucidaBrightDemiItalic.ttf
7f0f44030000-7f0f4406c000 r--p 00000000 fe:01 938587                     /opt/oracle-jdk-bin-1.8.0.162/jre/lib/fonts/LucidaTypewriterRegular.ttf
7f0f4406c000-7f0f4406f000 ---p 00000000 00:00 0 
7f0f4406f000-7f0f4416d000 rw-p 00000000 00:00 0 
7f0f4416d000-7f0f4417e000 r-xp 00000000 fe:01 843703                     /usr/lib64/libdrm.so.2.4.0
7f0f4417e000-7f0f4437d000 ---p 00011000 fe:01 843703                     /usr/lib64/libdrm.so.2.4.0
7f0f4437d000-7f0f4437e000 r--p 00010000 fe:01 843703                     /usr/lib64/libdrm.so.2.4.0
7f0f4437e000-7f0f4437f000 rw-p 00011000 fe:01 843703                     /usr/lib64/libdrm.so.2.4.0
7f0f4437f000-7f0f44383000 r-xp 00000000 fe:01 765863                     /usr/lib64/libxcb-dri2.so.0.0.0
7f0f44383000-7f0f44582000 ---p 00004000 fe:01 765863                     /usr/lib64/libxcb-dri2.so.0.0.0
7f0f44582000-7f0f44583000 r--p 00003000 fe:01 765863                     /usr/lib64/libxcb-dri2.so.0.0.0
7f0f44583000-7f0f44584000 rw-p 00004000 fe:01 765863                     /usr/lib64/libxcb-dri2.so.0.0.0
7f0f44584000-7f0f4459d000 r-xp 00000000 fe:01 765819                     /usr/lib64/libxcb-glx.so.0.0.0
7f0f4459d000-7f0f4479d000 ---p 00019000 fe:01 765819                     /usr/lib64/libxcb-glx.so.0.0.0
7f0f4479d000-7f0f4479f000 r--p 00019000 fe:01 765819                     /usr/lib64/libxcb-glx.so.0.0.0
7f0f4479f000-7f0f447a0000 rw-p 0001b000 fe:01 765819                     /usr/lib64/libxcb-glx.so.0.0.0
7f0f447a0000-7f0f447a1000 r-xp 00000000 fe:01 53990                      /usr/lib64/libX11-xcb.so.1.0.0
7f0f447a1000-7f0f449a0000 ---p 00001000 fe:01 53990                      /usr/lib64/libX11-xcb.so.1.0.0
7f0f449a0000-7f0f449a1000 r--p 00000000 fe:01 53990                      /usr/lib64/libX11-xcb.so.1.0.0
7f0f449a1000-7f0f449a2000 rw-p 00001000 fe:01 53990                      /usr/lib64/libX11-xcb.so.1.0.0
7f0f449a2000-7f0f449ce000 r-xp 00000000 fe:01 791508                     /usr/lib64/libglapi.so.0.0.0
7f0f449ce000-7f0f44bcd000 ---p 0002c000 fe:01 791508                     /usr/lib64/libglapi.so.0.0.0
7f0f44bcd000-7f0f44bd1000 r--p 0002b000 fe:01 791508                     /usr/lib64/libglapi.so.0.0.0
7f0f44bd1000-7f0f44bd2000 rw-p 0002f000 fe:01 791508                     /usr/lib64/libglapi.so.0.0.0
7f0f44bd2000-7f0f44bd3000 rw-p 00000000 00:00 0 
7f0f44bd3000-7f0f44bd4000 r-xp 00000000 fe:01 918980                     /usr/lib64/libxshmfence.so.1.0.0
7f0f44bd4000-7f0f44dd3000 ---p 00001000 fe:01 918980                     /usr/lib64/libxshmfence.so.1.0.0
7f0f44dd3000-7f0f44dd4000 r--p 00000000 fe:01 918980                     /usr/lib64/libxshmfence.so.1.0.0
7f0f44dd4000-7f0f44dd5000 rw-p 00001000 fe:01 918980                     /usr/lib64/libxshmfence.so.1.0.0
7f0f44dd5000-7f0f44ddb000 r-xp 00000000 fe:01 765912                     /usr/lib64/libxcb-sync.so.1.0.0
7f0f44ddb000-7f0f44fda000 ---p 00006000 fe:01 765912                     /usr/lib64/libxcb-sync.so.1.0.0
7f0f44fda000-7f0f44fdb000 r--p 00005000 fe:01 765912                     /usr/lib64/libxcb-sync.so.1.0.0
7f0f44fdb000-7f0f44fdc000 rw-p 00006000 fe:01 765912                     /usr/lib64/libxcb-sync.so.1.0.0
7f0f44fdc000-7f0f44fde000 r-xp 00000000 fe:01 765882                     /usr/lib64/libxcb-present.so.0.0.0
7f0f44fde000-7f0f451dd000 ---p 00002000 fe:01 765882                     /usr/lib64/libxcb-present.so.0.0.0
7f0f451dd000-7f0f451de000 r--p 00001000 fe:01 765882                     /usr/lib64/libxcb-present.so.0.0.0
7f0f451de000-7f0f451df000 rw-p 00002000 fe:01 765882                     /usr/lib64/libxcb-present.so.0.0.0
7f0f451df000-7f0f451e6000 r-xp 00000000 fe:01 765922                     /usr/lib64/libxcb-xfixes.so.0.0.0
7f0f451e6000-7f0f453e5000 ---p 00007000 fe:01 765922                     /usr/lib64/libxcb-xfixes.so.0.0.0
7f0f453e5000-7f0f453e6000 r--p 00006000 fe:01 765922                     /usr/lib64/libxcb-xfixes.so.0.0.0
7f0f453e6000-7f0f453e7000 rw-p 00007000 fe:01 765922                     /usr/lib64/libxcb-xfixes.so.0.0.0
7f0f453e7000-7f0f4c000000 r--p 00000000 fe:01 791694                     /usr/lib64/locale/locale-archive
7f0f4c000000-7f0f4c021000 rw-p 00000000 00:00 0 
7f0f4c021000-7f0f50000000 ---p 00000000 00:00 0 
7f0f50000000-7f0f50021000 rw-p 00000000 00:00 0 
7f0f50021000-7f0f54000000 ---p 00000000 00:00 0 
7f0f54000000-7f0f54021000 rw-p 00000000 00:00 0 
7f0f54021000-7f0f58000000 ---p 00000000 00:00 0 
7f0f58000000-7f0f58013000 r--p 00000000 fe:01 938589                     /opt/oracle-jdk-bin-1.8.0.162/jre/lib/fonts/LucidaBrightDemiBold.ttf
7f0f58013000-7f0f58027000 r--p 00000000 fe:01 938579                     /opt/oracle-jdk-bin-1.8.0.162/jre/lib/fonts/LucidaBrightItalic.ttf
7f0f58027000-7f0f5807c000 r--p 00000000 fe:01 938581                     /opt/oracle-jdk-bin-1.8.0.162/jre/lib/fonts/LucidaBrightRegular.ttf
7f0f5807c000-7f0f5807f000 ---p 00000000 00:00 0 
7f0f5807f000-7f0f5817d000 rw-p 00000000 00:00 0 
7f0f5817d000-7f0f5817f000 r-xp 00000000 fe:01 765814                     /usr/lib64/libxcb-dri3.so.0.0.0
7f0f5817f000-7f0f5837e000 ---p 00002000 fe:01 765814                     /usr/lib64/libxcb-dri3.so.0.0.0
7f0f5837e000-7f0f5837f000 r--p 00001000 fe:01 765814                     /usr/lib64/libxcb-dri3.so.0.0.0
7f0f5837f000-7f0f58380000 rw-p 00002000 fe:01 765814                     /usr/lib64/libxcb-dri3.so.0.0.0
7f0f58380000-7f0f60000000 rw-p 00000000 00:00 0 
7f0f60000000-7f0f60021000 rw-p 00000000 00:00 0 
7f0f60021000-7f0f64000000 ---p 00000000 00:00 0 
7f0f64000000-7f0f64021000 rw-p 00000000 00:00 0 
7f0f64021000-7f0f68000000 ---p 00000000 00:00 0 
7f0f68000000-7f0f68021000 rw-p 00000000 00:00 0 
7f0f68021000-7f0f6c000000 ---p 00000000 00:00 0 
7f0f6c000000-7f0f6c001000 rw-s 00000000 00:05 5364330                    /drm mm object (deleted)
7f0f6c001000-7f0f6c006000 r--s 00084000 fe:01 938565                     /opt/oracle-jdk-bin-1.8.0.162/jre/lib/jfr.jar
7f0f6c006000-7f0f6c00b000 r--s 0009d000 fe:01 939137                     /opt/oracle-jdk-bin-1.8.0.162/jre/lib/jsse.jar
7f0f6c00b000-7f0f6c00e000 r--s 00000000 fe:01 695174                     /var/cache/fontconfig/0b1bcc92b4d25cc154d77dafe3bceaa0-le64.cache-7
7f0f6c00e000-7f0f6c012000 r--s 00000000 fe:01 695171                     /var/cache/fontconfig/6d2376a383715d59725915647ddb0428-le64.cache-7
7f0f6c012000-7f0f6c01d000 r--s 00000000 fe:01 695169                     /var/cache/fontconfig/acc285bc1956c3c4bc7afb41d537a85a-le64.cache-7
7f0f6c01d000-7f0f6c023000 r--s 00000000 fe:01 695168                     /var/cache/fontconfig/4460665c0f3e88acdd4c85aa2f409b99-le64.cache-7
7f0f6c023000-7f0f6c035000 r--s 00000000 fe:01 695165                     /var/cache/fontconfig/f2e43df3287529323e79e7929dc44cc9-le64.cache-7
7f0f6c035000-7f0f6c077000 r--s 00000000 fe:01 695164                     /var/cache/fontconfig/923e285e415b1073c8df160bee08820f-le64.cache-7
7f0f6c077000-7f0f6c08e000 r--s 00000000 fe:01 695162                     /var/cache/fontconfig/8d4af663993b81a124ee82e610bb31f9-le64.cache-7
7f0f6c08e000-7f0f6c0c4000 r--s 00000000 fe:02 11406661                   /home/aesophor/.cache/fontconfig/9085acacfd3ed2f69daa65cfe81525f4-le64.cache-7
7f0f6c0c4000-7f0f6c135000 r-xp 00000000 fe:01 920752                     /lib64/libpcre.so.1.2.9
7f0f6c135000-7f0f6c334000 ---p 00071000 fe:01 920752                     /lib64/libpcre.so.1.2.9
7f0f6c334000-7f0f6c335000 r--p 00070000 fe:01 920752                     /lib64/libpcre.so.1.2.9
7f0f6c335000-7f0f6c336000 rw-p 00071000 fe:01 920752                     /lib64/libpcre.so.1.2.9
7f0f6c336000-7f0f6c33d000 r-xp 00000000 fe:01 49617                      /usr/lib64/libffi.so.6.0.4
7f0f6c33d000-7f0f6c53d000 ---p 00007000 fe:01 49617                      /usr/lib64/libffi.so.6.0.4
7f0f6c53d000-7f0f6c53e000 r--p 00007000 fe:01 49617                      /usr/lib64/libffi.so.6.0.4
7f0f6c53e000-7f0f6c53f000 rw-p 00008000 fe:01 49617                      /usr/lib64/libffi.so.6.0.4
7f0f6c53f000-7f0f6c566000 r-xp 00000000 fe:01 49184                      /usr/lib64/libexpat.so.1.6.7
7f0f6c566000-7f0f6c766000 ---p 00027000 fe:01 49184                      /usr/lib64/libexpat.so.1.6.7
7f0f6c766000-7f0f6c768000 r--p 00027000 fe:01 49184                      /usr/lib64/libexpat.so.1.6.7
7f0f6c768000-7f0f6c769000 rw-p 00029000 fe:01 49184                      /usr/lib64/libexpat.so.1.6.7
7f0f6c769000-7f0f6c778000 r-xp 00000000 fe:01 480410                     /lib64/libbz2.so.1.0.6
7f0f6c778000-7f0f6c978000 ---p 0000f000 fe:01 480410                     /lib64/libbz2.so.1.0.6
7f0f6c978000-7f0f6c979000 r--p 0000f000 fe:01 480410                     /lib64/libbz2.so.1.0.6
7f0f6c979000-7f0f6c97a000 rw-p 00010000 fe:01 480410                     /lib64/libbz2.so.1.0.6
7f0f6c97a000-7f0f6c987000 r-xp 00000000 fe:01 765877                     /usr/lib64/libxcb-render.so.0.0.0
7f0f6c987000-7f0f6cb86000 ---p 0000d000 fe:01 765877                     /usr/lib64/libxcb-render.so.0.0.0
7f0f6cb86000-7f0f6cb87000 r--p 0000c000 fe:01 765877                     /usr/lib64/libxcb-render.so.0.0.0
7f0f6cb87000-7f0f6cb88000 rw-p 0000d000 fe:01 765877                     /usr/lib64/libxcb-render.so.0.0.0
7f0f6cb88000-7f0f6cbb0000 r-xp 00000000 fe:01 765809                     /usr/lib64/libxcb.so.1.1.0
7f0f6cbb0000-7f0f6cdaf000 ---p 00028000 fe:01 765809                     /usr/lib64/libxcb.so.1.1.0
7f0f6cdaf000-7f0f6cdb0000 r--p 00027000 fe:01 765809                     /usr/lib64/libxcb.so.1.1.0
7f0f6cdb0000-7f0f6cdb1000 rw-p 00028000 fe:01 765809                     /usr/lib64/libxcb.so.1.1.0
7f0f6cdb1000-7f0f6cdb3000 r-xp 00000000 fe:01 765907                     /usr/lib64/libxcb-shm.so.0.0.0
7f0f6cdb3000-7f0f6cfb3000 ---p 00002000 fe:01 765907                     /usr/lib64/libxcb-shm.so.0.0.0
7f0f6cfb3000-7f0f6cfb4000 r--p 00002000 fe:01 765907                     /usr/lib64/libxcb-shm.so.0.0.0
7f0f6cfb4000-7f0f6cfb5000 rw-p 00003000 fe:01 765907                     /usr/lib64/libxcb-shm.so.0.0.0
7f0f6cfb5000-7f0f6cfe9000 r-xp 00000000 fe:01 171148                     /usr/lib64/libpng16.so.16.29.0
7f0f6cfe9000-7f0f6d1e8000 ---p 00034000 fe:01 171148                     /usr/lib64/libpng16.so.16.29.0
7f0f6d1e8000-7f0f6d1e9000 r--p 00033000 fe:01 171148                     /usr/lib64/libpng16.so.16.29.0
7f0f6d1e9000-7f0f6d1ea000 rw-p 00034000 fe:01 171148                     /usr/lib64/libpng16.so.16.29.0
7f0f6d1ea000-7f0f6d220000 r-xp 00000000 fe:01 791549                     /usr/lib64/libEGL.so.1.0.0
7f0f6d220000-7f0f6d41f000 ---p 00036000 fe:01 791549                     /usr/lib64/libEGL.so.1.0.0
7f0f6d41f000-7f0f6d421000 r--p 00035000 fe:01 791549                     /usr/lib64/libEGL.so.1.0.0
7f0f6d421000-7f0f6d422000 rw-p 00037000 fe:01 791549                     /usr/lib64/libEGL.so.1.0.0
7f0f6d422000-7f0f6d4b9000 r-xp 00000000 fe:01 710732                     /usr/lib64/libpixman-1.so.0.34.0
7f0f6d4b9000-7f0f6d6b8000 ---p 00097000 fe:01 710732                     /usr/lib64/libpixman-1.so.0.34.0
7f0f6d6b8000-7f0f6d6c0000 r--p 00096000 fe:01 710732                     /usr/lib64/libpixman-1.so.0.34.0
7f0f6d6c0000-7f0f6d6c1000 rw-p 0009e000 fe:01 710732                     /usr/lib64/libpixman-1.so.0.34.0
7f0f6d6c1000-7f0f6d75c000 r-xp 00000000 fe:01 841776                     /usr/lib64/libharfbuzz.so.0.10702.0
7f0f6d75c000-7f0f6d95c000 ---p 0009b000 fe:01 841776                     /usr/lib64/libharfbuzz.so.0.10702.0
7f0f6d95c000-7f0f6d95d000 r--p 0009b000 fe:01 841776                     /usr/lib64/libharfbuzz.so.0.10702.0
7f0f6d95d000-7f0f6d95e000 rw-p 0009c000 fe:01 841776                     /usr/lib64/libharfbuzz.so.0.10702.0
7f0f6d95e000-7f0f6d9ae000 r-xp 00000000 fe:01 982959                     /lib64/libmount.so.1.1.0
7f0f6d9ae000-7f0f6dbae000 ---p 00050000 fe:01 982959                     /lib64/libmount.so.1.1.0
7f0f6dbae000-7f0f6dbb0000 r--p 00050000 fe:01 982959                     /lib64/libmount.so.1.1.0
7f0f6dbb0000-7f0f6dbb1000 rw-p 00052000 fe:01 982959                     /lib64/libmount.so.1.1.0
7f0f6dbb1000-7f0f6dbb3000 rw-p 00000000 00:00 0 
7f0f6dbb3000-7f0f6dbc6000 r-xp 00000000 fe:01 417827                     /lib64/libresolv-2.25.so
7f0f6dbc6000-7f0f6ddc6000 ---p 00013000 fe:01 417827                     /lib64/libresolv-2.25.so
7f0f6ddc6000-7f0f6ddc7000 r--p 00013000 fe:01 417827                     /lib64/libresolv-2.25.so
7f0f6ddc7000-7f0f6ddc8000 rw-p 00014000 fe:01 417827                     /lib64/libresolv-2.25.so
7f0f6ddc8000-7f0f6ddca000 rw-p 00000000 00:00 0 
7f0f6ddca000-7f0f6dde0000 r-xp 00000000 fe:01 49105                      /lib64/libz.so.1.2.11
7f0f6dde0000-7f0f6dfdf000 ---p 00016000 fe:01 49105                      /lib64/libz.so.1.2.11
7f0f6dfdf000-7f0f6dfe0000 r--p 00015000 fe:01 49105                      /lib64/libz.so.1.2.11
7f0f6dfe0000-7f0f6dfe1000 rw-p 00016000 fe:01 49105                      /lib64/libz.so.1.2.11
7f0f6dfe1000-7f0f6dff2000 r-xp 00000000 fe:01 167633                     /usr/lib64/libXext.so.6.4.0
7f0f6dff2000-7f0f6e1f1000 ---p 00011000 fe:01 167633                     /usr/lib64/libXext.so.6.4.0
7f0f6e1f1000-7f0f6e1f2000 r--p 00010000 fe:01 167633                     /usr/lib64/libXext.so.6.4.0
7f0f6e1f2000-7f0f6e1f3000 rw-p 00011000 fe:01 167633                     /usr/lib64/libXext.so.6.4.0
7f0f6e1f3000-7f0f6e1f5000 r-xp 00000000 fe:01 167360                     /usr/lib64/libXdamage.so.1.1.0
7f0f6e1f5000-7f0f6e3f4000 ---p 00002000 fe:01 167360                     /usr/lib64/libXdamage.so.1.1.0
7f0f6e3f4000-7f0f6e3f5000 r--p 00001000 fe:01 167360                     /usr/lib64/libXdamage.so.1.1.0
7f0f6e3f5000-7f0f6e3f6000 rw-p 00002000 fe:01 167360                     /usr/lib64/libXdamage.so.1.1.0
7f0f6e3f6000-7f0f6e3f8000 r-xp 00000000 fe:01 167425                     /usr/lib64/libXcomposite.so.1.0.0
7f0f6e3f8000-7f0f6e5f7000 ---p 00002000 fe:01 167425                     /usr/lib64/libXcomposite.so.1.0.0
7f0f6e5f7000-7f0f6e5f8000 r--p 00001000 fe:01 167425                     /usr/lib64/libXcomposite.so.1.0.0
7f0f6e5f8000-7f0f6e5f9000 rw-p 00002000 fe:01 167425                     /usr/lib64/libXcomposite.so.1.0.0
7f0f6e5f9000-7f0f6e603000 r-xp 00000000 fe:01 167439                     /usr/lib64/libXcursor.so.1.0.2
7f0f6e603000-7f0f6e802000 ---p 0000a000 fe:01 167439                     /usr/lib64/libXcursor.so.1.0.2
7f0f6e802000-7f0f6e803000 r--p 00009000 fe:01 167439                     /usr/lib64/libXcursor.so.1.0.2
7f0f6e803000-7f0f6e804000 rw-p 0000a000 fe:01 167439                     /usr/lib64/libXcursor.so.1.0.2
7f0f6e804000-7f0f6e80e000 r-xp 00000000 fe:01 167398                     /usr/lib64/libXrandr.so.2.2.0
7f0f6e80e000-7f0f6ea0d000 ---p 0000a000 fe:01 167398                     /usr/lib64/libXrandr.so.2.2.0
7f0f6ea0d000-7f0f6ea0e000 r--p 00009000 fe:01 167398                     /usr/lib64/libXrandr.so.2.2.0
7f0f6ea0e000-7f0f6ea0f000 rw-p 0000a000 fe:01 167398                     /usr/lib64/libXrandr.so.2.2.0
7f0f6ea0f000-7f0f6ea1e000 r-xp 00000000 fe:01 168023                     /usr/lib64/libXi.so.6.1.0
7f0f6ea1e000-7f0f6ec1d000 ---p 0000f000 fe:01 168023                     /usr/lib64/libXi.so.6.1.0
7f0f6ec1d000-7f0f6ec1e000 r--p 0000e000 fe:01 168023                     /usr/lib64/libXi.so.6.1.0
7f0f6ec1e000-7f0f6ec1f000 rw-p 0000f000 fe:01 168023                     /usr/lib64/libXi.so.6.1.0
7f0f6ec1f000-7f0f6ec28000 r-xp 00000000 fe:01 167246                     /usr/lib64/libXrender.so.1.3.0
7f0f6ec28000-7f0f6ee27000 ---p 00009000 fe:01 167246                     /usr/lib64/libXrender.so.1.3.0
7f0f6ee27000-7f0f6ee28000 r--p 00008000 fe:01 167246                     /usr/lib64/libXrender.so.1.3.0
7f0f6ee28000-7f0f6ee29000 rw-p 00009000 fe:01 167246                     /usr/lib64/libXrender.so.1.3.0
7f0f6ee29000-7f0f6ee2e000 r-xp 00000000 fe:01 167055                     /usr/lib64/libXfixes.so.3.1.0
7f0f6ee2e000-7f0f6f02d000 ---p 00005000 fe:01 167055                     /usr/lib64/libXfixes.so.3.1.0
7f0f6f02d000-7f0f6f02e000 r--p 00004000 fe:01 167055                     /usr/lib64/libXfixes.so.3.1.0
7f0f6f02e000-7f0f6f02f000 rw-p 00005000 fe:01 167055                     /usr/lib64/libXfixes.so.3.1.0
7f0f6f02f000-7f0f6f044000 r-xp 00000000 fe:01 795847                     /usr/lib64/gcc/x86_64-pc-linux-gnu/6.4.0/libgcc_s.so.1
7f0f6f044000-7f0f6f243000 ---p 00015000 fe:01 795847                     /usr/lib64/gcc/x86_64-pc-linux-gnu/6.4.0/libgcc_s.so.1
7f0f6f243000-7f0f6f244000 r--p 00014000 fe:01 795847                     /usr/lib64/gcc/x86_64-pc-linux-gnu/6.4.0/libgcc_s.so.1
7f0f6f244000-7f0f6f245000 rw-p 00015000 fe:01 795847                     /usr/lib64/gcc/x86_64-pc-linux-gnu/6.4.0/libgcc_s.so.1
7f0f6f245000-7f0f6f431000 r-xp 00000000 fe:01 796245                     /usr/lib64/gcc/x86_64-pc-linux-gnu/6.4.0/libstdc++.so.6.0.22
7f0f6f431000-7f0f6f630000 ---p 001ec000 fe:01 796245                     /usr/lib64/gcc/x86_64-pc-linux-gnu/6.4.0/libstdc++.so.6.0.22
7f0f6f630000-7f0f6f63d000 r--p 001eb000 fe:01 796245                     /usr/lib64/gcc/x86_64-pc-linux-gnu/6.4.0/libstdc++.so.6.0.22
7f0f6f63d000-7f0f6f641000 rw-p 001f8000 fe:01 796245                     /usr/lib64/gcc/x86_64-pc-linux-gnu/6.4.0/libstdc++.so.6.0.22
7f0f6f641000-7f0f6f644000 rw-p 00000000 00:00 0 
7f0f6f644000-7f0f6f6b3000 r-xp 00000000 fe:01 791548                     /usr/lib64/libGL.so.1.2.0
7f0f6f6b3000-7f0f6f8b2000 ---p 0006f000 fe:01 791548                     /usr/lib64/libGL.so.1.2.0
7f0f6f8b2000-7f0f6f8b5000 r--p 0006e000 fe:01 791548                     /usr/lib64/libGL.so.1.2.0
7f0f6f8b5000-7f0f6f8b6000 rw-p 00071000 fe:01 791548                     /usr/lib64/libGL.so.1.2.0
7f0f6f8b6000-7f0f6f8b7000 rw-p 00000000 00:00 0 
7f0f6f8b7000-7f0f6f8bc000 r-xp 00000000 fe:01 167540                     /usr/lib64/libXxf86vm.so.1.0.0
7f0f6f8bc000-7f0f6fabb000 ---p 00005000 fe:01 167540                     /usr/lib64/libXxf86vm.so.1.0.0
7f0f6fabb000-7f0f6fabc000 r--p 00004000 fe:01 167540                     /usr/lib64/libXxf86vm.so.1.0.0
7f0f6fabc000-7f0f6fabd000 rw-p 00005000 fe:01 167540                     /usr/lib64/libXxf86vm.so.1.0.0
7f0f6fabd000-7f0f6fbf4000 r-xp 00000000 fe:01 53971                      /usr/lib64/libX11.so.6.3.0
7f0f6fbf4000-7f0f6fdf4000 ---p 00137000 fe:01 53971                      /usr/lib64/libX11.so.6.3.0
7f0f6fdf4000-7f0f6fdf5000 r--p 00137000 fe:01 53971                      /usr/lib64/libX11.so.6.3.0
7f0f6fdf5000-7f0f6fdfa000 rw-p 00138000 fe:01 53971                      /usr/lib64/libX11.so.6.3.0
7f0f6fdfa000-7f0f6fdff000 r-xp 00000000 fe:01 706443                     /usr/lib64/libXtst.so.6.1.0
7f0f6fdff000-7f0f6fffe000 ---p 00005000 fe:01 706443                     /usr/lib64/libXtst.so.6.1.0
7f0f6fffe000-7f0f6ffff000 r--p 00004000 fe:01 706443                     /usr/lib64/libXtst.so.6.1.0
7f0f6ffff000-7f0f70000000 rw-p 00005000 fe:01 706443                     /usr/lib64/libXtst.so.6.1.0
7f0f70000000-7f0f70021000 rw-p 00000000 00:00 0 
7f0f70021000-7f0f74000000 ---p 00000000 00:00 0 
7f0f74000000-7f0f74003000 ---p 00000000 00:00 0 
7f0f74003000-7f0f74101000 rw-p 00000000 00:00 0 
7f0f74101000-7f0f74212000 r-xp 00000000 fe:01 1073213                    /usr/lib64/libglib-2.0.so.0.5200.3
7f0f74212000-7f0f74411000 ---p 00111000 fe:01 1073213                    /usr/lib64/libglib-2.0.so.0.5200.3
7f0f74411000-7f0f74412000 r--p 00110000 fe:01 1073213                    /usr/lib64/libglib-2.0.so.0.5200.3
7f0f74412000-7f0f74413000 rw-p 00111000 fe:01 1073213                    /usr/lib64/libglib-2.0.so.0.5200.3
7f0f74413000-7f0f74414000 rw-p 00000000 00:00 0 
7f0f74414000-7f0f74415000 r-xp 00000000 fe:01 1073304                    /usr/lib64/libgthread-2.0.so.0.5200.3
7f0f74415000-7f0f74614000 ---p 00001000 fe:01 1073304                    /usr/lib64/libgthread-2.0.so.0.5200.3
7f0f74614000-7f0f74615000 r--p 00000000 fe:01 1073304                    /usr/lib64/libgthread-2.0.so.0.5200.3
7f0f74615000-7f0f74616000 rw-p 00001000 fe:01 1073304                    /usr/lib64/libgthread-2.0.so.0.5200.3
7f0f74616000-7f0f74619000 r-xp 00000000 fe:01 1073219                    /usr/lib64/libgmodule-2.0.so.0.5200.3
7f0f74619000-7f0f74818000 ---p 00003000 fe:01 1073219                    /usr/lib64/libgmodule-2.0.so.0.5200.3
7f0f74818000-7f0f74819000 r--p 00002000 fe:01 1073219                    /usr/lib64/libgmodule-2.0.so.0.5200.3
7f0f74819000-7f0f7481a000 rw-p 00003000 fe:01 1073219                    /usr/lib64/libgmodule-2.0.so.0.5200.3
7f0f7481a000-7f0f7486c000 r-xp 00000000 fe:01 1073305                    /usr/lib64/libgobject-2.0.so.0.5200.3
7f0f7486c000-7f0f74a6b000 ---p 00052000 fe:01 1073305                    /usr/lib64/libgobject-2.0.so.0.5200.3
7f0f74a6b000-7f0f74a6c000 r--p 00051000 fe:01 1073305                    /usr/lib64/libgobject-2.0.so.0.5200.3
7f0f74a6c000-7f0f74a6d000 rw-p 00052000 fe:01 1073305                    /usr/lib64/libgobject-2.0.so.0.5200.3
7f0f74a6d000-7f0f74aac000 r-xp 00000000 fe:01 841248                     /usr/lib64/libfontconfig.so.1.10.1
7f0f74aac000-7f0f74cab000 ---p 0003f000 fe:01 841248                     /usr/lib64/libfontconfig.so.1.10.1
7f0f74cab000-7f0f74cad000 r--p 0003e000 fe:01 841248                     /usr/lib64/libfontconfig.so.1.10.1
7f0f74cad000-7f0f74cb2000 rw-p 00040000 fe:01 841248                     /usr/lib64/libfontconfig.so.1.10.1
7f0f74cb2000-7f0f74d6f000 r-xp 00000000 fe:01 166697                     /usr/lib64/libfreetype.so.6.14.0
7f0f74d6f000-7f0f74f6f000 ---p 000bd000 fe:01 166697                     /usr/lib64/libfreetype.so.6.14.0
7f0f74f6f000-7f0f74f76000 r--p 000bd000 fe:01 166697                     /usr/lib64/libfreetype.so.6.14.0
7f0f74f76000-7f0f74f77000 rw-p 000c4000 fe:01 166697                     /usr/lib64/libfreetype.so.6.14.0
7f0f74f77000-7f0f74fc2000 r-xp 00000000 fe:01 848061                     /usr/lib64/libpango-1.0.so.0.4000.14
7f0f74fc2000-7f0f751c2000 ---p 0004b000 fe:01 848061                     /usr/lib64/libpango-1.0.so.0.4000.14
7f0f751c2000-7f0f751c4000 r--p 0004b000 fe:01 848061                     /usr/lib64/libpango-1.0.so.0.4000.14
7f0f751c4000-7f0f751c5000 rw-p 0004d000 fe:01 848061                     /usr/lib64/libpango-1.0.so.0.4000.14
7f0f751c5000-7f0f752e8000 r-xp 00000000 fe:01 776088                     /usr/lib64/libcairo.so.2.11400.12
7f0f752e8000-7f0f754e7000 ---p 00123000 fe:01 776088                     /usr/lib64/libcairo.so.2.11400.12
7f0f754e7000-7f0f754ea000 r--p 00122000 fe:01 776088                     /usr/lib64/libcairo.so.2.11400.12
7f0f754ea000-7f0f754ec000 rw-p 00125000 fe:01 776088                     /usr/lib64/libcairo.so.2.11400.12
7f0f754ec000-7f0f754ed000 rw-p 00000000 00:00 0 
7f0f754ed000-7f0f754f9000 r-xp 00000000 fe:01 848062                     /usr/lib64/libpangocairo-1.0.so.0.4000.14
7f0f754f9000-7f0f756f8000 ---p 0000c000 fe:01 848062                     /usr/lib64/libpangocairo-1.0.so.0.4000.14
7f0f756f8000-7f0f756f9000 r--p 0000b000 fe:01 848062                     /usr/lib64/libpangocairo-1.0.so.0.4000.14
7f0f756f9000-7f0f756fa000 rw-p 0000c000 fe:01 848062                     /usr/lib64/libpangocairo-1.0.so.0.4000.14
7f0f756fa000-7f0f7571d000 r-xp 00000000 fe:01 657025                     /usr/lib64/libgdk_pixbuf-2.0.so.0.3611.0
7f0f7571d000-7f0f7591c000 ---p 00023000 fe:01 657025                     /usr/lib64/libgdk_pixbuf-2.0.so.0.3611.0
7f0f7591c000-7f0f7591d000 r--p 00022000 fe:01 657025                     /usr/lib64/libgdk_pixbuf-2.0.so.0.3611.0
7f0f7591d000-7f0f7591e000 rw-p 00023000 fe:01 657025                     /usr/lib64/libgdk_pixbuf-2.0.so.0.3611.0
7f0f7591e000-7f0f75932000 r-xp 00000000 fe:01 848051                     /usr/lib64/libpangoft2-1.0.so.0.4000.14
7f0f75932000-7f0f75b31000 ---p 00014000 fe:01 848051                     /usr/lib64/libpangoft2-1.0.so.0.4000.14
7f0f75b31000-7f0f75b32000 r--p 00013000 fe:01 848051                     /usr/lib64/libpangoft2-1.0.so.0.4000.14
7f0f75b32000-7f0f75b33000 rw-p 00014000 fe:01 848051                     /usr/lib64/libpangoft2-1.0.so.0.4000.14
7f0f75b33000-7f0f75cc3000 r-xp 00000000 fe:01 1073306                    /usr/lib64/libgio-2.0.so.0.5200.3
7f0f75cc3000-7f0f75ec3000 ---p 00190000 fe:01 1073306                    /usr/lib64/libgio-2.0.so.0.5200.3
7f0f75ec3000-7f0f75ec8000 r--p 00190000 fe:01 1073306                    /usr/lib64/libgio-2.0.so.0.5200.3
7f0f75ec8000-7f0f75eca000 rw-p 00195000 fe:01 1073306                    /usr/lib64/libgio-2.0.so.0.5200.3
7f0f75eca000-7f0f75ecc000 rw-p 00000000 00:00 0 
7f0f75ecc000-7f0f75eef000 r-xp 00000000 fe:01 751145                     /usr/lib64/libatk-1.0.so.0.22409.1
7f0f75eef000-7f0f760ee000 ---p 00023000 fe:01 751145                     /usr/lib64/libatk-1.0.so.0.22409.1
7f0f760ee000-7f0f760f1000 r--p 00022000 fe:01 751145                     /usr/lib64/libatk-1.0.so.0.22409.1
7f0f760f1000-7f0f760f2000 rw-p 00025000 fe:01 751145                     /usr/lib64/libatk-1.0.so.0.22409.1
7f0f760f2000-7f0f761a2000 r-xp 00000000 fe:01 139436                     /usr/lib64/libgdk-x11-2.0.so.0.2400.31
7f0f761a2000-7f0f763a1000 ---p 000b0000 fe:01 139436                     /usr/lib64/libgdk-x11-2.0.so.0.2400.31
7f0f763a1000-7f0f763a5000 r--p 000af000 fe:01 139436                     /usr/lib64/libgdk-x11-2.0.so.0.2400.31
7f0f763a5000-7f0f763a7000 rw-p 000b3000 fe:01 139436                     /usr/lib64/libgdk-x11-2.0.so.0.2400.31
7f0f763a7000-7f0f767d9000 r-xp 00000000 fe:01 139437                     /usr/lib64/libgtk-x11-2.0.so.0.2400.31
7f0f767d9000-7f0f769d8000 ---p 00432000 fe:01 139437                     /usr/lib64/libgtk-x11-2.0.so.0.2400.31
7f0f769d8000-7f0f769df000 r--p 00431000 fe:01 139437                     /usr/lib64/libgtk-x11-2.0.so.0.2400.31
7f0f769df000-7f0f769e3000 rw-p 00438000 fe:01 139437                     /usr/lib64/libgtk-x11-2.0.so.0.2400.31
7f0f769e3000-7f0f769e6000 rw-p 00000000 00:00 0 
7f0f769e6000-7f0f769f2000 r--s 00000000 fe:01 695167                     /var/cache/fontconfig/a0663135713e7191a842fe22e0157189-le64.cache-7
7f0f769f2000-7f0f769f3000 r--s 00000000 fe:01 695166                     /var/cache/fontconfig/25555864a5ce4c4354a06a3e87d97c32-le64.cache-7
7f0f769f3000-7f0f769f4000 r--s 00000000 fe:01 695163                     /var/cache/fontconfig/e7ea9e40c2cc607a8d34d89a9fc88e57-le64.cache-7
7f0f769f4000-7f0f769f6000 r--s 00000000 fe:01 695161                     /var/cache/fontconfig/19fedb3e2210915f7a739b6fd7a52ad4-le64.cache-7
7f0f769f6000-7f0f769f9000 r--s 00000000 fe:01 695160                     /var/cache/fontconfig/019629eead7fd8624feacc17e1c76e56-le64.cache-7
7f0f769f9000-7f0f76a04000 r--s 00000000 fe:01 695157                     /var/cache/fontconfig/12b26b760a24f8b4feb03ad48a333a72-le64.cache-7
7f0f76a04000-7f0f76a09000 r--s 00000000 fe:01 695152                     /var/cache/fontconfig/1649608eb9b8f94c6b3224be69857e3b-le64.cache-7
7f0f76a09000-7f0f76a0b000 r--s 00000000 fe:01 695150                     /var/cache/fontconfig/6ba42ae0000f58711b5caaf10d690066-le64.cache-7
7f0f76a0b000-7f0f76a0f000 r--s 00000000 fe:01 695149                     /var/cache/fontconfig/f6b893a7224233d96cb72fd88691c0b4-le64.cache-7
7f0f76a0f000-7f0f76a18000 r--s 00000000 fe:01 695146                     /var/cache/fontconfig/df311e82a1a24c41a75c2c930223552e-le64.cache-7
7f0f76a18000-7f0f76a1d000 rw-s 00000000 00:05 5364283                    /drm mm object (deleted)
7f0f76a1d000-7f0f76a29000 r-xp 00000000 fe:01 940511                     /opt/oracle-jdk-bin-1.8.0.162/jre/lib/amd64/libprism_es2.so
7f0f76a29000-7f0f76c28000 ---p 0000c000 fe:01 940511                     /opt/oracle-jdk-bin-1.8.0.162/jre/lib/amd64/libprism_es2.so
7f0f76c28000-7f0f76c29000 rw-p 0000b000 fe:01 940511                     /opt/oracle-jdk-bin-1.8.0.162/jre/lib/amd64/libprism_es2.so
7f0f76c29000-7f0f76c2c000 ---p 00000000 00:00 0 
7f0f76c2c000-7f0f76d2a000 rw-p 00000000 00:00 0 
7f0f76d2a000-7f0f76d58000 r--s 00475000 fe:02 11665602                   /home/aesophor/Code/Java/NetBeansProjects/Hacklympics/Hacklympics/libs/terminalfx-1.0.5.jar
7f0f76d58000-7f0f76dee000 r--s 0110a000 fe:01 939165                     /opt/oracle-jdk-bin-1.8.0.162/jre/lib/ext/jfxrt.jar
7f0f76dee000-7f0f76def000 ---p 00000000 00:00 0 
7f0f76def000-7f0f76eef000 rw-p 00000000 00:00 0 
7f0f76eef000-7f0f76ef2000 ---p 00000000 00:00 0 
7f0f76ef2000-7f0f76ff0000 rw-p 00000000 00:00 0 
7f0f76ff0000-7f0f76ff3000 ---p 00000000 00:00 0 
7f0f76ff3000-7f0f770f1000 rw-p 00000000 00:00 0 
7f0f770f1000-7f0f770f4000 ---p 00000000 00:00 0 
7f0f770f4000-7f0f771f2000 rw-p 00000000 00:00 0 
7f0f771f2000-7f0f771f5000 ---p 00000000 00:00 0 
7f0f771f5000-7f0f772f3000 rw-p 00000000 00:00 0 
7f0f772f3000-7f0f772f6000 ---p 00000000 00:00 0 
7f0f772f6000-7f0f773f4000 rw-p 00000000 00:00 0 
7f0f773f4000-7f0f773f7000 ---p 00000000 00:00 0 
7f0f773f7000-7f0f774f5000 rw-p 00000000 00:00 0 
7f0f774f5000-7f0f774f8000 ---p 00000000 00:00 0 
7f0f774f8000-7f0f775f6000 rw-p 00000000 00:00 0 
7f0f775f6000-7f0f775f9000 ---p 00000000 00:00 0 
7f0f775f9000-7f0f776f7000 rw-p 00000000 00:00 0 
7f0f776f7000-7f0f776f8000 ---p 00000000 00:00 0 
7f0f776f8000-7f0f78000000 rw-p 00000000 00:00 0 
7f0f78000000-7f0f78021000 rw-p 00000000 00:00 0 
7f0f78021000-7f0f7c000000 ---p 00000000 00:00 0 
7f0f7c000000-7f0f7c021000 rw-p 00000000 00:00 0 
7f0f7c021000-7f0f80000000 ---p 00000000 00:00 0 
7f0f80000000-7f0f80021000 rw-p 00000000 00:00 0 
7f0f80021000-7f0f84000000 ---p 00000000 00:00 0 
7f0f84000000-7f0f84021000 rw-p 00000000 00:00 0 
7f0f84021000-7f0f88000000 ---p 00000000 00:00 0 
7f0f88000000-7f0f88001000 r--s 00000000 fe:01 695151                     /var/cache/fontconfig/82f0ed23f50806d756be74166fc21c9c-le64.cache-7
7f0f88001000-7f0f88005000 rw-s 00000000 00:05 5364275                    /drm mm object (deleted)
7f0f88005000-7f0f8800a000 rw-s 00000000 00:05 5364271                    /drm mm object (deleted)
7f0f8800a000-7f0f8800f000 rw-s 00000000 00:05 5360106                    /drm mm object (deleted)
7f0f8800f000-7f0f88024000 r--s 00237000 fe:02 11665599                   /home/aesophor/Code/Java/NetBeansProjects/Hacklympics/Hacklympics/libs/jfoenix-8.0.1.jar
7f0f88024000-7f0f8948e000 rw-p 00000000 00:00 0 
7f0f8948e000-7f0f89668000 r--s 03d64000 fe:01 940577                     /opt/oracle-jdk-bin-1.8.0.162/jre/lib/rt.jar
7f0f89668000-7f0f8a6a6000 rw-p 00000000 00:00 0 
7f0f8a6a6000-7f0f8a6a7000 ---p 00000000 00:00 0 
7f0f8a6a7000-7f0f8a7a7000 rw-p 00000000 00:00 0 
7f0f8a7a7000-7f0f8a7a8000 ---p 00000000 00:00 0 
7f0f8a7a8000-7f0f8a8a8000 rw-p 00000000 00:00 0 
7f0f8a8a8000-7f0f8a8a9000 ---p 00000000 00:00 0 
7f0f8a8a9000-7f0f8a9a9000 rw-p 00000000 00:00 0 
7f0f8a9a9000-7f0f8a9aa000 ---p 00000000 00:00 0 
7f0f8a9aa000-7f0f8aaaa000 rw-p 00000000 00:00 0 
7f0f8aaaa000-7f0f8aaab000 ---p 00000000 00:00 0 
7f0f8aaab000-7f0f8abab000 rw-p 00000000 00:00 0 
7f0f8abab000-7f0f8abac000 ---p 00000000 00:00 0 
7f0f8abac000-7f0f8acac000 rw-p 00000000 00:00 0 
7f0f8acac000-7f0f8acad000 ---p 00000000 00:00 0 
7f0f8acad000-7f0f8adad000 rw-p 00000000 00:00 0 
7f0f8adad000-7f0f8adae000 ---p 00000000 00:00 0 
7f0f8adae000-7f0f8aeec000 rw-p 00000000 00:00 0 
7f0f8aeec000-7f0f8b3de000 ---p 00000000 00:00 0 
7f0f8b3de000-7f0f8b41c000 rw-p 00000000 00:00 0 
7f0f8b41c000-7f0f8b90e000 ---p 00000000 00:00 0 
7f0f8b90e000-7f0f8b938000 rw-p 00000000 00:00 0 
7f0f8b938000-7f0f8bba6000 ---p 00000000 00:00 0 
7f0f8bba6000-7f0f8bbcd000 rw-p 00000000 00:00 0 
7f0f8bbcd000-7f0f8bf67000 ---p 00000000 00:00 0 
7f0f8bf67000-7f0f8c8c7000 rwxp 00000000 00:00 0 
7f0f8c8c7000-7f0f9af67000 ---p 00000000 00:00 0 
7f0f9af67000-7f0f9af82000 r-xp 00000000 fe:01 940492                     /opt/oracle-jdk-bin-1.8.0.162/jre/lib/amd64/libzip.so
7f0f9af82000-7f0f9b182000 ---p 0001b000 fe:01 940492                     /opt/oracle-jdk-bin-1.8.0.162/jre/lib/amd64/libzip.so
7f0f9b182000-7f0f9b183000 rw-p 0001b000 fe:01 940492                     /opt/oracle-jdk-bin-1.8.0.162/jre/lib/amd64/libzip.so
7f0f9b183000-7f0f9b18e000 r-xp 00000000 fe:01 417840                     /lib64/libnss_files-2.25.so
7f0f9b18e000-7f0f9b38d000 ---p 0000b000 fe:01 417840                     /lib64/libnss_files-2.25.so
7f0f9b38d000-7f0f9b38e000 r--p 0000a000 fe:01 417840                     /lib64/libnss_files-2.25.so
7f0f9b38e000-7f0f9b38f000 rw-p 0000b000 fe:01 417840                     /lib64/libnss_files-2.25.so
7f0f9b38f000-7f0f9b39a000 r-xp 00000000 fe:01 417845                     /lib64/libnss_nis-2.25.so
7f0f9b39a000-7f0f9b599000 ---p 0000b000 fe:01 417845                     /lib64/libnss_nis-2.25.so
7f0f9b599000-7f0f9b59a000 r--p 0000a000 fe:01 417845                     /lib64/libnss_nis-2.25.so
7f0f9b59a000-7f0f9b59b000 rw-p 0000b000 fe:01 417845                     /lib64/libnss_nis-2.25.so
7f0f9b59b000-7f0f9b5b1000 r-xp 00000000 fe:01 417819                     /lib64/libnsl-2.25.so
7f0f9b5b1000-7f0f9b7b0000 ---p 00016000 fe:01 417819                     /lib64/libnsl-2.25.so
7f0f9b7b0000-7f0f9b7b1000 r--p 00015000 fe:01 417819                     /lib64/libnsl-2.25.so
7f0f9b7b1000-7f0f9b7b2000 rw-p 00016000 fe:01 417819                     /lib64/libnsl-2.25.so
7f0f9b7b2000-7f0f9b7b4000 rw-p 00000000 00:00 0 
7f0f9b7b4000-7f0f9b7bb000 r-xp 00000000 fe:01 417831                     /lib64/libnss_compat-2.25.so
7f0f9b7bb000-7f0f9b9bb000 ---p 00007000 fe:01 417831                     /lib64/libnss_compat-2.25.so
7f0f9b9bb000-7f0f9b9bc000 r--p 00007000 fe:01 417831                     /lib64/libnss_compat-2.25.so
7f0f9b9bc000-7f0f9b9bd000 rw-p 00008000 fe:01 417831                     /lib64/libnss_compat-2.25.so
7f0f9b9bd000-7f0f9b9e8000 r-xp 00000000 fe:01 940450                     /opt/oracle-jdk-bin-1.8.0.162/jre/lib/amd64/libjava.so
7f0f9b9e8000-7f0f9bbe7000 ---p 0002b000 fe:01 940450                     /opt/oracle-jdk-bin-1.8.0.162/jre/lib/amd64/libjava.so
7f0f9bbe7000-7f0f9bbe9000 rw-p 0002a000 fe:01 940450                     /opt/oracle-jdk-bin-1.8.0.162/jre/lib/amd64/libjava.so
7f0f9bbe9000-7f0f9bbf6000 r-xp 00000000 fe:01 940489                     /opt/oracle-jdk-bin-1.8.0.162/jre/lib/amd64/libverify.so
7f0f9bbf6000-7f0f9bdf6000 ---p 0000d000 fe:01 940489                     /opt/oracle-jdk-bin-1.8.0.162/jre/lib/amd64/libverify.so
7f0f9bdf6000-7f0f9bdf8000 rw-p 0000d000 fe:01 940489                     /opt/oracle-jdk-bin-1.8.0.162/jre/lib/amd64/libverify.so
7f0f9bdf8000-7f0f9bdff000 r-xp 00000000 fe:01 417810                     /lib64/librt-2.25.so
7f0f9bdff000-7f0f9bffe000 ---p 00007000 fe:01 417810                     /lib64/librt-2.25.so
7f0f9bffe000-7f0f9bfff000 r--p 00006000 fe:01 417810                     /lib64/librt-2.25.so
7f0f9bfff000-7f0f9c000000 rw-p 00007000 fe:01 417810                     /lib64/librt-2.25.so
7f0f9c000000-7f0f9c49f000 rw-p 00000000 00:00 0 
7f0f9c49f000-7f0fa0000000 ---p 00000000 00:00 0 
7f0fa0000000-7f0fa0022000 rw-p 00000000 00:00 0 
7f0fa0022000-7f0fa0128000 r-xp 00000000 fe:01 417833                     /lib64/libm-2.25.so
7f0fa0128000-7f0fa0328000 ---p 00106000 fe:01 417833                     /lib64/libm-2.25.so
7f0fa0328000-7f0fa0329000 r--p 00106000 fe:01 417833                     /lib64/libm-2.25.so
7f0fa0329000-7f0fa032a000 rw-p 00107000 fe:01 417833                     /lib64/libm-2.25.so
7f0fa032a000-7f0fa1003000 r-xp 00000000 fe:01 940375                     /opt/oracle-jdk-bin-1.8.0.162/jre/lib/amd64/server/libjvm.so
7f0fa1003000-7f0fa1202000 ---p 00cd9000 fe:01 940375                     /opt/oracle-jdk-bin-1.8.0.162/jre/lib/amd64/server/libjvm.so
7f0fa1202000-7f0fa12dc000 rw-p 00cd8000 fe:01 940375                     /opt/oracle-jdk-bin-1.8.0.162/jre/lib/amd64/server/libjvm.so
7f0fa12dc000-7f0fa1327000 rw-p 00000000 00:00 0 
7f0fa1327000-7f0fa14cd000 r-xp 00000000 fe:01 417825                     /lib64/libc-2.25.so
7f0fa14cd000-7f0fa16cc000 ---p 001a6000 fe:01 417825                     /lib64/libc-2.25.so
7f0fa16cc000-7f0fa16d0000 r--p 001a5000 fe:01 417825                     /lib64/libc-2.25.so
7f0fa16d0000-7f0fa16d2000 rw-p 001a9000 fe:01 417825                     /lib64/libc-2.25.so
7f0fa16d2000-7f0fa16d6000 rw-p 00000000 00:00 0 
7f0fa16d6000-7f0fa16d9000 r-xp 00000000 fe:01 417834                     /lib64/libdl-2.25.so
7f0fa16d9000-7f0fa18d8000 ---p 00003000 fe:01 417834                     /lib64/libdl-2.25.so
7f0fa18d8000-7f0fa18d9000 r--p 00002000 fe:01 417834                     /lib64/libdl-2.25.so
7f0fa18d9000-7f0fa18da000 rw-p 00003000 fe:01 417834                     /lib64/libdl-2.25.so
7f0fa18da000-7f0fa18f0000 r-xp 00000000 fe:01 951919                     /opt/oracle-jdk-bin-1.8.0.162/lib/amd64/jli/libjli.so
7f0fa18f0000-7f0fa1aef000 ---p 00016000 fe:01 951919                     /opt/oracle-jdk-bin-1.8.0.162/lib/amd64/jli/libjli.so
7f0fa1aef000-7f0fa1af0000 rw-p 00015000 fe:01 951919                     /opt/oracle-jdk-bin-1.8.0.162/lib/amd64/jli/libjli.so
7f0fa1af0000-7f0fa1b0a000 r-xp 00000000 fe:01 417822                     /lib64/libpthread-2.25.so
7f0fa1b0a000-7f0fa1d0a000 ---p 0001a000 fe:01 417822                     /lib64/libpthread-2.25.so
7f0fa1d0a000-7f0fa1d0b000 r--p 0001a000 fe:01 417822                     /lib64/libpthread-2.25.so
7f0fa1d0b000-7f0fa1d0c000 rw-p 0001b000 fe:01 417822                     /lib64/libpthread-2.25.so
7f0fa1d0c000-7f0fa1d10000 rw-p 00000000 00:00 0 
7f0fa1d10000-7f0fa1d33000 r-xp 00000000 fe:01 417836                     /lib64/ld-2.25.so
7f0fa1d33000-7f0fa1d37000 rw-s 00000000 00:05 5364284                    /drm mm object (deleted)
7f0fa1d37000-7f0fa1d45000 r--s 000bf000 fe:02 1048679                    /home/aesophor/Code/Java/NetBeansProjects/Hacklympics/Hacklympics/libs/richtextfx-fat-0.9.0.jar
7f0fa1d45000-7f0fa1d47000 r--s 0008a000 fe:02 11666047                   /home/aesophor/Code/Java/NetBeansProjects/Hacklympics/Hacklympics/libs/fontawesomefx-8.9.jar
7f0fa1d47000-7f0fa1d48000 r--s 00014000 fe:02 11666046                   /home/aesophor/Code/Java/NetBeansProjects/Hacklympics/Hacklympics/libs/okio-1.14.0.jar
7f0fa1d48000-7f0fa1d4d000 r--s 00060000 fe:02 11665724                   /home/aesophor/Code/Java/NetBeansProjects/Hacklympics/Hacklympics/libs/okhttp-3.10.0.jar
7f0fa1d4d000-7f0fa1df6000 rw-p 00000000 00:00 0 
7f0fa1df6000-7f0fa1df9000 ---p 00000000 00:00 0 
7f0fa1df9000-7f0fa1ef9000 rw-p 00000000 00:00 0 
7f0fa1ef9000-7f0fa1efe000 r--s 00034000 fe:02 11665721                   /home/aesophor/Code/Java/NetBeansProjects/Hacklympics/Hacklympics/libs/gson-2.8.2.jar
7f0fa1efe000-7f0fa1f26000 rw-p 00000000 00:00 0 
7f0fa1f26000-7f0fa1f2e000 rw-s 00000000 00:24 5359137                    /tmp/hsperfdata_aesophor/22175
7f0fa1f2e000-7f0fa1f2f000 rw-p 00000000 00:00 0 
7f0fa1f2f000-7f0fa1f30000 r--p 00000000 00:00 0 
7f0fa1f30000-7f0fa1f32000 rw-p 00000000 00:00 0 
7f0fa1f32000-7f0fa1f33000 r--p 00022000 fe:01 417836                     /lib64/ld-2.25.so
7f0fa1f33000-7f0fa1f34000 rw-p 00023000 fe:01 417836                     /lib64/ld-2.25.so
7f0fa1f34000-7f0fa1f35000 rw-p 00000000 00:00 0 
7ffee229b000-7ffee22bd000 rw-p 00000000 00:00 0                          [stack]
7ffee22c5000-7ffee22c7000 r--p 00000000 00:00 0                          [vvar]
7ffee22c7000-7ffee22c9000 r-xp 00000000 00:00 0                          [vdso]
ffffffffff600000-ffffffffff601000 r-xp 00000000 00:00 0                  [vsyscall]

VM Arguments:
jvm_args: -Dfile.encoding=UTF-8 
java_command: hacklympics.login.Main
java_class_path (initial): /home/aesophor/Code/Java/NetBeansProjects/Hacklympics/HacklympicsAPI/build/classes:/home/aesophor/Code/Java/NetBeansProjects/Hacklympics/Hacklympics/libs/gson-2.8.2.jar:/home/aesophor/Code/Java/NetBeansProjects/Hacklympics/Hacklympics/libs/okhttp-3.10.0.jar:/home/aesophor/Code/Java/NetBeansProjects/Hacklympics/Hacklympics/libs/okio-1.14.0.jar:/home/aesophor/Code/Java/NetBeansProjects/Hacklympics/Hacklympics/libs/jfoenix-8.0.1.jar:/home/aesophor/Code/Java/NetBeansProjects/Hacklympics/Hacklympics/libs/fontawesomefx-8.9.jar:/home/aesophor/Code/Java/NetBeansProjects/Hacklympics/Hacklympics/libs/terminalfx-1.0.5.jar:/home/aesophor/Code/Java/NetBeansProjects/Hacklympics/Hacklympics/libs/richtextfx-fat-0.9.0.jar:/home/aesophor/Code/Java/NetBeansProjects/Hacklympics/Hacklympics/build/classes
Launcher Type: SUN_STANDARD

Environment Variables:
JAVA_HOME=/etc/java-config-2/current-system-vm
PATH=/usr/x86_64-pc-linux-gnu/gcc-bin/6.4.0:/usr/lib/llvm/5/bin:/usr/local/bin:/usr/bin:/bin:/opt/bin:/home/aesophor/.local/bin/games:/home/aesophor/.local/bin/__pycache__:/home/aesophor/.local/bin/scripts:/home/aesophor/.local/bin/software:/home/aesophor/.local/bin/pip3.5:/home/aesophor/.local/bin/asm:/home/aesophor/.local/bin/bdflib-embolden:/home/aesophor/.local/bin/bdflib-fill:/home/aesophor/.local/bin/bdflib-merge:/home/aesophor/.local/bin/bdflib-passthrough:/home/aesophor/.local/bin/checksec:/home/aesophor/.local/bin/common:/home/aesophor/.local/bin/constgrep:/home/aesophor/.local/bin/cyclic:/home/aesophor/.local/bin/disasm:/home/aesophor/.local/bin/elfdiff:/home/aesophor/.local/bin/elfpatch:/home/aesophor/.local/bin/errno:/home/aesophor/.local/bin/hex:/home/aesophor/.local/bin/mako-render:/home/aesophor/.local/bin/phd:/home/aesophor/.local/bin/pip:/home/aesophor/.local/bin/pip3:/home/aesophor/.local/bin/pwnstrip:/home/aesophor/.local/bin/ROPgadget:/home/aesophor/.local/bin/scramble:/home/aesophor/.local/bin/shellcraft:/home/aesophor/.local/bin/tox:/home/aesophor/.local/bin/tox-quickstart:/home/aesophor/.local/bin/unhex:/home/aesophor/.local/bin/virtualenv:/home/aesophor/.local/bin/wheel:/home/aesophor/.local/bin/miniterm.py:/home/aesophor/.local/bin/miniterm.pyc
LD_LIBRARY_PATH=/opt/oracle-jdk-bin-1.8.0.162/jre/lib/amd64:/opt/oracle-jdk-bin-1.8.0.162/jre/lib/i386:
SHELL=/bin/zsh
DISPLAY=:0

Signal Handlers:
SIGSEGV: [libjvm.so+0xad03c0], sa_mask[0]=11111111011111111101111111111110, sa_flags=SA_RESTART|SA_SIGINFO
SIGBUS: [libjvm.so+0xad03c0], sa_mask[0]=11111111011111111101111111111110, sa_flags=SA_RESTART|SA_SIGINFO
SIGFPE: [libjvm.so+0x928210], sa_mask[0]=11111111011111111101111111111110, sa_flags=SA_RESTART|SA_SIGINFO
SIGPIPE: SIG_IGN, sa_mask[0]=00000000000010000000000000000000, sa_flags=SA_RESTART
SIGXFSZ: [libjvm.so+0x928210], sa_mask[0]=11111111011111111101111111111110, sa_flags=SA_RESTART|SA_SIGINFO
SIGILL: [libjvm.so+0x928210], sa_mask[0]=11111111011111111101111111111110, sa_flags=SA_RESTART|SA_SIGINFO
SIGUSR1: SIG_DFL, sa_mask[0]=00000000000000000000000000000000, sa_flags=none
SIGUSR2: [libjfxwebkit.so+0x13c2ff0], sa_mask[0]=00000000000100000000000000000000, sa_flags=SA_RESTART|SA_SIGINFO
SIGHUP: [libjvm.so+0x92ae70], sa_mask[0]=11111111011111111101111111111110, sa_flags=SA_RESTART|SA_SIGINFO
SIGINT: SIG_IGN, sa_mask[0]=00000000000000000000000000000000, sa_flags=none
SIGTERM: [libjvm.so+0x92ae70], sa_mask[0]=11111111011111111101111111111110, sa_flags=SA_RESTART|SA_SIGINFO
SIGQUIT: [libjvm.so+0x92ae70], sa_mask[0]=11111111011111111101111111111110, sa_flags=SA_RESTART|SA_SIGINFO


---------------  S Y S T E M  ---------------

OS:DISTRIB_ID="Gentoo"

uname:Linux 4.9.76-gentoo-r1 #3 SMP Wed Mar 28 16:48:24 CST 2018 x86_64
libc:glibc 2.25 NPTL 2.25 
rlimit: STACK 8192k, CORE infinity, NPROC 62907, NOFILE 4096, AS infinity
load average:1.31 1.06 0.81

/proc/meminfo:
MemTotal:       16317064 kB
MemFree:         9499704 kB
MemAvailable:   13455816 kB
Buffers:          853056 kB
Cached:          3076976 kB
SwapCached:            0 kB
Active:          4485412 kB
Inactive:        1656216 kB
Active(anon):    2216256 kB
Inactive(anon):   288172 kB
Active(file):    2269156 kB
Inactive(file):  1368044 kB
Unevictable:           0 kB
Mlocked:               0 kB
SwapTotal:             0 kB
SwapFree:              0 kB
Dirty:             11872 kB
Writeback:             0 kB
AnonPages:       2211764 kB
Mapped:           498908 kB
Shmem:            292840 kB
Slab:             550280 kB
SReclaimable:     504584 kB
SUnreclaim:        45696 kB
KernelStack:       10368 kB
PageTables:        42328 kB
NFS_Unstable:          0 kB
Bounce:                0 kB
WritebackTmp:          0 kB
CommitLimit:     8158532 kB
Committed_AS:    5800060 kB
VmallocTotal:   34359738367 kB
VmallocUsed:           0 kB
VmallocChunk:          0 kB
HugePages_Total:       0
HugePages_Free:        0
HugePages_Rsvd:        0
HugePages_Surp:        0
Hugepagesize:       2048 kB
DirectMap4k:       14984 kB
DirectMap2M:     3037184 kB
DirectMap1G:    13631488 kB


CPU:total 8 (initial active 8) (4 cores per cpu, 2 threads per core) family 6 model 70 stepping 1, cmov, cx8, fxsr, mmx, sse, sse2, sse3, ssse3, sse4.1, sse4.2, popcnt, avx, avx2, aes, clmul, erms, lzcnt, ht, tsc, tscinvbit, bmi1, bmi2

/proc/cpuinfo:
processor	: 0
vendor_id	: GenuineIntel
cpu family	: 6
model		: 70
model name	: Intel(R) Core(TM) i7-4770HQ CPU @ 2.20GHz
stepping	: 1
microcode	: 0xf
cpu MHz		: 1200.000
cache size	: 6144 KB
physical id	: 0
siblings	: 8
core id		: 0
cpu cores	: 4
apicid		: 0
initial apicid	: 0
fpu		: yes
fpu_exception	: yes
cpuid level	: 13
wp		: yes
flags		: fpu vme de pse tsc msr pae mce cx8 apic sep mtrr pge mca cmov pat pse36 clflush dts acpi mmx fxsr sse sse2 ss ht tm pbe syscall nx pdpe1gb rdtscp lm constant_tsc arch_perfmon pebs bts rep_good nopl xtopology nonstop_tsc aperfmperf eagerfpu pni pclmulqdq dtes64 monitor ds_cpl vmx est tm2 ssse3 sdbg fma cx16 xtpr pdcm pcid sse4_1 sse4_2 x2apic movbe popcnt tsc_deadline_timer aes xsave avx f16c rdrand lahf_lm abm epb invpcid_single kaiser tpr_shadow vnmi flexpriority ept vpid fsgsbase tsc_adjust bmi1 avx2 smep bmi2 erms invpcid xsaveopt dtherm ida arat pln pts
bugs		:
bogomips	: 4390.16
clflush size	: 64
cache_alignment	: 64
address sizes	: 39 bits physical, 48 bits virtual
power management:

processor	: 1
vendor_id	: GenuineIntel
cpu family	: 6
model		: 70
model name	: Intel(R) Core(TM) i7-4770HQ CPU @ 2.20GHz
stepping	: 1
microcode	: 0xf
cpu MHz		: 800.000
cache size	: 6144 KB
physical id	: 0
siblings	: 8
core id		: 1
cpu cores	: 4
apicid		: 2
initial apicid	: 2
fpu		: yes
fpu_exception	: yes
cpuid level	: 13
wp		: yes
flags		: fpu vme de pse tsc msr pae mce cx8 apic sep mtrr pge mca cmov pat pse36 clflush dts acpi mmx fxsr sse sse2 ss ht tm pbe syscall nx pdpe1gb rdtscp lm constant_tsc arch_perfmon pebs bts rep_good nopl xtopology nonstop_tsc aperfmperf eagerfpu pni pclmulqdq dtes64 monitor ds_cpl vmx est tm2 ssse3 sdbg fma cx16 xtpr pdcm pcid sse4_1 sse4_2 x2apic movbe popcnt tsc_deadline_timer aes xsave avx f16c rdrand lahf_lm abm epb invpcid_single kaiser tpr_shadow vnmi flexpriority ept vpid fsgsbase tsc_adjust bmi1 avx2 smep bmi2 erms invpcid xsaveopt dtherm ida arat pln pts
bugs		:
bogomips	: 4390.16
clflush size	: 64
cache_alignment	: 64
address sizes	: 39 bits physical, 48 bits virtual
power management:

processor	: 2
vendor_id	: GenuineIntel
cpu family	: 6
model		: 70
model name	: Intel(R) Core(TM) i7-4770HQ CPU @ 2.20GHz
stepping	: 1
microcode	: 0xf
cpu MHz		: 900.000
cache size	: 6144 KB
physical id	: 0
siblings	: 8
core id		: 2
cpu cores	: 4
apicid		: 4
initial apicid	: 4
fpu		: yes
fpu_exception	: yes
cpuid level	: 13
wp		: yes
flags		: fpu vme de pse tsc msr pae mce cx8 apic sep mtrr pge mca cmov pat pse36 clflush dts acpi mmx fxsr sse sse2 ss ht tm pbe syscall nx pdpe1gb rdtscp lm constant_tsc arch_perfmon pebs bts rep_good nopl xtopology nonstop_tsc aperfmperf eagerfpu pni pclmulqdq dtes64 monitor ds_cpl vmx est tm2 ssse3 sdbg fma cx16 xtpr pdcm pcid sse4_1 sse4_2 x2apic movbe popcnt tsc_deadline_timer aes xsave avx f16c rdrand lahf_lm abm epb invpcid_single kaiser tpr_shadow vnmi flexpriority ept vpid fsgsbase tsc_adjust bmi1 avx2 smep bmi2 erms invpcid xsaveopt dtherm ida arat pln pts
bugs		:
bogomips	: 4390.16
clflush size	: 64
cache_alignment	: 64
address sizes	: 39 bits physical, 48 bits virtual
power management:

processor	: 3
vendor_id	: GenuineIntel
cpu family	: 6
model		: 70
model name	: Intel(R) Core(TM) i7-4770HQ CPU @ 2.20GHz
stepping	: 1
microcode	: 0xf
cpu MHz		: 800.000
cache size	: 6144 KB
physical id	: 0
siblings	: 8
core id		: 3
cpu cores	: 4
apicid		: 6
initial apicid	: 6
fpu		: yes
fpu_exception	: yes
cpuid level	: 13
wp		: yes
flags		: fpu vme de pse tsc msr pae mce cx8 apic sep mtrr pge mca cmov pat pse36 clflush dts acpi mmx fxsr sse sse2 ss ht tm pbe syscall nx pdpe1gb rdtscp lm constant_tsc arch_perfmon pebs bts rep_good nopl xtopology nonstop_tsc aperfmperf eagerfpu pni pclmulqdq dtes64 monitor ds_cpl vmx est tm2 ssse3 sdbg fma cx16 xtpr pdcm pcid sse4_1 sse4_2 x2apic movbe popcnt tsc_deadline_timer aes xsave avx f16c rdrand lahf_lm abm epb invpcid_single kaiser tpr_shadow vnmi flexpriority ept vpid fsgsbase tsc_adjust bmi1 avx2 smep bmi2 erms invpcid xsaveopt dtherm ida arat pln pts
bugs		:
bogomips	: 4390.16
clflush size	: 64
cache_alignment	: 64
address sizes	: 39 bits physical, 48 bits virtual
power management:

processor	: 4
vendor_id	: GenuineIntel
cpu family	: 6
model		: 70
model name	: Intel(R) Core(TM) i7-4770HQ CPU @ 2.20GHz
stepping	: 1
microcode	: 0xf
cpu MHz		: 1600.000
cache size	: 6144 KB
physical id	: 0
siblings	: 8
core id		: 0
cpu cores	: 4
apicid		: 1
initial apicid	: 1
fpu		: yes
fpu_exception	: yes
cpuid level	: 13
wp		: yes
flags		: fpu vme de pse tsc msr pae mce cx8 apic sep mtrr pge mca cmov pat pse36 clflush dts acpi mmx fxsr sse sse2 ss ht tm pbe syscall nx pdpe1gb rdtscp lm constant_tsc arch_perfmon pebs bts rep_good nopl xtopology nonstop_tsc aperfmperf eagerfpu pni pclmulqdq dtes64 monitor ds_cpl vmx est tm2 ssse3 sdbg fma cx16 xtpr pdcm pcid sse4_1 sse4_2 x2apic movbe popcnt tsc_deadline_timer aes xsave avx f16c rdrand lahf_lm abm epb invpcid_single kaiser tpr_shadow vnmi flexpriority ept vpid fsgsbase tsc_adjust bmi1 avx2 smep bmi2 erms invpcid xsaveopt dtherm ida arat pln pts
bugs		:
bogomips	: 4390.16
clflush size	: 64
cache_alignment	: 64
address sizes	: 39 bits physical, 48 bits virtual
power management:

processor	: 5
vendor_id	: GenuineIntel
cpu family	: 6
model		: 70
model name	: Intel(R) Core(TM) i7-4770HQ CPU @ 2.20GHz
stepping	: 1
microcode	: 0xf
cpu MHz		: 2201.000
cache size	: 6144 KB
physical id	: 0
siblings	: 8
core id		: 1
cpu cores	: 4
apicid		: 3
initial apicid	: 3
fpu		: yes
fpu_exception	: yes
cpuid level	: 13
wp		: yes
flags		: fpu vme de pse tsc msr pae mce cx8 apic sep mtrr pge mca cmov pat pse36 clflush dts acpi mmx fxsr sse sse2 ss ht tm pbe syscall nx pdpe1gb rdtscp lm constant_tsc arch_perfmon pebs bts rep_good nopl xtopology nonstop_tsc aperfmperf eagerfpu pni pclmulqdq dtes64 monitor ds_cpl vmx est tm2 ssse3 sdbg fma cx16 xtpr pdcm pcid sse4_1 sse4_2 x2apic movbe popcnt tsc_deadline_timer aes xsave avx f16c rdrand lahf_lm abm epb invpcid_single kaiser tpr_shadow vnmi flexpriority ept vpid fsgsbase tsc_adjust bmi1 avx2 smep bmi2 erms invpcid xsaveopt dtherm ida arat pln pts
bugs		:
bogomips	: 4390.16
clflush size	: 64
cache_alignment	: 64
address sizes	: 39 bits physical, 48 bits virtual
power management:

processor	: 6
vendor_id	: GenuineIntel
cpu family	: 6
model		: 70
model name	: Intel(R) Core(TM) i7-4770HQ CPU @ 2.20GHz
stepping	: 1
microcode	: 0xf
cpu MHz		: 2201.000
cache size	: 6144 KB
physical id	: 0
siblings	: 8
core id		: 2
cpu cores	: 4
apicid		: 5
initial apicid	: 5
fpu		: yes
fpu_exception	: yes
cpuid level	: 13
wp		: yes
flags		: fpu vme de pse tsc msr pae mce cx8 apic sep mtrr pge mca cmov pat pse36 clflush dts acpi mmx fxsr sse sse2 ss ht tm pbe syscall nx pdpe1gb rdtscp lm constant_tsc arch_perfmon pebs bts rep_good nopl xtopology nonstop_tsc aperfmperf eagerfpu pni pclmulqdq dtes64 monitor ds_cpl vmx est tm2 ssse3 sdbg fma cx16 xtpr pdcm pcid sse4_1 sse4_2 x2apic movbe popcnt tsc_deadline_timer aes xsave avx f16c rdrand lahf_lm abm epb invpcid_single kaiser tpr_shadow vnmi flexpriority ept vpid fsgsbase tsc_adjust bmi1 avx2 smep bmi2 erms invpcid xsaveopt dtherm ida arat pln pts
bugs		:
bogomips	: 4390.16
clflush size	: 64
cache_alignment	: 64
address sizes	: 39 bits physical, 48 bits virtual
power management:

processor	: 7
vendor_id	: GenuineIntel
cpu family	: 6
model		: 70
model name	: Intel(R) Core(TM) i7-4770HQ CPU @ 2.20GHz
stepping	: 1
microcode	: 0xf
cpu MHz		: 900.000
cache size	: 6144 KB
physical id	: 0
siblings	: 8
core id		: 3
cpu cores	: 4
apicid		: 7
initial apicid	: 7
fpu		: yes
fpu_exception	: yes
cpuid level	: 13
wp		: yes
flags		: fpu vme de pse tsc msr pae mce cx8 apic sep mtrr pge mca cmov pat pse36 clflush dts acpi mmx fxsr sse sse2 ss ht tm pbe syscall nx pdpe1gb rdtscp lm constant_tsc arch_perfmon pebs bts rep_good nopl xtopology nonstop_tsc aperfmperf eagerfpu pni pclmulqdq dtes64 monitor ds_cpl vmx est tm2 ssse3 sdbg fma cx16 xtpr pdcm pcid sse4_1 sse4_2 x2apic movbe popcnt tsc_deadline_timer aes xsave avx f16c rdrand lahf_lm abm epb invpcid_single kaiser tpr_shadow vnmi flexpriority ept vpid fsgsbase tsc_adjust bmi1 avx2 smep bmi2 erms invpcid xsaveopt dtherm ida arat pln pts
bugs		:
bogomips	: 4390.16
clflush size	: 64
cache_alignment	: 64
address sizes	: 39 bits physical, 48 bits virtual
power management:



Memory: 4k page, physical 16317064k(9499704k free), swap 0k(0k free)

vm_info: Java HotSpot(TM) 64-Bit Server VM (25.162-b12) for linux-amd64 JRE (1.8.0_162-b12), built on Dec 19 2017 21:15:48 by "java_re" with gcc 4.3.0 20080428 (Red Hat 4.3.0-8)

time: Tue May  8 09:38:36 2018
elapsed time: 12 seconds (0d 0h 0m 12s)

